[0.011s] Invoking command in '/home/wlixill/rm_version4_ws/build/armor_processor': CMAKE_PREFIX_PATH=/home/wlixill/rm_version4_ws/install/auto_aim_interfaces:/home/wlixill/rm_version4_ws/install/auto_aim_bringup:/home/wlixill/rm_version4_ws/install/rm_serial_driver:/home/wlixill/rm_version4_ws/install/rm_gimbal_description:/home/wlixill/rm_version4_ws/install/daheng_camera:/home/wlixill/rm_version4_ws/install/armor_processor:/home/wlixill/rm_version4_ws/install/armor_detector:/home/wlixill/rm_tools/install/daheng_camera:/opt/ros/humble LD_LIBRARY_PATH=/home/wlixill/rm_version4_ws/install/auto_aim_interfaces/lib:/home/wlixill/rm_version4_ws/install/rm_serial_driver/lib:/home/wlixill/rm_version4_ws/install/daheng_camera/lib:/home/wlixill/rm_version4_ws/install/armor_processor/lib:/home/wlixill/rm_version4_ws/install/armor_detector/lib:/home/wlixill/rm_tools/install/daheng_camera/lib:/opt/ros/humble/opt/rviz_ogre_vendor/lib:/opt/ros/humble/lib/x86_64-linux-gnu:/opt/ros/humble/lib /usr/bin/cmake /home/wlixill/rm_version4_ws/src/rm_auto_aim/armor_processor -DCMAKE_INSTALL_PREFIX=/home/wlixill/rm_version4_ws/install/armor_processor
[0.054s] -- The C compiler identification is GNU 11.4.0
[0.099s] -- The CXX compiler identification is GNU 11.4.0
[0.105s] -- Detecting C compiler ABI info
[0.174s] -- Detecting C compiler ABI info - done
[0.179s] -- Check for working C compiler: /usr/bin/cc - skipped
[0.179s] -- Detecting C compile features
[0.179s] -- Detecting C compile features - done
[0.182s] -- Detecting CXX compiler ABI info
[0.286s] -- Detecting CXX compiler ABI info - done
[0.291s] -- Check for working CXX compiler: /usr/bin/c++ - skipped
[0.291s] -- Detecting CXX compile features
[0.292s] -- Detecting CXX compile features - done
[0.294s] -- Found ament_cmake_auto: 1.3.8 (/opt/ros/humble/share/ament_cmake_auto/cmake)
[0.419s] -- Found Python3: /usr/bin/python3 (found version "3.10.12") found components: Interpreter 
[0.602s] -- Found rosidl_generator_c: 3.1.5 (/opt/ros/humble/share/rosidl_generator_c/cmake)
[0.607s] -- Found rosidl_adapter: 3.1.5 (/opt/ros/humble/share/rosidl_adapter/cmake)
[0.615s] -- Found rosidl_generator_cpp: 3.1.5 (/opt/ros/humble/share/rosidl_generator_cpp/cmake)
[0.627s] -- Using all available rosidl_typesupport_c: rosidl_typesupport_fastrtps_c;rosidl_typesupport_introspection_c
[0.644s] -- Using all available rosidl_typesupport_cpp: rosidl_typesupport_fastrtps_cpp;rosidl_typesupport_introspection_cpp
[0.704s] -- Found rmw_implementation_cmake: 6.1.1 (/opt/ros/humble/share/rmw_implementation_cmake/cmake)
[0.707s] -- Found rmw_fastrtps_cpp: 6.2.6 (/opt/ros/humble/share/rmw_fastrtps_cpp/cmake)
[0.802s] -- Found OpenSSL: /usr/lib/x86_64-linux-gnu/libcrypto.so (found version "3.0.2")  
[0.825s] -- Found FastRTPS: /opt/ros/humble/include  
[0.866s] -- Using RMW implementation 'rmw_fastrtps_cpp' as default
[0.875s] -- Looking for pthread.h
[0.939s] -- Looking for pthread.h - found
[0.940s] -- Performing Test CMAKE_HAVE_LIBC_PTHREAD
[1.006s] -- Performing Test CMAKE_HAVE_LIBC_PTHREAD - Success
[1.007s] -- Found Threads: TRUE  
[1.399s] -- Found eigen3_cmake_module: 0.1.1 (/opt/ros/humble/share/eigen3_cmake_module/cmake)
[1.400s] -- Found Eigen3: TRUE (found version "3.3.9") 
[1.400s] -- Ensuring Eigen3 include directory is part of orocos-kdl CMake target
[1.656s] -- Found ament_lint_auto: 0.12.10 (/opt/ros/humble/share/ament_lint_auto/cmake)
[1.686s] -- Added test 'cppcheck' to perform static code analysis on C / C++ code
[1.686s] -- Configured cppcheck include dirs: /home/wlixill/rm_version4_ws/src/rm_auto_aim/armor_processor/include
[1.686s] -- Configured cppcheck exclude dirs and/or files: 
[1.686s] -- Added test 'lint_cmake' to check CMake code style
[1.687s] -- Added test 'xmllint' to check XML markup files
[1.689s] -- Configuring done
[1.702s] -- Generating done
[1.704s] -- Build files have been written to: /home/wlixill/rm_version4_ws/build/armor_processor
