[0.018s] Invoking command in '/home/wlixill/rm_tools/build/daheng_camera': CMAKE_PREFIX_PATH=/opt/ros/humble /usr/bin/cmake /home/wlixill/rm_tools/src/daheng_camera -DCMAKE_INSTALL_PREFIX=/home/wlixill/rm_tools/install/daheng_camera
[0.316s] -- The C compiler identification is GNU 11.4.0
[0.552s] -- The CXX compiler identification is GNU 11.4.0
[0.626s] -- Detecting C compiler ABI info
[0.775s] -- Detecting C compiler ABI info - done
[0.779s] -- Check for working C compiler: /usr/bin/cc - skipped
[0.827s] -- Detecting C compile features
[0.828s] -- Detecting C compile features - done
[0.833s] -- Detecting CXX compiler ABI info
[0.976s] -- Detecting CXX compiler ABI info - done
[0.981s] -- Check for working CXX compiler: /usr/bin/c++ - skipped
[0.981s] -- Detecting CXX compile features
[0.982s] -- Detecting CXX compile features - done
[1.019s] -- Found ament_cmake_auto: 1.3.8 (/opt/ros/humble/share/ament_cmake_auto/cmake)
[1.216s] -- Found Python3: /usr/bin/python3 (found version "3.10.12") found components: Interpreter 
[1.559s] -- Found rosidl_generator_c: 3.1.5 (/opt/ros/humble/share/rosidl_generator_c/cmake)
[1.569s] -- Found rosidl_adapter: 3.1.5 (/opt/ros/humble/share/rosidl_adapter/cmake)
[1.589s] -- Found rosidl_generator_cpp: 3.1.5 (/opt/ros/humble/share/rosidl_generator_cpp/cmake)
[1.618s] -- Using all available rosidl_typesupport_c: rosidl_typesupport_fastrtps_c;rosidl_typesupport_introspection_c
[1.683s] -- Using all available rosidl_typesupport_cpp: rosidl_typesupport_fastrtps_cpp;rosidl_typesupport_introspection_cpp
[1.790s] -- Found rmw_implementation_cmake: 6.1.1 (/opt/ros/humble/share/rmw_implementation_cmake/cmake)
[1.797s] -- Found rmw_fastrtps_cpp: 6.2.6 (/opt/ros/humble/share/rmw_fastrtps_cpp/cmake)
[1.975s] -- Found OpenSSL: /usr/lib/x86_64-linux-gnu/libcrypto.so (found version "3.0.2")  
[1.999s] -- Found FastRTPS: /opt/ros/humble/include  
[2.036s] -- Using RMW implementation 'rmw_fastrtps_cpp' as default
[2.094s] -- Looking for pthread.h
[2.187s] -- Looking for pthread.h - found
[2.187s] -- Performing Test CMAKE_HAVE_LIBC_PTHREAD
[2.245s] -- Performing Test CMAKE_HAVE_LIBC_PTHREAD - Success
[2.246s] -- Found Threads: TRUE  
[2.892s] -- Found ament_lint_auto: 0.12.10 (/opt/ros/humble/share/ament_lint_auto/cmake)
[3.006s] -- Added test 'cppcheck' to perform static code analysis on C / C++ code
[3.006s] -- Configured cppcheck include dirs: /home/wlixill/rm_tools/src/daheng_camera/include
[3.006s] -- Configured cppcheck exclude dirs and/or files: 
[3.007s] -- Added test 'flake8' to check Python code syntax and style conventions
[3.008s] -- Added test 'lint_cmake' to check CMake code style
[3.008s] -- Added test 'pep257' to check Python code against some of the docstring style conventions in PEP 257
[3.009s] -- Added test 'xmllint' to check XML markup files
[3.017s] -- Configuring done
[3.033s] -- Generating done
[3.034s] -- Build files have been written to: /home/wlixill/rm_tools/build/daheng_camera
[3.041s] Invoked command in '/home/wlixill/rm_tools/build/daheng_camera' returned '0': CMAKE_PREFIX_PATH=/opt/ros/humble /usr/bin/cmake /home/wlixill/rm_tools/src/daheng_camera -DCMAKE_INSTALL_PREFIX=/home/wlixill/rm_tools/install/daheng_camera
[3.043s] Invoking command in '/home/wlixill/rm_tools/build/daheng_camera': CMAKE_PREFIX_PATH=/opt/ros/humble /usr/bin/cmake --build /home/wlixill/rm_tools/build/daheng_camera -- -j16 -l16
[3.083s] [ 50%] [32mBuilding CXX object CMakeFiles/daheng_camera_node.dir/rclcpp_components/node_main_daheng_camera_node.cpp.o[0m
[3.083s] [ 50%] [32mBuilding CXX object CMakeFiles/daheng_camera.dir/src/daheng_camera_node.cpp.o[0m
[5.741s] [ 75%] [32m[1mLinking CXX executable daheng_camera_node[0m
[6.001s] [ 75%] Built target daheng_camera_node
[6.934s] [100%] [32m[1mLinking CXX shared library libdaheng_camera.so[0m
[7.200s] [100%] Built target daheng_camera
[7.262s] Invoked command in '/home/wlixill/rm_tools/build/daheng_camera' returned '0': CMAKE_PREFIX_PATH=/opt/ros/humble /usr/bin/cmake --build /home/wlixill/rm_tools/build/daheng_camera -- -j16 -l16
[7.294s] Invoking command in '/home/wlixill/rm_tools/build/daheng_camera': CMAKE_PREFIX_PATH=/opt/ros/humble /usr/bin/cmake --install /home/wlixill/rm_tools/build/daheng_camera
[7.299s] -- Install configuration: ""
[7.299s] -- Installing: /home/wlixill/rm_tools/install/daheng_camera/lib/daheng_camera/daheng_camera_node
[7.300s] -- Set runtime path of "/home/wlixill/rm_tools/install/daheng_camera/lib/daheng_camera/daheng_camera_node" to ""
[7.300s] -- Installing: /home/wlixill/rm_tools/install/daheng_camera/include
[7.300s] -- Installing: /home/wlixill/rm_tools/install/daheng_camera/include/GxCamera.hpp
[7.300s] -- Installing: /home/wlixill/rm_tools/install/daheng_camera/include/daheng_sdk
[7.300s] -- Installing: /home/wlixill/rm_tools/install/daheng_camera/include/daheng_sdk/include
[7.300s] -- Installing: /home/wlixill/rm_tools/install/daheng_camera/include/daheng_sdk/include/DxImageProc.h
[7.300s] -- Installing: /home/wlixill/rm_tools/install/daheng_camera/include/daheng_sdk/include/GxIAPI.h
[7.300s] -- Installing: /home/wlixill/rm_tools/install/daheng_camera/include/daheng_sdk/lib
[7.301s] -- Installing: /home/wlixill/rm_tools/install/daheng_camera/share/daheng_camera/environment/library_path.sh
[7.301s] -- Installing: /home/wlixill/rm_tools/install/daheng_camera/share/daheng_camera/environment/library_path.dsv
[7.301s] -- Installing: /home/wlixill/rm_tools/install/daheng_camera/lib/libdaheng_camera.so
[7.302s] -- Set runtime path of "/home/wlixill/rm_tools/install/daheng_camera/lib/libdaheng_camera.so" to ""
[7.302s] -- Installing: /home/wlixill/rm_tools/install/daheng_camera/share/daheng_camera/config
[7.302s] -- Installing: /home/wlixill/rm_tools/install/daheng_camera/share/daheng_camera/config/camera_params.yaml
[7.302s] -- Installing: /home/wlixill/rm_tools/install/daheng_camera/share/daheng_camera/config/camera_info1.yaml
[7.303s] -- Installing: /home/wlixill/rm_tools/install/daheng_camera/share/daheng_camera/launch
[7.303s] -- Installing: /home/wlixill/rm_tools/install/daheng_camera/share/daheng_camera/launch/daheng_camera.launch.py
[7.304s] -- Installing: /home/wlixill/rm_tools/install/daheng_camera/share/ament_index/resource_index/package_run_dependencies/daheng_camera
[7.304s] -- Installing: /home/wlixill/rm_tools/install/daheng_camera/share/ament_index/resource_index/parent_prefix_path/daheng_camera
[7.304s] -- Installing: /home/wlixill/rm_tools/install/daheng_camera/share/daheng_camera/environment/ament_prefix_path.sh
[7.305s] -- Installing: /home/wlixill/rm_tools/install/daheng_camera/share/daheng_camera/environment/ament_prefix_path.dsv
[7.305s] -- Installing: /home/wlixill/rm_tools/install/daheng_camera/share/daheng_camera/environment/path.sh
[7.305s] -- Installing: /home/wlixill/rm_tools/install/daheng_camera/share/daheng_camera/environment/path.dsv
[7.305s] -- Installing: /home/wlixill/rm_tools/install/daheng_camera/share/daheng_camera/local_setup.bash
[7.305s] -- Installing: /home/wlixill/rm_tools/install/daheng_camera/share/daheng_camera/local_setup.sh
[7.305s] -- Installing: /home/wlixill/rm_tools/install/daheng_camera/share/daheng_camera/local_setup.zsh
[7.305s] -- Installing: /home/wlixill/rm_tools/install/daheng_camera/share/daheng_camera/local_setup.dsv
[7.305s] -- Installing: /home/wlixill/rm_tools/install/daheng_camera/share/daheng_camera/package.dsv
[7.306s] -- Installing: /home/wlixill/rm_tools/install/daheng_camera/share/ament_index/resource_index/packages/daheng_camera
[7.306s] -- Installing: /home/wlixill/rm_tools/install/daheng_camera/share/ament_index/resource_index/rclcpp_components/daheng_camera
[7.306s] -- Installing: /home/wlixill/rm_tools/install/daheng_camera/share/daheng_camera/cmake/ament_cmake_export_dependencies-extras.cmake
[7.306s] -- Installing: /home/wlixill/rm_tools/install/daheng_camera/share/daheng_camera/cmake/ament_cmake_export_include_directories-extras.cmake
[7.306s] -- Installing: /home/wlixill/rm_tools/install/daheng_camera/share/daheng_camera/cmake/ament_cmake_export_libraries-extras.cmake
[7.306s] -- Installing: /home/wlixill/rm_tools/install/daheng_camera/share/daheng_camera/cmake/daheng_cameraConfig.cmake
[7.306s] -- Installing: /home/wlixill/rm_tools/install/daheng_camera/share/daheng_camera/cmake/daheng_cameraConfig-version.cmake
[7.306s] -- Installing: /home/wlixill/rm_tools/install/daheng_camera/share/daheng_camera/package.xml
[7.308s] Invoked command in '/home/wlixill/rm_tools/build/daheng_camera' returned '0': CMAKE_PREFIX_PATH=/opt/ros/humble /usr/bin/cmake --install /home/wlixill/rm_tools/build/daheng_camera
