[0.014s] Invoking command in '/root/rm_version4_ws/build/rm_gimbal_description': CMAKE_PREFIX_PATH=${CMAKE_PREFIX_PATH}:/opt/ros/humble /usr/bin/cmake --build /root/rm_version4_ws/build/rm_gimbal_description -- -j12 -l12
[0.048s] Invoked command in '/root/rm_version4_ws/build/rm_gimbal_description' returned '0': CMAKE_PREFIX_PATH=${CMAKE_PREFIX_PATH}:/opt/ros/humble /usr/bin/cmake --build /root/rm_version4_ws/build/rm_gimbal_description -- -j12 -l12
[0.082s] Invoking command in '/root/rm_version4_ws/build/rm_gimbal_description': CMAKE_PREFIX_PATH=${CMAKE_PREFIX_PATH}:/opt/ros/humble /usr/bin/cmake --install /root/rm_version4_ws/build/rm_gimbal_description
[0.088s] -- Install configuration: ""
[0.088s] -- Execute custom install script
[0.088s] -- Up-to-date symlink: /root/rm_version4_ws/install/rm_gimbal_description/share/rm_gimbal_description/urdf/rm_gimbal.urdf.xacro
[0.088s] -- Up-to-date symlink: /root/rm_version4_ws/install/rm_gimbal_description/share/ament_index/resource_index/package_run_dependencies/rm_gimbal_description
[0.089s] -- Up-to-date symlink: /root/rm_version4_ws/install/rm_gimbal_description/share/ament_index/resource_index/parent_prefix_path/rm_gimbal_description
[0.089s] -- Up-to-date symlink: /root/rm_version4_ws/install/rm_gimbal_description/share/rm_gimbal_description/environment/ament_prefix_path.sh
[0.089s] -- Up-to-date symlink: /root/rm_version4_ws/install/rm_gimbal_description/share/rm_gimbal_description/environment/ament_prefix_path.dsv
[0.089s] -- Up-to-date symlink: /root/rm_version4_ws/install/rm_gimbal_description/share/rm_gimbal_description/environment/path.sh
[0.089s] -- Up-to-date symlink: /root/rm_version4_ws/install/rm_gimbal_description/share/rm_gimbal_description/environment/path.dsv
[0.089s] -- Up-to-date symlink: /root/rm_version4_ws/install/rm_gimbal_description/share/rm_gimbal_description/local_setup.bash
[0.089s] -- Up-to-date symlink: /root/rm_version4_ws/install/rm_gimbal_description/share/rm_gimbal_description/local_setup.sh
[0.089s] -- Up-to-date symlink: /root/rm_version4_ws/install/rm_gimbal_description/share/rm_gimbal_description/local_setup.zsh
[0.090s] -- Up-to-date symlink: /root/rm_version4_ws/install/rm_gimbal_description/share/rm_gimbal_description/local_setup.dsv
[0.090s] -- Symlinking: /root/rm_version4_ws/install/rm_gimbal_description/share/rm_gimbal_description/package.dsv
[0.099s] -- Up-to-date symlink: /root/rm_version4_ws/install/rm_gimbal_description/share/ament_index/resource_index/packages/rm_gimbal_description
[0.099s] -- Up-to-date symlink: /root/rm_version4_ws/install/rm_gimbal_description/share/rm_gimbal_description/cmake/rm_gimbal_descriptionConfig.cmake
[0.099s] -- Up-to-date symlink: /root/rm_version4_ws/install/rm_gimbal_description/share/rm_gimbal_description/cmake/rm_gimbal_descriptionConfig-version.cmake
[0.099s] -- Up-to-date symlink: /root/rm_version4_ws/install/rm_gimbal_description/share/rm_gimbal_description/package.xml
[0.102s] Invoked command in '/root/rm_version4_ws/build/rm_gimbal_description' returned '0': CMAKE_PREFIX_PATH=${CMAKE_PREFIX_PATH}:/opt/ros/humble /usr/bin/cmake --install /root/rm_version4_ws/build/rm_gimbal_description
