[0.019s] Invoking command in '/root/rm_version4_ws/build/auto_aim_bringup': CMAKE_PREFIX_PATH=/root/rm_version4_ws/install/rm_serial_driver:/root/rm_version4_ws/install/armor_processor:/root/rm_version4_ws/install/armor_detector:/root/rm_version4_ws/install/rm_gimbal_description:/root/rm_version4_ws/install/daheng_camera:/root/rm_version4_ws/install/auto_aim_interfaces:/root/rm_version4_ws/install/auto_aim_bringup:/root/daheng_camera/install/daheng_camera:/root/chenjun_ws/install/daheng_camera:/root/chenjun_ws/install/auto_aim_bringup:/root/chenjun_ws/install/armor_processor:/root/chenjun_ws/install/armor_detector:/root/chenjun_ws/install/auto_aim_interfaces:/root/test_jun_ws/install/rm_gimbal_description:/opt/ros/humble LD_LIBRARY_PATH=/root/rm_version4_ws/install/rm_serial_driver/lib:/root/rm_version4_ws/install/armor_processor/lib:/root/rm_version4_ws/install/armor_detector/lib:/root/rm_version4_ws/install/daheng_camera/lib:/root/rm_version4_ws/install/auto_aim_interfaces/lib:/root/daheng_camera/install/daheng_camera/lib:/root/chenjun_ws/install/daheng_camera/lib:/root/chenjun_ws/install/armor_processor/lib:/root/chenjun_ws/install/armor_detector/lib:/root/chenjun_ws/install/auto_aim_interfaces/lib:/opt/ros/humble/opt/rviz_ogre_vendor/lib:/opt/ros/humble/lib/x86_64-linux-gnu:/opt/ros/humble/lib /usr/bin/cmake /root/rm_version4_ws/src/rm_auto_aim/auto_aim_bringup -DAMENT_CMAKE_SYMLINK_INSTALL=1 -DCMAKE_INSTALL_PREFIX=/root/rm_version4_ws/install/auto_aim_bringup
[0.072s] -- The C compiler identification is GNU 11.2.0
[0.133s] -- The CXX compiler identification is GNU 11.2.0
[0.140s] -- Detecting C compiler ABI info
[0.210s] -- Detecting C compiler ABI info - done
[0.219s] -- Check for working C compiler: /usr/bin/cc - skipped
[0.219s] -- Detecting C compile features
[0.220s] -- Detecting C compile features - done
[0.224s] -- Detecting CXX compiler ABI info
[0.302s] -- Detecting CXX compiler ABI info - done
[0.308s] -- Check for working CXX compiler: /usr/bin/c++ - skipped
[0.308s] -- Detecting CXX compile features
[0.308s] -- Detecting CXX compile features - done
[0.312s] -- Found ament_cmake_auto: 1.3.2 (/opt/ros/humble/share/ament_cmake_auto/cmake)
[0.494s] -- Found Python3: /usr/bin/python3.10 (found version "3.10.6") found components: Interpreter 
[0.556s] -- Override CMake install command with custom implementation using symlinks instead of copying resources
[0.607s] -- Found ament_lint_auto: 0.12.4 (/opt/ros/humble/share/ament_lint_auto/cmake)
[0.700s] -- Added test 'flake8' to check Python code syntax and style conventions
[0.700s] -- Added test 'lint_cmake' to check CMake code style
[0.701s] -- Added test 'pep257' to check Python code against some of the docstring style conventions in PEP 257
[0.702s] -- Added test 'xmllint' to check XML markup files
[0.703s] -- Configuring done
[0.706s] -- Generating done
[0.707s] -- Build files have been written to: /root/rm_version4_ws/build/auto_aim_bringup
[0.714s] Invoked command in '/root/rm_version4_ws/build/auto_aim_bringup' returned '0': CMAKE_PREFIX_PATH=/root/rm_version4_ws/install/rm_serial_driver:/root/rm_version4_ws/install/armor_processor:/root/rm_version4_ws/install/armor_detector:/root/rm_version4_ws/install/rm_gimbal_description:/root/rm_version4_ws/install/daheng_camera:/root/rm_version4_ws/install/auto_aim_interfaces:/root/rm_version4_ws/install/auto_aim_bringup:/root/daheng_camera/install/daheng_camera:/root/chenjun_ws/install/daheng_camera:/root/chenjun_ws/install/auto_aim_bringup:/root/chenjun_ws/install/armor_processor:/root/chenjun_ws/install/armor_detector:/root/chenjun_ws/install/auto_aim_interfaces:/root/test_jun_ws/install/rm_gimbal_description:/opt/ros/humble LD_LIBRARY_PATH=/root/rm_version4_ws/install/rm_serial_driver/lib:/root/rm_version4_ws/install/armor_processor/lib:/root/rm_version4_ws/install/armor_detector/lib:/root/rm_version4_ws/install/daheng_camera/lib:/root/rm_version4_ws/install/auto_aim_interfaces/lib:/root/daheng_camera/install/daheng_camera/lib:/root/chenjun_ws/install/daheng_camera/lib:/root/chenjun_ws/install/armor_processor/lib:/root/chenjun_ws/install/armor_detector/lib:/root/chenjun_ws/install/auto_aim_interfaces/lib:/opt/ros/humble/opt/rviz_ogre_vendor/lib:/opt/ros/humble/lib/x86_64-linux-gnu:/opt/ros/humble/lib /usr/bin/cmake /root/rm_version4_ws/src/rm_auto_aim/auto_aim_bringup -DAMENT_CMAKE_SYMLINK_INSTALL=1 -DCMAKE_INSTALL_PREFIX=/root/rm_version4_ws/install/auto_aim_bringup
[0.715s] Invoking command in '/root/rm_version4_ws/build/auto_aim_bringup': CMAKE_PREFIX_PATH=/root/rm_version4_ws/install/rm_serial_driver:/root/rm_version4_ws/install/armor_processor:/root/rm_version4_ws/install/armor_detector:/root/rm_version4_ws/install/rm_gimbal_description:/root/rm_version4_ws/install/daheng_camera:/root/rm_version4_ws/install/auto_aim_interfaces:/root/rm_version4_ws/install/auto_aim_bringup:/root/daheng_camera/install/daheng_camera:/root/chenjun_ws/install/daheng_camera:/root/chenjun_ws/install/auto_aim_bringup:/root/chenjun_ws/install/armor_processor:/root/chenjun_ws/install/armor_detector:/root/chenjun_ws/install/auto_aim_interfaces:/root/test_jun_ws/install/rm_gimbal_description:/opt/ros/humble LD_LIBRARY_PATH=/root/rm_version4_ws/install/rm_serial_driver/lib:/root/rm_version4_ws/install/armor_processor/lib:/root/rm_version4_ws/install/armor_detector/lib:/root/rm_version4_ws/install/daheng_camera/lib:/root/rm_version4_ws/install/auto_aim_interfaces/lib:/root/daheng_camera/install/daheng_camera/lib:/root/chenjun_ws/install/daheng_camera/lib:/root/chenjun_ws/install/armor_processor/lib:/root/chenjun_ws/install/armor_detector/lib:/root/chenjun_ws/install/auto_aim_interfaces/lib:/opt/ros/humble/opt/rviz_ogre_vendor/lib:/opt/ros/humble/lib/x86_64-linux-gnu:/opt/ros/humble/lib /usr/bin/cmake --build /root/rm_version4_ws/build/auto_aim_bringup -- -j12 -l12
[0.762s] Invoked command in '/root/rm_version4_ws/build/auto_aim_bringup' returned '0': CMAKE_PREFIX_PATH=/root/rm_version4_ws/install/rm_serial_driver:/root/rm_version4_ws/install/armor_processor:/root/rm_version4_ws/install/armor_detector:/root/rm_version4_ws/install/rm_gimbal_description:/root/rm_version4_ws/install/daheng_camera:/root/rm_version4_ws/install/auto_aim_interfaces:/root/rm_version4_ws/install/auto_aim_bringup:/root/daheng_camera/install/daheng_camera:/root/chenjun_ws/install/daheng_camera:/root/chenjun_ws/install/auto_aim_bringup:/root/chenjun_ws/install/armor_processor:/root/chenjun_ws/install/armor_detector:/root/chenjun_ws/install/auto_aim_interfaces:/root/test_jun_ws/install/rm_gimbal_description:/opt/ros/humble LD_LIBRARY_PATH=/root/rm_version4_ws/install/rm_serial_driver/lib:/root/rm_version4_ws/install/armor_processor/lib:/root/rm_version4_ws/install/armor_detector/lib:/root/rm_version4_ws/install/daheng_camera/lib:/root/rm_version4_ws/install/auto_aim_interfaces/lib:/root/daheng_camera/install/daheng_camera/lib:/root/chenjun_ws/install/daheng_camera/lib:/root/chenjun_ws/install/armor_processor/lib:/root/chenjun_ws/install/armor_detector/lib:/root/chenjun_ws/install/auto_aim_interfaces/lib:/opt/ros/humble/opt/rviz_ogre_vendor/lib:/opt/ros/humble/lib/x86_64-linux-gnu:/opt/ros/humble/lib /usr/bin/cmake --build /root/rm_version4_ws/build/auto_aim_bringup -- -j12 -l12
[0.786s] Invoking command in '/root/rm_version4_ws/build/auto_aim_bringup': CMAKE_PREFIX_PATH=/root/rm_version4_ws/install/rm_serial_driver:/root/rm_version4_ws/install/armor_processor:/root/rm_version4_ws/install/armor_detector:/root/rm_version4_ws/install/rm_gimbal_description:/root/rm_version4_ws/install/daheng_camera:/root/rm_version4_ws/install/auto_aim_interfaces:/root/rm_version4_ws/install/auto_aim_bringup:/root/daheng_camera/install/daheng_camera:/root/chenjun_ws/install/daheng_camera:/root/chenjun_ws/install/auto_aim_bringup:/root/chenjun_ws/install/armor_processor:/root/chenjun_ws/install/armor_detector:/root/chenjun_ws/install/auto_aim_interfaces:/root/test_jun_ws/install/rm_gimbal_description:/opt/ros/humble LD_LIBRARY_PATH=/root/rm_version4_ws/install/rm_serial_driver/lib:/root/rm_version4_ws/install/armor_processor/lib:/root/rm_version4_ws/install/armor_detector/lib:/root/rm_version4_ws/install/daheng_camera/lib:/root/rm_version4_ws/install/auto_aim_interfaces/lib:/root/daheng_camera/install/daheng_camera/lib:/root/chenjun_ws/install/daheng_camera/lib:/root/chenjun_ws/install/armor_processor/lib:/root/chenjun_ws/install/armor_detector/lib:/root/chenjun_ws/install/auto_aim_interfaces/lib:/opt/ros/humble/opt/rviz_ogre_vendor/lib:/opt/ros/humble/lib/x86_64-linux-gnu:/opt/ros/humble/lib /usr/bin/cmake --install /root/rm_version4_ws/build/auto_aim_bringup
[0.796s] -- Install configuration: ""
[0.796s] -- Execute custom install script
[0.797s] -- Up-to-date symlink: /root/rm_version4_ws/install/auto_aim_bringup/share/auto_aim_bringup/config/camera_info1.yaml
[0.797s] -- Up-to-date symlink: /root/rm_version4_ws/install/auto_aim_bringup/share/auto_aim_bringup/config/default.yaml
[0.797s] -- Up-to-date symlink: /root/rm_version4_ws/install/auto_aim_bringup/share/auto_aim_bringup/launch/auto_aim.launch.py
[0.797s] -- Up-to-date symlink: /root/rm_version4_ws/install/auto_aim_bringup/share/ament_index/resource_index/package_run_dependencies/auto_aim_bringup
[0.797s] -- Up-to-date symlink: /root/rm_version4_ws/install/auto_aim_bringup/share/ament_index/resource_index/parent_prefix_path/auto_aim_bringup
[0.797s] -- Up-to-date symlink: /root/rm_version4_ws/install/auto_aim_bringup/share/auto_aim_bringup/environment/ament_prefix_path.sh
[0.798s] -- Up-to-date symlink: /root/rm_version4_ws/install/auto_aim_bringup/share/auto_aim_bringup/environment/ament_prefix_path.dsv
[0.798s] -- Up-to-date symlink: /root/rm_version4_ws/install/auto_aim_bringup/share/auto_aim_bringup/environment/path.sh
[0.798s] -- Up-to-date symlink: /root/rm_version4_ws/install/auto_aim_bringup/share/auto_aim_bringup/environment/path.dsv
[0.798s] -- Up-to-date symlink: /root/rm_version4_ws/install/auto_aim_bringup/share/auto_aim_bringup/local_setup.bash
[0.798s] -- Up-to-date symlink: /root/rm_version4_ws/install/auto_aim_bringup/share/auto_aim_bringup/local_setup.sh
[0.798s] -- Up-to-date symlink: /root/rm_version4_ws/install/auto_aim_bringup/share/auto_aim_bringup/local_setup.zsh
[0.798s] -- Up-to-date symlink: /root/rm_version4_ws/install/auto_aim_bringup/share/auto_aim_bringup/local_setup.dsv
[0.798s] -- Symlinking: /root/rm_version4_ws/install/auto_aim_bringup/share/auto_aim_bringup/package.dsv
[0.811s] -- Up-to-date symlink: /root/rm_version4_ws/install/auto_aim_bringup/share/ament_index/resource_index/packages/auto_aim_bringup
[0.811s] -- Up-to-date symlink: /root/rm_version4_ws/install/auto_aim_bringup/share/auto_aim_bringup/cmake/auto_aim_bringupConfig.cmake
[0.812s] -- Up-to-date symlink: /root/rm_version4_ws/install/auto_aim_bringup/share/auto_aim_bringup/cmake/auto_aim_bringupConfig-version.cmake
[0.812s] -- Up-to-date symlink: /root/rm_version4_ws/install/auto_aim_bringup/share/auto_aim_bringup/package.xml
[0.814s] Invoked command in '/root/rm_version4_ws/build/auto_aim_bringup' returned '0': CMAKE_PREFIX_PATH=/root/rm_version4_ws/install/rm_serial_driver:/root/rm_version4_ws/install/armor_processor:/root/rm_version4_ws/install/armor_detector:/root/rm_version4_ws/install/rm_gimbal_description:/root/rm_version4_ws/install/daheng_camera:/root/rm_version4_ws/install/auto_aim_interfaces:/root/rm_version4_ws/install/auto_aim_bringup:/root/daheng_camera/install/daheng_camera:/root/chenjun_ws/install/daheng_camera:/root/chenjun_ws/install/auto_aim_bringup:/root/chenjun_ws/install/armor_processor:/root/chenjun_ws/install/armor_detector:/root/chenjun_ws/install/auto_aim_interfaces:/root/test_jun_ws/install/rm_gimbal_description:/opt/ros/humble LD_LIBRARY_PATH=/root/rm_version4_ws/install/rm_serial_driver/lib:/root/rm_version4_ws/install/armor_processor/lib:/root/rm_version4_ws/install/armor_detector/lib:/root/rm_version4_ws/install/daheng_camera/lib:/root/rm_version4_ws/install/auto_aim_interfaces/lib:/root/daheng_camera/install/daheng_camera/lib:/root/chenjun_ws/install/daheng_camera/lib:/root/chenjun_ws/install/armor_processor/lib:/root/chenjun_ws/install/armor_detector/lib:/root/chenjun_ws/install/auto_aim_interfaces/lib:/opt/ros/humble/opt/rviz_ogre_vendor/lib:/opt/ros/humble/lib/x86_64-linux-gnu:/opt/ros/humble/lib /usr/bin/cmake --install /root/rm_version4_ws/build/auto_aim_bringup
