[0.021s] Invoking command in '/root/rm_version4_ws/build/armor_detector': CMAKE_PREFIX_PATH=/root/rm_version4_ws/install/auto_aim_interfaces:/root/rm_version4_ws/install/auto_aim_bringup:/root/rm_version4_ws/install/rm_serial_driver:/root/rm_version4_ws/install/rm_gimbal_description:/root/rm_version4_ws/install/daheng_camera:/root/rm_version4_ws/install/armor_processor:/root/rm_version4_ws/install/armor_detector:/root/daheng_camera/install/daheng_camera:/root/chenjun_ws/install/daheng_camera:/root/chenjun_ws/install/auto_aim_bringup:/root/chenjun_ws/install/armor_processor:/root/chenjun_ws/install/armor_detector:/root/chenjun_ws/install/auto_aim_interfaces:/root/test_jun_ws/install/rm_gimbal_description:/opt/ros/humble LD_LIBRARY_PATH=/root/rm_version4_ws/install/auto_aim_interfaces/lib:/root/rm_version4_ws/install/rm_serial_driver/lib:/root/rm_version4_ws/install/daheng_camera/lib:/root/rm_version4_ws/install/armor_processor/lib:/root/rm_version4_ws/install/armor_detector/lib:/root/daheng_camera/install/daheng_camera/lib:/root/chenjun_ws/install/daheng_camera/lib:/root/chenjun_ws/install/armor_processor/lib:/root/chenjun_ws/install/armor_detector/lib:/root/chenjun_ws/install/auto_aim_interfaces/lib:/opt/ros/humble/opt/rviz_ogre_vendor/lib:/opt/ros/humble/lib/x86_64-linux-gnu:/opt/ros/humble/lib /usr/bin/cmake --build /root/rm_version4_ws/build/armor_detector -- -j12 -l12
[0.084s] [ 40%] Built target gtest
[0.084s] [ 40%] Built target gtest_main
[0.085s] [ 40%] Built target armor_detector_node
[0.092s] [ 73%] Built target armor_detector
[0.115s] [ 86%] Built target test_number_cls
[0.118s] [100%] Built target test_node_startup
[0.128s] Invoked command in '/root/rm_version4_ws/build/armor_detector' returned '0': CMAKE_PREFIX_PATH=/root/rm_version4_ws/install/auto_aim_interfaces:/root/rm_version4_ws/install/auto_aim_bringup:/root/rm_version4_ws/install/rm_serial_driver:/root/rm_version4_ws/install/rm_gimbal_description:/root/rm_version4_ws/install/daheng_camera:/root/rm_version4_ws/install/armor_processor:/root/rm_version4_ws/install/armor_detector:/root/daheng_camera/install/daheng_camera:/root/chenjun_ws/install/daheng_camera:/root/chenjun_ws/install/auto_aim_bringup:/root/chenjun_ws/install/armor_processor:/root/chenjun_ws/install/armor_detector:/root/chenjun_ws/install/auto_aim_interfaces:/root/test_jun_ws/install/rm_gimbal_description:/opt/ros/humble LD_LIBRARY_PATH=/root/rm_version4_ws/install/auto_aim_interfaces/lib:/root/rm_version4_ws/install/rm_serial_driver/lib:/root/rm_version4_ws/install/daheng_camera/lib:/root/rm_version4_ws/install/armor_processor/lib:/root/rm_version4_ws/install/armor_detector/lib:/root/daheng_camera/install/daheng_camera/lib:/root/chenjun_ws/install/daheng_camera/lib:/root/chenjun_ws/install/armor_processor/lib:/root/chenjun_ws/install/armor_detector/lib:/root/chenjun_ws/install/auto_aim_interfaces/lib:/opt/ros/humble/opt/rviz_ogre_vendor/lib:/opt/ros/humble/lib/x86_64-linux-gnu:/opt/ros/humble/lib /usr/bin/cmake --build /root/rm_version4_ws/build/armor_detector -- -j12 -l12
[0.168s] Invoking command in '/root/rm_version4_ws/build/armor_detector': CMAKE_PREFIX_PATH=/root/rm_version4_ws/install/auto_aim_interfaces:/root/rm_version4_ws/install/auto_aim_bringup:/root/rm_version4_ws/install/rm_serial_driver:/root/rm_version4_ws/install/rm_gimbal_description:/root/rm_version4_ws/install/daheng_camera:/root/rm_version4_ws/install/armor_processor:/root/rm_version4_ws/install/armor_detector:/root/daheng_camera/install/daheng_camera:/root/chenjun_ws/install/daheng_camera:/root/chenjun_ws/install/auto_aim_bringup:/root/chenjun_ws/install/armor_processor:/root/chenjun_ws/install/armor_detector:/root/chenjun_ws/install/auto_aim_interfaces:/root/test_jun_ws/install/rm_gimbal_description:/opt/ros/humble LD_LIBRARY_PATH=/root/rm_version4_ws/install/auto_aim_interfaces/lib:/root/rm_version4_ws/install/rm_serial_driver/lib:/root/rm_version4_ws/install/daheng_camera/lib:/root/rm_version4_ws/install/armor_processor/lib:/root/rm_version4_ws/install/armor_detector/lib:/root/daheng_camera/install/daheng_camera/lib:/root/chenjun_ws/install/daheng_camera/lib:/root/chenjun_ws/install/armor_processor/lib:/root/chenjun_ws/install/armor_detector/lib:/root/chenjun_ws/install/auto_aim_interfaces/lib:/opt/ros/humble/opt/rviz_ogre_vendor/lib:/opt/ros/humble/lib/x86_64-linux-gnu:/opt/ros/humble/lib /usr/bin/cmake --install /root/rm_version4_ws/build/armor_detector
[0.173s] -- Install configuration: ""
[0.174s] -- Execute custom install script
[0.175s] -- Up-to-date symlink: /root/rm_version4_ws/install/armor_detector/lib/armor_detector/armor_detector_node
[0.175s] -- Up-to-date symlink: /root/rm_version4_ws/install/armor_detector/include/armor_detector/armor.hpp
[0.175s] -- Up-to-date symlink: /root/rm_version4_ws/install/armor_detector/include/armor_detector/detector.hpp
[0.176s] -- Up-to-date symlink: /root/rm_version4_ws/install/armor_detector/include/armor_detector/detector_node.hpp
[0.176s] -- Up-to-date symlink: /root/rm_version4_ws/install/armor_detector/include/armor_detector/number_classifier.hpp
[0.176s] -- Up-to-date symlink: /root/rm_version4_ws/install/armor_detector/include/armor_detector/pnp_solver.hpp
[0.176s] -- Up-to-date symlink: /root/rm_version4_ws/install/armor_detector/share/armor_detector/environment/library_path.sh
[0.177s] -- Up-to-date symlink: /root/rm_version4_ws/install/armor_detector/share/armor_detector/environment/library_path.dsv
[0.177s] -- Up-to-date symlink: /root/rm_version4_ws/install/armor_detector/lib/libarmor_detector.so
[0.178s] -- Up-to-date symlink: /root/rm_version4_ws/install/armor_detector/share/armor_detector/model/fc.onnx
[0.178s] -- Up-to-date symlink: /root/rm_version4_ws/install/armor_detector/share/armor_detector/model/label.txt
[0.178s] -- Up-to-date symlink: /root/rm_version4_ws/install/armor_detector/share/ament_index/resource_index/package_run_dependencies/armor_detector
[0.178s] -- Up-to-date symlink: /root/rm_version4_ws/install/armor_detector/share/ament_index/resource_index/parent_prefix_path/armor_detector
[0.179s] -- Up-to-date symlink: /root/rm_version4_ws/install/armor_detector/share/armor_detector/environment/ament_prefix_path.sh
[0.179s] -- Up-to-date symlink: /root/rm_version4_ws/install/armor_detector/share/armor_detector/environment/ament_prefix_path.dsv
[0.180s] -- Up-to-date symlink: /root/rm_version4_ws/install/armor_detector/share/armor_detector/environment/path.sh
[0.180s] -- Up-to-date symlink: /root/rm_version4_ws/install/armor_detector/share/armor_detector/environment/path.dsv
[0.180s] -- Up-to-date symlink: /root/rm_version4_ws/install/armor_detector/share/armor_detector/local_setup.bash
[0.180s] -- Up-to-date symlink: /root/rm_version4_ws/install/armor_detector/share/armor_detector/local_setup.sh
[0.180s] -- Up-to-date symlink: /root/rm_version4_ws/install/armor_detector/share/armor_detector/local_setup.zsh
[0.181s] -- Up-to-date symlink: /root/rm_version4_ws/install/armor_detector/share/armor_detector/local_setup.dsv
[0.181s] -- Symlinking: /root/rm_version4_ws/install/armor_detector/share/armor_detector/package.dsv
[0.191s] -- Up-to-date symlink: /root/rm_version4_ws/install/armor_detector/share/ament_index/resource_index/packages/armor_detector
[0.191s] -- Up-to-date symlink: /root/rm_version4_ws/install/armor_detector/share/ament_index/resource_index/rclcpp_components/armor_detector
[0.192s] -- Up-to-date symlink: /root/rm_version4_ws/install/armor_detector/share/armor_detector/cmake/ament_cmake_export_dependencies-extras.cmake
[0.193s] -- Up-to-date symlink: /root/rm_version4_ws/install/armor_detector/share/armor_detector/cmake/ament_cmake_export_include_directories-extras.cmake
[0.195s] -- Up-to-date symlink: /root/rm_version4_ws/install/armor_detector/share/armor_detector/cmake/ament_cmake_export_libraries-extras.cmake
[0.195s] -- Up-to-date symlink: /root/rm_version4_ws/install/armor_detector/share/armor_detector/cmake/armor_detectorConfig.cmake
[0.195s] -- Up-to-date symlink: /root/rm_version4_ws/install/armor_detector/share/armor_detector/cmake/armor_detectorConfig-version.cmake
[0.195s] -- Up-to-date symlink: /root/rm_version4_ws/install/armor_detector/share/armor_detector/package.xml
[0.204s] Invoked command in '/root/rm_version4_ws/build/armor_detector' returned '0': CMAKE_PREFIX_PATH=/root/rm_version4_ws/install/auto_aim_interfaces:/root/rm_version4_ws/install/auto_aim_bringup:/root/rm_version4_ws/install/rm_serial_driver:/root/rm_version4_ws/install/rm_gimbal_description:/root/rm_version4_ws/install/daheng_camera:/root/rm_version4_ws/install/armor_processor:/root/rm_version4_ws/install/armor_detector:/root/daheng_camera/install/daheng_camera:/root/chenjun_ws/install/daheng_camera:/root/chenjun_ws/install/auto_aim_bringup:/root/chenjun_ws/install/armor_processor:/root/chenjun_ws/install/armor_detector:/root/chenjun_ws/install/auto_aim_interfaces:/root/test_jun_ws/install/rm_gimbal_description:/opt/ros/humble LD_LIBRARY_PATH=/root/rm_version4_ws/install/auto_aim_interfaces/lib:/root/rm_version4_ws/install/rm_serial_driver/lib:/root/rm_version4_ws/install/daheng_camera/lib:/root/rm_version4_ws/install/armor_processor/lib:/root/rm_version4_ws/install/armor_detector/lib:/root/daheng_camera/install/daheng_camera/lib:/root/chenjun_ws/install/daheng_camera/lib:/root/chenjun_ws/install/armor_processor/lib:/root/chenjun_ws/install/armor_detector/lib:/root/chenjun_ws/install/auto_aim_interfaces/lib:/opt/ros/humble/opt/rviz_ogre_vendor/lib:/opt/ros/humble/lib/x86_64-linux-gnu:/opt/ros/humble/lib /usr/bin/cmake --install /root/rm_version4_ws/build/armor_detector
