[0.015s] Invoking command in '/home/wlixill/rm_version4_ws/build/armor_detector': CMAKE_PREFIX_PATH=/home/wlixill/rm_version4_ws/install/auto_aim_interfaces:/home/wlixill/rm_version4_ws/install/auto_aim_bringup:/home/wlixill/rm_version4_ws/install/rm_serial_driver:/home/wlixill/rm_version4_ws/install/rm_gimbal_description:/home/wlixill/rm_version4_ws/install/daheng_camera:/home/wlixill/rm_version4_ws/install/armor_processor:/home/wlixill/rm_version4_ws/install/armor_detector:/home/wlixill/rm_tools/install/daheng_camera:/opt/ros/humble LD_LIBRARY_PATH=/home/wlixill/rm_version4_ws/install/auto_aim_interfaces/lib:/home/wlixill/rm_version4_ws/install/rm_serial_driver/lib:/home/wlixill/rm_version4_ws/install/daheng_camera/lib:/home/wlixill/rm_version4_ws/install/armor_processor/lib:/home/wlixill/rm_version4_ws/install/armor_detector/lib:/home/wlixill/rm_tools/install/daheng_camera/lib:/opt/ros/humble/opt/rviz_ogre_vendor/lib:/opt/ros/humble/lib/x86_64-linux-gnu:/opt/ros/humble/lib /usr/bin/cmake --build /home/wlixill/rm_version4_ws/build/armor_detector -- -j16 -l16
[0.100s] [35m[1mConsolidate compiler generated dependencies of target gtest_main[0m
[0.102s] [35m[1mConsolidate compiler generated dependencies of target gtest[0m
[0.106s] [35m[1mConsolidate compiler generated dependencies of target armor_detector_node[0m
[0.110s] [35m[1mConsolidate compiler generated dependencies of target armor_detector[0m
[0.116s] [ 13%] Built target gtest_main
[0.118s] [ 26%] Built target gtest
[0.138s] [ 40%] Built target armor_detector_node
[0.151s] [ 73%] Built target armor_detector
[0.166s] [35m[1mConsolidate compiler generated dependencies of target test_number_cls[0m
[0.166s] [35m[1mConsolidate compiler generated dependencies of target test_node_startup[0m
[0.181s] [ 86%] Built target test_number_cls
[0.186s] [100%] Built target test_node_startup
[0.196s] Invoked command in '/home/wlixill/rm_version4_ws/build/armor_detector' returned '0': CMAKE_PREFIX_PATH=/home/wlixill/rm_version4_ws/install/auto_aim_interfaces:/home/wlixill/rm_version4_ws/install/auto_aim_bringup:/home/wlixill/rm_version4_ws/install/rm_serial_driver:/home/wlixill/rm_version4_ws/install/rm_gimbal_description:/home/wlixill/rm_version4_ws/install/daheng_camera:/home/wlixill/rm_version4_ws/install/armor_processor:/home/wlixill/rm_version4_ws/install/armor_detector:/home/wlixill/rm_tools/install/daheng_camera:/opt/ros/humble LD_LIBRARY_PATH=/home/wlixill/rm_version4_ws/install/auto_aim_interfaces/lib:/home/wlixill/rm_version4_ws/install/rm_serial_driver/lib:/home/wlixill/rm_version4_ws/install/daheng_camera/lib:/home/wlixill/rm_version4_ws/install/armor_processor/lib:/home/wlixill/rm_version4_ws/install/armor_detector/lib:/home/wlixill/rm_tools/install/daheng_camera/lib:/opt/ros/humble/opt/rviz_ogre_vendor/lib:/opt/ros/humble/lib/x86_64-linux-gnu:/opt/ros/humble/lib /usr/bin/cmake --build /home/wlixill/rm_version4_ws/build/armor_detector -- -j16 -l16
[0.243s] Invoking command in '/home/wlixill/rm_version4_ws/build/armor_detector': CMAKE_PREFIX_PATH=/home/wlixill/rm_version4_ws/install/auto_aim_interfaces:/home/wlixill/rm_version4_ws/install/auto_aim_bringup:/home/wlixill/rm_version4_ws/install/rm_serial_driver:/home/wlixill/rm_version4_ws/install/rm_gimbal_description:/home/wlixill/rm_version4_ws/install/daheng_camera:/home/wlixill/rm_version4_ws/install/armor_processor:/home/wlixill/rm_version4_ws/install/armor_detector:/home/wlixill/rm_tools/install/daheng_camera:/opt/ros/humble LD_LIBRARY_PATH=/home/wlixill/rm_version4_ws/install/auto_aim_interfaces/lib:/home/wlixill/rm_version4_ws/install/rm_serial_driver/lib:/home/wlixill/rm_version4_ws/install/daheng_camera/lib:/home/wlixill/rm_version4_ws/install/armor_processor/lib:/home/wlixill/rm_version4_ws/install/armor_detector/lib:/home/wlixill/rm_tools/install/daheng_camera/lib:/opt/ros/humble/opt/rviz_ogre_vendor/lib:/opt/ros/humble/lib/x86_64-linux-gnu:/opt/ros/humble/lib /usr/bin/cmake --install /home/wlixill/rm_version4_ws/build/armor_detector
[0.250s] -- Install configuration: ""
[0.250s] -- Installing: /home/wlixill/rm_version4_ws/install/armor_detector/lib/armor_detector/armor_detector_node
[0.252s] -- Set runtime path of "/home/wlixill/rm_version4_ws/install/armor_detector/lib/armor_detector/armor_detector_node" to ""
[0.252s] -- Up-to-date: /home/wlixill/rm_version4_ws/install/armor_detector/include
[0.252s] -- Up-to-date: /home/wlixill/rm_version4_ws/install/armor_detector/include/armor_detector
[0.252s] -- Up-to-date: /home/wlixill/rm_version4_ws/install/armor_detector/include/armor_detector/pnp_solver.hpp
[0.252s] -- Up-to-date: /home/wlixill/rm_version4_ws/install/armor_detector/include/armor_detector/armor.hpp
[0.252s] -- Up-to-date: /home/wlixill/rm_version4_ws/install/armor_detector/include/armor_detector/number_classifier.hpp
[0.253s] -- Up-to-date: /home/wlixill/rm_version4_ws/install/armor_detector/include/armor_detector/detector_node.hpp
[0.253s] -- Up-to-date: /home/wlixill/rm_version4_ws/install/armor_detector/include/armor_detector/detector.hpp
[0.253s] -- Installing: /home/wlixill/rm_version4_ws/install/armor_detector/share/armor_detector/environment/library_path.dsv
[0.253s] -- Installing: /home/wlixill/rm_version4_ws/install/armor_detector/lib/libarmor_detector.so
[0.271s] -- Set runtime path of "/home/wlixill/rm_version4_ws/install/armor_detector/lib/libarmor_detector.so" to ""
[0.272s] -- Up-to-date: /home/wlixill/rm_version4_ws/install/armor_detector/share/armor_detector/model
[0.272s] -- Up-to-date: /home/wlixill/rm_version4_ws/install/armor_detector/share/armor_detector/model/label.txt
[0.272s] -- Up-to-date: /home/wlixill/rm_version4_ws/install/armor_detector/share/armor_detector/model/fc.onnx
[0.272s] -- Installing: /home/wlixill/rm_version4_ws/install/armor_detector/share/ament_index/resource_index/package_run_dependencies/armor_detector
[0.272s] -- Installing: /home/wlixill/rm_version4_ws/install/armor_detector/share/ament_index/resource_index/parent_prefix_path/armor_detector
[0.273s] -- Installing: /home/wlixill/rm_version4_ws/install/armor_detector/share/armor_detector/environment/ament_prefix_path.dsv
[0.274s] -- Installing: /home/wlixill/rm_version4_ws/install/armor_detector/share/armor_detector/environment/path.dsv
[0.275s] -- Installing: /home/wlixill/rm_version4_ws/install/armor_detector/share/armor_detector/local_setup.bash
[0.276s] -- Installing: /home/wlixill/rm_version4_ws/install/armor_detector/share/armor_detector/local_setup.sh
[0.276s] -- Installing: /home/wlixill/rm_version4_ws/install/armor_detector/share/armor_detector/local_setup.zsh
[0.277s] -- Installing: /home/wlixill/rm_version4_ws/install/armor_detector/share/armor_detector/local_setup.dsv
[0.278s] -- Installing: /home/wlixill/rm_version4_ws/install/armor_detector/share/armor_detector/package.dsv
[0.279s] -- Installing: /home/wlixill/rm_version4_ws/install/armor_detector/share/ament_index/resource_index/packages/armor_detector
[0.279s] -- Installing: /home/wlixill/rm_version4_ws/install/armor_detector/share/ament_index/resource_index/rclcpp_components/armor_detector
[0.280s] -- Installing: /home/wlixill/rm_version4_ws/install/armor_detector/share/armor_detector/cmake/ament_cmake_export_dependencies-extras.cmake
[0.280s] -- Installing: /home/wlixill/rm_version4_ws/install/armor_detector/share/armor_detector/cmake/ament_cmake_export_include_directories-extras.cmake
[0.281s] -- Installing: /home/wlixill/rm_version4_ws/install/armor_detector/share/armor_detector/cmake/ament_cmake_export_libraries-extras.cmake
[0.282s] -- Installing: /home/wlixill/rm_version4_ws/install/armor_detector/share/armor_detector/cmake/armor_detectorConfig.cmake
[0.282s] -- Installing: /home/wlixill/rm_version4_ws/install/armor_detector/share/armor_detector/cmake/armor_detectorConfig-version.cmake
[0.283s] -- Up-to-date: /home/wlixill/rm_version4_ws/install/armor_detector/share/armor_detector/package.xml
[0.285s] Invoked command in '/home/wlixill/rm_version4_ws/build/armor_detector' returned '0': CMAKE_PREFIX_PATH=/home/wlixill/rm_version4_ws/install/auto_aim_interfaces:/home/wlixill/rm_version4_ws/install/auto_aim_bringup:/home/wlixill/rm_version4_ws/install/rm_serial_driver:/home/wlixill/rm_version4_ws/install/rm_gimbal_description:/home/wlixill/rm_version4_ws/install/daheng_camera:/home/wlixill/rm_version4_ws/install/armor_processor:/home/wlixill/rm_version4_ws/install/armor_detector:/home/wlixill/rm_tools/install/daheng_camera:/opt/ros/humble LD_LIBRARY_PATH=/home/wlixill/rm_version4_ws/install/auto_aim_interfaces/lib:/home/wlixill/rm_version4_ws/install/rm_serial_driver/lib:/home/wlixill/rm_version4_ws/install/daheng_camera/lib:/home/wlixill/rm_version4_ws/install/armor_processor/lib:/home/wlixill/rm_version4_ws/install/armor_detector/lib:/home/wlixill/rm_tools/install/daheng_camera/lib:/opt/ros/humble/opt/rviz_ogre_vendor/lib:/opt/ros/humble/lib/x86_64-linux-gnu:/opt/ros/humble/lib /usr/bin/cmake --install /home/wlixill/rm_version4_ws/build/armor_detector
