[35m[1mConsolidate compiler generated dependencies of target armor_processor_node[0m
[35m[1mConsolidate compiler generated dependencies of target armor_processor[0m
[ 33%] Built target armor_processor_node
[100%] Built target armor_processor
-- Install configuration: ""
-- Installing: /home/wlixill/rm_version4_ws/install/armor_processor/lib/armor_processor/armor_processor_node
-- Set runtime path of "/home/wlixill/rm_version4_ws/install/armor_processor/lib/armor_processor/armor_processor_node" to ""
-- Up-to-date: /home/wlixill/rm_version4_ws/install/armor_processor/include
-- Up-to-date: /home/wlixill/rm_version4_ws/install/armor_processor/include/armor_processor
-- Installing: /home/wlixill/rm_version4_ws/install/armor_processor/include/armor_processor/extended_kalman_filter.hpp
-- Installing: /home/wlixill/rm_version4_ws/install/armor_processor/include/armor_processor/tracker.hpp
-- Installing: /home/wlixill/rm_version4_ws/install/armor_processor/include/armor_processor/processor_node.hpp
-- Installing: /home/wlixill/rm_version4_ws/install/armor_processor/share/armor_processor/environment/library_path.dsv
-- Installing: /home/wlixill/rm_version4_ws/install/armor_processor/lib/libarmor_processor.so
-- Set runtime path of "/home/wlixill/rm_version4_ws/install/armor_processor/lib/libarmor_processor.so" to ""
-- Installing: /home/wlixill/rm_version4_ws/install/armor_processor/share/ament_index/resource_index/package_run_dependencies/armor_processor
-- Installing: /home/wlixill/rm_version4_ws/install/armor_processor/share/ament_index/resource_index/parent_prefix_path/armor_processor
-- Installing: /home/wlixill/rm_version4_ws/install/armor_processor/share/armor_processor/environment/ament_prefix_path.dsv
-- Installing: /home/wlixill/rm_version4_ws/install/armor_processor/share/armor_processor/environment/path.dsv
-- Installing: /home/wlixill/rm_version4_ws/install/armor_processor/share/armor_processor/local_setup.bash
-- Installing: /home/wlixill/rm_version4_ws/install/armor_processor/share/armor_processor/local_setup.sh
-- Installing: /home/wlixill/rm_version4_ws/install/armor_processor/share/armor_processor/local_setup.zsh
-- Installing: /home/wlixill/rm_version4_ws/install/armor_processor/share/armor_processor/local_setup.dsv
-- Installing: /home/wlixill/rm_version4_ws/install/armor_processor/share/armor_processor/package.dsv
-- Installing: /home/wlixill/rm_version4_ws/install/armor_processor/share/ament_index/resource_index/packages/armor_processor
-- Installing: /home/wlixill/rm_version4_ws/install/armor_processor/share/ament_index/resource_index/rclcpp_components/armor_processor
-- Installing: /home/wlixill/rm_version4_ws/install/armor_processor/share/armor_processor/cmake/ament_cmake_export_dependencies-extras.cmake
-- Installing: /home/wlixill/rm_version4_ws/install/armor_processor/share/armor_processor/cmake/ament_cmake_export_include_directories-extras.cmake
-- Installing: /home/wlixill/rm_version4_ws/install/armor_processor/share/armor_processor/cmake/ament_cmake_export_libraries-extras.cmake
-- Installing: /home/wlixill/rm_version4_ws/install/armor_processor/share/armor_processor/cmake/armor_processorConfig.cmake
-- Installing: /home/wlixill/rm_version4_ws/install/armor_processor/share/armor_processor/cmake/armor_processorConfig-version.cmake
-- Installing: /home/wlixill/rm_version4_ws/install/armor_processor/share/armor_processor/package.xml
