[35m[1mConsolidate compiler generated dependencies of target daheng_camera[0m
[ 50%] Built target daheng_camera_node
[100%] Built target daheng_camera
-- Install configuration: ""
-- Up-to-date: /root/rm_version4_ws/install/daheng_camera/lib/daheng_camera/daheng_camera_node
-- Up-to-date: /root/rm_version4_ws/install/daheng_camera/include
-- Up-to-date: /root/rm_version4_ws/install/daheng_camera/include/daheng_sdk
-- Up-to-date: /root/rm_version4_ws/install/daheng_camera/include/daheng_sdk/lib
-- Up-to-date: /root/rm_version4_ws/install/daheng_camera/include/daheng_sdk/include
-- Up-to-date: /root/rm_version4_ws/install/daheng_camera/include/daheng_sdk/include/GxIAPI.h
-- Up-to-date: /root/rm_version4_ws/install/daheng_camera/include/daheng_sdk/include/DxImageProc.h
-- Up-to-date: /root/rm_version4_ws/install/daheng_camera/include/GxCamera.hpp
-- Up-to-date: /root/rm_version4_ws/install/daheng_camera/share/daheng_camera/environment/library_path.sh
-- Up-to-date: /root/rm_version4_ws/install/daheng_camera/share/daheng_camera/environment/library_path.dsv
-- Up-to-date: /root/rm_version4_ws/install/daheng_camera/lib/libdaheng_camera.so
-- Up-to-date: /root/rm_version4_ws/install/daheng_camera/share/daheng_camera/config
-- Up-to-date: /root/rm_version4_ws/install/daheng_camera/share/daheng_camera/config/camera_info.yaml
-- Up-to-date: /root/rm_version4_ws/install/daheng_camera/share/daheng_camera/config/camera_params.yaml
-- Up-to-date: /root/rm_version4_ws/install/daheng_camera/share/daheng_camera/launch
-- Up-to-date: /root/rm_version4_ws/install/daheng_camera/share/daheng_camera/launch/daheng_camera.launch.py
-- Up-to-date: /root/rm_version4_ws/install/daheng_camera/share/ament_index/resource_index/package_run_dependencies/daheng_camera
-- Up-to-date: /root/rm_version4_ws/install/daheng_camera/share/ament_index/resource_index/parent_prefix_path/daheng_camera
-- Up-to-date: /root/rm_version4_ws/install/daheng_camera/share/daheng_camera/environment/ament_prefix_path.sh
-- Up-to-date: /root/rm_version4_ws/install/daheng_camera/share/daheng_camera/environment/ament_prefix_path.dsv
-- Up-to-date: /root/rm_version4_ws/install/daheng_camera/share/daheng_camera/environment/path.sh
-- Up-to-date: /root/rm_version4_ws/install/daheng_camera/share/daheng_camera/environment/path.dsv
-- Up-to-date: /root/rm_version4_ws/install/daheng_camera/share/daheng_camera/local_setup.bash
-- Up-to-date: /root/rm_version4_ws/install/daheng_camera/share/daheng_camera/local_setup.sh
-- Up-to-date: /root/rm_version4_ws/install/daheng_camera/share/daheng_camera/local_setup.zsh
-- Up-to-date: /root/rm_version4_ws/install/daheng_camera/share/daheng_camera/local_setup.dsv
-- Installing: /root/rm_version4_ws/install/daheng_camera/share/daheng_camera/package.dsv
-- Up-to-date: /root/rm_version4_ws/install/daheng_camera/share/ament_index/resource_index/packages/daheng_camera
-- Up-to-date: /root/rm_version4_ws/install/daheng_camera/share/ament_index/resource_index/rclcpp_components/daheng_camera
-- Up-to-date: /root/rm_version4_ws/install/daheng_camera/share/daheng_camera/cmake/ament_cmake_export_dependencies-extras.cmake
-- Up-to-date: /root/rm_version4_ws/install/daheng_camera/share/daheng_camera/cmake/ament_cmake_export_include_directories-extras.cmake
-- Up-to-date: /root/rm_version4_ws/install/daheng_camera/share/daheng_camera/cmake/ament_cmake_export_libraries-extras.cmake
-- Up-to-date: /root/rm_version4_ws/install/daheng_camera/share/daheng_camera/cmake/daheng_cameraConfig.cmake
-- Up-to-date: /root/rm_version4_ws/install/daheng_camera/share/daheng_camera/cmake/daheng_cameraConfig-version.cmake
-- Up-to-date: /root/rm_version4_ws/install/daheng_camera/share/daheng_camera/package.xml
