[0.007s] Invoking command in '/home/wlixill/rm_tools/build/galaxy_camera': CMAKE_PREFIX_PATH=/opt/ros/humble /usr/bin/cmake /home/wlixill/rm_tools/src/rm_vision_ros2_galaxy_camera -DCMAKE_INSTALL_PREFIX=/home/wlixill/rm_tools/install/galaxy_camera
[0.050s] -- The C compiler identification is GNU 11.4.0
[0.092s] -- The CXX compiler identification is GNU 11.4.0
[0.098s] -- Detecting C compiler ABI info
[0.153s] -- Detecting C compiler ABI info - done
[0.158s] -- Check for working C compiler: /usr/bin/cc - skipped
[0.158s] -- Detecting C compile features
[0.159s] -- Detecting C compile features - done
[0.161s] -- Detecting CXX compiler ABI info
[0.289s] -- Detecting CXX compiler ABI info - done
[0.295s] -- Check for working CXX compiler: /usr/bin/c++ - skipped
[0.295s] -- Detecting CXX compile features
[0.295s] -- Detecting CXX compile features - done
[0.297s] -- Found ament_cmake_auto: 1.3.8 (/opt/ros/humble/share/ament_cmake_auto/cmake)
[0.406s] -- Found Python3: /usr/bin/python3 (found version "3.10.12") found components: Interpreter 
[0.541s] -- Found rosidl_generator_c: 3.1.5 (/opt/ros/humble/share/rosidl_generator_c/cmake)
[0.544s] -- Found rosidl_adapter: 3.1.5 (/opt/ros/humble/share/rosidl_adapter/cmake)
[0.550s] -- Found rosidl_generator_cpp: 3.1.5 (/opt/ros/humble/share/rosidl_generator_cpp/cmake)
[0.560s] -- Using all available rosidl_typesupport_c: rosidl_typesupport_fastrtps_c;rosidl_typesupport_introspection_c
[0.573s] -- Using all available rosidl_typesupport_cpp: rosidl_typesupport_fastrtps_cpp;rosidl_typesupport_introspection_cpp
[0.621s] -- Found rmw_implementation_cmake: 6.1.1 (/opt/ros/humble/share/rmw_implementation_cmake/cmake)
[0.622s] -- Found rmw_fastrtps_cpp: 6.2.6 (/opt/ros/humble/share/rmw_fastrtps_cpp/cmake)
[0.702s] -- Found OpenSSL: /usr/lib/x86_64-linux-gnu/libcrypto.so (found version "3.0.2")  
[0.724s] -- Found FastRTPS: /opt/ros/humble/include  
[0.761s] -- Using RMW implementation 'rmw_fastrtps_cpp' as default
[0.768s] -- Looking for pthread.h
[0.827s] -- Looking for pthread.h - found
[0.827s] -- Performing Test CMAKE_HAVE_LIBC_PTHREAD
[0.887s] -- Performing Test CMAKE_HAVE_LIBC_PTHREAD - Success
[0.888s] -- Found Threads: TRUE  
[1.196s] -- Found ament_lint_auto: 0.12.10 (/opt/ros/humble/share/ament_lint_auto/cmake)
[1.213s] -- Added test 'cppcheck' to perform static code analysis on C / C++ code
[1.213s] -- Configured cppcheck include dirs: /home/wlixill/rm_tools/src/rm_vision_ros2_galaxy_camera/GalaxySDK/include
[1.213s] -- Configured cppcheck exclude dirs and/or files: 
[1.214s] -- Added test 'flake8' to check Python code syntax and style conventions
[1.215s] -- Added test 'lint_cmake' to check CMake code style
[1.215s] -- Added test 'pep257' to check Python code against some of the docstring style conventions in PEP 257
[1.216s] -- Added test 'xmllint' to check XML markup files
[1.218s] -- Configuring done
[1.229s] -- Generating done
[1.231s] -- Build files have been written to: /home/wlixill/rm_tools/build/galaxy_camera
[1.238s] Invoked command in '/home/wlixill/rm_tools/build/galaxy_camera' returned '0': CMAKE_PREFIX_PATH=/opt/ros/humble /usr/bin/cmake /home/wlixill/rm_tools/src/rm_vision_ros2_galaxy_camera -DCMAKE_INSTALL_PREFIX=/home/wlixill/rm_tools/install/galaxy_camera
[1.240s] Invoking command in '/home/wlixill/rm_tools/build/galaxy_camera': CMAKE_PREFIX_PATH=/opt/ros/humble /usr/bin/cmake --build /home/wlixill/rm_tools/build/galaxy_camera -- -j16 -l16
[1.283s] [ 50%] [32mBuilding CXX object CMakeFiles/galaxy_camera_node.dir/rclcpp_components/node_main_galaxy_camera_node.cpp.o[0m
[1.284s] [ 50%] [32mBuilding CXX object CMakeFiles/galaxy_camera.dir/src/galaxy_camera_node.cpp.o[0m
[3.619s] [ 75%] [32m[1mLinking CXX executable galaxy_camera_node[0m
[3.711s] [ 75%] Built target galaxy_camera_node
[3.764s] [100%] [32m[1mLinking CXX shared library libgalaxy_camera.so[0m
[3.884s] [100%] Built target galaxy_camera
[3.927s] Invoked command in '/home/wlixill/rm_tools/build/galaxy_camera' returned '0': CMAKE_PREFIX_PATH=/opt/ros/humble /usr/bin/cmake --build /home/wlixill/rm_tools/build/galaxy_camera -- -j16 -l16
[3.961s] Invoking command in '/home/wlixill/rm_tools/build/galaxy_camera': CMAKE_PREFIX_PATH=/opt/ros/humble /usr/bin/cmake --install /home/wlixill/rm_tools/build/galaxy_camera
[3.967s] -- Install configuration: ""
[3.967s] -- Installing: /home/wlixill/rm_tools/install/galaxy_camera/lib
[3.967s] -- Installing: /home/wlixill/rm_tools/install/galaxy_camera/lib/bc4b08373788f18282ff1e747a98dd6c21a8b629.cache
[3.968s] -- Installing: /home/wlixill/rm_tools/install/galaxy_camera/lib/GxGVTL.cti
[3.970s] -- Installing: /home/wlixill/rm_tools/install/galaxy_camera/lib/GxU3VTL.cti
[3.971s] -- Installing: /home/wlixill/rm_tools/install/galaxy_camera/lib/libgxiapi.so
[3.983s] -- Installing: /home/wlixill/rm_tools/install/galaxy_camera/lib/galaxy_camera/galaxy_camera_node
[3.983s] -- Set runtime path of "/home/wlixill/rm_tools/install/galaxy_camera/lib/galaxy_camera/galaxy_camera_node" to ""
[3.984s] -- Installing: /home/wlixill/rm_tools/install/galaxy_camera/share/galaxy_camera/environment/library_path.sh
[3.984s] -- Installing: /home/wlixill/rm_tools/install/galaxy_camera/share/galaxy_camera/environment/library_path.dsv
[3.984s] -- Installing: /home/wlixill/rm_tools/install/galaxy_camera/lib/libgalaxy_camera.so
[3.985s] -- Set runtime path of "/home/wlixill/rm_tools/install/galaxy_camera/lib/libgalaxy_camera.so" to ""
[3.985s] -- Installing: /home/wlixill/rm_tools/install/galaxy_camera/share/galaxy_camera/config
[3.985s] -- Installing: /home/wlixill/rm_tools/install/galaxy_camera/share/galaxy_camera/config/camera_params.yaml
[3.985s] -- Installing: /home/wlixill/rm_tools/install/galaxy_camera/share/galaxy_camera/config/camera_info.yaml
[3.985s] -- Installing: /home/wlixill/rm_tools/install/galaxy_camera/share/galaxy_camera/launch
[3.985s] -- Installing: /home/wlixill/rm_tools/install/galaxy_camera/share/galaxy_camera/launch/galaxy_camera.launch.py
[3.985s] -- Installing: /home/wlixill/rm_tools/install/galaxy_camera/share/ament_index/resource_index/package_run_dependencies/galaxy_camera
[3.985s] -- Installing: /home/wlixill/rm_tools/install/galaxy_camera/share/ament_index/resource_index/parent_prefix_path/galaxy_camera
[3.986s] -- Installing: /home/wlixill/rm_tools/install/galaxy_camera/share/galaxy_camera/environment/ament_prefix_path.sh
[3.986s] -- Installing: /home/wlixill/rm_tools/install/galaxy_camera/share/galaxy_camera/environment/ament_prefix_path.dsv
[3.986s] -- Installing: /home/wlixill/rm_tools/install/galaxy_camera/share/galaxy_camera/environment/path.sh
[3.986s] -- Installing: /home/wlixill/rm_tools/install/galaxy_camera/share/galaxy_camera/environment/path.dsv
[3.986s] -- Installing: /home/wlixill/rm_tools/install/galaxy_camera/share/galaxy_camera/local_setup.bash
[3.986s] -- Installing: /home/wlixill/rm_tools/install/galaxy_camera/share/galaxy_camera/local_setup.sh
[3.986s] -- Installing: /home/wlixill/rm_tools/install/galaxy_camera/share/galaxy_camera/local_setup.zsh
[3.986s] -- Installing: /home/wlixill/rm_tools/install/galaxy_camera/share/galaxy_camera/local_setup.dsv
[3.987s] -- Installing: /home/wlixill/rm_tools/install/galaxy_camera/share/galaxy_camera/package.dsv
[3.987s] -- Installing: /home/wlixill/rm_tools/install/galaxy_camera/share/ament_index/resource_index/packages/galaxy_camera
[3.987s] -- Installing: /home/wlixill/rm_tools/install/galaxy_camera/share/ament_index/resource_index/rclcpp_components/galaxy_camera
[3.987s] -- Installing: /home/wlixill/rm_tools/install/galaxy_camera/share/galaxy_camera/cmake/ament_cmake_export_dependencies-extras.cmake
[3.987s] -- Installing: /home/wlixill/rm_tools/install/galaxy_camera/share/galaxy_camera/cmake/ament_cmake_export_libraries-extras.cmake
[3.987s] -- Installing: /home/wlixill/rm_tools/install/galaxy_camera/share/galaxy_camera/cmake/galaxy_cameraConfig.cmake
[3.987s] -- Installing: /home/wlixill/rm_tools/install/galaxy_camera/share/galaxy_camera/cmake/galaxy_cameraConfig-version.cmake
[3.987s] -- Installing: /home/wlixill/rm_tools/install/galaxy_camera/share/galaxy_camera/package.xml
[3.989s] Invoked command in '/home/wlixill/rm_tools/build/galaxy_camera' returned '0': CMAKE_PREFIX_PATH=/opt/ros/humble /usr/bin/cmake --install /home/wlixill/rm_tools/build/galaxy_camera
