[0.009s] Invoking command in '/home/wlixill/rm_version4_ws/build/rm_gimbal_description': CMAKE_PREFIX_PATH=${CMAKE_PREFIX_PATH}:/opt/ros/humble /usr/bin/cmake /home/wlixill/rm_version4_ws/src/rm_auto_aim/rm_gimbal_description -DCMAKE_INSTALL_PREFIX=/home/wlixill/rm_version4_ws/install/rm_gimbal_description
[0.091s] -- The C compiler identification is GNU 11.4.0
[0.135s] -- The CXX compiler identification is GNU 11.4.0
[0.140s] -- Detecting C compiler ABI info
[0.209s] -- Detecting C compiler ABI info - done
[0.214s] -- Check for working C compiler: /usr/bin/cc - skipped
[0.214s] -- Detecting C compile features
[0.214s] -- Detecting C compile features - done
[0.216s] -- Detecting CXX compiler ABI info
[0.321s] -- Detecting CXX compiler ABI info - done
[0.326s] -- Check for working CXX compiler: /usr/bin/c++ - skipped
[0.327s] -- Detecting CXX compile features
[0.327s] -- Detecting CXX compile features - done
[0.329s] -- Found ament_cmake: 1.3.8 (/opt/ros/humble/share/ament_cmake/cmake)
[0.444s] -- Found Python3: /usr/bin/python3 (found version "3.10.12") found components: Interpreter 
[0.518s] -- Found ament_lint_auto: 0.12.10 (/opt/ros/humble/share/ament_lint_auto/cmake)
[0.587s] -- Added test 'lint_cmake' to check CMake code style
[0.590s] -- Added test 'xmllint' to check XML markup files
[0.591s] -- Configuring done
[0.594s] -- Generating done
[0.595s] -- Build files have been written to: /home/wlixill/rm_version4_ws/build/rm_gimbal_description
[0.598s] Invoked command in '/home/wlixill/rm_version4_ws/build/rm_gimbal_description' returned '0': CMAKE_PREFIX_PATH=${CMAKE_PREFIX_PATH}:/opt/ros/humble /usr/bin/cmake /home/wlixill/rm_version4_ws/src/rm_auto_aim/rm_gimbal_description -DCMAKE_INSTALL_PREFIX=/home/wlixill/rm_version4_ws/install/rm_gimbal_description
[0.600s] Invoking command in '/home/wlixill/rm_version4_ws/build/rm_gimbal_description': CMAKE_PREFIX_PATH=${CMAKE_PREFIX_PATH}:/opt/ros/humble /usr/bin/cmake --build /home/wlixill/rm_version4_ws/build/rm_gimbal_description -- -j16 -l16
[0.635s] Invoked command in '/home/wlixill/rm_version4_ws/build/rm_gimbal_description' returned '0': CMAKE_PREFIX_PATH=${CMAKE_PREFIX_PATH}:/opt/ros/humble /usr/bin/cmake --build /home/wlixill/rm_version4_ws/build/rm_gimbal_description -- -j16 -l16
[0.667s] Invoking command in '/home/wlixill/rm_version4_ws/build/rm_gimbal_description': CMAKE_PREFIX_PATH=${CMAKE_PREFIX_PATH}:/opt/ros/humble /usr/bin/cmake --install /home/wlixill/rm_version4_ws/build/rm_gimbal_description
[0.673s] -- Install configuration: ""
[0.673s] -- Up-to-date: /home/wlixill/rm_version4_ws/install/rm_gimbal_description/share/rm_gimbal_description/urdf
[0.673s] -- Up-to-date: /home/wlixill/rm_version4_ws/install/rm_gimbal_description/share/rm_gimbal_description/urdf/rm_gimbal.urdf.xacro
[0.673s] -- Installing: /home/wlixill/rm_version4_ws/install/rm_gimbal_description/share/ament_index/resource_index/package_run_dependencies/rm_gimbal_description
[0.673s] -- Installing: /home/wlixill/rm_version4_ws/install/rm_gimbal_description/share/ament_index/resource_index/parent_prefix_path/rm_gimbal_description
[0.673s] -- Installing: /home/wlixill/rm_version4_ws/install/rm_gimbal_description/share/rm_gimbal_description/environment/ament_prefix_path.dsv
[0.674s] -- Installing: /home/wlixill/rm_version4_ws/install/rm_gimbal_description/share/rm_gimbal_description/environment/path.dsv
[0.674s] -- Installing: /home/wlixill/rm_version4_ws/install/rm_gimbal_description/share/rm_gimbal_description/local_setup.bash
[0.674s] -- Installing: /home/wlixill/rm_version4_ws/install/rm_gimbal_description/share/rm_gimbal_description/local_setup.sh
[0.674s] -- Installing: /home/wlixill/rm_version4_ws/install/rm_gimbal_description/share/rm_gimbal_description/local_setup.zsh
[0.674s] -- Installing: /home/wlixill/rm_version4_ws/install/rm_gimbal_description/share/rm_gimbal_description/local_setup.dsv
[0.674s] -- Installing: /home/wlixill/rm_version4_ws/install/rm_gimbal_description/share/rm_gimbal_description/package.dsv
[0.674s] -- Installing: /home/wlixill/rm_version4_ws/install/rm_gimbal_description/share/ament_index/resource_index/packages/rm_gimbal_description
[0.675s] -- Installing: /home/wlixill/rm_version4_ws/install/rm_gimbal_description/share/rm_gimbal_description/cmake/rm_gimbal_descriptionConfig.cmake
[0.675s] -- Installing: /home/wlixill/rm_version4_ws/install/rm_gimbal_description/share/rm_gimbal_description/cmake/rm_gimbal_descriptionConfig-version.cmake
[0.675s] -- Up-to-date: /home/wlixill/rm_version4_ws/install/rm_gimbal_description/share/rm_gimbal_description/package.xml
[0.676s] Invoked command in '/home/wlixill/rm_version4_ws/build/rm_gimbal_description' returned '0': CMAKE_PREFIX_PATH=${CMAKE_PREFIX_PATH}:/opt/ros/humble /usr/bin/cmake --install /home/wlixill/rm_version4_ws/build/rm_gimbal_description
