[0.011s] Invoking command in '/root/rm_version4_ws/build/rm_serial_driver': CMAKE_PREFIX_PATH=/root/rm_version4_ws/install/auto_aim_interfaces:/root/rm_version4_ws/install/auto_aim_bringup:/root/rm_version4_ws/install/rm_serial_driver:/root/rm_version4_ws/install/rm_gimbal_description:/root/rm_version4_ws/install/daheng_camera:/root/rm_version4_ws/install/armor_processor:/root/rm_version4_ws/install/armor_detector:/root/daheng_camera/install/daheng_camera:/root/chenjun_ws/install/daheng_camera:/root/chenjun_ws/install/auto_aim_bringup:/root/chenjun_ws/install/armor_processor:/root/chenjun_ws/install/armor_detector:/root/chenjun_ws/install/auto_aim_interfaces:/root/test_jun_ws/install/rm_gimbal_description:/opt/ros/humble LD_LIBRARY_PATH=/root/rm_version4_ws/install/auto_aim_interfaces/lib:/root/rm_version4_ws/install/rm_serial_driver/lib:/root/rm_version4_ws/install/daheng_camera/lib:/root/rm_version4_ws/install/armor_processor/lib:/root/rm_version4_ws/install/armor_detector/lib:/root/daheng_camera/install/daheng_camera/lib:/root/chenjun_ws/install/daheng_camera/lib:/root/chenjun_ws/install/armor_processor/lib:/root/chenjun_ws/install/armor_detector/lib:/root/chenjun_ws/install/auto_aim_interfaces/lib:/opt/ros/humble/opt/rviz_ogre_vendor/lib:/opt/ros/humble/lib/x86_64-linux-gnu:/opt/ros/humble/lib /usr/bin/cmake --build /root/rm_version4_ws/build/rm_serial_driver -- -j12 -l12
[0.046s] [35m[1mConsolidate compiler generated dependencies of target rm_serial_driver_node[0m
[0.046s] [35m[1mConsolidate compiler generated dependencies of target rm_serial_driver[0m
[0.059s] [ 40%] Built target rm_serial_driver_node
[0.069s] [ 60%] [32mBuilding CXX object CMakeFiles/rm_serial_driver.dir/src/rm_serial_driver.cpp.o[0m
[8.086s] [ 80%] [32m[1mLinking CXX shared library librm_serial_driver.so[0m
[8.523s] [100%] Built target rm_serial_driver
[8.530s] Invoked command in '/root/rm_version4_ws/build/rm_serial_driver' returned '0': CMAKE_PREFIX_PATH=/root/rm_version4_ws/install/auto_aim_interfaces:/root/rm_version4_ws/install/auto_aim_bringup:/root/rm_version4_ws/install/rm_serial_driver:/root/rm_version4_ws/install/rm_gimbal_description:/root/rm_version4_ws/install/daheng_camera:/root/rm_version4_ws/install/armor_processor:/root/rm_version4_ws/install/armor_detector:/root/daheng_camera/install/daheng_camera:/root/chenjun_ws/install/daheng_camera:/root/chenjun_ws/install/auto_aim_bringup:/root/chenjun_ws/install/armor_processor:/root/chenjun_ws/install/armor_detector:/root/chenjun_ws/install/auto_aim_interfaces:/root/test_jun_ws/install/rm_gimbal_description:/opt/ros/humble LD_LIBRARY_PATH=/root/rm_version4_ws/install/auto_aim_interfaces/lib:/root/rm_version4_ws/install/rm_serial_driver/lib:/root/rm_version4_ws/install/daheng_camera/lib:/root/rm_version4_ws/install/armor_processor/lib:/root/rm_version4_ws/install/armor_detector/lib:/root/daheng_camera/install/daheng_camera/lib:/root/chenjun_ws/install/daheng_camera/lib:/root/chenjun_ws/install/armor_processor/lib:/root/chenjun_ws/install/armor_detector/lib:/root/chenjun_ws/install/auto_aim_interfaces/lib:/opt/ros/humble/opt/rviz_ogre_vendor/lib:/opt/ros/humble/lib/x86_64-linux-gnu:/opt/ros/humble/lib /usr/bin/cmake --build /root/rm_version4_ws/build/rm_serial_driver -- -j12 -l12
[8.553s] Invoking command in '/root/rm_version4_ws/build/rm_serial_driver': CMAKE_PREFIX_PATH=/root/rm_version4_ws/install/auto_aim_interfaces:/root/rm_version4_ws/install/auto_aim_bringup:/root/rm_version4_ws/install/rm_serial_driver:/root/rm_version4_ws/install/rm_gimbal_description:/root/rm_version4_ws/install/daheng_camera:/root/rm_version4_ws/install/armor_processor:/root/rm_version4_ws/install/armor_detector:/root/daheng_camera/install/daheng_camera:/root/chenjun_ws/install/daheng_camera:/root/chenjun_ws/install/auto_aim_bringup:/root/chenjun_ws/install/armor_processor:/root/chenjun_ws/install/armor_detector:/root/chenjun_ws/install/auto_aim_interfaces:/root/test_jun_ws/install/rm_gimbal_description:/opt/ros/humble LD_LIBRARY_PATH=/root/rm_version4_ws/install/auto_aim_interfaces/lib:/root/rm_version4_ws/install/rm_serial_driver/lib:/root/rm_version4_ws/install/daheng_camera/lib:/root/rm_version4_ws/install/armor_processor/lib:/root/rm_version4_ws/install/armor_detector/lib:/root/daheng_camera/install/daheng_camera/lib:/root/chenjun_ws/install/daheng_camera/lib:/root/chenjun_ws/install/armor_processor/lib:/root/chenjun_ws/install/armor_detector/lib:/root/chenjun_ws/install/auto_aim_interfaces/lib:/opt/ros/humble/opt/rviz_ogre_vendor/lib:/opt/ros/humble/lib/x86_64-linux-gnu:/opt/ros/humble/lib /usr/bin/cmake --install /root/rm_version4_ws/build/rm_serial_driver
[8.560s] -- Install configuration: ""
[8.561s] -- Execute custom install script
[8.561s] -- Up-to-date symlink: /root/rm_version4_ws/install/rm_serial_driver/lib/rm_serial_driver/rm_serial_driver_node
[8.562s] -- Up-to-date symlink: /root/rm_version4_ws/install/rm_serial_driver/include/rm_serial_driver/crc.hpp
[8.562s] -- Up-to-date symlink: /root/rm_version4_ws/install/rm_serial_driver/include/rm_serial_driver/packet.hpp
[8.562s] -- Up-to-date symlink: /root/rm_version4_ws/install/rm_serial_driver/include/rm_serial_driver/rm_serial_driver.hpp
[8.562s] -- Up-to-date symlink: /root/rm_version4_ws/install/rm_serial_driver/share/rm_serial_driver/environment/library_path.sh
[8.563s] -- Up-to-date symlink: /root/rm_version4_ws/install/rm_serial_driver/share/rm_serial_driver/environment/library_path.dsv
[8.563s] -- Up-to-date symlink: /root/rm_version4_ws/install/rm_serial_driver/lib/librm_serial_driver.so
[8.564s] -- Up-to-date symlink: /root/rm_version4_ws/install/rm_serial_driver/share/rm_serial_driver/config/serial_driver.yaml
[8.564s] -- Up-to-date symlink: /root/rm_version4_ws/install/rm_serial_driver/share/rm_serial_driver/launch/serial_driver.launch.py
[8.564s] -- Up-to-date symlink: /root/rm_version4_ws/install/rm_serial_driver/share/ament_index/resource_index/package_run_dependencies/rm_serial_driver
[8.565s] -- Up-to-date symlink: /root/rm_version4_ws/install/rm_serial_driver/share/ament_index/resource_index/parent_prefix_path/rm_serial_driver
[8.565s] -- Up-to-date symlink: /root/rm_version4_ws/install/rm_serial_driver/share/rm_serial_driver/environment/ament_prefix_path.sh
[8.565s] -- Up-to-date symlink: /root/rm_version4_ws/install/rm_serial_driver/share/rm_serial_driver/environment/ament_prefix_path.dsv
[8.565s] -- Up-to-date symlink: /root/rm_version4_ws/install/rm_serial_driver/share/rm_serial_driver/environment/path.sh
[8.565s] -- Up-to-date symlink: /root/rm_version4_ws/install/rm_serial_driver/share/rm_serial_driver/environment/path.dsv
[8.566s] -- Up-to-date symlink: /root/rm_version4_ws/install/rm_serial_driver/share/rm_serial_driver/local_setup.bash
[8.566s] -- Up-to-date symlink: /root/rm_version4_ws/install/rm_serial_driver/share/rm_serial_driver/local_setup.sh
[8.566s] -- Up-to-date symlink: /root/rm_version4_ws/install/rm_serial_driver/share/rm_serial_driver/local_setup.zsh
[8.566s] -- Up-to-date symlink: /root/rm_version4_ws/install/rm_serial_driver/share/rm_serial_driver/local_setup.dsv
[8.566s] -- Symlinking: /root/rm_version4_ws/install/rm_serial_driver/share/rm_serial_driver/package.dsv
[8.575s] -- Up-to-date symlink: /root/rm_version4_ws/install/rm_serial_driver/share/ament_index/resource_index/packages/rm_serial_driver
[8.575s] -- Up-to-date symlink: /root/rm_version4_ws/install/rm_serial_driver/share/ament_index/resource_index/rclcpp_components/rm_serial_driver
[8.576s] -- Up-to-date symlink: /root/rm_version4_ws/install/rm_serial_driver/share/rm_serial_driver/cmake/ament_cmake_export_dependencies-extras.cmake
[8.576s] -- Up-to-date symlink: /root/rm_version4_ws/install/rm_serial_driver/share/rm_serial_driver/cmake/ament_cmake_export_include_directories-extras.cmake
[8.576s] -- Up-to-date symlink: /root/rm_version4_ws/install/rm_serial_driver/share/rm_serial_driver/cmake/ament_cmake_export_libraries-extras.cmake
[8.576s] -- Up-to-date symlink: /root/rm_version4_ws/install/rm_serial_driver/share/rm_serial_driver/cmake/rm_serial_driverConfig.cmake
[8.576s] -- Up-to-date symlink: /root/rm_version4_ws/install/rm_serial_driver/share/rm_serial_driver/cmake/rm_serial_driverConfig-version.cmake
[8.577s] -- Up-to-date symlink: /root/rm_version4_ws/install/rm_serial_driver/share/rm_serial_driver/package.xml
[8.578s] Invoked command in '/root/rm_version4_ws/build/rm_serial_driver' returned '0': CMAKE_PREFIX_PATH=/root/rm_version4_ws/install/auto_aim_interfaces:/root/rm_version4_ws/install/auto_aim_bringup:/root/rm_version4_ws/install/rm_serial_driver:/root/rm_version4_ws/install/rm_gimbal_description:/root/rm_version4_ws/install/daheng_camera:/root/rm_version4_ws/install/armor_processor:/root/rm_version4_ws/install/armor_detector:/root/daheng_camera/install/daheng_camera:/root/chenjun_ws/install/daheng_camera:/root/chenjun_ws/install/auto_aim_bringup:/root/chenjun_ws/install/armor_processor:/root/chenjun_ws/install/armor_detector:/root/chenjun_ws/install/auto_aim_interfaces:/root/test_jun_ws/install/rm_gimbal_description:/opt/ros/humble LD_LIBRARY_PATH=/root/rm_version4_ws/install/auto_aim_interfaces/lib:/root/rm_version4_ws/install/rm_serial_driver/lib:/root/rm_version4_ws/install/daheng_camera/lib:/root/rm_version4_ws/install/armor_processor/lib:/root/rm_version4_ws/install/armor_detector/lib:/root/daheng_camera/install/daheng_camera/lib:/root/chenjun_ws/install/daheng_camera/lib:/root/chenjun_ws/install/armor_processor/lib:/root/chenjun_ws/install/armor_detector/lib:/root/chenjun_ws/install/auto_aim_interfaces/lib:/opt/ros/humble/opt/rviz_ogre_vendor/lib:/opt/ros/humble/lib/x86_64-linux-gnu:/opt/ros/humble/lib /usr/bin/cmake --install /root/rm_version4_ws/build/rm_serial_driver
