-- The C compiler identification is GNU 11.2.0
-- The CXX compiler identification is GNU 11.2.0
-- Detecting C compiler ABI info
-- Detecting C compiler ABI info - done
-- Check for working C compiler: /usr/bin/cc - skipped
-- Detecting C compile features
-- Detecting C compile features - done
-- Detecting CXX compiler ABI info
-- Detecting CXX compiler ABI info - done
-- Check for working CXX compiler: /usr/bin/c++ - skipped
-- Detecting CXX compile features
-- Detecting CXX compile features - done
-- Found ament_cmake_auto: 1.3.2 (/opt/ros/humble/share/ament_cmake_auto/cmake)
-- Found Python3: /usr/bin/python3.10 (found version "3.10.6") found components: Interpreter 
-- Override CMake install command with custom implementation using symlinks instead of copying resources
-- Found rosidl_generator_c: 3.1.3 (/opt/ros/humble/share/rosidl_generator_c/cmake)
-- Found rosidl_adapter: 3.1.3 (/opt/ros/humble/share/rosidl_adapter/cmake)
-- Found rosidl_generator_cpp: 3.1.3 (/opt/ros/humble/share/rosidl_generator_cpp/cmake)
-- Using all available rosidl_typesupport_c: rosidl_typesupport_fastrtps_c;rosidl_typesupport_introspection_c
-- Using all available rosidl_typesupport_cpp: rosidl_typesupport_fastrtps_cpp;rosidl_typesupport_introspection_cpp
-- Found rmw_implementation_cmake: 6.1.0 (/opt/ros/humble/share/rmw_implementation_cmake/cmake)
-- Found rmw_fastrtps_cpp: 6.2.1 (/opt/ros/humble/share/rmw_fastrtps_cpp/cmake)
-- Found OpenSSL: /usr/lib/x86_64-linux-gnu/libcrypto.so (found version "3.0.2")  
-- Found FastRTPS: /opt/ros/humble/include  
-- Using RMW implementation 'rmw_fastrtps_cpp' as default
-- Found ament_lint_auto: 0.12.4 (/opt/ros/humble/share/ament_lint_auto/cmake)
-- Added test 'cppcheck' to perform static code analysis on C / C++ code
-- Configured cppcheck include dirs: /root/rm_version4_ws/src/rm_auto_aim/armor_processor/include
-- Configured cppcheck exclude dirs and/or files: 
-- Added test 'lint_cmake' to check CMake code style
-- Added test 'xmllint' to check XML markup files
-- Added test 'clang_format' to check C / C++ code style
-- Configuring done
-- Generating done
-- Build files have been written to: /root/rm_version4_ws/build/armor_processor
[ 16%] [32mBuilding CXX object CMakeFiles/armor_processor.dir/src/processor_node.cpp.o[0m
[ 33%] [32mBuilding CXX object CMakeFiles/armor_processor.dir/src/extended_kalman_filter.cpp.o[0m
[ 66%] [32mBuilding CXX object CMakeFiles/armor_processor_node.dir/rclcpp_components/node_main_armor_processor_node.cpp.o[0m
[ 66%] [32mBuilding CXX object CMakeFiles/armor_processor.dir/src/tracker.cpp.o[0m
[ 83%] [32m[1mLinking CXX executable armor_processor_node[0m
[ 83%] Built target armor_processor_node
[100%] [32m[1mLinking CXX shared library libarmor_processor.so[0m
[100%] Built target armor_processor
-- Install configuration: ""
-- Execute custom install script
-- Symlinking: /root/rm_version4_ws/install/armor_processor/lib/armor_processor/armor_processor_node
-- Symlinking: /root/rm_version4_ws/install/armor_processor/include/armor_processor/extended_kalman_filter.hpp
-- Symlinking: /root/rm_version4_ws/install/armor_processor/include/armor_processor/processor_node.hpp
-- Symlinking: /root/rm_version4_ws/install/armor_processor/include/armor_processor/tracker.hpp
-- Symlinking: /root/rm_version4_ws/install/armor_processor/share/armor_processor/environment/library_path.sh
-- Symlinking: /root/rm_version4_ws/install/armor_processor/share/armor_processor/environment/library_path.dsv
-- Symlinking: /root/rm_version4_ws/install/armor_processor/lib/libarmor_processor.so
-- Symlinking: /root/rm_version4_ws/install/armor_processor/share/ament_index/resource_index/package_run_dependencies/armor_processor
-- Symlinking: /root/rm_version4_ws/install/armor_processor/share/ament_index/resource_index/parent_prefix_path/armor_processor
-- Symlinking: /root/rm_version4_ws/install/armor_processor/share/armor_processor/environment/ament_prefix_path.sh
-- Symlinking: /root/rm_version4_ws/install/armor_processor/share/armor_processor/environment/ament_prefix_path.dsv
-- Symlinking: /root/rm_version4_ws/install/armor_processor/share/armor_processor/environment/path.sh
-- Symlinking: /root/rm_version4_ws/install/armor_processor/share/armor_processor/environment/path.dsv
-- Symlinking: /root/rm_version4_ws/install/armor_processor/share/armor_processor/local_setup.bash
-- Symlinking: /root/rm_version4_ws/install/armor_processor/share/armor_processor/local_setup.sh
-- Symlinking: /root/rm_version4_ws/install/armor_processor/share/armor_processor/local_setup.zsh
-- Symlinking: /root/rm_version4_ws/install/armor_processor/share/armor_processor/local_setup.dsv
-- Symlinking: /root/rm_version4_ws/install/armor_processor/share/armor_processor/package.dsv
-- Symlinking: /root/rm_version4_ws/install/armor_processor/share/ament_index/resource_index/packages/armor_processor
-- Symlinking: /root/rm_version4_ws/install/armor_processor/share/ament_index/resource_index/rclcpp_components/armor_processor
-- Symlinking: /root/rm_version4_ws/install/armor_processor/share/armor_processor/cmake/ament_cmake_export_dependencies-extras.cmake
-- Symlinking: /root/rm_version4_ws/install/armor_processor/share/armor_processor/cmake/ament_cmake_export_include_directories-extras.cmake
-- Symlinking: /root/rm_version4_ws/install/armor_processor/share/armor_processor/cmake/ament_cmake_export_libraries-extras.cmake
-- Symlinking: /root/rm_version4_ws/install/armor_processor/share/armor_processor/cmake/armor_processorConfig.cmake
-- Symlinking: /root/rm_version4_ws/install/armor_processor/share/armor_processor/cmake/armor_processorConfig-version.cmake
-- Symlinking: /root/rm_version4_ws/install/armor_processor/share/armor_processor/package.xml
