[0.014s] Invoking command in '/home/wlixill/rm_version4_ws/build/auto_aim_interfaces': CMAKE_PREFIX_PATH=${CMAKE_PREFIX_PATH}:/opt/ros/humble /usr/bin/cmake --build /home/wlixill/rm_version4_ws/build/auto_aim_interfaces -- -j16 -l16
[0.052s] [35m[1mConsolidate compiler generated dependencies of target auto_aim_interfaces__rosidl_generator_c[0m
[0.059s] [  1%] Built target auto_aim_interfaces__cpp
[0.064s] [ 12%] Built target auto_aim_interfaces__rosidl_generator_c
[0.068s] [ 12%] Built target ament_cmake_python_copy_auto_aim_interfaces
[0.070s] [35m[1mConsolidate compiler generated dependencies of target auto_aim_interfaces__rosidl_typesupport_introspection_cpp[0m
[0.070s] [35m[1mConsolidate compiler generated dependencies of target auto_aim_interfaces__rosidl_typesupport_fastrtps_cpp[0m
[0.070s] [35m[1mConsolidate compiler generated dependencies of target auto_aim_interfaces__rosidl_typesupport_cpp[0m
[0.075s] [35m[1mConsolidate compiler generated dependencies of target auto_aim_interfaces__rosidl_typesupport_c[0m
[0.076s] [35m[1mConsolidate compiler generated dependencies of target auto_aim_interfaces__rosidl_typesupport_introspection_c[0m
[0.078s] [35m[1mConsolidate compiler generated dependencies of target auto_aim_interfaces__rosidl_typesupport_fastrtps_c[0m
[0.086s] [ 35%] Built target auto_aim_interfaces__rosidl_typesupport_cpp
[0.087s] [ 35%] Built target auto_aim_interfaces__rosidl_typesupport_introspection_cpp
[0.087s] [ 46%] Built target auto_aim_interfaces__rosidl_typesupport_c
[0.089s] [ 58%] Built target auto_aim_interfaces__rosidl_typesupport_fastrtps_cpp
[0.090s] [ 69%] Built target auto_aim_interfaces__rosidl_typesupport_introspection_c
[0.097s] [ 81%] Built target auto_aim_interfaces__rosidl_typesupport_fastrtps_c
[0.116s] [ 81%] Built target auto_aim_interfaces
[0.137s] [ 82%] Built target auto_aim_interfaces__py
[0.148s] [35m[1mConsolidate compiler generated dependencies of target auto_aim_interfaces__rosidl_generator_py[0m
[0.166s] [ 92%] Built target auto_aim_interfaces__rosidl_generator_py
[0.176s] [35m[1mConsolidate compiler generated dependencies of target auto_aim_interfaces__rosidl_typesupport_c__pyext[0m
[0.176s] [35m[1mConsolidate compiler generated dependencies of target auto_aim_interfaces__rosidl_typesupport_fastrtps_c__pyext[0m
[0.176s] [35m[1mConsolidate compiler generated dependencies of target auto_aim_interfaces__rosidl_typesupport_introspection_c__pyext[0m
[0.189s] [ 98%] Built target auto_aim_interfaces__rosidl_typesupport_fastrtps_c__pyext
[0.189s] [ 98%] Built target auto_aim_interfaces__rosidl_typesupport_c__pyext
[0.189s] [100%] Built target auto_aim_interfaces__rosidl_typesupport_introspection_c__pyext
[0.241s] running egg_info
[0.241s] writing auto_aim_interfaces.egg-info/PKG-INFO
[0.241s] writing dependency_links to auto_aim_interfaces.egg-info/dependency_links.txt
[0.241s] writing top-level names to auto_aim_interfaces.egg-info/top_level.txt
[0.243s] reading manifest file 'auto_aim_interfaces.egg-info/SOURCES.txt'
[0.243s] writing manifest file 'auto_aim_interfaces.egg-info/SOURCES.txt'
[0.257s] gmake[1]: *** [CMakeFiles/Makefile2:448: CMakeFiles/ament_cmake_python_build_auto_aim_interfaces_egg.dir/all] 中断
[0.257s] gmake: *** [Makefile:146: all] 中断
[0.259s] Invoked command in '/home/wlixill/rm_version4_ws/build/auto_aim_interfaces' returned '-2': CMAKE_PREFIX_PATH=${CMAKE_PREFIX_PATH}:/opt/ros/humble /usr/bin/cmake --build /home/wlixill/rm_version4_ws/build/auto_aim_interfaces -- -j16 -l16
