[0.012s] Invoking command in '/home/wlixill/rm_version4_ws/build/armor_detector': CMAKE_PREFIX_PATH=/home/wlixill/rm_version4_ws/install/auto_aim_interfaces:/home/wlixill/rm_version4_ws/install/auto_aim_bringup:/home/wlixill/rm_version4_ws/install/rm_serial_driver:/home/wlixill/rm_version4_ws/install/rm_gimbal_description:/home/wlixill/rm_version4_ws/install/daheng_camera:/home/wlixill/rm_version4_ws/install/armor_processor:/home/wlixill/rm_version4_ws/install/armor_detector:/home/wlixill/rm_tools/install/daheng_camera:/opt/ros/humble LD_LIBRARY_PATH=/home/wlixill/rm_version4_ws/install/auto_aim_interfaces/lib:/home/wlixill/rm_version4_ws/install/rm_serial_driver/lib:/home/wlixill/rm_version4_ws/install/daheng_camera/lib:/home/wlixill/rm_version4_ws/install/armor_processor/lib:/home/wlixill/rm_version4_ws/install/armor_detector/lib:/home/wlixill/rm_tools/install/daheng_camera/lib:/opt/ros/humble/opt/rviz_ogre_vendor/lib:/opt/ros/humble/lib/x86_64-linux-gnu:/opt/ros/humble/lib /usr/bin/cmake /home/wlixill/rm_version4_ws/src/rm_auto_aim/armor_detector -DCMAKE_INSTALL_PREFIX=/home/wlixill/rm_version4_ws/install/armor_detector
[0.055s] -- The C compiler identification is GNU 11.4.0
[0.100s] -- The CXX compiler identification is GNU 11.4.0
[0.105s] -- Detecting C compiler ABI info
[0.195s] -- Detecting C compiler ABI info - done
[0.201s] -- Check for working C compiler: /usr/bin/cc - skipped
[0.201s] -- Detecting C compile features
[0.201s] -- Detecting C compile features - done
[0.203s] -- Detecting CXX compiler ABI info
[0.291s] -- Detecting CXX compiler ABI info - done
[0.296s] -- Check for working CXX compiler: /usr/bin/c++ - skipped
[0.297s] -- Detecting CXX compile features
[0.297s] -- Detecting CXX compile features - done
[0.299s] -- Found ament_cmake_auto: 1.3.8 (/opt/ros/humble/share/ament_cmake_auto/cmake)
[0.420s] -- Found Python3: /usr/bin/python3 (found version "3.10.12") found components: Interpreter 
[0.500s] -- Found OpenCV: /usr/local (found version "4.6.0") 
[0.589s] -- Found rosidl_generator_c: 3.1.5 (/opt/ros/humble/share/rosidl_generator_c/cmake)
[0.594s] -- Found rosidl_adapter: 3.1.5 (/opt/ros/humble/share/rosidl_adapter/cmake)
[0.602s] -- Found rosidl_generator_cpp: 3.1.5 (/opt/ros/humble/share/rosidl_generator_cpp/cmake)
[0.614s] -- Using all available rosidl_typesupport_c: rosidl_typesupport_fastrtps_c;rosidl_typesupport_introspection_c
[0.630s] -- Using all available rosidl_typesupport_cpp: rosidl_typesupport_fastrtps_cpp;rosidl_typesupport_introspection_cpp
[0.689s] -- Found rmw_implementation_cmake: 6.1.1 (/opt/ros/humble/share/rmw_implementation_cmake/cmake)
[0.692s] -- Found rmw_fastrtps_cpp: 6.2.6 (/opt/ros/humble/share/rmw_fastrtps_cpp/cmake)
[0.783s] -- Found OpenSSL: /usr/lib/x86_64-linux-gnu/libcrypto.so (found version "3.0.2")  
[0.808s] -- Found FastRTPS: /opt/ros/humble/include  
[0.850s] -- Using RMW implementation 'rmw_fastrtps_cpp' as default
[0.860s] -- Looking for pthread.h
[0.924s] -- Looking for pthread.h - found
[0.924s] -- Performing Test CMAKE_HAVE_LIBC_PTHREAD
[0.988s] -- Performing Test CMAKE_HAVE_LIBC_PTHREAD - Success
[0.988s] -- Found Threads: TRUE  
[1.432s] -- Found ament_lint_auto: 0.12.10 (/opt/ros/humble/share/ament_lint_auto/cmake)
[1.460s] -- Found ament_cmake_gtest: 1.3.8 (/opt/ros/humble/share/ament_cmake_gtest/cmake)
[1.463s] -- Found gtest sources under '/opt/ros/humble/src/gtest_vendor': C++ tests using 'Google Test' will be built
[1.471s] -- Added test 'cppcheck' to perform static code analysis on C / C++ code
[1.471s] -- Configured cppcheck include dirs: /home/wlixill/rm_version4_ws/src/rm_auto_aim/armor_detector/include
[1.472s] -- Configured cppcheck exclude dirs and/or files: 
[1.472s] -- Added test 'lint_cmake' to check CMake code style
[1.473s] -- Added test 'xmllint' to check XML markup files
[1.476s] -- Configuring done
[1.501s] -- Generating done
[1.503s] -- Build files have been written to: /home/wlixill/rm_version4_ws/build/armor_detector
[1.515s] Invoked command in '/home/wlixill/rm_version4_ws/build/armor_detector' returned '0': CMAKE_PREFIX_PATH=/home/wlixill/rm_version4_ws/install/auto_aim_interfaces:/home/wlixill/rm_version4_ws/install/auto_aim_bringup:/home/wlixill/rm_version4_ws/install/rm_serial_driver:/home/wlixill/rm_version4_ws/install/rm_gimbal_description:/home/wlixill/rm_version4_ws/install/daheng_camera:/home/wlixill/rm_version4_ws/install/armor_processor:/home/wlixill/rm_version4_ws/install/armor_detector:/home/wlixill/rm_tools/install/daheng_camera:/opt/ros/humble LD_LIBRARY_PATH=/home/wlixill/rm_version4_ws/install/auto_aim_interfaces/lib:/home/wlixill/rm_version4_ws/install/rm_serial_driver/lib:/home/wlixill/rm_version4_ws/install/daheng_camera/lib:/home/wlixill/rm_version4_ws/install/armor_processor/lib:/home/wlixill/rm_version4_ws/install/armor_detector/lib:/home/wlixill/rm_tools/install/daheng_camera/lib:/opt/ros/humble/opt/rviz_ogre_vendor/lib:/opt/ros/humble/lib/x86_64-linux-gnu:/opt/ros/humble/lib /usr/bin/cmake /home/wlixill/rm_version4_ws/src/rm_auto_aim/armor_detector -DCMAKE_INSTALL_PREFIX=/home/wlixill/rm_version4_ws/install/armor_detector
[1.516s] Invoking command in '/home/wlixill/rm_version4_ws/build/armor_detector': CMAKE_PREFIX_PATH=/home/wlixill/rm_version4_ws/install/auto_aim_interfaces:/home/wlixill/rm_version4_ws/install/auto_aim_bringup:/home/wlixill/rm_version4_ws/install/rm_serial_driver:/home/wlixill/rm_version4_ws/install/rm_gimbal_description:/home/wlixill/rm_version4_ws/install/daheng_camera:/home/wlixill/rm_version4_ws/install/armor_processor:/home/wlixill/rm_version4_ws/install/armor_detector:/home/wlixill/rm_tools/install/daheng_camera:/opt/ros/humble LD_LIBRARY_PATH=/home/wlixill/rm_version4_ws/install/auto_aim_interfaces/lib:/home/wlixill/rm_version4_ws/install/rm_serial_driver/lib:/home/wlixill/rm_version4_ws/install/daheng_camera/lib:/home/wlixill/rm_version4_ws/install/armor_processor/lib:/home/wlixill/rm_version4_ws/install/armor_detector/lib:/home/wlixill/rm_tools/install/daheng_camera/lib:/opt/ros/humble/opt/rviz_ogre_vendor/lib:/opt/ros/humble/lib/x86_64-linux-gnu:/opt/ros/humble/lib /usr/bin/cmake --build /home/wlixill/rm_version4_ws/build/armor_detector -- -j16 -l16
[1.566s] [ 20%] [32mBuilding CXX object CMakeFiles/armor_detector.dir/src/number_classifier.cpp.o[0m
[1.566s] [ 20%] [32mBuilding CXX object CMakeFiles/armor_detector.dir/src/pnp_solver.cpp.o[0m
[1.566s] [ 20%] [32mBuilding CXX object gtest/CMakeFiles/gtest.dir/src/gtest-all.cc.o[0m
[1.566s] [ 26%] [32mBuilding CXX object CMakeFiles/armor_detector.dir/src/detector_node.cpp.o[0m
[1.566s] [ 33%] [32mBuilding CXX object CMakeFiles/armor_detector.dir/src/detector.cpp.o[0m
[1.567s] [ 46%] [32mBuilding CXX object CMakeFiles/armor_detector_node.dir/rclcpp_components/node_main_armor_detector_node.cpp.o[0m
[1.567s] [ 46%] [32mBuilding CXX object gtest/CMakeFiles/gtest_main.dir/src/gtest_main.cc.o[0m
[2.096s] [ 53%] [32m[1mLinking CXX static library libgtest_main.a[0m
[2.141s] [ 53%] Built target gtest_main
[4.359s] [ 60%] [32m[1mLinking CXX static library libgtest.a[0m
[4.424s] [ 60%] Built target gtest
[4.520s] [ 66%] [32m[1mLinking CXX executable armor_detector_node[0m
[4.634s] [ 66%] Built target armor_detector_node
[14.857s] [ 73%] [32m[1mLinking CXX shared library libarmor_detector.so[0m
[15.468s] [ 73%] Built target armor_detector
[15.487s] [ 86%] [32mBuilding CXX object CMakeFiles/test_number_cls.dir/test/test_number_cls.cpp.o[0m
[15.487s] [ 86%] [32mBuilding CXX object CMakeFiles/test_node_startup.dir/test/test_node_startup.cpp.o[0m
[17.108s] [ 93%] [32m[1mLinking CXX executable test_number_cls[0m
[17.347s] /usr/bin/ld: warning: libopencv_core.so.4.5d, needed by /opt/ros/humble/lib/libcv_bridge.so, may conflict with libopencv_core.so.406
[17.602s] [ 93%] Built target test_number_cls
[19.333s] [100%] [32m[1mLinking CXX executable test_node_startup[0m
[19.802s] [100%] Built target test_node_startup
