[0.010s] Invoking command in '/home/wlixill/rm_version4_ws/build/daheng_camera': CMAKE_PREFIX_PATH=${CMAKE_PREFIX_PATH}:/opt/ros/humble /usr/bin/cmake /home/wlixill/rm_version4_ws/src/rm_auto_aim/daheng_camera -DCMAKE_INSTALL_PREFIX=/home/wlixill/rm_version4_ws/install/daheng_camera
[0.063s] -- The C compiler identification is GNU 11.4.0
[0.107s] -- The CXX compiler identification is GNU 11.4.0
[0.113s] -- Detecting C compiler ABI info
[0.180s] -- Detecting C compiler ABI info - done
[0.185s] -- Check for working C compiler: /usr/bin/cc - skipped
[0.186s] -- Detecting C compile features
[0.186s] -- Detecting C compile features - done
[0.188s] -- Detecting CXX compiler ABI info
[0.277s] -- Detecting CXX compiler ABI info - done
[0.282s] -- Check for working CXX compiler: /usr/bin/c++ - skipped
[0.283s] -- Detecting CXX compile features
[0.283s] -- Detecting CXX compile features - done
[0.285s] -- Found ament_cmake_auto: 1.3.8 (/opt/ros/humble/share/ament_cmake_auto/cmake)
[0.399s] -- Found Python3: /usr/bin/python3 (found version "3.10.12") found components: Interpreter 
[0.557s] -- Found rosidl_generator_c: 3.1.5 (/opt/ros/humble/share/rosidl_generator_c/cmake)
[0.562s] -- Found rosidl_adapter: 3.1.5 (/opt/ros/humble/share/rosidl_adapter/cmake)
[0.569s] -- Found rosidl_generator_cpp: 3.1.5 (/opt/ros/humble/share/rosidl_generator_cpp/cmake)
[0.581s] -- Using all available rosidl_typesupport_c: rosidl_typesupport_fastrtps_c;rosidl_typesupport_introspection_c
[0.597s] -- Using all available rosidl_typesupport_cpp: rosidl_typesupport_fastrtps_cpp;rosidl_typesupport_introspection_cpp
[0.654s] -- Found rmw_implementation_cmake: 6.1.1 (/opt/ros/humble/share/rmw_implementation_cmake/cmake)
[0.657s] -- Found rmw_fastrtps_cpp: 6.2.6 (/opt/ros/humble/share/rmw_fastrtps_cpp/cmake)
[0.748s] -- Found OpenSSL: /usr/lib/x86_64-linux-gnu/libcrypto.so (found version "3.0.2")  
[0.771s] -- Found FastRTPS: /opt/ros/humble/include  
[0.811s] -- Using RMW implementation 'rmw_fastrtps_cpp' as default
[0.819s] -- Looking for pthread.h
[0.882s] -- Looking for pthread.h - found
[0.882s] -- Performing Test CMAKE_HAVE_LIBC_PTHREAD
[0.947s] -- Performing Test CMAKE_HAVE_LIBC_PTHREAD - Success
[0.948s] -- Found Threads: TRUE  
[1.286s] -- Found ament_lint_auto: 0.12.10 (/opt/ros/humble/share/ament_lint_auto/cmake)
[1.314s] -- Added test 'cppcheck' to perform static code analysis on C / C++ code
[1.314s] -- Configured cppcheck include dirs: /home/wlixill/rm_version4_ws/src/rm_auto_aim/daheng_camera/include
[1.314s] -- Configured cppcheck exclude dirs and/or files: 
[1.316s] -- Added test 'flake8' to check Python code syntax and style conventions
[1.318s] -- Added test 'lint_cmake' to check CMake code style
[1.319s] -- Added test 'pep257' to check Python code against some of the docstring style conventions in PEP 257
[1.320s] -- Added test 'xmllint' to check XML markup files
[1.323s] -- Configuring done
[1.335s] -- Generating done
[1.337s] -- Build files have been written to: /home/wlixill/rm_version4_ws/build/daheng_camera
[1.346s] Invoked command in '/home/wlixill/rm_version4_ws/build/daheng_camera' returned '0': CMAKE_PREFIX_PATH=${CMAKE_PREFIX_PATH}:/opt/ros/humble /usr/bin/cmake /home/wlixill/rm_version4_ws/src/rm_auto_aim/daheng_camera -DCMAKE_INSTALL_PREFIX=/home/wlixill/rm_version4_ws/install/daheng_camera
[1.348s] Invoking command in '/home/wlixill/rm_version4_ws/build/daheng_camera': CMAKE_PREFIX_PATH=${CMAKE_PREFIX_PATH}:/opt/ros/humble /usr/bin/cmake --build /home/wlixill/rm_version4_ws/build/daheng_camera -- -j16 -l16
[1.395s] [ 50%] [32mBuilding CXX object CMakeFiles/daheng_camera.dir/src/daheng_camera_node.cpp.o[0m
[1.395s] [ 50%] [32mBuilding CXX object CMakeFiles/daheng_camera_node.dir/rclcpp_components/node_main_daheng_camera_node.cpp.o[0m
[4.480s] [ 75%] [32m[1mLinking CXX executable daheng_camera_node[0m
[4.578s] [ 75%] Built target daheng_camera_node
[4.648s] In file included from [01m[K/home/wlixill/rm_version4_ws/src/rm_auto_aim/daheng_camera/src/daheng_camera_node.cpp:14[m[K:
[4.648s] [01m[K/home/wlixill/rm_version4_ws/src/rm_auto_aim/daheng_camera/include/GxCamera.hpp:[m[K In member function ‘[01m[Kbool GxCamera::read(cv::Mat*, float*)[m[K’:
[4.648s] [01m[K/home/wlixill/rm_version4_ws/src/rm_auto_aim/daheng_camera/include/GxCamera.hpp:320:30:[m[K [01;31m[Kerror: [m[Kexpected ‘[01m[K;[m[K’ before ‘[01m[Kif[m[K’
[4.648s]   320 |   printf("%p\n",pFrameBuffer)
[4.648s]       |                              [01;31m[K^[m[K
[4.648s]       |                              [32m[K;[m[K
[4.648s]   321 |   [32m[Kif[m[K (emStatus != GX_STATUS_SUCCESS && emStatus != GX_STATUS_TIMEOUT) {
[4.648s]       |   [32m[K~~[m[K                          
[4.648s] [01m[K/home/wlixill/rm_version4_ws/src/rm_auto_aim/daheng_camera/include/GxCamera.hpp:325:30:[m[K [01;31m[Kerror: [m[Kexpected ‘[01m[K;[m[K’ before ‘[01m[Kif[m[K’
[4.648s]   325 |   printf("%p\n",pFrameBuffer)
[4.648s]       |                              [01;31m[K^[m[K
[4.648s]       |                              [32m[K;[m[K
[4.648s]   326 |   [32m[Kif[m[K (!pFrameBuffer)
[4.649s]       |   [32m[K~~[m[K                          
[5.413s] gmake[2]: *** [CMakeFiles/daheng_camera.dir/build.make:76：CMakeFiles/daheng_camera.dir/src/daheng_camera_node.cpp.o] 错误 1
[5.413s] gmake[1]: *** [CMakeFiles/Makefile2:139：CMakeFiles/daheng_camera.dir/all] 错误 2
[5.413s] gmake: *** [Makefile:146：all] 错误 2
[5.415s] Invoked command in '/home/wlixill/rm_version4_ws/build/daheng_camera' returned '2': CMAKE_PREFIX_PATH=${CMAKE_PREFIX_PATH}:/opt/ros/humble /usr/bin/cmake --build /home/wlixill/rm_version4_ws/build/daheng_camera -- -j16 -l16
