[0.020s] Invoking command in '/root/rm_version4_ws/build/daheng_camera': CMAKE_PREFIX_PATH=${CMAKE_PREFIX_PATH}:/opt/ros/humble /usr/bin/cmake /root/rm_version4_ws/src/rm_auto_aim/daheng_camera -DAMENT_CMAKE_SYMLINK_INSTALL=1 -DCMAKE_INSTALL_PREFIX=/root/rm_version4_ws/install/daheng_camera
[0.101s] -- The C compiler identification is GNU 11.2.0
[0.179s] -- The CXX compiler identification is GNU 11.2.0
[0.186s] -- Detecting C compiler ABI info
[0.260s] -- Detecting C compiler ABI info - done
[0.265s] -- Check for working C compiler: /usr/bin/cc - skipped
[0.266s] -- Detecting C compile features
[0.266s] -- Detecting C compile features - done
[0.269s] -- Detecting CXX compiler ABI info
[0.359s] -- Detecting CXX compiler ABI info - done
[0.367s] -- Check for working CXX compiler: /usr/bin/c++ - skipped
[0.368s] -- Detecting CXX compile features
[0.368s] -- Detecting CXX compile features - done
[0.375s] -- Found ament_cmake_auto: 1.3.2 (/opt/ros/humble/share/ament_cmake_auto/cmake)
[0.569s] -- Found Python3: /usr/bin/python3.10 (found version "3.10.6") found components: Interpreter 
[0.661s] -- Override CMake install command with custom implementation using symlinks instead of copying resources
[0.867s] -- Found rosidl_generator_c: 3.1.3 (/opt/ros/humble/share/rosidl_generator_c/cmake)
[0.876s] -- Found rosidl_adapter: 3.1.3 (/opt/ros/humble/share/rosidl_adapter/cmake)
[0.887s] -- Found rosidl_generator_cpp: 3.1.3 (/opt/ros/humble/share/rosidl_generator_cpp/cmake)
[0.903s] -- Using all available rosidl_typesupport_c: rosidl_typesupport_fastrtps_c;rosidl_typesupport_introspection_c
[0.932s] -- Using all available rosidl_typesupport_cpp: rosidl_typesupport_fastrtps_cpp;rosidl_typesupport_introspection_cpp
[1.020s] -- Found rmw_implementation_cmake: 6.1.0 (/opt/ros/humble/share/rmw_implementation_cmake/cmake)
[1.026s] -- Found rmw_fastrtps_cpp: 6.2.1 (/opt/ros/humble/share/rmw_fastrtps_cpp/cmake)
[1.157s] -- Found OpenSSL: /usr/lib/x86_64-linux-gnu/libcrypto.so (found version "3.0.2")  
[1.194s] -- Found FastRTPS: /opt/ros/humble/include  
[1.258s] -- Using RMW implementation 'rmw_fastrtps_cpp' as default
[1.777s] -- Found ament_lint_auto: 0.12.4 (/opt/ros/humble/share/ament_lint_auto/cmake)
[1.817s] -- Added test 'cppcheck' to perform static code analysis on C / C++ code
[1.817s] -- Configured cppcheck include dirs: /root/rm_version4_ws/src/rm_auto_aim/daheng_camera/include
[1.817s] -- Configured cppcheck exclude dirs and/or files: 
[1.817s] -- Added test 'flake8' to check Python code syntax and style conventions
[1.818s] -- Added test 'lint_cmake' to check CMake code style
[1.819s] -- Added test 'pep257' to check Python code against some of the docstring style conventions in PEP 257
[1.819s] -- Added test 'xmllint' to check XML markup files
[1.823s] -- Configuring done
[1.842s] -- Generating done
[1.844s] -- Build files have been written to: /root/rm_version4_ws/build/daheng_camera
[1.865s] Invoked command in '/root/rm_version4_ws/build/daheng_camera' returned '0': CMAKE_PREFIX_PATH=${CMAKE_PREFIX_PATH}:/opt/ros/humble /usr/bin/cmake /root/rm_version4_ws/src/rm_auto_aim/daheng_camera -DAMENT_CMAKE_SYMLINK_INSTALL=1 -DCMAKE_INSTALL_PREFIX=/root/rm_version4_ws/install/daheng_camera
[1.866s] Invoking command in '/root/rm_version4_ws/build/daheng_camera': CMAKE_PREFIX_PATH=${CMAKE_PREFIX_PATH}:/opt/ros/humble /usr/bin/cmake --build /root/rm_version4_ws/build/daheng_camera -- -j12 -l12
[1.931s] [ 50%] [32mBuilding CXX object CMakeFiles/daheng_camera.dir/src/daheng_camera_node.cpp.o[0m
[1.931s] [ 50%] [32mBuilding CXX object CMakeFiles/daheng_camera_node.dir/rclcpp_components/node_main_daheng_camera_node.cpp.o[0m
[8.389s] [ 75%] [32m[1mLinking CXX executable daheng_camera_node[0m
[8.583s] [ 75%] Built target daheng_camera_node
[12.517s] [100%] [32m[1mLinking CXX shared library libdaheng_camera.so[0m
[13.504s] [100%] Built target daheng_camera
[13.560s] Invoked command in '/root/rm_version4_ws/build/daheng_camera' returned '0': CMAKE_PREFIX_PATH=${CMAKE_PREFIX_PATH}:/opt/ros/humble /usr/bin/cmake --build /root/rm_version4_ws/build/daheng_camera -- -j12 -l12
[13.783s] Invoking command in '/root/rm_version4_ws/build/daheng_camera': CMAKE_PREFIX_PATH=${CMAKE_PREFIX_PATH}:/opt/ros/humble /usr/bin/cmake --install /root/rm_version4_ws/build/daheng_camera
[13.801s] -- Install configuration: ""
[13.802s] -- Execute custom install script
[13.809s] -- Up-to-date symlink: /root/rm_version4_ws/install/daheng_camera/lib/daheng_camera/daheng_camera_node
[13.810s] -- Up-to-date symlink: /root/rm_version4_ws/install/daheng_camera/include/GxCamera.hpp
[13.811s] -- Up-to-date symlink: /root/rm_version4_ws/install/daheng_camera/include/daheng_sdk/include/DxImageProc.h
[13.812s] -- Up-to-date symlink: /root/rm_version4_ws/install/daheng_camera/include/daheng_sdk/include/GxIAPI.h
[13.812s] -- Up-to-date symlink: /root/rm_version4_ws/install/daheng_camera/share/daheng_camera/environment/library_path.sh
[13.813s] -- Up-to-date symlink: /root/rm_version4_ws/install/daheng_camera/share/daheng_camera/environment/library_path.dsv
[13.813s] -- Up-to-date symlink: /root/rm_version4_ws/install/daheng_camera/lib/libdaheng_camera.so
[13.814s] -- Up-to-date symlink: /root/rm_version4_ws/install/daheng_camera/share/daheng_camera/config/camera_info1.yaml
[13.819s] -- Up-to-date symlink: /root/rm_version4_ws/install/daheng_camera/share/daheng_camera/config/camera_params.yaml
[13.820s] -- Up-to-date symlink: /root/rm_version4_ws/install/daheng_camera/share/daheng_camera/launch/daheng_camera.launch.py
[13.821s] -- Up-to-date symlink: /root/rm_version4_ws/install/daheng_camera/share/ament_index/resource_index/package_run_dependencies/daheng_camera
[13.822s] -- Up-to-date symlink: /root/rm_version4_ws/install/daheng_camera/share/ament_index/resource_index/parent_prefix_path/daheng_camera
[13.822s] -- Up-to-date symlink: /root/rm_version4_ws/install/daheng_camera/share/daheng_camera/environment/ament_prefix_path.sh
[13.824s] -- Up-to-date symlink: /root/rm_version4_ws/install/daheng_camera/share/daheng_camera/environment/ament_prefix_path.dsv
[13.825s] -- Up-to-date symlink: /root/rm_version4_ws/install/daheng_camera/share/daheng_camera/environment/path.sh
[13.826s] -- Up-to-date symlink: /root/rm_version4_ws/install/daheng_camera/share/daheng_camera/environment/path.dsv
[13.826s] -- Up-to-date symlink: /root/rm_version4_ws/install/daheng_camera/share/daheng_camera/local_setup.bash
[13.826s] -- Up-to-date symlink: /root/rm_version4_ws/install/daheng_camera/share/daheng_camera/local_setup.sh
[13.827s] -- Up-to-date symlink: /root/rm_version4_ws/install/daheng_camera/share/daheng_camera/local_setup.zsh
[13.827s] -- Up-to-date symlink: /root/rm_version4_ws/install/daheng_camera/share/daheng_camera/local_setup.dsv
[13.828s] -- Symlinking: /root/rm_version4_ws/install/daheng_camera/share/daheng_camera/package.dsv
[13.858s] -- Up-to-date symlink: /root/rm_version4_ws/install/daheng_camera/share/ament_index/resource_index/packages/daheng_camera
[13.858s] -- Up-to-date symlink: /root/rm_version4_ws/install/daheng_camera/share/ament_index/resource_index/rclcpp_components/daheng_camera
[13.859s] -- Up-to-date symlink: /root/rm_version4_ws/install/daheng_camera/share/daheng_camera/cmake/ament_cmake_export_dependencies-extras.cmake
[13.860s] -- Up-to-date symlink: /root/rm_version4_ws/install/daheng_camera/share/daheng_camera/cmake/ament_cmake_export_include_directories-extras.cmake
[13.860s] -- Up-to-date symlink: /root/rm_version4_ws/install/daheng_camera/share/daheng_camera/cmake/ament_cmake_export_libraries-extras.cmake
[13.861s] -- Up-to-date symlink: /root/rm_version4_ws/install/daheng_camera/share/daheng_camera/cmake/daheng_cameraConfig.cmake
[13.861s] -- Up-to-date symlink: /root/rm_version4_ws/install/daheng_camera/share/daheng_camera/cmake/daheng_cameraConfig-version.cmake
[13.861s] -- Up-to-date symlink: /root/rm_version4_ws/install/daheng_camera/share/daheng_camera/package.xml
[13.871s] Invoked command in '/root/rm_version4_ws/build/daheng_camera' returned '0': CMAKE_PREFIX_PATH=${CMAKE_PREFIX_PATH}:/opt/ros/humble /usr/bin/cmake --install /root/rm_version4_ws/build/daheng_camera
