[0.009s] Invoking command in '/home/wlixill/rm_version4_ws/build/armor_processor': AMENT_PREFIX_PATH=/home/wlixill/rm_version4_ws/install/auto_aim_interfaces:${AMENT_PREFIX_PATH} CMAKE_PREFIX_PATH=/home/wlixill/rm_version4_ws/install/auto_aim_interfaces:/home/wlixill/rm_tools/install/daheng_camera:/opt/ros/humble LD_LIBRARY_PATH=/home/wlixill/rm_version4_ws/install/auto_aim_interfaces/lib:${LD_LIBRARY_PATH} PYTHONPATH=/home/wlixill/rm_version4_ws/install/auto_aim_interfaces/local/lib/python3.10/dist-packages:${PYTHONPATH} /usr/bin/cmake --build /home/wlixill/rm_version4_ws/build/armor_processor -- -j16 -l16
[0.054s] [ 33%] Built target armor_processor_node
[0.057s] [100%] Built target armor_processor
[0.068s] Invoked command in '/home/wlixill/rm_version4_ws/build/armor_processor' returned '0': AMENT_PREFIX_PATH=/home/wlixill/rm_version4_ws/install/auto_aim_interfaces:${AMENT_PREFIX_PATH} CMAKE_PREFIX_PATH=/home/wlixill/rm_version4_ws/install/auto_aim_interfaces:/home/wlixill/rm_tools/install/daheng_camera:/opt/ros/humble LD_LIBRARY_PATH=/home/wlixill/rm_version4_ws/install/auto_aim_interfaces/lib:${LD_LIBRARY_PATH} PYTHONPATH=/home/wlixill/rm_version4_ws/install/auto_aim_interfaces/local/lib/python3.10/dist-packages:${PYTHONPATH} /usr/bin/cmake --build /home/wlixill/rm_version4_ws/build/armor_processor -- -j16 -l16
[0.097s] Invoking command in '/home/wlixill/rm_version4_ws/build/armor_processor': AMENT_PREFIX_PATH=/home/wlixill/rm_version4_ws/install/auto_aim_interfaces:${AMENT_PREFIX_PATH} CMAKE_PREFIX_PATH=/home/wlixill/rm_version4_ws/install/auto_aim_interfaces:/home/wlixill/rm_tools/install/daheng_camera:/opt/ros/humble LD_LIBRARY_PATH=/home/wlixill/rm_version4_ws/install/auto_aim_interfaces/lib:${LD_LIBRARY_PATH} PYTHONPATH=/home/wlixill/rm_version4_ws/install/auto_aim_interfaces/local/lib/python3.10/dist-packages:${PYTHONPATH} /usr/bin/cmake --install /home/wlixill/rm_version4_ws/build/armor_processor
[0.103s] -- Install configuration: ""
[0.103s] -- Up-to-date: /home/wlixill/rm_version4_ws/install/armor_processor/lib/armor_processor/armor_processor_node
[0.103s] -- Up-to-date: /home/wlixill/rm_version4_ws/install/armor_processor/include
[0.103s] -- Up-to-date: /home/wlixill/rm_version4_ws/install/armor_processor/include/armor_processor
[0.103s] -- Up-to-date: /home/wlixill/rm_version4_ws/install/armor_processor/include/armor_processor/extended_kalman_filter.hpp
[0.103s] -- Up-to-date: /home/wlixill/rm_version4_ws/install/armor_processor/include/armor_processor/tracker.hpp
[0.103s] -- Up-to-date: /home/wlixill/rm_version4_ws/install/armor_processor/include/armor_processor/processor_node.hpp
[0.103s] -- Up-to-date: /home/wlixill/rm_version4_ws/install/armor_processor/share/armor_processor/environment/library_path.dsv
[0.104s] -- Up-to-date: /home/wlixill/rm_version4_ws/install/armor_processor/lib/libarmor_processor.so
[0.104s] -- Up-to-date: /home/wlixill/rm_version4_ws/install/armor_processor/share/ament_index/resource_index/package_run_dependencies/armor_processor
[0.104s] -- Up-to-date: /home/wlixill/rm_version4_ws/install/armor_processor/share/ament_index/resource_index/parent_prefix_path/armor_processor
[0.104s] -- Up-to-date: /home/wlixill/rm_version4_ws/install/armor_processor/share/armor_processor/environment/ament_prefix_path.dsv
[0.104s] -- Up-to-date: /home/wlixill/rm_version4_ws/install/armor_processor/share/armor_processor/environment/path.dsv
[0.104s] -- Up-to-date: /home/wlixill/rm_version4_ws/install/armor_processor/share/armor_processor/local_setup.bash
[0.104s] -- Up-to-date: /home/wlixill/rm_version4_ws/install/armor_processor/share/armor_processor/local_setup.sh
[0.104s] -- Up-to-date: /home/wlixill/rm_version4_ws/install/armor_processor/share/armor_processor/local_setup.zsh
[0.104s] -- Up-to-date: /home/wlixill/rm_version4_ws/install/armor_processor/share/armor_processor/local_setup.dsv
[0.104s] -- Installing: /home/wlixill/rm_version4_ws/install/armor_processor/share/armor_processor/package.dsv
[0.104s] -- Up-to-date: /home/wlixill/rm_version4_ws/install/armor_processor/share/ament_index/resource_index/packages/armor_processor
[0.104s] -- Up-to-date: /home/wlixill/rm_version4_ws/install/armor_processor/share/ament_index/resource_index/rclcpp_components/armor_processor
[0.104s] -- Up-to-date: /home/wlixill/rm_version4_ws/install/armor_processor/share/armor_processor/cmake/ament_cmake_export_dependencies-extras.cmake
[0.104s] -- Up-to-date: /home/wlixill/rm_version4_ws/install/armor_processor/share/armor_processor/cmake/ament_cmake_export_include_directories-extras.cmake
[0.105s] -- Up-to-date: /home/wlixill/rm_version4_ws/install/armor_processor/share/armor_processor/cmake/ament_cmake_export_libraries-extras.cmake
[0.105s] -- Up-to-date: /home/wlixill/rm_version4_ws/install/armor_processor/share/armor_processor/cmake/armor_processorConfig.cmake
[0.105s] -- Up-to-date: /home/wlixill/rm_version4_ws/install/armor_processor/share/armor_processor/cmake/armor_processorConfig-version.cmake
[0.105s] -- Up-to-date: /home/wlixill/rm_version4_ws/install/armor_processor/share/armor_processor/package.xml
[0.106s] Invoked command in '/home/wlixill/rm_version4_ws/build/armor_processor' returned '0': AMENT_PREFIX_PATH=/home/wlixill/rm_version4_ws/install/auto_aim_interfaces:${AMENT_PREFIX_PATH} CMAKE_PREFIX_PATH=/home/wlixill/rm_version4_ws/install/auto_aim_interfaces:/home/wlixill/rm_tools/install/daheng_camera:/opt/ros/humble LD_LIBRARY_PATH=/home/wlixill/rm_version4_ws/install/auto_aim_interfaces/lib:${LD_LIBRARY_PATH} PYTHONPATH=/home/wlixill/rm_version4_ws/install/auto_aim_interfaces/local/lib/python3.10/dist-packages:${PYTHONPATH} /usr/bin/cmake --install /home/wlixill/rm_version4_ws/build/armor_processor
