[0.011s] Invoking command in '/home/wlixill/rm_version4_ws/build/auto_aim_interfaces': CMAKE_PREFIX_PATH=${CMAKE_PREFIX_PATH}:/opt/ros/humble /usr/bin/cmake /home/wlixill/rm_version4_ws/src/rm_auto_aim/auto_aim_interfaces -DCMAKE_INSTALL_PREFIX=/home/wlixill/rm_version4_ws/install/auto_aim_interfaces
[0.053s] -- The C compiler identification is GNU 11.4.0
[0.095s] -- The CXX compiler identification is GNU 11.4.0
[0.101s] -- Detecting C compiler ABI info
[0.156s] -- Detecting C compiler ABI info - done
[0.165s] -- Check for working C compiler: /usr/bin/cc - skipped
[0.165s] -- Detecting C compile features
[0.165s] -- Detecting C compile features - done
[0.169s] -- Detecting CXX compiler ABI info
[0.233s] -- Detecting CXX compiler ABI info - done
[0.238s] -- Check for working CXX compiler: /usr/bin/c++ - skipped
[0.238s] -- Detecting CXX compile features
[0.238s] -- Detecting CXX compile features - done
[0.240s] -- Found ament_cmake: 1.3.8 (/opt/ros/humble/share/ament_cmake/cmake)
[0.348s] -- Found Python3: /usr/bin/python3 (found version "3.10.12") found components: Interpreter 
[0.409s] -- Found rosidl_default_generators: 1.2.0 (/opt/ros/humble/share/rosidl_default_generators/cmake)
[0.411s] -- Using all available rosidl_typesupport_c: rosidl_typesupport_fastrtps_c;rosidl_typesupport_introspection_c
[0.416s] -- Found rosidl_adapter: 3.1.5 (/opt/ros/humble/share/rosidl_adapter/cmake)
[0.446s] -- Using all available rosidl_typesupport_cpp: rosidl_typesupport_fastrtps_cpp;rosidl_typesupport_introspection_cpp
[0.471s] -- Found geometry_msgs: 4.2.3 (/opt/ros/humble/share/geometry_msgs/cmake)
[0.781s] -- Found ament_cmake_ros: 0.10.0 (/opt/ros/humble/share/ament_cmake_ros/cmake)
[0.961s] -- Using all available rosidl_typesupport_c: rosidl_typesupport_fastrtps_c;rosidl_typesupport_introspection_c
[1.194s] -- Using all available rosidl_typesupport_cpp: rosidl_typesupport_fastrtps_cpp;rosidl_typesupport_introspection_cpp
[1.210s] -- Found PythonInterp: /usr/bin/python3 (found suitable version "3.10.12", minimum required is "3.6") 
[1.211s] -- Found python_cmake_module: 0.10.0 (/opt/ros/humble/share/python_cmake_module/cmake)
[1.230s] -- Found PythonLibs: /usr/lib/x86_64-linux-gnu/libpython3.10.so (found suitable version "3.10.12", minimum required is "3.5") 
[1.231s] -- Using PYTHON_EXECUTABLE: /usr/bin/python3
[1.231s] -- Using PYTHON_INCLUDE_DIRS: /usr/include/python3.10
[1.231s] -- Using PYTHON_LIBRARIES: /usr/lib/x86_64-linux-gnu/libpython3.10.so
[1.246s] -- Found PythonExtra: .so  
[1.294s] -- Configuring done
[1.327s] -- Generating done
[1.329s] -- Build files have been written to: /home/wlixill/rm_version4_ws/build/auto_aim_interfaces
[1.337s] Invoked command in '/home/wlixill/rm_version4_ws/build/auto_aim_interfaces' returned '0': CMAKE_PREFIX_PATH=${CMAKE_PREFIX_PATH}:/opt/ros/humble /usr/bin/cmake /home/wlixill/rm_version4_ws/src/rm_auto_aim/auto_aim_interfaces -DCMAKE_INSTALL_PREFIX=/home/wlixill/rm_version4_ws/install/auto_aim_interfaces
[1.338s] Invoking command in '/home/wlixill/rm_version4_ws/build/auto_aim_interfaces': CMAKE_PREFIX_PATH=${CMAKE_PREFIX_PATH}:/opt/ros/humble /usr/bin/cmake --build /home/wlixill/rm_version4_ws/build/auto_aim_interfaces -- -j16 -l16
[1.372s] [  1%] [34m[1mGenerating C code for ROS interfaces[0m
[1.381s] [  2%] [34m[1mGenerating C++ code for ROS interfaces[0m
[1.388s] [  2%] Built target ament_cmake_python_copy_auto_aim_interfaces
[1.558s] running egg_info
[1.558s] creating auto_aim_interfaces.egg-info
[1.559s] writing auto_aim_interfaces.egg-info/PKG-INFO
[1.559s] writing dependency_links to auto_aim_interfaces.egg-info/dependency_links.txt
[1.559s] writing top-level names to auto_aim_interfaces.egg-info/top_level.txt
[1.559s] writing manifest file 'auto_aim_interfaces.egg-info/SOURCES.txt'
[1.560s] reading manifest file 'auto_aim_interfaces.egg-info/SOURCES.txt'
[1.561s] writing manifest file 'auto_aim_interfaces.egg-info/SOURCES.txt'
[1.582s] [  2%] Built target ament_cmake_python_build_auto_aim_interfaces_egg
[1.758s] [  2%] Built target auto_aim_interfaces__cpp
[1.769s] [  3%] [34m[1mGenerating C++ type support dispatch for ROS interfaces[0m
[1.769s] [  5%] [34m[1mGenerating C++ type support for eProsima Fast-RTPS[0m
[1.770s] [  6%] [34m[1mGenerating C++ introspection for ROS interfaces[0m
[1.798s] [  7%] [32mBuilding C object CMakeFiles/auto_aim_interfaces__rosidl_generator_c.dir/rosidl_generator_c/auto_aim_interfaces/msg/detail/armors__functions.c.o[0m
[1.798s] [  8%] [32mBuilding C object CMakeFiles/auto_aim_interfaces__rosidl_generator_c.dir/rosidl_generator_c/auto_aim_interfaces/msg/detail/armor__functions.c.o[0m
[1.799s] [ 12%] [32mBuilding C object CMakeFiles/auto_aim_interfaces__rosidl_generator_c.dir/rosidl_generator_c/auto_aim_interfaces/msg/detail/debug_armor__functions.c.o[0m
[1.799s] [ 12%] [32mBuilding C object CMakeFiles/auto_aim_interfaces__rosidl_generator_c.dir/rosidl_generator_c/auto_aim_interfaces/msg/detail/debug_lights__functions.c.o[0m
[1.799s] [ 12%] [32mBuilding C object CMakeFiles/auto_aim_interfaces__rosidl_generator_c.dir/rosidl_generator_c/auto_aim_interfaces/msg/detail/target__functions.c.o[0m
[1.799s] [ 13%] [32mBuilding C object CMakeFiles/auto_aim_interfaces__rosidl_generator_c.dir/rosidl_generator_c/auto_aim_interfaces/msg/detail/debug_light__functions.c.o[0m
[1.800s] [ 15%] [32mBuilding C object CMakeFiles/auto_aim_interfaces__rosidl_generator_c.dir/rosidl_generator_c/auto_aim_interfaces/msg/detail/debug_armors__functions.c.o[0m
[1.853s] [ 16%] [32m[1mLinking C shared library libauto_aim_interfaces__rosidl_generator_c.so[0m
[1.887s] [ 16%] Built target auto_aim_interfaces__rosidl_generator_c
[1.897s] [ 20%] [34m[1mGenerating C introspection for ROS interfaces[0m
[1.897s] [ 20%] [34m[1mGenerating C type support for eProsima Fast-RTPS[0m
[1.897s] [ 20%] [34m[1mGenerating C type support dispatch for ROS interfaces[0m
[2.101s] [ 21%] [32mBuilding CXX object CMakeFiles/auto_aim_interfaces__rosidl_typesupport_cpp.dir/rosidl_typesupport_cpp/auto_aim_interfaces/msg/debug_armors__type_support.cpp.o[0m
[2.101s] [ 22%] [32mBuilding CXX object CMakeFiles/auto_aim_interfaces__rosidl_typesupport_cpp.dir/rosidl_typesupport_cpp/auto_aim_interfaces/msg/target__type_support.cpp.o[0m
[2.101s] [ 25%] [32mBuilding CXX object CMakeFiles/auto_aim_interfaces__rosidl_typesupport_cpp.dir/rosidl_typesupport_cpp/auto_aim_interfaces/msg/armors__type_support.cpp.o[0m
[2.101s] [ 25%] [32mBuilding CXX object CMakeFiles/auto_aim_interfaces__rosidl_typesupport_cpp.dir/rosidl_typesupport_cpp/auto_aim_interfaces/msg/armor__type_support.cpp.o[0m
[2.102s] [ 27%] [32mBuilding CXX object CMakeFiles/auto_aim_interfaces__rosidl_typesupport_cpp.dir/rosidl_typesupport_cpp/auto_aim_interfaces/msg/debug_lights__type_support.cpp.o[0m
[2.102s] [ 27%] [32mBuilding CXX object CMakeFiles/auto_aim_interfaces__rosidl_typesupport_cpp.dir/rosidl_typesupport_cpp/auto_aim_interfaces/msg/debug_light__type_support.cpp.o[0m
[2.102s] [ 29%] [32mBuilding CXX object CMakeFiles/auto_aim_interfaces__rosidl_typesupport_cpp.dir/rosidl_typesupport_cpp/auto_aim_interfaces/msg/debug_armor__type_support.cpp.o[0m
[2.117s] [ 31%] [32mBuilding CXX object CMakeFiles/auto_aim_interfaces__rosidl_typesupport_introspection_cpp.dir/rosidl_typesupport_introspection_cpp/auto_aim_interfaces/msg/detail/armors__type_support.cpp.o[0m
[2.117s] [ 31%] [32mBuilding CXX object CMakeFiles/auto_aim_interfaces__rosidl_typesupport_introspection_cpp.dir/rosidl_typesupport_introspection_cpp/auto_aim_interfaces/msg/detail/armor__type_support.cpp.o[0m
[2.117s] [ 32%] [32mBuilding CXX object CMakeFiles/auto_aim_interfaces__rosidl_typesupport_introspection_cpp.dir/rosidl_typesupport_introspection_cpp/auto_aim_interfaces/msg/detail/target__type_support.cpp.o[0m
[2.129s] [ 35%] [32mBuilding CXX object CMakeFiles/auto_aim_interfaces__rosidl_typesupport_introspection_cpp.dir/rosidl_typesupport_introspection_cpp/auto_aim_interfaces/msg/detail/debug_light__type_support.cpp.o[0m
[2.130s] [ 35%] [32mBuilding CXX object CMakeFiles/auto_aim_interfaces__rosidl_typesupport_introspection_cpp.dir/rosidl_typesupport_introspection_cpp/auto_aim_interfaces/msg/detail/debug_lights__type_support.cpp.o[0m
[2.417s] [ 36%] [32mBuilding CXX object CMakeFiles/auto_aim_interfaces__rosidl_typesupport_c.dir/rosidl_typesupport_c/auto_aim_interfaces/msg/armor__type_support.cpp.o[0m
[2.426s] [ 37%] [32mBuilding CXX object CMakeFiles/auto_aim_interfaces__rosidl_typesupport_introspection_cpp.dir/rosidl_typesupport_introspection_cpp/auto_aim_interfaces/msg/detail/debug_armor__type_support.cpp.o[0m
[2.460s] [ 39%] [32mBuilding CXX object CMakeFiles/auto_aim_interfaces__rosidl_typesupport_fastrtps_cpp.dir/rosidl_typesupport_fastrtps_cpp/auto_aim_interfaces/msg/detail/dds_fastrtps/armors__type_support.cpp.o[0m
[2.466s] [ 40%] [32mBuilding CXX object CMakeFiles/auto_aim_interfaces__rosidl_typesupport_fastrtps_cpp.dir/rosidl_typesupport_fastrtps_cpp/auto_aim_interfaces/msg/detail/dds_fastrtps/armor__type_support.cpp.o[0m
[2.471s] [ 43%] [32mBuilding CXX object CMakeFiles/auto_aim_interfaces__rosidl_typesupport_c.dir/rosidl_typesupport_c/auto_aim_interfaces/msg/debug_light__type_support.cpp.o[0m
[2.471s] [ 43%] [32mBuilding CXX object CMakeFiles/auto_aim_interfaces__rosidl_typesupport_c.dir/rosidl_typesupport_c/auto_aim_interfaces/msg/target__type_support.cpp.o[0m
[2.475s] [ 44%] [32mBuilding CXX object CMakeFiles/auto_aim_interfaces__rosidl_typesupport_c.dir/rosidl_typesupport_c/auto_aim_interfaces/msg/armors__type_support.cpp.o[0m
[2.488s] [ 45%] [32mBuilding CXX object CMakeFiles/auto_aim_interfaces__rosidl_typesupport_introspection_cpp.dir/rosidl_typesupport_introspection_cpp/auto_aim_interfaces/msg/detail/debug_armors__type_support.cpp.o[0m
[2.504s] [ 46%] [32mBuilding CXX object CMakeFiles/auto_aim_interfaces__rosidl_typesupport_c.dir/rosidl_typesupport_c/auto_aim_interfaces/msg/debug_lights__type_support.cpp.o[0m
[2.518s] [ 48%] [32mBuilding C object CMakeFiles/auto_aim_interfaces__rosidl_typesupport_introspection_c.dir/rosidl_typesupport_introspection_c/auto_aim_interfaces/msg/detail/armor__type_support.c.o[0m
[2.519s] [ 49%] [32m[1mLinking CXX shared library libauto_aim_interfaces__rosidl_typesupport_cpp.so[0m
[2.521s] [ 50%] [32mBuilding CXX object CMakeFiles/auto_aim_interfaces__rosidl_typesupport_c.dir/rosidl_typesupport_c/auto_aim_interfaces/msg/debug_armor__type_support.cpp.o[0m
[2.531s] [ 51%] [32mBuilding C object CMakeFiles/auto_aim_interfaces__rosidl_typesupport_introspection_c.dir/rosidl_typesupport_introspection_c/auto_aim_interfaces/msg/detail/armors__type_support.c.o[0m
[2.559s] [ 53%] [32mBuilding CXX object CMakeFiles/auto_aim_interfaces__rosidl_typesupport_fastrtps_c.dir/rosidl_typesupport_fastrtps_c/auto_aim_interfaces/msg/detail/armor__type_support_c.cpp.o[0m
[2.559s] [ 54%] [32mBuilding CXX object CMakeFiles/auto_aim_interfaces__rosidl_typesupport_c.dir/rosidl_typesupport_c/auto_aim_interfaces/msg/debug_armors__type_support.cpp.o[0m
[2.571s] [ 55%] [32mBuilding C object CMakeFiles/auto_aim_interfaces__rosidl_typesupport_introspection_c.dir/rosidl_typesupport_introspection_c/auto_aim_interfaces/msg/detail/target__type_support.c.o[0m
[2.583s] [ 56%] [32mBuilding CXX object CMakeFiles/auto_aim_interfaces__rosidl_typesupport_fastrtps_c.dir/rosidl_typesupport_fastrtps_c/auto_aim_interfaces/msg/detail/armors__type_support_c.cpp.o[0m
[2.596s] [ 56%] Built target auto_aim_interfaces__rosidl_typesupport_cpp
[2.597s] [ 58%] [32mBuilding CXX object CMakeFiles/auto_aim_interfaces__rosidl_typesupport_fastrtps_c.dir/rosidl_typesupport_fastrtps_c/auto_aim_interfaces/msg/detail/target__type_support_c.cpp.o[0m
[2.604s] [ 59%] [32m[1mLinking CXX shared library libauto_aim_interfaces__rosidl_typesupport_c.so[0m
[2.613s] [ 60%] [32mBuilding C object CMakeFiles/auto_aim_interfaces__rosidl_typesupport_introspection_c.dir/rosidl_typesupport_introspection_c/auto_aim_interfaces/msg/detail/debug_light__type_support.c.o[0m
[2.615s] [ 62%] [32mBuilding C object CMakeFiles/auto_aim_interfaces__rosidl_typesupport_introspection_c.dir/rosidl_typesupport_introspection_c/auto_aim_interfaces/msg/detail/debug_lights__type_support.c.o[0m
[2.626s] [ 63%] [32mBuilding C object CMakeFiles/auto_aim_interfaces__rosidl_typesupport_introspection_c.dir/rosidl_typesupport_introspection_c/auto_aim_interfaces/msg/detail/debug_armor__type_support.c.o[0m
[2.627s] [ 64%] [32mBuilding CXX object CMakeFiles/auto_aim_interfaces__rosidl_typesupport_fastrtps_c.dir/rosidl_typesupport_fastrtps_c/auto_aim_interfaces/msg/detail/debug_light__type_support_c.cpp.o[0m
[2.660s] [ 65%] [32mBuilding C object CMakeFiles/auto_aim_interfaces__rosidl_typesupport_introspection_c.dir/rosidl_typesupport_introspection_c/auto_aim_interfaces/msg/detail/debug_armors__type_support.c.o[0m
[2.679s] [ 67%] [32mBuilding CXX object CMakeFiles/auto_aim_interfaces__rosidl_typesupport_fastrtps_cpp.dir/rosidl_typesupport_fastrtps_cpp/auto_aim_interfaces/msg/detail/dds_fastrtps/target__type_support.cpp.o[0m
[2.679s] [ 68%] [32mBuilding CXX object CMakeFiles/auto_aim_interfaces__rosidl_typesupport_fastrtps_cpp.dir/rosidl_typesupport_fastrtps_cpp/auto_aim_interfaces/msg/detail/dds_fastrtps/debug_light__type_support.cpp.o[0m
[2.691s] [ 69%] [32mBuilding CXX object CMakeFiles/auto_aim_interfaces__rosidl_typesupport_fastrtps_c.dir/rosidl_typesupport_fastrtps_c/auto_aim_interfaces/msg/detail/debug_lights__type_support_c.cpp.o[0m
[2.693s] [ 70%] [32mBuilding CXX object CMakeFiles/auto_aim_interfaces__rosidl_typesupport_fastrtps_cpp.dir/rosidl_typesupport_fastrtps_cpp/auto_aim_interfaces/msg/detail/dds_fastrtps/debug_lights__type_support.cpp.o[0m
[2.703s] [ 70%] Built target auto_aim_interfaces__rosidl_typesupport_c
[2.709s] [ 72%] [32mBuilding CXX object CMakeFiles/auto_aim_interfaces__rosidl_typesupport_fastrtps_c.dir/rosidl_typesupport_fastrtps_c/auto_aim_interfaces/msg/detail/debug_armor__type_support_c.cpp.o[0m
[2.717s] [ 73%] [32mBuilding CXX object CMakeFiles/auto_aim_interfaces__rosidl_typesupport_fastrtps_cpp.dir/rosidl_typesupport_fastrtps_cpp/auto_aim_interfaces/msg/detail/dds_fastrtps/debug_armor__type_support.cpp.o[0m
[2.723s] [ 74%] [32m[1mLinking C shared library libauto_aim_interfaces__rosidl_typesupport_introspection_c.so[0m
[2.728s] [ 75%] [32mBuilding CXX object CMakeFiles/auto_aim_interfaces__rosidl_typesupport_fastrtps_c.dir/rosidl_typesupport_fastrtps_c/auto_aim_interfaces/msg/detail/debug_armors__type_support_c.cpp.o[0m
[2.852s] [ 75%] Built target auto_aim_interfaces__rosidl_typesupport_introspection_c
[2.901s] [ 77%] [32mBuilding CXX object CMakeFiles/auto_aim_interfaces__rosidl_typesupport_fastrtps_cpp.dir/rosidl_typesupport_fastrtps_cpp/auto_aim_interfaces/msg/detail/dds_fastrtps/debug_armors__type_support.cpp.o[0m
[3.069s] [ 78%] [32m[1mLinking CXX shared library libauto_aim_interfaces__rosidl_typesupport_introspection_cpp.so[0m
[3.147s] [ 78%] Built target auto_aim_interfaces__rosidl_typesupport_introspection_cpp
[3.223s] [ 79%] [32m[1mLinking CXX shared library libauto_aim_interfaces__rosidl_typesupport_fastrtps_c.so[0m
[3.284s] [ 79%] Built target auto_aim_interfaces__rosidl_typesupport_fastrtps_c
[3.370s] [ 81%] [32m[1mLinking CXX shared library libauto_aim_interfaces__rosidl_typesupport_fastrtps_cpp.so[0m
[3.433s] [ 81%] Built target auto_aim_interfaces__rosidl_typesupport_fastrtps_cpp
[3.452s] [ 81%] Built target auto_aim_interfaces
[3.471s] [ 82%] [34m[1mGenerating Python code for ROS interfaces[0m
[4.046s] [ 82%] Built target auto_aim_interfaces__py
[4.065s] [ 88%] [32mBuilding C object CMakeFiles/auto_aim_interfaces__rosidl_generator_py.dir/rosidl_generator_py/auto_aim_interfaces/msg/_armor_s.c.o[0m
[4.065s] [ 88%] [32mBuilding C object CMakeFiles/auto_aim_interfaces__rosidl_generator_py.dir/rosidl_generator_py/auto_aim_interfaces/msg/_target_s.c.o[0m
[4.065s] [ 88%] [32mBuilding C object CMakeFiles/auto_aim_interfaces__rosidl_generator_py.dir/rosidl_generator_py/auto_aim_interfaces/msg/_debug_armor_s.c.o[0m
[4.065s] [ 88%] [32mBuilding C object CMakeFiles/auto_aim_interfaces__rosidl_generator_py.dir/rosidl_generator_py/auto_aim_interfaces/msg/_debug_light_s.c.o[0m
[4.065s] [ 89%] [32mBuilding C object CMakeFiles/auto_aim_interfaces__rosidl_generator_py.dir/rosidl_generator_py/auto_aim_interfaces/msg/_armors_s.c.o[0m
[4.065s] [ 88%] [32mBuilding C object CMakeFiles/auto_aim_interfaces__rosidl_generator_py.dir/rosidl_generator_py/auto_aim_interfaces/msg/_debug_lights_s.c.o[0m
[4.067s] [ 91%] [32mBuilding C object CMakeFiles/auto_aim_interfaces__rosidl_generator_py.dir/rosidl_generator_py/auto_aim_interfaces/msg/_debug_armors_s.c.o[0m
[4.188s] [ 92%] [32m[1mLinking C shared library rosidl_generator_py/auto_aim_interfaces/libauto_aim_interfaces__rosidl_generator_py.so[0m
[4.225s] [ 92%] Built target auto_aim_interfaces__rosidl_generator_py
[4.242s] [ 96%] [32mBuilding C object CMakeFiles/auto_aim_interfaces__rosidl_typesupport_fastrtps_c__pyext.dir/rosidl_generator_py/auto_aim_interfaces/_auto_aim_interfaces_s.ep.rosidl_typesupport_fastrtps_c.c.o[0m
[4.242s] [ 96%] [32mBuilding C object CMakeFiles/auto_aim_interfaces__rosidl_typesupport_introspection_c__pyext.dir/rosidl_generator_py/auto_aim_interfaces/_auto_aim_interfaces_s.ep.rosidl_typesupport_introspection_c.c.o[0m
[4.242s] [ 96%] [32mBuilding C object CMakeFiles/auto_aim_interfaces__rosidl_typesupport_c__pyext.dir/rosidl_generator_py/auto_aim_interfaces/_auto_aim_interfaces_s.ep.rosidl_typesupport_c.c.o[0m
[4.331s] [100%] [32m[1mLinking C shared library rosidl_generator_py/auto_aim_interfaces/auto_aim_interfaces_s__rosidl_typesupport_fastrtps_c.cpython-310-x86_64-linux-gnu.so[0m
[4.331s] [100%] [32m[1mLinking C shared library rosidl_generator_py/auto_aim_interfaces/auto_aim_interfaces_s__rosidl_typesupport_c.cpython-310-x86_64-linux-gnu.so[0m
[4.331s] [100%] [32m[1mLinking C shared library rosidl_generator_py/auto_aim_interfaces/auto_aim_interfaces_s__rosidl_typesupport_introspection_c.cpython-310-x86_64-linux-gnu.so[0m
[4.366s] [100%] Built target auto_aim_interfaces__rosidl_typesupport_fastrtps_c__pyext
[4.366s] [100%] Built target auto_aim_interfaces__rosidl_typesupport_introspection_c__pyext
[4.366s] [100%] Built target auto_aim_interfaces__rosidl_typesupport_c__pyext
[4.378s] Invoked command in '/home/wlixill/rm_version4_ws/build/auto_aim_interfaces' returned '0': CMAKE_PREFIX_PATH=${CMAKE_PREFIX_PATH}:/opt/ros/humble /usr/bin/cmake --build /home/wlixill/rm_version4_ws/build/auto_aim_interfaces -- -j16 -l16
[4.532s] Invoking command in '/home/wlixill/rm_version4_ws/build/auto_aim_interfaces': CMAKE_PREFIX_PATH=${CMAKE_PREFIX_PATH}:/opt/ros/humble /usr/bin/cmake --install /home/wlixill/rm_version4_ws/build/auto_aim_interfaces
[4.539s] -- Install configuration: ""
[4.539s] -- Installing: /home/wlixill/rm_version4_ws/install/auto_aim_interfaces/share/ament_index/resource_index/rosidl_interfaces/auto_aim_interfaces
[4.539s] -- Up-to-date: /home/wlixill/rm_version4_ws/install/auto_aim_interfaces/include/auto_aim_interfaces/auto_aim_interfaces
[4.540s] -- Up-to-date: /home/wlixill/rm_version4_ws/install/auto_aim_interfaces/include/auto_aim_interfaces/auto_aim_interfaces/msg
[4.540s] -- Installing: /home/wlixill/rm_version4_ws/install/auto_aim_interfaces/include/auto_aim_interfaces/auto_aim_interfaces/msg/armors.h
[4.540s] -- Installing: /home/wlixill/rm_version4_ws/install/auto_aim_interfaces/include/auto_aim_interfaces/auto_aim_interfaces/msg/debug_lights.h
[4.540s] -- Installing: /home/wlixill/rm_version4_ws/install/auto_aim_interfaces/include/auto_aim_interfaces/auto_aim_interfaces/msg/debug_armors.h
[4.540s] -- Up-to-date: /home/wlixill/rm_version4_ws/install/auto_aim_interfaces/include/auto_aim_interfaces/auto_aim_interfaces/msg/detail
[4.540s] -- Installing: /home/wlixill/rm_version4_ws/install/auto_aim_interfaces/include/auto_aim_interfaces/auto_aim_interfaces/msg/detail/debug_lights__type_support.h
[4.540s] -- Installing: /home/wlixill/rm_version4_ws/install/auto_aim_interfaces/include/auto_aim_interfaces/auto_aim_interfaces/msg/detail/debug_armor__functions.h
[4.540s] -- Installing: /home/wlixill/rm_version4_ws/install/auto_aim_interfaces/include/auto_aim_interfaces/auto_aim_interfaces/msg/detail/armor__functions.c
[4.540s] -- Installing: /home/wlixill/rm_version4_ws/install/auto_aim_interfaces/include/auto_aim_interfaces/auto_aim_interfaces/msg/detail/armor__type_support.h
[4.540s] -- Installing: /home/wlixill/rm_version4_ws/install/auto_aim_interfaces/include/auto_aim_interfaces/auto_aim_interfaces/msg/detail/debug_armors__type_support.h
[4.541s] -- Installing: /home/wlixill/rm_version4_ws/install/auto_aim_interfaces/include/auto_aim_interfaces/auto_aim_interfaces/msg/detail/armor__functions.h
[4.541s] -- Installing: /home/wlixill/rm_version4_ws/install/auto_aim_interfaces/include/auto_aim_interfaces/auto_aim_interfaces/msg/detail/target__type_support.h
[4.541s] -- Installing: /home/wlixill/rm_version4_ws/install/auto_aim_interfaces/include/auto_aim_interfaces/auto_aim_interfaces/msg/detail/debug_light__struct.h
[4.541s] -- Installing: /home/wlixill/rm_version4_ws/install/auto_aim_interfaces/include/auto_aim_interfaces/auto_aim_interfaces/msg/detail/target__functions.h
[4.541s] -- Installing: /home/wlixill/rm_version4_ws/install/auto_aim_interfaces/include/auto_aim_interfaces/auto_aim_interfaces/msg/detail/debug_armor__functions.c
[4.541s] -- Installing: /home/wlixill/rm_version4_ws/install/auto_aim_interfaces/include/auto_aim_interfaces/auto_aim_interfaces/msg/detail/debug_armors__functions.c
[4.542s] -- Installing: /home/wlixill/rm_version4_ws/install/auto_aim_interfaces/include/auto_aim_interfaces/auto_aim_interfaces/msg/detail/target__struct.h
[4.542s] -- Installing: /home/wlixill/rm_version4_ws/install/auto_aim_interfaces/include/auto_aim_interfaces/auto_aim_interfaces/msg/detail/debug_light__functions.h
[4.542s] -- Installing: /home/wlixill/rm_version4_ws/install/auto_aim_interfaces/include/auto_aim_interfaces/auto_aim_interfaces/msg/detail/debug_armor__struct.h
[4.542s] -- Installing: /home/wlixill/rm_version4_ws/install/auto_aim_interfaces/include/auto_aim_interfaces/auto_aim_interfaces/msg/detail/debug_light__type_support.h
[4.542s] -- Installing: /home/wlixill/rm_version4_ws/install/auto_aim_interfaces/include/auto_aim_interfaces/auto_aim_interfaces/msg/detail/debug_armor__type_support.h
[4.542s] -- Installing: /home/wlixill/rm_version4_ws/install/auto_aim_interfaces/include/auto_aim_interfaces/auto_aim_interfaces/msg/detail/debug_lights__functions.c
[4.542s] -- Installing: /home/wlixill/rm_version4_ws/install/auto_aim_interfaces/include/auto_aim_interfaces/auto_aim_interfaces/msg/detail/armors__struct.h
[4.542s] -- Installing: /home/wlixill/rm_version4_ws/install/auto_aim_interfaces/include/auto_aim_interfaces/auto_aim_interfaces/msg/detail/armors__functions.h
[4.543s] -- Installing: /home/wlixill/rm_version4_ws/install/auto_aim_interfaces/include/auto_aim_interfaces/auto_aim_interfaces/msg/detail/armors__functions.c
[4.543s] -- Installing: /home/wlixill/rm_version4_ws/install/auto_aim_interfaces/include/auto_aim_interfaces/auto_aim_interfaces/msg/detail/debug_armors__functions.h
[4.543s] -- Installing: /home/wlixill/rm_version4_ws/install/auto_aim_interfaces/include/auto_aim_interfaces/auto_aim_interfaces/msg/detail/armor__struct.h
[4.543s] -- Installing: /home/wlixill/rm_version4_ws/install/auto_aim_interfaces/include/auto_aim_interfaces/auto_aim_interfaces/msg/detail/target__functions.c
[4.543s] -- Installing: /home/wlixill/rm_version4_ws/install/auto_aim_interfaces/include/auto_aim_interfaces/auto_aim_interfaces/msg/detail/debug_lights__functions.h
[4.543s] -- Installing: /home/wlixill/rm_version4_ws/install/auto_aim_interfaces/include/auto_aim_interfaces/auto_aim_interfaces/msg/detail/debug_lights__struct.h
[4.543s] -- Installing: /home/wlixill/rm_version4_ws/install/auto_aim_interfaces/include/auto_aim_interfaces/auto_aim_interfaces/msg/detail/debug_light__functions.c
[4.544s] -- Installing: /home/wlixill/rm_version4_ws/install/auto_aim_interfaces/include/auto_aim_interfaces/auto_aim_interfaces/msg/detail/debug_armors__struct.h
[4.544s] -- Installing: /home/wlixill/rm_version4_ws/install/auto_aim_interfaces/include/auto_aim_interfaces/auto_aim_interfaces/msg/detail/armors__type_support.h
[4.544s] -- Installing: /home/wlixill/rm_version4_ws/install/auto_aim_interfaces/include/auto_aim_interfaces/auto_aim_interfaces/msg/armor.h
[4.544s] -- Installing: /home/wlixill/rm_version4_ws/install/auto_aim_interfaces/include/auto_aim_interfaces/auto_aim_interfaces/msg/debug_armor.h
[4.544s] -- Installing: /home/wlixill/rm_version4_ws/install/auto_aim_interfaces/include/auto_aim_interfaces/auto_aim_interfaces/msg/rosidl_generator_c__visibility_control.h
[4.544s] -- Installing: /home/wlixill/rm_version4_ws/install/auto_aim_interfaces/include/auto_aim_interfaces/auto_aim_interfaces/msg/debug_light.h
[4.544s] -- Installing: /home/wlixill/rm_version4_ws/install/auto_aim_interfaces/include/auto_aim_interfaces/auto_aim_interfaces/msg/target.h
[4.544s] -- Installing: /home/wlixill/rm_version4_ws/install/auto_aim_interfaces/share/auto_aim_interfaces/environment/library_path.dsv
[4.545s] -- Installing: /home/wlixill/rm_version4_ws/install/auto_aim_interfaces/lib/libauto_aim_interfaces__rosidl_generator_c.so
[4.545s] -- Set runtime path of "/home/wlixill/rm_version4_ws/install/auto_aim_interfaces/lib/libauto_aim_interfaces__rosidl_generator_c.so" to ""
[4.545s] -- Up-to-date: /home/wlixill/rm_version4_ws/install/auto_aim_interfaces/include/auto_aim_interfaces/auto_aim_interfaces
[4.545s] -- Up-to-date: /home/wlixill/rm_version4_ws/install/auto_aim_interfaces/include/auto_aim_interfaces/auto_aim_interfaces/msg
[4.545s] -- Up-to-date: /home/wlixill/rm_version4_ws/install/auto_aim_interfaces/include/auto_aim_interfaces/auto_aim_interfaces/msg/detail
[4.545s] -- Installing: /home/wlixill/rm_version4_ws/install/auto_aim_interfaces/include/auto_aim_interfaces/auto_aim_interfaces/msg/detail/debug_armor__rosidl_typesupport_fastrtps_c.h
[4.545s] -- Installing: /home/wlixill/rm_version4_ws/install/auto_aim_interfaces/include/auto_aim_interfaces/auto_aim_interfaces/msg/detail/armors__rosidl_typesupport_fastrtps_c.h
[4.545s] -- Installing: /home/wlixill/rm_version4_ws/install/auto_aim_interfaces/include/auto_aim_interfaces/auto_aim_interfaces/msg/detail/debug_light__rosidl_typesupport_fastrtps_c.h
[4.546s] -- Installing: /home/wlixill/rm_version4_ws/install/auto_aim_interfaces/include/auto_aim_interfaces/auto_aim_interfaces/msg/detail/debug_armors__rosidl_typesupport_fastrtps_c.h
[4.546s] -- Installing: /home/wlixill/rm_version4_ws/install/auto_aim_interfaces/include/auto_aim_interfaces/auto_aim_interfaces/msg/detail/target__rosidl_typesupport_fastrtps_c.h
[4.546s] -- Installing: /home/wlixill/rm_version4_ws/install/auto_aim_interfaces/include/auto_aim_interfaces/auto_aim_interfaces/msg/detail/debug_lights__rosidl_typesupport_fastrtps_c.h
[4.546s] -- Installing: /home/wlixill/rm_version4_ws/install/auto_aim_interfaces/include/auto_aim_interfaces/auto_aim_interfaces/msg/detail/armor__rosidl_typesupport_fastrtps_c.h
[4.546s] -- Installing: /home/wlixill/rm_version4_ws/install/auto_aim_interfaces/include/auto_aim_interfaces/auto_aim_interfaces/msg/rosidl_typesupport_fastrtps_c__visibility_control.h
[4.546s] -- Installing: /home/wlixill/rm_version4_ws/install/auto_aim_interfaces/lib/libauto_aim_interfaces__rosidl_typesupport_fastrtps_c.so
[4.547s] -- Set runtime path of "/home/wlixill/rm_version4_ws/install/auto_aim_interfaces/lib/libauto_aim_interfaces__rosidl_typesupport_fastrtps_c.so" to ""
[4.547s] -- Up-to-date: /home/wlixill/rm_version4_ws/install/auto_aim_interfaces/include/auto_aim_interfaces/auto_aim_interfaces
[4.547s] -- Up-to-date: /home/wlixill/rm_version4_ws/install/auto_aim_interfaces/include/auto_aim_interfaces/auto_aim_interfaces/msg
[4.547s] -- Installing: /home/wlixill/rm_version4_ws/install/auto_aim_interfaces/include/auto_aim_interfaces/auto_aim_interfaces/msg/rosidl_typesupport_introspection_c__visibility_control.h
[4.547s] -- Up-to-date: /home/wlixill/rm_version4_ws/install/auto_aim_interfaces/include/auto_aim_interfaces/auto_aim_interfaces/msg/detail
[4.547s] -- Installing: /home/wlixill/rm_version4_ws/install/auto_aim_interfaces/include/auto_aim_interfaces/auto_aim_interfaces/msg/detail/debug_armors__rosidl_typesupport_introspection_c.h
[4.547s] -- Installing: /home/wlixill/rm_version4_ws/install/auto_aim_interfaces/include/auto_aim_interfaces/auto_aim_interfaces/msg/detail/debug_light__rosidl_typesupport_introspection_c.h
[4.547s] -- Installing: /home/wlixill/rm_version4_ws/install/auto_aim_interfaces/include/auto_aim_interfaces/auto_aim_interfaces/msg/detail/debug_armors__type_support.c
[4.547s] -- Installing: /home/wlixill/rm_version4_ws/install/auto_aim_interfaces/include/auto_aim_interfaces/auto_aim_interfaces/msg/detail/target__rosidl_typesupport_introspection_c.h
[4.548s] -- Installing: /home/wlixill/rm_version4_ws/install/auto_aim_interfaces/include/auto_aim_interfaces/auto_aim_interfaces/msg/detail/armors__rosidl_typesupport_introspection_c.h
[4.548s] -- Installing: /home/wlixill/rm_version4_ws/install/auto_aim_interfaces/include/auto_aim_interfaces/auto_aim_interfaces/msg/detail/armors__type_support.c
[4.548s] -- Installing: /home/wlixill/rm_version4_ws/install/auto_aim_interfaces/include/auto_aim_interfaces/auto_aim_interfaces/msg/detail/debug_armor__rosidl_typesupport_introspection_c.h
[4.548s] -- Installing: /home/wlixill/rm_version4_ws/install/auto_aim_interfaces/include/auto_aim_interfaces/auto_aim_interfaces/msg/detail/armor__type_support.c
[4.548s] -- Installing: /home/wlixill/rm_version4_ws/install/auto_aim_interfaces/include/auto_aim_interfaces/auto_aim_interfaces/msg/detail/debug_light__type_support.c
[4.548s] -- Installing: /home/wlixill/rm_version4_ws/install/auto_aim_interfaces/include/auto_aim_interfaces/auto_aim_interfaces/msg/detail/armor__rosidl_typesupport_introspection_c.h
[4.548s] -- Installing: /home/wlixill/rm_version4_ws/install/auto_aim_interfaces/include/auto_aim_interfaces/auto_aim_interfaces/msg/detail/target__type_support.c
[4.548s] -- Installing: /home/wlixill/rm_version4_ws/install/auto_aim_interfaces/include/auto_aim_interfaces/auto_aim_interfaces/msg/detail/debug_lights__type_support.c
[4.549s] -- Installing: /home/wlixill/rm_version4_ws/install/auto_aim_interfaces/include/auto_aim_interfaces/auto_aim_interfaces/msg/detail/debug_armor__type_support.c
[4.549s] -- Installing: /home/wlixill/rm_version4_ws/install/auto_aim_interfaces/include/auto_aim_interfaces/auto_aim_interfaces/msg/detail/debug_lights__rosidl_typesupport_introspection_c.h
[4.549s] -- Installing: /home/wlixill/rm_version4_ws/install/auto_aim_interfaces/lib/libauto_aim_interfaces__rosidl_typesupport_introspection_c.so
[4.549s] -- Set runtime path of "/home/wlixill/rm_version4_ws/install/auto_aim_interfaces/lib/libauto_aim_interfaces__rosidl_typesupport_introspection_c.so" to ""
[4.549s] -- Installing: /home/wlixill/rm_version4_ws/install/auto_aim_interfaces/lib/libauto_aim_interfaces__rosidl_typesupport_c.so
[4.550s] -- Set runtime path of "/home/wlixill/rm_version4_ws/install/auto_aim_interfaces/lib/libauto_aim_interfaces__rosidl_typesupport_c.so" to ""
[4.550s] -- Up-to-date: /home/wlixill/rm_version4_ws/install/auto_aim_interfaces/include/auto_aim_interfaces/auto_aim_interfaces
[4.550s] -- Up-to-date: /home/wlixill/rm_version4_ws/install/auto_aim_interfaces/include/auto_aim_interfaces/auto_aim_interfaces/msg
[4.550s] -- Installing: /home/wlixill/rm_version4_ws/install/auto_aim_interfaces/include/auto_aim_interfaces/auto_aim_interfaces/msg/debug_lights.hpp
[4.550s] -- Installing: /home/wlixill/rm_version4_ws/install/auto_aim_interfaces/include/auto_aim_interfaces/auto_aim_interfaces/msg/debug_armors.hpp
[4.550s] -- Installing: /home/wlixill/rm_version4_ws/install/auto_aim_interfaces/include/auto_aim_interfaces/auto_aim_interfaces/msg/debug_light.hpp
[4.550s] -- Up-to-date: /home/wlixill/rm_version4_ws/install/auto_aim_interfaces/include/auto_aim_interfaces/auto_aim_interfaces/msg/detail
[4.550s] -- Installing: /home/wlixill/rm_version4_ws/install/auto_aim_interfaces/include/auto_aim_interfaces/auto_aim_interfaces/msg/detail/debug_armor__struct.hpp
[4.550s] -- Installing: /home/wlixill/rm_version4_ws/install/auto_aim_interfaces/include/auto_aim_interfaces/auto_aim_interfaces/msg/detail/debug_lights__builder.hpp
[4.551s] -- Installing: /home/wlixill/rm_version4_ws/install/auto_aim_interfaces/include/auto_aim_interfaces/auto_aim_interfaces/msg/detail/armor__builder.hpp
[4.551s] -- Installing: /home/wlixill/rm_version4_ws/install/auto_aim_interfaces/include/auto_aim_interfaces/auto_aim_interfaces/msg/detail/debug_armors__traits.hpp
[4.551s] -- Installing: /home/wlixill/rm_version4_ws/install/auto_aim_interfaces/include/auto_aim_interfaces/auto_aim_interfaces/msg/detail/debug_armors__builder.hpp
[4.551s] -- Installing: /home/wlixill/rm_version4_ws/install/auto_aim_interfaces/include/auto_aim_interfaces/auto_aim_interfaces/msg/detail/armors__builder.hpp
[4.551s] -- Installing: /home/wlixill/rm_version4_ws/install/auto_aim_interfaces/include/auto_aim_interfaces/auto_aim_interfaces/msg/detail/armor__traits.hpp
[4.551s] -- Installing: /home/wlixill/rm_version4_ws/install/auto_aim_interfaces/include/auto_aim_interfaces/auto_aim_interfaces/msg/detail/armors__traits.hpp
[4.551s] -- Installing: /home/wlixill/rm_version4_ws/install/auto_aim_interfaces/include/auto_aim_interfaces/auto_aim_interfaces/msg/detail/target__builder.hpp
[4.551s] -- Installing: /home/wlixill/rm_version4_ws/install/auto_aim_interfaces/include/auto_aim_interfaces/auto_aim_interfaces/msg/detail/debug_armor__traits.hpp
[4.552s] -- Installing: /home/wlixill/rm_version4_ws/install/auto_aim_interfaces/include/auto_aim_interfaces/auto_aim_interfaces/msg/detail/debug_armor__builder.hpp
[4.552s] -- Installing: /home/wlixill/rm_version4_ws/install/auto_aim_interfaces/include/auto_aim_interfaces/auto_aim_interfaces/msg/detail/debug_light__struct.hpp
[4.552s] -- Installing: /home/wlixill/rm_version4_ws/install/auto_aim_interfaces/include/auto_aim_interfaces/auto_aim_interfaces/msg/detail/target__traits.hpp
[4.552s] -- Installing: /home/wlixill/rm_version4_ws/install/auto_aim_interfaces/include/auto_aim_interfaces/auto_aim_interfaces/msg/detail/debug_lights__traits.hpp
[4.552s] -- Installing: /home/wlixill/rm_version4_ws/install/auto_aim_interfaces/include/auto_aim_interfaces/auto_aim_interfaces/msg/detail/debug_armors__struct.hpp
[4.552s] -- Installing: /home/wlixill/rm_version4_ws/install/auto_aim_interfaces/include/auto_aim_interfaces/auto_aim_interfaces/msg/detail/debug_light__builder.hpp
[4.552s] -- Installing: /home/wlixill/rm_version4_ws/install/auto_aim_interfaces/include/auto_aim_interfaces/auto_aim_interfaces/msg/detail/debug_lights__struct.hpp
[4.553s] -- Installing: /home/wlixill/rm_version4_ws/install/auto_aim_interfaces/include/auto_aim_interfaces/auto_aim_interfaces/msg/detail/debug_light__traits.hpp
[4.553s] -- Installing: /home/wlixill/rm_version4_ws/install/auto_aim_interfaces/include/auto_aim_interfaces/auto_aim_interfaces/msg/detail/armor__struct.hpp
[4.553s] -- Installing: /home/wlixill/rm_version4_ws/install/auto_aim_interfaces/include/auto_aim_interfaces/auto_aim_interfaces/msg/detail/target__struct.hpp
[4.553s] -- Installing: /home/wlixill/rm_version4_ws/install/auto_aim_interfaces/include/auto_aim_interfaces/auto_aim_interfaces/msg/detail/armors__struct.hpp
[4.553s] -- Installing: /home/wlixill/rm_version4_ws/install/auto_aim_interfaces/include/auto_aim_interfaces/auto_aim_interfaces/msg/armors.hpp
[4.553s] -- Installing: /home/wlixill/rm_version4_ws/install/auto_aim_interfaces/include/auto_aim_interfaces/auto_aim_interfaces/msg/armor.hpp
[4.553s] -- Installing: /home/wlixill/rm_version4_ws/install/auto_aim_interfaces/include/auto_aim_interfaces/auto_aim_interfaces/msg/debug_armor.hpp
[4.553s] -- Installing: /home/wlixill/rm_version4_ws/install/auto_aim_interfaces/include/auto_aim_interfaces/auto_aim_interfaces/msg/target.hpp
[4.554s] -- Up-to-date: /home/wlixill/rm_version4_ws/install/auto_aim_interfaces/include/auto_aim_interfaces/auto_aim_interfaces
[4.554s] -- Up-to-date: /home/wlixill/rm_version4_ws/install/auto_aim_interfaces/include/auto_aim_interfaces/auto_aim_interfaces/msg
[4.554s] -- Installing: /home/wlixill/rm_version4_ws/install/auto_aim_interfaces/include/auto_aim_interfaces/auto_aim_interfaces/msg/rosidl_typesupport_fastrtps_cpp__visibility_control.h
[4.554s] -- Up-to-date: /home/wlixill/rm_version4_ws/install/auto_aim_interfaces/include/auto_aim_interfaces/auto_aim_interfaces/msg/detail
[4.554s] -- Installing: /home/wlixill/rm_version4_ws/install/auto_aim_interfaces/include/auto_aim_interfaces/auto_aim_interfaces/msg/detail/armor__rosidl_typesupport_fastrtps_cpp.hpp
[4.554s] -- Installing: /home/wlixill/rm_version4_ws/install/auto_aim_interfaces/include/auto_aim_interfaces/auto_aim_interfaces/msg/detail/debug_lights__rosidl_typesupport_fastrtps_cpp.hpp
[4.554s] -- Installing: /home/wlixill/rm_version4_ws/install/auto_aim_interfaces/include/auto_aim_interfaces/auto_aim_interfaces/msg/detail/target__rosidl_typesupport_fastrtps_cpp.hpp
[4.554s] -- Installing: /home/wlixill/rm_version4_ws/install/auto_aim_interfaces/include/auto_aim_interfaces/auto_aim_interfaces/msg/detail/debug_armor__rosidl_typesupport_fastrtps_cpp.hpp
[4.554s] -- Installing: /home/wlixill/rm_version4_ws/install/auto_aim_interfaces/include/auto_aim_interfaces/auto_aim_interfaces/msg/detail/debug_armors__rosidl_typesupport_fastrtps_cpp.hpp
[4.554s] -- Up-to-date: /home/wlixill/rm_version4_ws/install/auto_aim_interfaces/include/auto_aim_interfaces/auto_aim_interfaces/msg/detail/dds_fastrtps
[4.555s] -- Installing: /home/wlixill/rm_version4_ws/install/auto_aim_interfaces/include/auto_aim_interfaces/auto_aim_interfaces/msg/detail/debug_light__rosidl_typesupport_fastrtps_cpp.hpp
[4.555s] -- Installing: /home/wlixill/rm_version4_ws/install/auto_aim_interfaces/include/auto_aim_interfaces/auto_aim_interfaces/msg/detail/armors__rosidl_typesupport_fastrtps_cpp.hpp
[4.555s] -- Installing: /home/wlixill/rm_version4_ws/install/auto_aim_interfaces/lib/libauto_aim_interfaces__rosidl_typesupport_fastrtps_cpp.so
[4.555s] -- Set runtime path of "/home/wlixill/rm_version4_ws/install/auto_aim_interfaces/lib/libauto_aim_interfaces__rosidl_typesupport_fastrtps_cpp.so" to ""
[4.555s] -- Up-to-date: /home/wlixill/rm_version4_ws/install/auto_aim_interfaces/include/auto_aim_interfaces/auto_aim_interfaces
[4.555s] -- Up-to-date: /home/wlixill/rm_version4_ws/install/auto_aim_interfaces/include/auto_aim_interfaces/auto_aim_interfaces/msg
[4.556s] -- Up-to-date: /home/wlixill/rm_version4_ws/install/auto_aim_interfaces/include/auto_aim_interfaces/auto_aim_interfaces/msg/detail
[4.556s] -- Installing: /home/wlixill/rm_version4_ws/install/auto_aim_interfaces/include/auto_aim_interfaces/auto_aim_interfaces/msg/detail/target__type_support.cpp
[4.556s] -- Installing: /home/wlixill/rm_version4_ws/install/auto_aim_interfaces/include/auto_aim_interfaces/auto_aim_interfaces/msg/detail/target__rosidl_typesupport_introspection_cpp.hpp
[4.556s] -- Installing: /home/wlixill/rm_version4_ws/install/auto_aim_interfaces/include/auto_aim_interfaces/auto_aim_interfaces/msg/detail/armor__rosidl_typesupport_introspection_cpp.hpp
[4.556s] -- Installing: /home/wlixill/rm_version4_ws/install/auto_aim_interfaces/include/auto_aim_interfaces/auto_aim_interfaces/msg/detail/debug_armors__rosidl_typesupport_introspection_cpp.hpp
[4.556s] -- Installing: /home/wlixill/rm_version4_ws/install/auto_aim_interfaces/include/auto_aim_interfaces/auto_aim_interfaces/msg/detail/armor__type_support.cpp
[4.556s] -- Installing: /home/wlixill/rm_version4_ws/install/auto_aim_interfaces/include/auto_aim_interfaces/auto_aim_interfaces/msg/detail/debug_light__rosidl_typesupport_introspection_cpp.hpp
[4.556s] -- Installing: /home/wlixill/rm_version4_ws/install/auto_aim_interfaces/include/auto_aim_interfaces/auto_aim_interfaces/msg/detail/debug_lights__rosidl_typesupport_introspection_cpp.hpp
[4.556s] -- Installing: /home/wlixill/rm_version4_ws/install/auto_aim_interfaces/include/auto_aim_interfaces/auto_aim_interfaces/msg/detail/armors__type_support.cpp
[4.557s] -- Installing: /home/wlixill/rm_version4_ws/install/auto_aim_interfaces/include/auto_aim_interfaces/auto_aim_interfaces/msg/detail/armors__rosidl_typesupport_introspection_cpp.hpp
[4.557s] -- Installing: /home/wlixill/rm_version4_ws/install/auto_aim_interfaces/include/auto_aim_interfaces/auto_aim_interfaces/msg/detail/debug_lights__type_support.cpp
[4.557s] -- Installing: /home/wlixill/rm_version4_ws/install/auto_aim_interfaces/include/auto_aim_interfaces/auto_aim_interfaces/msg/detail/debug_armors__type_support.cpp
[4.557s] -- Installing: /home/wlixill/rm_version4_ws/install/auto_aim_interfaces/include/auto_aim_interfaces/auto_aim_interfaces/msg/detail/debug_armor__type_support.cpp
[4.557s] -- Installing: /home/wlixill/rm_version4_ws/install/auto_aim_interfaces/include/auto_aim_interfaces/auto_aim_interfaces/msg/detail/debug_light__type_support.cpp
[4.557s] -- Installing: /home/wlixill/rm_version4_ws/install/auto_aim_interfaces/include/auto_aim_interfaces/auto_aim_interfaces/msg/detail/debug_armor__rosidl_typesupport_introspection_cpp.hpp
[4.558s] -- Installing: /home/wlixill/rm_version4_ws/install/auto_aim_interfaces/lib/libauto_aim_interfaces__rosidl_typesupport_introspection_cpp.so
[4.558s] -- Set runtime path of "/home/wlixill/rm_version4_ws/install/auto_aim_interfaces/lib/libauto_aim_interfaces__rosidl_typesupport_introspection_cpp.so" to ""
[4.558s] -- Installing: /home/wlixill/rm_version4_ws/install/auto_aim_interfaces/lib/libauto_aim_interfaces__rosidl_typesupport_cpp.so
[4.559s] -- Set runtime path of "/home/wlixill/rm_version4_ws/install/auto_aim_interfaces/lib/libauto_aim_interfaces__rosidl_typesupport_cpp.so" to ""
[4.559s] -- Installing: /home/wlixill/rm_version4_ws/install/auto_aim_interfaces/share/auto_aim_interfaces/environment/pythonpath.sh
[4.559s] -- Installing: /home/wlixill/rm_version4_ws/install/auto_aim_interfaces/share/auto_aim_interfaces/environment/pythonpath.dsv
[4.559s] -- Up-to-date: /home/wlixill/rm_version4_ws/install/auto_aim_interfaces/local/lib/python3.10/dist-packages/auto_aim_interfaces-0.0.0-py3.10.egg-info
[4.559s] -- Installing: /home/wlixill/rm_version4_ws/install/auto_aim_interfaces/local/lib/python3.10/dist-packages/auto_aim_interfaces-0.0.0-py3.10.egg-info/SOURCES.txt
[4.559s] -- Installing: /home/wlixill/rm_version4_ws/install/auto_aim_interfaces/local/lib/python3.10/dist-packages/auto_aim_interfaces-0.0.0-py3.10.egg-info/dependency_links.txt
[4.559s] -- Installing: /home/wlixill/rm_version4_ws/install/auto_aim_interfaces/local/lib/python3.10/dist-packages/auto_aim_interfaces-0.0.0-py3.10.egg-info/top_level.txt
[4.559s] -- Installing: /home/wlixill/rm_version4_ws/install/auto_aim_interfaces/local/lib/python3.10/dist-packages/auto_aim_interfaces-0.0.0-py3.10.egg-info/PKG-INFO
[4.559s] -- Up-to-date: /home/wlixill/rm_version4_ws/install/auto_aim_interfaces/local/lib/python3.10/dist-packages/auto_aim_interfaces
[4.560s] -- Installing: /home/wlixill/rm_version4_ws/install/auto_aim_interfaces/local/lib/python3.10/dist-packages/auto_aim_interfaces/__init__.py
[4.560s] -- Installing: /home/wlixill/rm_version4_ws/install/auto_aim_interfaces/local/lib/python3.10/dist-packages/auto_aim_interfaces/_auto_aim_interfaces_s.ep.rosidl_typesupport_introspection_c.c
[4.560s] -- Installing: /home/wlixill/rm_version4_ws/install/auto_aim_interfaces/local/lib/python3.10/dist-packages/auto_aim_interfaces/_auto_aim_interfaces_s.ep.rosidl_typesupport_fastrtps_c.c
[4.560s] -- Installing: /home/wlixill/rm_version4_ws/install/auto_aim_interfaces/local/lib/python3.10/dist-packages/auto_aim_interfaces/libauto_aim_interfaces__rosidl_generator_py.so
[4.560s] -- Installing: /home/wlixill/rm_version4_ws/install/auto_aim_interfaces/local/lib/python3.10/dist-packages/auto_aim_interfaces/auto_aim_interfaces_s__rosidl_typesupport_introspection_c.cpython-310-x86_64-linux-gnu.so
[4.560s] -- Installing: /home/wlixill/rm_version4_ws/install/auto_aim_interfaces/local/lib/python3.10/dist-packages/auto_aim_interfaces/auto_aim_interfaces_s__rosidl_typesupport_c.cpython-310-x86_64-linux-gnu.so
[4.561s] -- Installing: /home/wlixill/rm_version4_ws/install/auto_aim_interfaces/local/lib/python3.10/dist-packages/auto_aim_interfaces/_auto_aim_interfaces_s.ep.rosidl_typesupport_c.c
[4.561s] -- Up-to-date: /home/wlixill/rm_version4_ws/install/auto_aim_interfaces/local/lib/python3.10/dist-packages/auto_aim_interfaces/msg
[4.561s] -- Installing: /home/wlixill/rm_version4_ws/install/auto_aim_interfaces/local/lib/python3.10/dist-packages/auto_aim_interfaces/msg/__init__.py
[4.561s] -- Installing: /home/wlixill/rm_version4_ws/install/auto_aim_interfaces/local/lib/python3.10/dist-packages/auto_aim_interfaces/msg/_armors.py
[4.561s] -- Installing: /home/wlixill/rm_version4_ws/install/auto_aim_interfaces/local/lib/python3.10/dist-packages/auto_aim_interfaces/msg/_debug_lights.py
[4.561s] -- Installing: /home/wlixill/rm_version4_ws/install/auto_aim_interfaces/local/lib/python3.10/dist-packages/auto_aim_interfaces/msg/_debug_armors_s.c
[4.561s] -- Installing: /home/wlixill/rm_version4_ws/install/auto_aim_interfaces/local/lib/python3.10/dist-packages/auto_aim_interfaces/msg/_armors_s.c
[4.561s] -- Installing: /home/wlixill/rm_version4_ws/install/auto_aim_interfaces/local/lib/python3.10/dist-packages/auto_aim_interfaces/msg/_target_s.c
[4.562s] -- Installing: /home/wlixill/rm_version4_ws/install/auto_aim_interfaces/local/lib/python3.10/dist-packages/auto_aim_interfaces/msg/_armor_s.c
[4.562s] -- Installing: /home/wlixill/rm_version4_ws/install/auto_aim_interfaces/local/lib/python3.10/dist-packages/auto_aim_interfaces/msg/_armor.py
[4.562s] -- Installing: /home/wlixill/rm_version4_ws/install/auto_aim_interfaces/local/lib/python3.10/dist-packages/auto_aim_interfaces/msg/_debug_armor_s.c
[4.562s] -- Installing: /home/wlixill/rm_version4_ws/install/auto_aim_interfaces/local/lib/python3.10/dist-packages/auto_aim_interfaces/msg/_target.py
[4.562s] -- Installing: /home/wlixill/rm_version4_ws/install/auto_aim_interfaces/local/lib/python3.10/dist-packages/auto_aim_interfaces/msg/_debug_light_s.c
[4.562s] -- Installing: /home/wlixill/rm_version4_ws/install/auto_aim_interfaces/local/lib/python3.10/dist-packages/auto_aim_interfaces/msg/_debug_light.py
[4.562s] -- Installing: /home/wlixill/rm_version4_ws/install/auto_aim_interfaces/local/lib/python3.10/dist-packages/auto_aim_interfaces/msg/_debug_armors.py
[4.562s] -- Installing: /home/wlixill/rm_version4_ws/install/auto_aim_interfaces/local/lib/python3.10/dist-packages/auto_aim_interfaces/msg/_debug_armor.py
[4.563s] -- Installing: /home/wlixill/rm_version4_ws/install/auto_aim_interfaces/local/lib/python3.10/dist-packages/auto_aim_interfaces/msg/_debug_lights_s.c
[4.563s] -- Installing: /home/wlixill/rm_version4_ws/install/auto_aim_interfaces/local/lib/python3.10/dist-packages/auto_aim_interfaces/auto_aim_interfaces_s__rosidl_typesupport_fastrtps_c.cpython-310-x86_64-linux-gnu.so
[4.591s] Listing '/home/wlixill/rm_version4_ws/install/auto_aim_interfaces/local/lib/python3.10/dist-packages/auto_aim_interfaces'...
[4.592s] Compiling '/home/wlixill/rm_version4_ws/install/auto_aim_interfaces/local/lib/python3.10/dist-packages/auto_aim_interfaces/__init__.py'...
[4.592s] Listing '/home/wlixill/rm_version4_ws/install/auto_aim_interfaces/local/lib/python3.10/dist-packages/auto_aim_interfaces/msg'...
[4.592s] Compiling '/home/wlixill/rm_version4_ws/install/auto_aim_interfaces/local/lib/python3.10/dist-packages/auto_aim_interfaces/msg/__init__.py'...
[4.592s] Compiling '/home/wlixill/rm_version4_ws/install/auto_aim_interfaces/local/lib/python3.10/dist-packages/auto_aim_interfaces/msg/_armor.py'...
[4.592s] Compiling '/home/wlixill/rm_version4_ws/install/auto_aim_interfaces/local/lib/python3.10/dist-packages/auto_aim_interfaces/msg/_armors.py'...
[4.592s] Compiling '/home/wlixill/rm_version4_ws/install/auto_aim_interfaces/local/lib/python3.10/dist-packages/auto_aim_interfaces/msg/_debug_armor.py'...
[4.592s] Compiling '/home/wlixill/rm_version4_ws/install/auto_aim_interfaces/local/lib/python3.10/dist-packages/auto_aim_interfaces/msg/_debug_armors.py'...
[4.592s] Compiling '/home/wlixill/rm_version4_ws/install/auto_aim_interfaces/local/lib/python3.10/dist-packages/auto_aim_interfaces/msg/_debug_light.py'...
[4.592s] Compiling '/home/wlixill/rm_version4_ws/install/auto_aim_interfaces/local/lib/python3.10/dist-packages/auto_aim_interfaces/msg/_debug_lights.py'...
[4.592s] Compiling '/home/wlixill/rm_version4_ws/install/auto_aim_interfaces/local/lib/python3.10/dist-packages/auto_aim_interfaces/msg/_target.py'...
[4.595s] -- Installing: /home/wlixill/rm_version4_ws/install/auto_aim_interfaces/local/lib/python3.10/dist-packages/auto_aim_interfaces/auto_aim_interfaces_s__rosidl_typesupport_fastrtps_c.cpython-310-x86_64-linux-gnu.so
[4.595s] -- Set runtime path of "/home/wlixill/rm_version4_ws/install/auto_aim_interfaces/local/lib/python3.10/dist-packages/auto_aim_interfaces/auto_aim_interfaces_s__rosidl_typesupport_fastrtps_c.cpython-310-x86_64-linux-gnu.so" to ""
[4.595s] -- Installing: /home/wlixill/rm_version4_ws/install/auto_aim_interfaces/local/lib/python3.10/dist-packages/auto_aim_interfaces/auto_aim_interfaces_s__rosidl_typesupport_introspection_c.cpython-310-x86_64-linux-gnu.so
[4.596s] -- Set runtime path of "/home/wlixill/rm_version4_ws/install/auto_aim_interfaces/local/lib/python3.10/dist-packages/auto_aim_interfaces/auto_aim_interfaces_s__rosidl_typesupport_introspection_c.cpython-310-x86_64-linux-gnu.so" to ""
[4.596s] -- Installing: /home/wlixill/rm_version4_ws/install/auto_aim_interfaces/local/lib/python3.10/dist-packages/auto_aim_interfaces/auto_aim_interfaces_s__rosidl_typesupport_c.cpython-310-x86_64-linux-gnu.so
[4.596s] -- Set runtime path of "/home/wlixill/rm_version4_ws/install/auto_aim_interfaces/local/lib/python3.10/dist-packages/auto_aim_interfaces/auto_aim_interfaces_s__rosidl_typesupport_c.cpython-310-x86_64-linux-gnu.so" to ""
[4.596s] -- Installing: /home/wlixill/rm_version4_ws/install/auto_aim_interfaces/lib/libauto_aim_interfaces__rosidl_generator_py.so
[4.597s] -- Set runtime path of "/home/wlixill/rm_version4_ws/install/auto_aim_interfaces/lib/libauto_aim_interfaces__rosidl_generator_py.so" to ""
[4.597s] -- Installing: /home/wlixill/rm_version4_ws/install/auto_aim_interfaces/share/auto_aim_interfaces/msg/Armor.idl
[4.597s] -- Installing: /home/wlixill/rm_version4_ws/install/auto_aim_interfaces/share/auto_aim_interfaces/msg/Armors.idl
[4.597s] -- Installing: /home/wlixill/rm_version4_ws/install/auto_aim_interfaces/share/auto_aim_interfaces/msg/Target.idl
[4.597s] -- Installing: /home/wlixill/rm_version4_ws/install/auto_aim_interfaces/share/auto_aim_interfaces/msg/DebugLight.idl
[4.597s] -- Installing: /home/wlixill/rm_version4_ws/install/auto_aim_interfaces/share/auto_aim_interfaces/msg/DebugLights.idl
[4.598s] -- Installing: /home/wlixill/rm_version4_ws/install/auto_aim_interfaces/share/auto_aim_interfaces/msg/DebugArmor.idl
[4.598s] -- Installing: /home/wlixill/rm_version4_ws/install/auto_aim_interfaces/share/auto_aim_interfaces/msg/DebugArmors.idl
[4.598s] -- Up-to-date: /home/wlixill/rm_version4_ws/install/auto_aim_interfaces/share/auto_aim_interfaces/msg/Armor.msg
[4.598s] -- Up-to-date: /home/wlixill/rm_version4_ws/install/auto_aim_interfaces/share/auto_aim_interfaces/msg/Armors.msg
[4.598s] -- Up-to-date: /home/wlixill/rm_version4_ws/install/auto_aim_interfaces/share/auto_aim_interfaces/msg/Target.msg
[4.598s] -- Up-to-date: /home/wlixill/rm_version4_ws/install/auto_aim_interfaces/share/auto_aim_interfaces/msg/DebugLight.msg
[4.598s] -- Up-to-date: /home/wlixill/rm_version4_ws/install/auto_aim_interfaces/share/auto_aim_interfaces/msg/DebugLights.msg
[4.598s] -- Up-to-date: /home/wlixill/rm_version4_ws/install/auto_aim_interfaces/share/auto_aim_interfaces/msg/DebugArmor.msg
[4.598s] -- Up-to-date: /home/wlixill/rm_version4_ws/install/auto_aim_interfaces/share/auto_aim_interfaces/msg/DebugArmors.msg
[4.598s] -- Installing: /home/wlixill/rm_version4_ws/install/auto_aim_interfaces/share/ament_index/resource_index/package_run_dependencies/auto_aim_interfaces
[4.598s] -- Installing: /home/wlixill/rm_version4_ws/install/auto_aim_interfaces/share/ament_index/resource_index/parent_prefix_path/auto_aim_interfaces
[4.598s] -- Installing: /home/wlixill/rm_version4_ws/install/auto_aim_interfaces/share/auto_aim_interfaces/environment/ament_prefix_path.dsv
[4.599s] -- Installing: /home/wlixill/rm_version4_ws/install/auto_aim_interfaces/share/auto_aim_interfaces/environment/path.dsv
[4.599s] -- Installing: /home/wlixill/rm_version4_ws/install/auto_aim_interfaces/share/auto_aim_interfaces/local_setup.bash
[4.599s] -- Installing: /home/wlixill/rm_version4_ws/install/auto_aim_interfaces/share/auto_aim_interfaces/local_setup.sh
[4.599s] -- Installing: /home/wlixill/rm_version4_ws/install/auto_aim_interfaces/share/auto_aim_interfaces/local_setup.zsh
[4.599s] -- Installing: /home/wlixill/rm_version4_ws/install/auto_aim_interfaces/share/auto_aim_interfaces/local_setup.dsv
[4.599s] -- Installing: /home/wlixill/rm_version4_ws/install/auto_aim_interfaces/share/auto_aim_interfaces/package.dsv
[4.599s] -- Installing: /home/wlixill/rm_version4_ws/install/auto_aim_interfaces/share/ament_index/resource_index/packages/auto_aim_interfaces
[4.600s] -- Installing: /home/wlixill/rm_version4_ws/install/auto_aim_interfaces/share/auto_aim_interfaces/cmake/export_auto_aim_interfaces__rosidl_generator_cExport.cmake
[4.600s] -- Installing: /home/wlixill/rm_version4_ws/install/auto_aim_interfaces/share/auto_aim_interfaces/cmake/export_auto_aim_interfaces__rosidl_generator_cExport-noconfig.cmake
[4.600s] -- Installing: /home/wlixill/rm_version4_ws/install/auto_aim_interfaces/share/auto_aim_interfaces/cmake/export_auto_aim_interfaces__rosidl_typesupport_fastrtps_cExport.cmake
[4.600s] -- Installing: /home/wlixill/rm_version4_ws/install/auto_aim_interfaces/share/auto_aim_interfaces/cmake/export_auto_aim_interfaces__rosidl_typesupport_fastrtps_cExport-noconfig.cmake
[4.600s] -- Installing: /home/wlixill/rm_version4_ws/install/auto_aim_interfaces/share/auto_aim_interfaces/cmake/auto_aim_interfaces__rosidl_typesupport_introspection_cExport.cmake
[4.600s] -- Installing: /home/wlixill/rm_version4_ws/install/auto_aim_interfaces/share/auto_aim_interfaces/cmake/auto_aim_interfaces__rosidl_typesupport_introspection_cExport-noconfig.cmake
[4.601s] -- Installing: /home/wlixill/rm_version4_ws/install/auto_aim_interfaces/share/auto_aim_interfaces/cmake/auto_aim_interfaces__rosidl_typesupport_cExport.cmake
[4.601s] -- Installing: /home/wlixill/rm_version4_ws/install/auto_aim_interfaces/share/auto_aim_interfaces/cmake/auto_aim_interfaces__rosidl_typesupport_cExport-noconfig.cmake
[4.601s] -- Installing: /home/wlixill/rm_version4_ws/install/auto_aim_interfaces/share/auto_aim_interfaces/cmake/export_auto_aim_interfaces__rosidl_generator_cppExport.cmake
[4.601s] -- Installing: /home/wlixill/rm_version4_ws/install/auto_aim_interfaces/share/auto_aim_interfaces/cmake/export_auto_aim_interfaces__rosidl_typesupport_fastrtps_cppExport.cmake
[4.601s] -- Installing: /home/wlixill/rm_version4_ws/install/auto_aim_interfaces/share/auto_aim_interfaces/cmake/export_auto_aim_interfaces__rosidl_typesupport_fastrtps_cppExport-noconfig.cmake
[4.601s] -- Installing: /home/wlixill/rm_version4_ws/install/auto_aim_interfaces/share/auto_aim_interfaces/cmake/auto_aim_interfaces__rosidl_typesupport_introspection_cppExport.cmake
[4.602s] -- Installing: /home/wlixill/rm_version4_ws/install/auto_aim_interfaces/share/auto_aim_interfaces/cmake/auto_aim_interfaces__rosidl_typesupport_introspection_cppExport-noconfig.cmake
[4.602s] -- Installing: /home/wlixill/rm_version4_ws/install/auto_aim_interfaces/share/auto_aim_interfaces/cmake/auto_aim_interfaces__rosidl_typesupport_cppExport.cmake
[4.602s] -- Installing: /home/wlixill/rm_version4_ws/install/auto_aim_interfaces/share/auto_aim_interfaces/cmake/auto_aim_interfaces__rosidl_typesupport_cppExport-noconfig.cmake
[4.602s] -- Installing: /home/wlixill/rm_version4_ws/install/auto_aim_interfaces/share/auto_aim_interfaces/cmake/export_auto_aim_interfaces__rosidl_generator_pyExport.cmake
[4.602s] -- Installing: /home/wlixill/rm_version4_ws/install/auto_aim_interfaces/share/auto_aim_interfaces/cmake/export_auto_aim_interfaces__rosidl_generator_pyExport-noconfig.cmake
[4.603s] -- Installing: /home/wlixill/rm_version4_ws/install/auto_aim_interfaces/share/auto_aim_interfaces/cmake/rosidl_cmake-extras.cmake
[4.603s] -- Installing: /home/wlixill/rm_version4_ws/install/auto_aim_interfaces/share/auto_aim_interfaces/cmake/ament_cmake_export_dependencies-extras.cmake
[4.603s] -- Installing: /home/wlixill/rm_version4_ws/install/auto_aim_interfaces/share/auto_aim_interfaces/cmake/ament_cmake_export_include_directories-extras.cmake
[4.603s] -- Installing: /home/wlixill/rm_version4_ws/install/auto_aim_interfaces/share/auto_aim_interfaces/cmake/ament_cmake_export_libraries-extras.cmake
[4.603s] -- Installing: /home/wlixill/rm_version4_ws/install/auto_aim_interfaces/share/auto_aim_interfaces/cmake/ament_cmake_export_targets-extras.cmake
[4.603s] -- Installing: /home/wlixill/rm_version4_ws/install/auto_aim_interfaces/share/auto_aim_interfaces/cmake/rosidl_cmake_export_typesupport_targets-extras.cmake
[4.603s] -- Installing: /home/wlixill/rm_version4_ws/install/auto_aim_interfaces/share/auto_aim_interfaces/cmake/rosidl_cmake_export_typesupport_libraries-extras.cmake
[4.604s] -- Installing: /home/wlixill/rm_version4_ws/install/auto_aim_interfaces/share/auto_aim_interfaces/cmake/auto_aim_interfacesConfig.cmake
[4.604s] -- Installing: /home/wlixill/rm_version4_ws/install/auto_aim_interfaces/share/auto_aim_interfaces/cmake/auto_aim_interfacesConfig-version.cmake
[4.604s] -- Up-to-date: /home/wlixill/rm_version4_ws/install/auto_aim_interfaces/share/auto_aim_interfaces/package.xml
[4.606s] Invoked command in '/home/wlixill/rm_version4_ws/build/auto_aim_interfaces' returned '0': CMAKE_PREFIX_PATH=${CMAKE_PREFIX_PATH}:/opt/ros/humble /usr/bin/cmake --install /home/wlixill/rm_version4_ws/build/auto_aim_interfaces
