[0.011s] Invoking command in '/home/wlixill/rm_version4_ws/build/armor_processor': CMAKE_PREFIX_PATH=/home/wlixill/rm_version4_ws/install/auto_aim_interfaces:/home/wlixill/rm_version4_ws/install/auto_aim_bringup:/home/wlixill/rm_version4_ws/install/rm_serial_driver:/home/wlixill/rm_version4_ws/install/rm_gimbal_description:/home/wlixill/rm_version4_ws/install/daheng_camera:/home/wlixill/rm_version4_ws/install/armor_processor:/home/wlixill/rm_version4_ws/install/armor_detector:/home/wlixill/rm_tools/install/daheng_camera:/opt/ros/humble LD_LIBRARY_PATH=/home/wlixill/rm_version4_ws/install/auto_aim_interfaces/lib:/home/wlixill/rm_version4_ws/install/rm_serial_driver/lib:/home/wlixill/rm_version4_ws/install/daheng_camera/lib:/home/wlixill/rm_version4_ws/install/armor_processor/lib:/home/wlixill/rm_version4_ws/install/armor_detector/lib:/home/wlixill/rm_tools/install/daheng_camera/lib:/opt/ros/humble/opt/rviz_ogre_vendor/lib:/opt/ros/humble/lib/x86_64-linux-gnu:/opt/ros/humble/lib /usr/bin/cmake /home/wlixill/rm_version4_ws/src/rm_auto_aim/armor_processor -DCMAKE_INSTALL_PREFIX=/home/wlixill/rm_version4_ws/install/armor_processor
[0.055s] -- The C compiler identification is GNU 11.4.0
[0.100s] -- The CXX compiler identification is GNU 11.4.0
[0.106s] -- Detecting C compiler ABI info
[0.196s] -- Detecting C compiler ABI info - done
[0.201s] -- Check for working C compiler: /usr/bin/cc - skipped
[0.201s] -- Detecting C compile features
[0.201s] -- Detecting C compile features - done
[0.204s] -- Detecting CXX compiler ABI info
[0.275s] -- Detecting CXX compiler ABI info - done
[0.283s] -- Check for working CXX compiler: /usr/bin/c++ - skipped
[0.283s] -- Detecting CXX compile features
[0.284s] -- Detecting CXX compile features - done
[0.287s] -- Found ament_cmake_auto: 1.3.8 (/opt/ros/humble/share/ament_cmake_auto/cmake)
[0.412s] -- Found Python3: /usr/bin/python3 (found version "3.10.12") found components: Interpreter 
[0.589s] -- Found rosidl_generator_c: 3.1.5 (/opt/ros/humble/share/rosidl_generator_c/cmake)
[0.594s] -- Found rosidl_adapter: 3.1.5 (/opt/ros/humble/share/rosidl_adapter/cmake)
[0.601s] -- Found rosidl_generator_cpp: 3.1.5 (/opt/ros/humble/share/rosidl_generator_cpp/cmake)
[0.613s] -- Using all available rosidl_typesupport_c: rosidl_typesupport_fastrtps_c;rosidl_typesupport_introspection_c
[0.629s] -- Using all available rosidl_typesupport_cpp: rosidl_typesupport_fastrtps_cpp;rosidl_typesupport_introspection_cpp
[0.685s] -- Found rmw_implementation_cmake: 6.1.1 (/opt/ros/humble/share/rmw_implementation_cmake/cmake)
[0.688s] -- Found rmw_fastrtps_cpp: 6.2.6 (/opt/ros/humble/share/rmw_fastrtps_cpp/cmake)
[0.779s] -- Found OpenSSL: /usr/lib/x86_64-linux-gnu/libcrypto.so (found version "3.0.2")  
[0.802s] -- Found FastRTPS: /opt/ros/humble/include  
[0.842s] -- Using RMW implementation 'rmw_fastrtps_cpp' as default
[0.851s] -- Looking for pthread.h
[0.967s] -- Looking for pthread.h - found
[0.967s] -- Performing Test CMAKE_HAVE_LIBC_PTHREAD
[1.055s] -- Performing Test CMAKE_HAVE_LIBC_PTHREAD - Success
[1.055s] -- Found Threads: TRUE  
[1.441s] -- Found eigen3_cmake_module: 0.1.1 (/opt/ros/humble/share/eigen3_cmake_module/cmake)
[1.442s] -- Found Eigen3: TRUE (found version "3.3.9") 
[1.442s] -- Ensuring Eigen3 include directory is part of orocos-kdl CMake target
[1.692s] -- Found ament_lint_auto: 0.12.10 (/opt/ros/humble/share/ament_lint_auto/cmake)
[1.723s] -- Added test 'cppcheck' to perform static code analysis on C / C++ code
[1.723s] -- Configured cppcheck include dirs: /home/wlixill/rm_version4_ws/src/rm_auto_aim/armor_processor/include
[1.723s] -- Configured cppcheck exclude dirs and/or files: 
[1.723s] -- Added test 'lint_cmake' to check CMake code style
[1.724s] -- Added test 'xmllint' to check XML markup files
[1.726s] -- Configuring done
[1.739s] -- Generating done
[1.741s] -- Build files have been written to: /home/wlixill/rm_version4_ws/build/armor_processor
