[0.009s] Invoking command in '/home/wlixill/rm_version4_ws/build/rm_serial_driver': CMAKE_PREFIX_PATH=/home/wlixill/rm_version4_ws/install/auto_aim_interfaces:/home/wlixill/rm_version4_ws/install/auto_aim_bringup:/home/wlixill/rm_version4_ws/install/rm_serial_driver:/home/wlixill/rm_version4_ws/install/rm_gimbal_description:/home/wlixill/rm_version4_ws/install/daheng_camera:/home/wlixill/rm_version4_ws/install/armor_processor:/home/wlixill/rm_version4_ws/install/armor_detector:/home/wlixill/rm_tools/install/daheng_camera:/opt/ros/humble LD_LIBRARY_PATH=/home/wlixill/rm_version4_ws/install/auto_aim_interfaces/lib:/home/wlixill/rm_version4_ws/install/rm_serial_driver/lib:/home/wlixill/rm_version4_ws/install/daheng_camera/lib:/home/wlixill/rm_version4_ws/install/armor_processor/lib:/home/wlixill/rm_version4_ws/install/armor_detector/lib:/home/wlixill/rm_tools/install/daheng_camera/lib:/opt/ros/humble/opt/rviz_ogre_vendor/lib:/opt/ros/humble/lib/x86_64-linux-gnu:/opt/ros/humble/lib /usr/bin/cmake /home/wlixill/rm_version4_ws/src/rm_auto_aim/rm_serial_driver -DCMAKE_INSTALL_PREFIX=/home/wlixill/rm_version4_ws/install/rm_serial_driver
[0.051s] -- The C compiler identification is GNU 11.4.0
[0.095s] -- The CXX compiler identification is GNU 11.4.0
[0.100s] -- Detecting C compiler ABI info
[0.160s] -- Detecting C compiler ABI info - done
[0.165s] -- Check for working C compiler: /usr/bin/cc - skipped
[0.165s] -- Detecting C compile features
[0.165s] -- Detecting C compile features - done
[0.168s] -- Detecting CXX compiler ABI info
[0.256s] -- Detecting CXX compiler ABI info - done
[0.262s] -- Check for working CXX compiler: /usr/bin/c++ - skipped
[0.262s] -- Detecting CXX compile features
[0.262s] -- Detecting CXX compile features - done
[0.265s] -- Found ament_cmake_auto: 1.3.8 (/opt/ros/humble/share/ament_cmake_auto/cmake)
[0.383s] -- Found Python3: /usr/bin/python3 (found version "3.10.12") found components: Interpreter 
[0.546s] -- Found rosidl_generator_c: 3.1.5 (/opt/ros/humble/share/rosidl_generator_c/cmake)
[0.551s] -- Found rosidl_adapter: 3.1.5 (/opt/ros/humble/share/rosidl_adapter/cmake)
[0.559s] -- Found rosidl_generator_cpp: 3.1.5 (/opt/ros/humble/share/rosidl_generator_cpp/cmake)
[0.571s] -- Using all available rosidl_typesupport_c: rosidl_typesupport_fastrtps_c;rosidl_typesupport_introspection_c
[0.587s] -- Using all available rosidl_typesupport_cpp: rosidl_typesupport_fastrtps_cpp;rosidl_typesupport_introspection_cpp
[0.645s] -- Found rmw_implementation_cmake: 6.1.1 (/opt/ros/humble/share/rmw_implementation_cmake/cmake)
[0.647s] -- Found rmw_fastrtps_cpp: 6.2.6 (/opt/ros/humble/share/rmw_fastrtps_cpp/cmake)
[0.740s] -- Found OpenSSL: /usr/lib/x86_64-linux-gnu/libcrypto.so (found version "3.0.2")  
[0.769s] -- Found FastRTPS: /opt/ros/humble/include  
[0.810s] -- Using RMW implementation 'rmw_fastrtps_cpp' as default
[0.820s] -- Looking for pthread.h
[0.881s] -- Looking for pthread.h - found
[0.881s] -- Performing Test CMAKE_HAVE_LIBC_PTHREAD
[0.976s] -- Performing Test CMAKE_HAVE_LIBC_PTHREAD - Success
[0.977s] -- Found Threads: TRUE  
[1.376s] -- Found ament_lint_auto: 0.12.10 (/opt/ros/humble/share/ament_lint_auto/cmake)
[1.407s] -- Added test 'cppcheck' to perform static code analysis on C / C++ code
[1.407s] -- Configured cppcheck include dirs: /home/wlixill/rm_version4_ws/src/rm_auto_aim/rm_serial_driver/include
[1.407s] -- Configured cppcheck exclude dirs and/or files: 
[1.408s] -- Added test 'cpplint' to check C / C++ code against the Google style
[1.408s] -- Configured cpplint exclude dirs and/or files: 
[1.409s] -- Added test 'flake8' to check Python code syntax and style conventions
[1.410s] -- Added test 'lint_cmake' to check CMake code style
[1.410s] -- Added test 'pep257' to check Python code against some of the docstring style conventions in PEP 257
[1.411s] -- Added test 'xmllint' to check XML markup files
[1.413s] -- Configuring done
[1.425s] -- Generating done
[1.426s] -- Build files have been written to: /home/wlixill/rm_version4_ws/build/rm_serial_driver
[1.436s] Invoked command in '/home/wlixill/rm_version4_ws/build/rm_serial_driver' returned '0': CMAKE_PREFIX_PATH=/home/wlixill/rm_version4_ws/install/auto_aim_interfaces:/home/wlixill/rm_version4_ws/install/auto_aim_bringup:/home/wlixill/rm_version4_ws/install/rm_serial_driver:/home/wlixill/rm_version4_ws/install/rm_gimbal_description:/home/wlixill/rm_version4_ws/install/daheng_camera:/home/wlixill/rm_version4_ws/install/armor_processor:/home/wlixill/rm_version4_ws/install/armor_detector:/home/wlixill/rm_tools/install/daheng_camera:/opt/ros/humble LD_LIBRARY_PATH=/home/wlixill/rm_version4_ws/install/auto_aim_interfaces/lib:/home/wlixill/rm_version4_ws/install/rm_serial_driver/lib:/home/wlixill/rm_version4_ws/install/daheng_camera/lib:/home/wlixill/rm_version4_ws/install/armor_processor/lib:/home/wlixill/rm_version4_ws/install/armor_detector/lib:/home/wlixill/rm_tools/install/daheng_camera/lib:/opt/ros/humble/opt/rviz_ogre_vendor/lib:/opt/ros/humble/lib/x86_64-linux-gnu:/opt/ros/humble/lib /usr/bin/cmake /home/wlixill/rm_version4_ws/src/rm_auto_aim/rm_serial_driver -DCMAKE_INSTALL_PREFIX=/home/wlixill/rm_version4_ws/install/rm_serial_driver
[1.437s] Invoking command in '/home/wlixill/rm_version4_ws/build/rm_serial_driver': CMAKE_PREFIX_PATH=/home/wlixill/rm_version4_ws/install/auto_aim_interfaces:/home/wlixill/rm_version4_ws/install/auto_aim_bringup:/home/wlixill/rm_version4_ws/install/rm_serial_driver:/home/wlixill/rm_version4_ws/install/rm_gimbal_description:/home/wlixill/rm_version4_ws/install/daheng_camera:/home/wlixill/rm_version4_ws/install/armor_processor:/home/wlixill/rm_version4_ws/install/armor_detector:/home/wlixill/rm_tools/install/daheng_camera:/opt/ros/humble LD_LIBRARY_PATH=/home/wlixill/rm_version4_ws/install/auto_aim_interfaces/lib:/home/wlixill/rm_version4_ws/install/rm_serial_driver/lib:/home/wlixill/rm_version4_ws/install/daheng_camera/lib:/home/wlixill/rm_version4_ws/install/armor_processor/lib:/home/wlixill/rm_version4_ws/install/armor_detector/lib:/home/wlixill/rm_tools/install/daheng_camera/lib:/opt/ros/humble/opt/rviz_ogre_vendor/lib:/opt/ros/humble/lib/x86_64-linux-gnu:/opt/ros/humble/lib /usr/bin/cmake --build /home/wlixill/rm_version4_ws/build/rm_serial_driver -- -j16 -l16
[1.484s] [ 25%] [32mBuilding CXX object CMakeFiles/rm_serial_driver_node.dir/rclcpp_components/node_main_rm_serial_driver_node.cpp.o[0m
[1.484s] [ 50%] [32mBuilding CXX object CMakeFiles/rm_serial_driver.dir/src/rm_serial_driver.cpp.o[0m
[1.709s] In file included from [01m[K/home/wlixill/rm_version4_ws/src/rm_auto_aim/rm_serial_driver/src/rm_serial_driver.cpp:4[m[K:
[1.709s] [01m[K/home/wlixill/rm_version4_ws/src/rm_auto_aim/rm_serial_driver/include/rm_serial_driver/rm_serial_driver.hpp:11:10:[m[K [01;31m[Kfatal error: [m[Kserial_driver/serial_driver.hpp: 没有那个文件或目录
[1.709s]    11 | #include [01;31m[K<serial_driver/serial_driver.hpp>[m[K
[1.709s]       |          [01;31m[K^~~~~~~~~~~~~~~~~~~~~~~~~~~~~~~~~[m[K
[1.709s] compilation terminated.
[1.712s] gmake[2]: *** [CMakeFiles/rm_serial_driver.dir/build.make:76：CMakeFiles/rm_serial_driver.dir/src/rm_serial_driver.cpp.o] 错误 1
[1.713s] gmake[1]: *** [CMakeFiles/Makefile2:139：CMakeFiles/rm_serial_driver.dir/all] 错误 2
[1.713s] gmake[1]: *** 正在等待未完成的任务....
[4.524s] [ 75%] [32m[1mLinking CXX executable rm_serial_driver_node[0m
[4.652s] [ 75%] Built target rm_serial_driver_node
[4.654s] gmake: *** [Makefile:146：all] 错误 2
[4.657s] Invoked command in '/home/wlixill/rm_version4_ws/build/rm_serial_driver' returned '2': CMAKE_PREFIX_PATH=/home/wlixill/rm_version4_ws/install/auto_aim_interfaces:/home/wlixill/rm_version4_ws/install/auto_aim_bringup:/home/wlixill/rm_version4_ws/install/rm_serial_driver:/home/wlixill/rm_version4_ws/install/rm_gimbal_description:/home/wlixill/rm_version4_ws/install/daheng_camera:/home/wlixill/rm_version4_ws/install/armor_processor:/home/wlixill/rm_version4_ws/install/armor_detector:/home/wlixill/rm_tools/install/daheng_camera:/opt/ros/humble LD_LIBRARY_PATH=/home/wlixill/rm_version4_ws/install/auto_aim_interfaces/lib:/home/wlixill/rm_version4_ws/install/rm_serial_driver/lib:/home/wlixill/rm_version4_ws/install/daheng_camera/lib:/home/wlixill/rm_version4_ws/install/armor_processor/lib:/home/wlixill/rm_version4_ws/install/armor_detector/lib:/home/wlixill/rm_tools/install/daheng_camera/lib:/opt/ros/humble/opt/rviz_ogre_vendor/lib:/opt/ros/humble/lib/x86_64-linux-gnu:/opt/ros/humble/lib /usr/bin/cmake --build /home/wlixill/rm_version4_ws/build/rm_serial_driver -- -j16 -l16
