[0.012s] Invoking command in '/home/wlixill/rm_version4_ws/build/armor_detector': CMAKE_PREFIX_PATH=/home/wlixill/rm_version4_ws/install/auto_aim_interfaces:/home/wlixill/rm_version4_ws/install/auto_aim_bringup:/home/wlixill/rm_version4_ws/install/rm_serial_driver:/home/wlixill/rm_version4_ws/install/rm_gimbal_description:/home/wlixill/rm_version4_ws/install/daheng_camera:/home/wlixill/rm_version4_ws/install/armor_processor:/home/wlixill/rm_version4_ws/install/armor_detector:/home/wlixill/rm_tools/install/daheng_camera:/opt/ros/humble LD_LIBRARY_PATH=/home/wlixill/rm_version4_ws/install/auto_aim_interfaces/lib:/home/wlixill/rm_version4_ws/install/rm_serial_driver/lib:/home/wlixill/rm_version4_ws/install/daheng_camera/lib:/home/wlixill/rm_version4_ws/install/armor_processor/lib:/home/wlixill/rm_version4_ws/install/armor_detector/lib:/home/wlixill/rm_tools/install/daheng_camera/lib:/opt/ros/humble/opt/rviz_ogre_vendor/lib:/opt/ros/humble/lib/x86_64-linux-gnu:/opt/ros/humble/lib /usr/bin/cmake --build /home/wlixill/rm_version4_ws/build/armor_detector -- -j16 -l16
[0.050s] [35m[1mConsolidate compiler generated dependencies of target gtest[0m
[0.051s] [35m[1mConsolidate compiler generated dependencies of target armor_detector_node[0m
[0.051s] [35m[1mConsolidate compiler generated dependencies of target armor_detector[0m
[0.051s] [35m[1mConsolidate compiler generated dependencies of target gtest_main[0m
[0.065s] [ 26%] Built target gtest_main
[0.065s] [ 26%] Built target gtest
[0.071s] [ 40%] Built target armor_detector_node
[0.075s] [ 73%] Built target armor_detector
[0.085s] [35m[1mConsolidate compiler generated dependencies of target test_number_cls[0m
[0.085s] [35m[1mConsolidate compiler generated dependencies of target test_node_startup[0m
[0.100s] [ 86%] Built target test_number_cls
[0.105s] [100%] Built target test_node_startup
[0.117s] Invoked command in '/home/wlixill/rm_version4_ws/build/armor_detector' returned '0': CMAKE_PREFIX_PATH=/home/wlixill/rm_version4_ws/install/auto_aim_interfaces:/home/wlixill/rm_version4_ws/install/auto_aim_bringup:/home/wlixill/rm_version4_ws/install/rm_serial_driver:/home/wlixill/rm_version4_ws/install/rm_gimbal_description:/home/wlixill/rm_version4_ws/install/daheng_camera:/home/wlixill/rm_version4_ws/install/armor_processor:/home/wlixill/rm_version4_ws/install/armor_detector:/home/wlixill/rm_tools/install/daheng_camera:/opt/ros/humble LD_LIBRARY_PATH=/home/wlixill/rm_version4_ws/install/auto_aim_interfaces/lib:/home/wlixill/rm_version4_ws/install/rm_serial_driver/lib:/home/wlixill/rm_version4_ws/install/daheng_camera/lib:/home/wlixill/rm_version4_ws/install/armor_processor/lib:/home/wlixill/rm_version4_ws/install/armor_detector/lib:/home/wlixill/rm_tools/install/daheng_camera/lib:/opt/ros/humble/opt/rviz_ogre_vendor/lib:/opt/ros/humble/lib/x86_64-linux-gnu:/opt/ros/humble/lib /usr/bin/cmake --build /home/wlixill/rm_version4_ws/build/armor_detector -- -j16 -l16
[0.164s] Invoking command in '/home/wlixill/rm_version4_ws/build/armor_detector': CMAKE_PREFIX_PATH=/home/wlixill/rm_version4_ws/install/auto_aim_interfaces:/home/wlixill/rm_version4_ws/install/auto_aim_bringup:/home/wlixill/rm_version4_ws/install/rm_serial_driver:/home/wlixill/rm_version4_ws/install/rm_gimbal_description:/home/wlixill/rm_version4_ws/install/daheng_camera:/home/wlixill/rm_version4_ws/install/armor_processor:/home/wlixill/rm_version4_ws/install/armor_detector:/home/wlixill/rm_tools/install/daheng_camera:/opt/ros/humble LD_LIBRARY_PATH=/home/wlixill/rm_version4_ws/install/auto_aim_interfaces/lib:/home/wlixill/rm_version4_ws/install/rm_serial_driver/lib:/home/wlixill/rm_version4_ws/install/daheng_camera/lib:/home/wlixill/rm_version4_ws/install/armor_processor/lib:/home/wlixill/rm_version4_ws/install/armor_detector/lib:/home/wlixill/rm_tools/install/daheng_camera/lib:/opt/ros/humble/opt/rviz_ogre_vendor/lib:/opt/ros/humble/lib/x86_64-linux-gnu:/opt/ros/humble/lib /usr/bin/cmake --install /home/wlixill/rm_version4_ws/build/armor_detector
[0.171s] -- Install configuration: ""
[0.171s] -- Installing: /home/wlixill/rm_version4_ws/install/armor_detector/lib/armor_detector/armor_detector_node
[0.172s] -- Set runtime path of "/home/wlixill/rm_version4_ws/install/armor_detector/lib/armor_detector/armor_detector_node" to ""
[0.172s] -- Up-to-date: /home/wlixill/rm_version4_ws/install/armor_detector/include
[0.172s] -- Up-to-date: /home/wlixill/rm_version4_ws/install/armor_detector/include/armor_detector
[0.172s] -- Up-to-date: /home/wlixill/rm_version4_ws/install/armor_detector/include/armor_detector/pnp_solver.hpp
[0.172s] -- Up-to-date: /home/wlixill/rm_version4_ws/install/armor_detector/include/armor_detector/armor.hpp
[0.172s] -- Up-to-date: /home/wlixill/rm_version4_ws/install/armor_detector/include/armor_detector/number_classifier.hpp
[0.172s] -- Up-to-date: /home/wlixill/rm_version4_ws/install/armor_detector/include/armor_detector/detector_node.hpp
[0.172s] -- Up-to-date: /home/wlixill/rm_version4_ws/install/armor_detector/include/armor_detector/detector.hpp
[0.172s] -- Installing: /home/wlixill/rm_version4_ws/install/armor_detector/share/armor_detector/environment/library_path.dsv
[0.172s] -- Installing: /home/wlixill/rm_version4_ws/install/armor_detector/lib/libarmor_detector.so
[0.192s] -- Set runtime path of "/home/wlixill/rm_version4_ws/install/armor_detector/lib/libarmor_detector.so" to ""
[0.193s] -- Up-to-date: /home/wlixill/rm_version4_ws/install/armor_detector/share/armor_detector/model
[0.193s] -- Up-to-date: /home/wlixill/rm_version4_ws/install/armor_detector/share/armor_detector/model/label.txt
[0.193s] -- Up-to-date: /home/wlixill/rm_version4_ws/install/armor_detector/share/armor_detector/model/fc.onnx
[0.193s] -- Installing: /home/wlixill/rm_version4_ws/install/armor_detector/share/ament_index/resource_index/package_run_dependencies/armor_detector
[0.193s] -- Installing: /home/wlixill/rm_version4_ws/install/armor_detector/share/ament_index/resource_index/parent_prefix_path/armor_detector
[0.193s] -- Installing: /home/wlixill/rm_version4_ws/install/armor_detector/share/armor_detector/environment/ament_prefix_path.dsv
[0.193s] -- Installing: /home/wlixill/rm_version4_ws/install/armor_detector/share/armor_detector/environment/path.dsv
[0.193s] -- Installing: /home/wlixill/rm_version4_ws/install/armor_detector/share/armor_detector/local_setup.bash
[0.193s] -- Installing: /home/wlixill/rm_version4_ws/install/armor_detector/share/armor_detector/local_setup.sh
[0.193s] -- Installing: /home/wlixill/rm_version4_ws/install/armor_detector/share/armor_detector/local_setup.zsh
[0.193s] -- Installing: /home/wlixill/rm_version4_ws/install/armor_detector/share/armor_detector/local_setup.dsv
[0.193s] -- Installing: /home/wlixill/rm_version4_ws/install/armor_detector/share/armor_detector/package.dsv
[0.194s] -- Installing: /home/wlixill/rm_version4_ws/install/armor_detector/share/ament_index/resource_index/packages/armor_detector
[0.194s] -- Installing: /home/wlixill/rm_version4_ws/install/armor_detector/share/ament_index/resource_index/rclcpp_components/armor_detector
[0.194s] -- Installing: /home/wlixill/rm_version4_ws/install/armor_detector/share/armor_detector/cmake/ament_cmake_export_dependencies-extras.cmake
[0.194s] -- Installing: /home/wlixill/rm_version4_ws/install/armor_detector/share/armor_detector/cmake/ament_cmake_export_include_directories-extras.cmake
[0.194s] -- Installing: /home/wlixill/rm_version4_ws/install/armor_detector/share/armor_detector/cmake/ament_cmake_export_libraries-extras.cmake
[0.194s] -- Installing: /home/wlixill/rm_version4_ws/install/armor_detector/share/armor_detector/cmake/armor_detectorConfig.cmake
[0.194s] -- Installing: /home/wlixill/rm_version4_ws/install/armor_detector/share/armor_detector/cmake/armor_detectorConfig-version.cmake
[0.195s] -- Up-to-date: /home/wlixill/rm_version4_ws/install/armor_detector/share/armor_detector/package.xml
[0.197s] Invoked command in '/home/wlixill/rm_version4_ws/build/armor_detector' returned '0': CMAKE_PREFIX_PATH=/home/wlixill/rm_version4_ws/install/auto_aim_interfaces:/home/wlixill/rm_version4_ws/install/auto_aim_bringup:/home/wlixill/rm_version4_ws/install/rm_serial_driver:/home/wlixill/rm_version4_ws/install/rm_gimbal_description:/home/wlixill/rm_version4_ws/install/daheng_camera:/home/wlixill/rm_version4_ws/install/armor_processor:/home/wlixill/rm_version4_ws/install/armor_detector:/home/wlixill/rm_tools/install/daheng_camera:/opt/ros/humble LD_LIBRARY_PATH=/home/wlixill/rm_version4_ws/install/auto_aim_interfaces/lib:/home/wlixill/rm_version4_ws/install/rm_serial_driver/lib:/home/wlixill/rm_version4_ws/install/daheng_camera/lib:/home/wlixill/rm_version4_ws/install/armor_processor/lib:/home/wlixill/rm_version4_ws/install/armor_detector/lib:/home/wlixill/rm_tools/install/daheng_camera/lib:/opt/ros/humble/opt/rviz_ogre_vendor/lib:/opt/ros/humble/lib/x86_64-linux-gnu:/opt/ros/humble/lib /usr/bin/cmake --install /home/wlixill/rm_version4_ws/build/armor_detector
