[0.015s] Invoking command in '/root/rm_version4_ws/build/daheng_camera': CMAKE_PREFIX_PATH=${CMAKE_PREFIX_PATH}:/opt/ros/humble /usr/bin/cmake --build /root/rm_version4_ws/build/daheng_camera -- -j12 -l12
[0.087s] [35m[1mConsolidate compiler generated dependencies of target daheng_camera[0m
[0.087s] [35m[1mConsolidate compiler generated dependencies of target daheng_camera_node[0m
[0.107s] [ 50%] Built target daheng_camera_node
[0.115s] [100%] Built target daheng_camera
[0.126s] Invoked command in '/root/rm_version4_ws/build/daheng_camera' returned '0': CMAKE_PREFIX_PATH=${CMAKE_PREFIX_PATH}:/opt/ros/humble /usr/bin/cmake --build /root/rm_version4_ws/build/daheng_camera -- -j12 -l12
[0.148s] Invoking command in '/root/rm_version4_ws/build/daheng_camera': CMAKE_PREFIX_PATH=${CMAKE_PREFIX_PATH}:/opt/ros/humble /usr/bin/cmake --install /root/rm_version4_ws/build/daheng_camera
[0.153s] -- Install configuration: ""
[0.154s] -- Execute custom install script
[0.154s] -- Up-to-date symlink: /root/rm_version4_ws/install/daheng_camera/lib/daheng_camera/daheng_camera_node
[0.155s] -- Up-to-date symlink: /root/rm_version4_ws/install/daheng_camera/include/GxCamera.hpp
[0.155s] -- Up-to-date symlink: /root/rm_version4_ws/install/daheng_camera/include/daheng_sdk/include/DxImageProc.h
[0.155s] -- Up-to-date symlink: /root/rm_version4_ws/install/daheng_camera/include/daheng_sdk/include/GxIAPI.h
[0.156s] -- Up-to-date symlink: /root/rm_version4_ws/install/daheng_camera/share/daheng_camera/environment/library_path.sh
[0.156s] -- Up-to-date symlink: /root/rm_version4_ws/install/daheng_camera/share/daheng_camera/environment/library_path.dsv
[0.156s] -- Up-to-date symlink: /root/rm_version4_ws/install/daheng_camera/lib/libdaheng_camera.so
[0.158s] -- Up-to-date symlink: /root/rm_version4_ws/install/daheng_camera/share/daheng_camera/config/camera_info1.yaml
[0.159s] -- Up-to-date symlink: /root/rm_version4_ws/install/daheng_camera/share/daheng_camera/config/camera_params.yaml
[0.159s] -- Up-to-date symlink: /root/rm_version4_ws/install/daheng_camera/share/daheng_camera/launch/daheng_camera.launch.py
[0.159s] -- Up-to-date symlink: /root/rm_version4_ws/install/daheng_camera/share/ament_index/resource_index/package_run_dependencies/daheng_camera
[0.159s] -- Up-to-date symlink: /root/rm_version4_ws/install/daheng_camera/share/ament_index/resource_index/parent_prefix_path/daheng_camera
[0.159s] -- Up-to-date symlink: /root/rm_version4_ws/install/daheng_camera/share/daheng_camera/environment/ament_prefix_path.sh
[0.159s] -- Up-to-date symlink: /root/rm_version4_ws/install/daheng_camera/share/daheng_camera/environment/ament_prefix_path.dsv
[0.159s] -- Up-to-date symlink: /root/rm_version4_ws/install/daheng_camera/share/daheng_camera/environment/path.sh
[0.159s] -- Up-to-date symlink: /root/rm_version4_ws/install/daheng_camera/share/daheng_camera/environment/path.dsv
[0.159s] -- Up-to-date symlink: /root/rm_version4_ws/install/daheng_camera/share/daheng_camera/local_setup.bash
[0.160s] -- Up-to-date symlink: /root/rm_version4_ws/install/daheng_camera/share/daheng_camera/local_setup.sh
[0.160s] -- Up-to-date symlink: /root/rm_version4_ws/install/daheng_camera/share/daheng_camera/local_setup.zsh
[0.160s] -- Up-to-date symlink: /root/rm_version4_ws/install/daheng_camera/share/daheng_camera/local_setup.dsv
[0.160s] -- Symlinking: /root/rm_version4_ws/install/daheng_camera/share/daheng_camera/package.dsv
[0.167s] -- Up-to-date symlink: /root/rm_version4_ws/install/daheng_camera/share/ament_index/resource_index/packages/daheng_camera
[0.167s] -- Up-to-date symlink: /root/rm_version4_ws/install/daheng_camera/share/ament_index/resource_index/rclcpp_components/daheng_camera
[0.167s] -- Up-to-date symlink: /root/rm_version4_ws/install/daheng_camera/share/daheng_camera/cmake/ament_cmake_export_dependencies-extras.cmake
[0.168s] -- Up-to-date symlink: /root/rm_version4_ws/install/daheng_camera/share/daheng_camera/cmake/ament_cmake_export_include_directories-extras.cmake
[0.168s] -- Up-to-date symlink: /root/rm_version4_ws/install/daheng_camera/share/daheng_camera/cmake/ament_cmake_export_libraries-extras.cmake
[0.168s] -- Up-to-date symlink: /root/rm_version4_ws/install/daheng_camera/share/daheng_camera/cmake/daheng_cameraConfig.cmake
[0.168s] -- Up-to-date symlink: /root/rm_version4_ws/install/daheng_camera/share/daheng_camera/cmake/daheng_cameraConfig-version.cmake
[0.169s] -- Up-to-date symlink: /root/rm_version4_ws/install/daheng_camera/share/daheng_camera/package.xml
[0.170s] Invoked command in '/root/rm_version4_ws/build/daheng_camera' returned '0': CMAKE_PREFIX_PATH=${CMAKE_PREFIX_PATH}:/opt/ros/humble /usr/bin/cmake --install /root/rm_version4_ws/build/daheng_camera
