[0.016s] Invoking command in '/root/rm_version4_ws/build/daheng_camera': CMAKE_PREFIX_PATH=${CMAKE_PREFIX_PATH}:/opt/ros/humble /usr/bin/cmake --build /root/rm_version4_ws/build/daheng_camera -- -j12 -l12
[0.055s] [100%] Built target daheng_camera
[0.055s] [100%] Built target daheng_camera_node
[0.073s] Invoked command in '/root/rm_version4_ws/build/daheng_camera' returned '0': CMAKE_PREFIX_PATH=${CMAKE_PREFIX_PATH}:/opt/ros/humble /usr/bin/cmake --build /root/rm_version4_ws/build/daheng_camera -- -j12 -l12
[0.094s] Invoking command in '/root/rm_version4_ws/build/daheng_camera': CMAKE_PREFIX_PATH=${CMAKE_PREFIX_PATH}:/opt/ros/humble /usr/bin/cmake --install /root/rm_version4_ws/build/daheng_camera
[0.100s] -- Install configuration: ""
[0.100s] -- Up-to-date: /root/rm_version4_ws/install/daheng_camera/lib/daheng_camera/daheng_camera_node
[0.100s] -- Up-to-date: /root/rm_version4_ws/install/daheng_camera/include
[0.100s] -- Up-to-date: /root/rm_version4_ws/install/daheng_camera/include/daheng_sdk
[0.100s] -- Up-to-date: /root/rm_version4_ws/install/daheng_camera/include/daheng_sdk/lib
[0.100s] -- Up-to-date: /root/rm_version4_ws/install/daheng_camera/include/daheng_sdk/include
[0.100s] -- Up-to-date: /root/rm_version4_ws/install/daheng_camera/include/daheng_sdk/include/GxIAPI.h
[0.100s] -- Up-to-date: /root/rm_version4_ws/install/daheng_camera/include/daheng_sdk/include/DxImageProc.h
[0.100s] -- Up-to-date: /root/rm_version4_ws/install/daheng_camera/include/GxCamera.hpp
[0.101s] -- Up-to-date: /root/rm_version4_ws/install/daheng_camera/share/daheng_camera/environment/library_path.sh
[0.101s] -- Up-to-date: /root/rm_version4_ws/install/daheng_camera/share/daheng_camera/environment/library_path.dsv
[0.101s] -- Up-to-date: /root/rm_version4_ws/install/daheng_camera/lib/libdaheng_camera.so
[0.101s] -- Up-to-date: /root/rm_version4_ws/install/daheng_camera/share/daheng_camera/config
[0.101s] -- Up-to-date: /root/rm_version4_ws/install/daheng_camera/share/daheng_camera/config/camera_info.yaml
[0.101s] -- Up-to-date: /root/rm_version4_ws/install/daheng_camera/share/daheng_camera/config/camera_params.yaml
[0.101s] -- Up-to-date: /root/rm_version4_ws/install/daheng_camera/share/daheng_camera/launch
[0.101s] -- Up-to-date: /root/rm_version4_ws/install/daheng_camera/share/daheng_camera/launch/daheng_camera.launch.py
[0.101s] -- Up-to-date: /root/rm_version4_ws/install/daheng_camera/share/ament_index/resource_index/package_run_dependencies/daheng_camera
[0.101s] -- Up-to-date: /root/rm_version4_ws/install/daheng_camera/share/ament_index/resource_index/parent_prefix_path/daheng_camera
[0.101s] -- Up-to-date: /root/rm_version4_ws/install/daheng_camera/share/daheng_camera/environment/ament_prefix_path.sh
[0.101s] -- Up-to-date: /root/rm_version4_ws/install/daheng_camera/share/daheng_camera/environment/ament_prefix_path.dsv
[0.102s] -- Up-to-date: /root/rm_version4_ws/install/daheng_camera/share/daheng_camera/environment/path.sh
[0.102s] -- Up-to-date: /root/rm_version4_ws/install/daheng_camera/share/daheng_camera/environment/path.dsv
[0.102s] -- Up-to-date: /root/rm_version4_ws/install/daheng_camera/share/daheng_camera/local_setup.bash
[0.102s] -- Up-to-date: /root/rm_version4_ws/install/daheng_camera/share/daheng_camera/local_setup.sh
[0.102s] -- Up-to-date: /root/rm_version4_ws/install/daheng_camera/share/daheng_camera/local_setup.zsh
[0.102s] -- Up-to-date: /root/rm_version4_ws/install/daheng_camera/share/daheng_camera/local_setup.dsv
[0.102s] -- Installing: /root/rm_version4_ws/install/daheng_camera/share/daheng_camera/package.dsv
[0.102s] -- Up-to-date: /root/rm_version4_ws/install/daheng_camera/share/ament_index/resource_index/packages/daheng_camera
[0.103s] -- Up-to-date: /root/rm_version4_ws/install/daheng_camera/share/ament_index/resource_index/rclcpp_components/daheng_camera
[0.103s] -- Up-to-date: /root/rm_version4_ws/install/daheng_camera/share/daheng_camera/cmake/ament_cmake_export_dependencies-extras.cmake
[0.103s] -- Up-to-date: /root/rm_version4_ws/install/daheng_camera/share/daheng_camera/cmake/ament_cmake_export_include_directories-extras.cmake
[0.103s] -- Up-to-date: /root/rm_version4_ws/install/daheng_camera/share/daheng_camera/cmake/ament_cmake_export_libraries-extras.cmake
[0.103s] -- Up-to-date: /root/rm_version4_ws/install/daheng_camera/share/daheng_camera/cmake/daheng_cameraConfig.cmake
[0.103s] -- Up-to-date: /root/rm_version4_ws/install/daheng_camera/share/daheng_camera/cmake/daheng_cameraConfig-version.cmake
[0.103s] -- Up-to-date: /root/rm_version4_ws/install/daheng_camera/share/daheng_camera/package.xml
[0.106s] Invoked command in '/root/rm_version4_ws/build/daheng_camera' returned '0': CMAKE_PREFIX_PATH=${CMAKE_PREFIX_PATH}:/opt/ros/humble /usr/bin/cmake --install /root/rm_version4_ws/build/daheng_camera
