[0.010s] Invoking command in '/home/wlixill/rm_version4_ws/build/daheng_camera': CMAKE_PREFIX_PATH=${CMAKE_PREFIX_PATH}:/opt/ros/humble /usr/bin/cmake /home/wlixill/rm_version4_ws/src/rm_auto_aim/daheng_camera -DCMAKE_INSTALL_PREFIX=/home/wlixill/rm_version4_ws/install/daheng_camera
[0.058s] -- The C compiler identification is GNU 11.4.0
[0.104s] -- The CXX compiler identification is GNU 11.4.0
[0.110s] -- Detecting C compiler ABI info
[0.167s] -- Detecting C compiler ABI info - done
[0.172s] -- Check for working C compiler: /usr/bin/cc - skipped
[0.172s] -- Detecting C compile features
[0.173s] -- Detecting C compile features - done
[0.175s] -- Detecting CXX compiler ABI info
[0.244s] -- Detecting CXX compiler ABI info - done
[0.250s] -- Check for working CXX compiler: /usr/bin/c++ - skipped
[0.250s] -- Detecting CXX compile features
[0.250s] -- Detecting CXX compile features - done
[0.253s] -- Found ament_cmake_auto: 1.3.8 (/opt/ros/humble/share/ament_cmake_auto/cmake)
[0.369s] -- Found Python3: /usr/bin/python3 (found version "3.10.12") found components: Interpreter 
[0.531s] -- Found rosidl_generator_c: 3.1.5 (/opt/ros/humble/share/rosidl_generator_c/cmake)
[0.536s] -- Found rosidl_adapter: 3.1.5 (/opt/ros/humble/share/rosidl_adapter/cmake)
[0.544s] -- Found rosidl_generator_cpp: 3.1.5 (/opt/ros/humble/share/rosidl_generator_cpp/cmake)
[0.556s] -- Using all available rosidl_typesupport_c: rosidl_typesupport_fastrtps_c;rosidl_typesupport_introspection_c
[0.574s] -- Using all available rosidl_typesupport_cpp: rosidl_typesupport_fastrtps_cpp;rosidl_typesupport_introspection_cpp
[0.632s] -- Found rmw_implementation_cmake: 6.1.1 (/opt/ros/humble/share/rmw_implementation_cmake/cmake)
[0.635s] -- Found rmw_fastrtps_cpp: 6.2.6 (/opt/ros/humble/share/rmw_fastrtps_cpp/cmake)
[0.729s] -- Found OpenSSL: /usr/lib/x86_64-linux-gnu/libcrypto.so (found version "3.0.2")  
[0.752s] -- Found FastRTPS: /opt/ros/humble/include  
[0.793s] -- Using RMW implementation 'rmw_fastrtps_cpp' as default
[0.802s] -- Looking for pthread.h
[0.865s] -- Looking for pthread.h - found
[0.865s] -- Performing Test CMAKE_HAVE_LIBC_PTHREAD
[0.929s] -- Performing Test CMAKE_HAVE_LIBC_PTHREAD - Success
[0.930s] -- Found Threads: TRUE  
[1.271s] -- Found ament_lint_auto: 0.12.10 (/opt/ros/humble/share/ament_lint_auto/cmake)
[1.301s] -- Added test 'cppcheck' to perform static code analysis on C / C++ code
[1.301s] -- Configured cppcheck include dirs: /home/wlixill/rm_version4_ws/src/rm_auto_aim/daheng_camera/include
[1.301s] -- Configured cppcheck exclude dirs and/or files: 
[1.302s] -- Added test 'flake8' to check Python code syntax and style conventions
[1.305s] -- Added test 'lint_cmake' to check CMake code style
[1.306s] -- Added test 'pep257' to check Python code against some of the docstring style conventions in PEP 257
[1.307s] -- Added test 'xmllint' to check XML markup files
[1.310s] -- Configuring done
[1.322s] -- Generating done
[1.324s] -- Build files have been written to: /home/wlixill/rm_version4_ws/build/daheng_camera
[1.334s] Invoked command in '/home/wlixill/rm_version4_ws/build/daheng_camera' returned '0': CMAKE_PREFIX_PATH=${CMAKE_PREFIX_PATH}:/opt/ros/humble /usr/bin/cmake /home/wlixill/rm_version4_ws/src/rm_auto_aim/daheng_camera -DCMAKE_INSTALL_PREFIX=/home/wlixill/rm_version4_ws/install/daheng_camera
[1.335s] Invoking command in '/home/wlixill/rm_version4_ws/build/daheng_camera': CMAKE_PREFIX_PATH=${CMAKE_PREFIX_PATH}:/opt/ros/humble /usr/bin/cmake --build /home/wlixill/rm_version4_ws/build/daheng_camera -- -j16 -l16
[1.382s] [ 50%] [32mBuilding CXX object CMakeFiles/daheng_camera_node.dir/rclcpp_components/node_main_daheng_camera_node.cpp.o[0m
[1.383s] [ 50%] [32mBuilding CXX object CMakeFiles/daheng_camera.dir/src/daheng_camera_node.cpp.o[0m
[4.410s] [ 75%] [32m[1mLinking CXX executable daheng_camera_node[0m
[4.515s] [ 75%] Built target daheng_camera_node
[5.732s] [100%] [32m[1mLinking CXX shared library libdaheng_camera.so[0m
[5.870s] [100%] Built target daheng_camera
[5.881s] Invoked command in '/home/wlixill/rm_version4_ws/build/daheng_camera' returned '0': CMAKE_PREFIX_PATH=${CMAKE_PREFIX_PATH}:/opt/ros/humble /usr/bin/cmake --build /home/wlixill/rm_version4_ws/build/daheng_camera -- -j16 -l16
[5.910s] Invoking command in '/home/wlixill/rm_version4_ws/build/daheng_camera': CMAKE_PREFIX_PATH=${CMAKE_PREFIX_PATH}:/opt/ros/humble /usr/bin/cmake --install /home/wlixill/rm_version4_ws/build/daheng_camera
[5.917s] -- Install configuration: ""
[5.917s] -- Installing: /home/wlixill/rm_version4_ws/install/daheng_camera/lib/daheng_camera/daheng_camera_node
[5.918s] -- Set runtime path of "/home/wlixill/rm_version4_ws/install/daheng_camera/lib/daheng_camera/daheng_camera_node" to ""
[5.918s] -- Up-to-date: /home/wlixill/rm_version4_ws/install/daheng_camera/include
[5.918s] -- Installing: /home/wlixill/rm_version4_ws/install/daheng_camera/include/GxCamera.hpp
[5.918s] -- Up-to-date: /home/wlixill/rm_version4_ws/install/daheng_camera/include/daheng_sdk
[5.918s] -- Up-to-date: /home/wlixill/rm_version4_ws/install/daheng_camera/include/daheng_sdk/include
[5.918s] -- Up-to-date: /home/wlixill/rm_version4_ws/install/daheng_camera/include/daheng_sdk/include/DxImageProc.h
[5.918s] -- Up-to-date: /home/wlixill/rm_version4_ws/install/daheng_camera/include/daheng_sdk/include/GxIAPI.h
[5.918s] -- Up-to-date: /home/wlixill/rm_version4_ws/install/daheng_camera/include/daheng_sdk/lib
[5.918s] -- Installing: /home/wlixill/rm_version4_ws/install/daheng_camera/share/daheng_camera/environment/library_path.dsv
[5.918s] -- Installing: /home/wlixill/rm_version4_ws/install/daheng_camera/lib/libdaheng_camera.so
[5.919s] -- Set runtime path of "/home/wlixill/rm_version4_ws/install/daheng_camera/lib/libdaheng_camera.so" to ""
[5.920s] -- Up-to-date: /home/wlixill/rm_version4_ws/install/daheng_camera/share/daheng_camera/config
[5.920s] -- Up-to-date: /home/wlixill/rm_version4_ws/install/daheng_camera/share/daheng_camera/config/camera_params.yaml
[5.920s] -- Up-to-date: /home/wlixill/rm_version4_ws/install/daheng_camera/share/daheng_camera/config/camera_info1.yaml
[5.920s] -- Up-to-date: /home/wlixill/rm_version4_ws/install/daheng_camera/share/daheng_camera/launch
[5.920s] -- Up-to-date: /home/wlixill/rm_version4_ws/install/daheng_camera/share/daheng_camera/launch/daheng_camera.launch.py
[5.920s] -- Installing: /home/wlixill/rm_version4_ws/install/daheng_camera/share/ament_index/resource_index/package_run_dependencies/daheng_camera
[5.920s] -- Installing: /home/wlixill/rm_version4_ws/install/daheng_camera/share/ament_index/resource_index/parent_prefix_path/daheng_camera
[5.920s] -- Installing: /home/wlixill/rm_version4_ws/install/daheng_camera/share/daheng_camera/environment/ament_prefix_path.dsv
[5.920s] -- Installing: /home/wlixill/rm_version4_ws/install/daheng_camera/share/daheng_camera/environment/path.dsv
[5.920s] -- Installing: /home/wlixill/rm_version4_ws/install/daheng_camera/share/daheng_camera/local_setup.bash
[5.920s] -- Installing: /home/wlixill/rm_version4_ws/install/daheng_camera/share/daheng_camera/local_setup.sh
[5.920s] -- Installing: /home/wlixill/rm_version4_ws/install/daheng_camera/share/daheng_camera/local_setup.zsh
[5.921s] -- Installing: /home/wlixill/rm_version4_ws/install/daheng_camera/share/daheng_camera/local_setup.dsv
[5.921s] -- Installing: /home/wlixill/rm_version4_ws/install/daheng_camera/share/daheng_camera/package.dsv
[5.921s] -- Installing: /home/wlixill/rm_version4_ws/install/daheng_camera/share/ament_index/resource_index/packages/daheng_camera
[5.921s] -- Installing: /home/wlixill/rm_version4_ws/install/daheng_camera/share/ament_index/resource_index/rclcpp_components/daheng_camera
[5.921s] -- Installing: /home/wlixill/rm_version4_ws/install/daheng_camera/share/daheng_camera/cmake/ament_cmake_export_dependencies-extras.cmake
[5.921s] -- Installing: /home/wlixill/rm_version4_ws/install/daheng_camera/share/daheng_camera/cmake/ament_cmake_export_include_directories-extras.cmake
[5.922s] -- Installing: /home/wlixill/rm_version4_ws/install/daheng_camera/share/daheng_camera/cmake/ament_cmake_export_libraries-extras.cmake
[5.922s] -- Installing: /home/wlixill/rm_version4_ws/install/daheng_camera/share/daheng_camera/cmake/daheng_cameraConfig.cmake
[5.922s] -- Installing: /home/wlixill/rm_version4_ws/install/daheng_camera/share/daheng_camera/cmake/daheng_cameraConfig-version.cmake
[5.922s] -- Up-to-date: /home/wlixill/rm_version4_ws/install/daheng_camera/share/daheng_camera/package.xml
[5.924s] Invoked command in '/home/wlixill/rm_version4_ws/build/daheng_camera' returned '0': CMAKE_PREFIX_PATH=${CMAKE_PREFIX_PATH}:/opt/ros/humble /usr/bin/cmake --install /home/wlixill/rm_version4_ws/build/daheng_camera
