[0.017s] Invoking command in '/root/rm_version4_ws/build/rm_serial_driver': CMAKE_PREFIX_PATH=/root/rm_version4_ws/install/auto_aim_interfaces:/root/rm_version4_ws/install/auto_aim_bringup:/root/rm_version4_ws/install/rm_serial_driver:/root/rm_version4_ws/install/rm_gimbal_description:/root/rm_version4_ws/install/daheng_camera:/root/rm_version4_ws/install/armor_processor:/root/rm_version4_ws/install/armor_detector:/root/daheng_camera/install/daheng_camera:/root/chenjun_ws/install/daheng_camera:/root/chenjun_ws/install/auto_aim_bringup:/root/chenjun_ws/install/armor_processor:/root/chenjun_ws/install/armor_detector:/root/chenjun_ws/install/auto_aim_interfaces:/root/test_jun_ws/install/rm_gimbal_description:/opt/ros/humble LD_LIBRARY_PATH=/root/rm_version4_ws/install/auto_aim_interfaces/lib:/root/rm_version4_ws/install/rm_serial_driver/lib:/root/rm_version4_ws/install/daheng_camera/lib:/root/rm_version4_ws/install/armor_processor/lib:/root/rm_version4_ws/install/armor_detector/lib:/root/daheng_camera/install/daheng_camera/lib:/root/chenjun_ws/install/daheng_camera/lib:/root/chenjun_ws/install/armor_processor/lib:/root/chenjun_ws/install/armor_detector/lib:/root/chenjun_ws/install/auto_aim_interfaces/lib:/opt/ros/humble/opt/rviz_ogre_vendor/lib:/opt/ros/humble/lib/x86_64-linux-gnu:/opt/ros/humble/lib /usr/bin/cmake --build /root/rm_version4_ws/build/rm_serial_driver -- -j12 -l12
[0.077s] [ 40%] Built target rm_serial_driver_node
[0.079s] [ 60%] [32mBuilding CXX object CMakeFiles/rm_serial_driver.dir/src/rm_serial_driver.cpp.o[0m
[10.726s] [ 80%] [32m[1mLinking CXX shared library librm_serial_driver.so[0m
[11.204s] [100%] Built target rm_serial_driver
[11.214s] Invoked command in '/root/rm_version4_ws/build/rm_serial_driver' returned '0': CMAKE_PREFIX_PATH=/root/rm_version4_ws/install/auto_aim_interfaces:/root/rm_version4_ws/install/auto_aim_bringup:/root/rm_version4_ws/install/rm_serial_driver:/root/rm_version4_ws/install/rm_gimbal_description:/root/rm_version4_ws/install/daheng_camera:/root/rm_version4_ws/install/armor_processor:/root/rm_version4_ws/install/armor_detector:/root/daheng_camera/install/daheng_camera:/root/chenjun_ws/install/daheng_camera:/root/chenjun_ws/install/auto_aim_bringup:/root/chenjun_ws/install/armor_processor:/root/chenjun_ws/install/armor_detector:/root/chenjun_ws/install/auto_aim_interfaces:/root/test_jun_ws/install/rm_gimbal_description:/opt/ros/humble LD_LIBRARY_PATH=/root/rm_version4_ws/install/auto_aim_interfaces/lib:/root/rm_version4_ws/install/rm_serial_driver/lib:/root/rm_version4_ws/install/daheng_camera/lib:/root/rm_version4_ws/install/armor_processor/lib:/root/rm_version4_ws/install/armor_detector/lib:/root/daheng_camera/install/daheng_camera/lib:/root/chenjun_ws/install/daheng_camera/lib:/root/chenjun_ws/install/armor_processor/lib:/root/chenjun_ws/install/armor_detector/lib:/root/chenjun_ws/install/auto_aim_interfaces/lib:/opt/ros/humble/opt/rviz_ogre_vendor/lib:/opt/ros/humble/lib/x86_64-linux-gnu:/opt/ros/humble/lib /usr/bin/cmake --build /root/rm_version4_ws/build/rm_serial_driver -- -j12 -l12
[11.247s] Invoking command in '/root/rm_version4_ws/build/rm_serial_driver': CMAKE_PREFIX_PATH=/root/rm_version4_ws/install/auto_aim_interfaces:/root/rm_version4_ws/install/auto_aim_bringup:/root/rm_version4_ws/install/rm_serial_driver:/root/rm_version4_ws/install/rm_gimbal_description:/root/rm_version4_ws/install/daheng_camera:/root/rm_version4_ws/install/armor_processor:/root/rm_version4_ws/install/armor_detector:/root/daheng_camera/install/daheng_camera:/root/chenjun_ws/install/daheng_camera:/root/chenjun_ws/install/auto_aim_bringup:/root/chenjun_ws/install/armor_processor:/root/chenjun_ws/install/armor_detector:/root/chenjun_ws/install/auto_aim_interfaces:/root/test_jun_ws/install/rm_gimbal_description:/opt/ros/humble LD_LIBRARY_PATH=/root/rm_version4_ws/install/auto_aim_interfaces/lib:/root/rm_version4_ws/install/rm_serial_driver/lib:/root/rm_version4_ws/install/daheng_camera/lib:/root/rm_version4_ws/install/armor_processor/lib:/root/rm_version4_ws/install/armor_detector/lib:/root/daheng_camera/install/daheng_camera/lib:/root/chenjun_ws/install/daheng_camera/lib:/root/chenjun_ws/install/armor_processor/lib:/root/chenjun_ws/install/armor_detector/lib:/root/chenjun_ws/install/auto_aim_interfaces/lib:/opt/ros/humble/opt/rviz_ogre_vendor/lib:/opt/ros/humble/lib/x86_64-linux-gnu:/opt/ros/humble/lib /usr/bin/cmake --install /root/rm_version4_ws/build/rm_serial_driver
[11.255s] -- Install configuration: ""
[11.255s] -- Execute custom install script
[11.255s] -- Up-to-date symlink: /root/rm_version4_ws/install/rm_serial_driver/lib/rm_serial_driver/rm_serial_driver_node
[11.256s] -- Up-to-date symlink: /root/rm_version4_ws/install/rm_serial_driver/include/rm_serial_driver/crc.hpp
[11.256s] -- Up-to-date symlink: /root/rm_version4_ws/install/rm_serial_driver/include/rm_serial_driver/packet.hpp
[11.256s] -- Up-to-date symlink: /root/rm_version4_ws/install/rm_serial_driver/include/rm_serial_driver/rm_serial_driver.hpp
[11.256s] -- Up-to-date symlink: /root/rm_version4_ws/install/rm_serial_driver/share/rm_serial_driver/environment/library_path.sh
[11.256s] -- Up-to-date symlink: /root/rm_version4_ws/install/rm_serial_driver/share/rm_serial_driver/environment/library_path.dsv
[11.256s] -- Up-to-date symlink: /root/rm_version4_ws/install/rm_serial_driver/lib/librm_serial_driver.so
[11.256s] -- Up-to-date symlink: /root/rm_version4_ws/install/rm_serial_driver/share/rm_serial_driver/config/serial_driver.yaml
[11.257s] -- Up-to-date symlink: /root/rm_version4_ws/install/rm_serial_driver/share/rm_serial_driver/launch/serial_driver.launch.py
[11.257s] -- Up-to-date symlink: /root/rm_version4_ws/install/rm_serial_driver/share/ament_index/resource_index/package_run_dependencies/rm_serial_driver
[11.257s] -- Up-to-date symlink: /root/rm_version4_ws/install/rm_serial_driver/share/ament_index/resource_index/parent_prefix_path/rm_serial_driver
[11.257s] -- Up-to-date symlink: /root/rm_version4_ws/install/rm_serial_driver/share/rm_serial_driver/environment/ament_prefix_path.sh
[11.257s] -- Up-to-date symlink: /root/rm_version4_ws/install/rm_serial_driver/share/rm_serial_driver/environment/ament_prefix_path.dsv
[11.257s] -- Up-to-date symlink: /root/rm_version4_ws/install/rm_serial_driver/share/rm_serial_driver/environment/path.sh
[11.257s] -- Up-to-date symlink: /root/rm_version4_ws/install/rm_serial_driver/share/rm_serial_driver/environment/path.dsv
[11.257s] -- Up-to-date symlink: /root/rm_version4_ws/install/rm_serial_driver/share/rm_serial_driver/local_setup.bash
[11.258s] -- Up-to-date symlink: /root/rm_version4_ws/install/rm_serial_driver/share/rm_serial_driver/local_setup.sh
[11.258s] -- Up-to-date symlink: /root/rm_version4_ws/install/rm_serial_driver/share/rm_serial_driver/local_setup.zsh
[11.258s] -- Up-to-date symlink: /root/rm_version4_ws/install/rm_serial_driver/share/rm_serial_driver/local_setup.dsv
[11.258s] -- Symlinking: /root/rm_version4_ws/install/rm_serial_driver/share/rm_serial_driver/package.dsv
[11.268s] -- Up-to-date symlink: /root/rm_version4_ws/install/rm_serial_driver/share/ament_index/resource_index/packages/rm_serial_driver
[11.268s] -- Up-to-date symlink: /root/rm_version4_ws/install/rm_serial_driver/share/ament_index/resource_index/rclcpp_components/rm_serial_driver
[11.268s] -- Up-to-date symlink: /root/rm_version4_ws/install/rm_serial_driver/share/rm_serial_driver/cmake/ament_cmake_export_dependencies-extras.cmake
[11.269s] -- Up-to-date symlink: /root/rm_version4_ws/install/rm_serial_driver/share/rm_serial_driver/cmake/ament_cmake_export_include_directories-extras.cmake
[11.269s] -- Up-to-date symlink: /root/rm_version4_ws/install/rm_serial_driver/share/rm_serial_driver/cmake/ament_cmake_export_libraries-extras.cmake
[11.269s] -- Up-to-date symlink: /root/rm_version4_ws/install/rm_serial_driver/share/rm_serial_driver/cmake/rm_serial_driverConfig.cmake
[11.269s] -- Up-to-date symlink: /root/rm_version4_ws/install/rm_serial_driver/share/rm_serial_driver/cmake/rm_serial_driverConfig-version.cmake
[11.269s] -- Up-to-date symlink: /root/rm_version4_ws/install/rm_serial_driver/share/rm_serial_driver/package.xml
[11.272s] Invoked command in '/root/rm_version4_ws/build/rm_serial_driver' returned '0': CMAKE_PREFIX_PATH=/root/rm_version4_ws/install/auto_aim_interfaces:/root/rm_version4_ws/install/auto_aim_bringup:/root/rm_version4_ws/install/rm_serial_driver:/root/rm_version4_ws/install/rm_gimbal_description:/root/rm_version4_ws/install/daheng_camera:/root/rm_version4_ws/install/armor_processor:/root/rm_version4_ws/install/armor_detector:/root/daheng_camera/install/daheng_camera:/root/chenjun_ws/install/daheng_camera:/root/chenjun_ws/install/auto_aim_bringup:/root/chenjun_ws/install/armor_processor:/root/chenjun_ws/install/armor_detector:/root/chenjun_ws/install/auto_aim_interfaces:/root/test_jun_ws/install/rm_gimbal_description:/opt/ros/humble LD_LIBRARY_PATH=/root/rm_version4_ws/install/auto_aim_interfaces/lib:/root/rm_version4_ws/install/rm_serial_driver/lib:/root/rm_version4_ws/install/daheng_camera/lib:/root/rm_version4_ws/install/armor_processor/lib:/root/rm_version4_ws/install/armor_detector/lib:/root/daheng_camera/install/daheng_camera/lib:/root/chenjun_ws/install/daheng_camera/lib:/root/chenjun_ws/install/armor_processor/lib:/root/chenjun_ws/install/armor_detector/lib:/root/chenjun_ws/install/auto_aim_interfaces/lib:/opt/ros/humble/opt/rviz_ogre_vendor/lib:/opt/ros/humble/lib/x86_64-linux-gnu:/opt/ros/humble/lib /usr/bin/cmake --install /root/rm_version4_ws/build/rm_serial_driver
