[0.016s] Invoking command in '/root/rm_version4_ws/build/armor_detector': CMAKE_PREFIX_PATH=/root/rm_version4_ws/install/auto_aim_interfaces:/root/rm_version4_ws/install/auto_aim_bringup:/root/rm_version4_ws/install/rm_serial_driver:/root/rm_version4_ws/install/rm_gimbal_description:/root/rm_version4_ws/install/daheng_camera:/root/rm_version4_ws/install/armor_processor:/root/rm_version4_ws/install/armor_detector:/root/test_jun_ws/install/rm_gimbal_description:/opt/ros/humble LD_LIBRARY_PATH=/root/rm_version4_ws/install/auto_aim_interfaces/lib:/root/rm_version4_ws/install/rm_serial_driver/lib:/root/rm_version4_ws/install/daheng_camera/lib:/root/rm_version4_ws/install/armor_processor/lib:/root/rm_version4_ws/install/armor_detector/lib:/opt/ros/humble/opt/rviz_ogre_vendor/lib:/opt/ros/humble/lib/x86_64-linux-gnu:/opt/ros/humble/lib /usr/bin/cmake /root/rm_version4_ws/src/rm_auto_aim/armor_detector -DCMAKE_INSTALL_PREFIX=/root/rm_version4_ws/install/armor_detector
[0.055s] -- The C compiler identification is GNU 11.2.0
[0.107s] -- The CXX compiler identification is GNU 11.2.0
[0.112s] -- Detecting C compiler ABI info
[0.165s] -- Detecting C compiler ABI info - done
[0.171s] -- Check for working C compiler: /usr/bin/cc - skipped
[0.172s] -- Detecting C compile features
[0.172s] -- Detecting C compile features - done
[0.174s] -- Detecting CXX compiler ABI info
[0.238s] -- Detecting CXX compiler ABI info - done
[0.244s] -- Check for working CXX compiler: /usr/bin/c++ - skipped
[0.244s] -- Detecting CXX compile features
[0.244s] -- Detecting CXX compile features - done
[0.247s] -- Found ament_cmake_auto: 1.3.2 (/opt/ros/humble/share/ament_cmake_auto/cmake)
[0.426s] -- Found Python3: /usr/bin/python3.10 (found version "3.10.6") found components: Interpreter 
[0.520s] -- Found OpenCV: /usr (found version "4.5.4") 
[0.626s] -- Found rosidl_generator_c: 3.1.3 (/opt/ros/humble/share/rosidl_generator_c/cmake)
[0.632s] -- Found rosidl_adapter: 3.1.3 (/opt/ros/humble/share/rosidl_adapter/cmake)
[0.641s] -- Found rosidl_generator_cpp: 3.1.3 (/opt/ros/humble/share/rosidl_generator_cpp/cmake)
[0.654s] -- Using all available rosidl_typesupport_c: rosidl_typesupport_fastrtps_c;rosidl_typesupport_introspection_c
[0.674s] -- Using all available rosidl_typesupport_cpp: rosidl_typesupport_fastrtps_cpp;rosidl_typesupport_introspection_cpp
[0.739s] -- Found rmw_implementation_cmake: 6.1.0 (/opt/ros/humble/share/rmw_implementation_cmake/cmake)
[0.742s] -- Found rmw_fastrtps_cpp: 6.2.1 (/opt/ros/humble/share/rmw_fastrtps_cpp/cmake)
[0.828s] -- Found OpenSSL: /usr/lib/x86_64-linux-gnu/libcrypto.so (found version "3.0.2")  
[0.856s] -- Found FastRTPS: /opt/ros/humble/include  
[0.920s] -- Using RMW implementation 'rmw_fastrtps_cpp' as default
[1.547s] -- Found ament_lint_auto: 0.12.4 (/opt/ros/humble/share/ament_lint_auto/cmake)
[1.569s] -- Found ament_cmake_gtest: 1.3.2 (/opt/ros/humble/share/ament_cmake_gtest/cmake)
[1.571s] -- Found gtest sources under '/opt/ros/humble/src/gtest_vendor': C++ tests using 'Google Test' will be built
[1.574s] -- Looking for pthread.h
[1.637s] -- Looking for pthread.h - found
[1.637s] -- Performing Test CMAKE_HAVE_LIBC_PTHREAD
[1.709s] -- Performing Test CMAKE_HAVE_LIBC_PTHREAD - Success
[1.710s] -- Found Threads: TRUE  
[1.721s] -- Added test 'cppcheck' to perform static code analysis on C / C++ code
[1.721s] -- Configured cppcheck include dirs: /root/rm_version4_ws/src/rm_auto_aim/armor_detector/include
[1.721s] -- Configured cppcheck exclude dirs and/or files: 
[1.723s] -- Added test 'lint_cmake' to check CMake code style
[1.724s] -- Added test 'xmllint' to check XML markup files
[1.726s] -- Added test 'clang_format' to check C / C++ code style
[1.730s] -- Configuring done
[1.775s] -- Generating done
[1.778s] -- Build files have been written to: /root/rm_version4_ws/build/armor_detector
[1.792s] Invoked command in '/root/rm_version4_ws/build/armor_detector' returned '0': CMAKE_PREFIX_PATH=/root/rm_version4_ws/install/auto_aim_interfaces:/root/rm_version4_ws/install/auto_aim_bringup:/root/rm_version4_ws/install/rm_serial_driver:/root/rm_version4_ws/install/rm_gimbal_description:/root/rm_version4_ws/install/daheng_camera:/root/rm_version4_ws/install/armor_processor:/root/rm_version4_ws/install/armor_detector:/root/test_jun_ws/install/rm_gimbal_description:/opt/ros/humble LD_LIBRARY_PATH=/root/rm_version4_ws/install/auto_aim_interfaces/lib:/root/rm_version4_ws/install/rm_serial_driver/lib:/root/rm_version4_ws/install/daheng_camera/lib:/root/rm_version4_ws/install/armor_processor/lib:/root/rm_version4_ws/install/armor_detector/lib:/opt/ros/humble/opt/rviz_ogre_vendor/lib:/opt/ros/humble/lib/x86_64-linux-gnu:/opt/ros/humble/lib /usr/bin/cmake /root/rm_version4_ws/src/rm_auto_aim/armor_detector -DCMAKE_INSTALL_PREFIX=/root/rm_version4_ws/install/armor_detector
[1.794s] Invoking command in '/root/rm_version4_ws/build/armor_detector': CMAKE_PREFIX_PATH=/root/rm_version4_ws/install/auto_aim_interfaces:/root/rm_version4_ws/install/auto_aim_bringup:/root/rm_version4_ws/install/rm_serial_driver:/root/rm_version4_ws/install/rm_gimbal_description:/root/rm_version4_ws/install/daheng_camera:/root/rm_version4_ws/install/armor_processor:/root/rm_version4_ws/install/armor_detector:/root/test_jun_ws/install/rm_gimbal_description:/opt/ros/humble LD_LIBRARY_PATH=/root/rm_version4_ws/install/auto_aim_interfaces/lib:/root/rm_version4_ws/install/rm_serial_driver/lib:/root/rm_version4_ws/install/daheng_camera/lib:/root/rm_version4_ws/install/armor_processor/lib:/root/rm_version4_ws/install/armor_detector/lib:/opt/ros/humble/opt/rviz_ogre_vendor/lib:/opt/ros/humble/lib/x86_64-linux-gnu:/opt/ros/humble/lib /usr/bin/cmake --build /root/rm_version4_ws/build/armor_detector -- -j12 -l12
[1.839s] [  6%] [32mBuilding CXX object CMakeFiles/armor_detector_node.dir/rclcpp_components/node_main_armor_detector_node.cpp.o[0m
[1.839s] [ 20%] [32mBuilding CXX object CMakeFiles/armor_detector.dir/src/detector.cpp.o[0m
[1.840s] [ 20%] [32mBuilding CXX object gtest/CMakeFiles/gtest_main.dir/src/gtest_main.cc.o[0m
[1.840s] [ 26%] [32mBuilding CXX object CMakeFiles/armor_detector.dir/src/detector_node.cpp.o[0m
[1.840s] [ 33%] [32mBuilding CXX object gtest/CMakeFiles/gtest.dir/src/gtest-all.cc.o[0m
[1.841s] [ 40%] [32mBuilding CXX object CMakeFiles/armor_detector.dir/src/number_classifier.cpp.o[0m
[1.841s] [ 46%] [32mBuilding CXX object CMakeFiles/armor_detector.dir/src/pnp_solver.cpp.o[0m
[2.937s] [ 53%] [32m[1mLinking CXX static library libgtest_main.a[0m
[3.157s] [ 53%] Built target gtest_main
[6.678s] [ 60%] [32m[1mLinking CXX static library libgtest.a[0m
[6.788s] [ 60%] Built target gtest
[7.596s] [ 66%] [32m[1mLinking CXX executable armor_detector_node[0m
[7.770s] [ 66%] Built target armor_detector_node
[20.893s] [ 73%] [32m[1mLinking CXX shared library libarmor_detector.so[0m
[21.612s] [ 73%] Built target armor_detector
[21.628s] [ 86%] [32mBuilding CXX object CMakeFiles/test_node_startup.dir/test/test_node_startup.cpp.o[0m
[21.628s] [ 86%] [32mBuilding CXX object CMakeFiles/test_number_cls.dir/test/test_number_cls.cpp.o[0m
[23.385s] [ 93%] [32m[1mLinking CXX executable test_number_cls[0m
[23.992s] [ 93%] Built target test_number_cls
[25.755s] [100%] [32m[1mLinking CXX executable test_node_startup[0m
[26.317s] [100%] Built target test_node_startup
[26.328s] Invoked command in '/root/rm_version4_ws/build/armor_detector' returned '0': CMAKE_PREFIX_PATH=/root/rm_version4_ws/install/auto_aim_interfaces:/root/rm_version4_ws/install/auto_aim_bringup:/root/rm_version4_ws/install/rm_serial_driver:/root/rm_version4_ws/install/rm_gimbal_description:/root/rm_version4_ws/install/daheng_camera:/root/rm_version4_ws/install/armor_processor:/root/rm_version4_ws/install/armor_detector:/root/test_jun_ws/install/rm_gimbal_description:/opt/ros/humble LD_LIBRARY_PATH=/root/rm_version4_ws/install/auto_aim_interfaces/lib:/root/rm_version4_ws/install/rm_serial_driver/lib:/root/rm_version4_ws/install/daheng_camera/lib:/root/rm_version4_ws/install/armor_processor/lib:/root/rm_version4_ws/install/armor_detector/lib:/opt/ros/humble/opt/rviz_ogre_vendor/lib:/opt/ros/humble/lib/x86_64-linux-gnu:/opt/ros/humble/lib /usr/bin/cmake --build /root/rm_version4_ws/build/armor_detector -- -j12 -l12
[26.360s] Invoking command in '/root/rm_version4_ws/build/armor_detector': CMAKE_PREFIX_PATH=/root/rm_version4_ws/install/auto_aim_interfaces:/root/rm_version4_ws/install/auto_aim_bringup:/root/rm_version4_ws/install/rm_serial_driver:/root/rm_version4_ws/install/rm_gimbal_description:/root/rm_version4_ws/install/daheng_camera:/root/rm_version4_ws/install/armor_processor:/root/rm_version4_ws/install/armor_detector:/root/test_jun_ws/install/rm_gimbal_description:/opt/ros/humble LD_LIBRARY_PATH=/root/rm_version4_ws/install/auto_aim_interfaces/lib:/root/rm_version4_ws/install/rm_serial_driver/lib:/root/rm_version4_ws/install/daheng_camera/lib:/root/rm_version4_ws/install/armor_processor/lib:/root/rm_version4_ws/install/armor_detector/lib:/opt/ros/humble/opt/rviz_ogre_vendor/lib:/opt/ros/humble/lib/x86_64-linux-gnu:/opt/ros/humble/lib /usr/bin/cmake --install /root/rm_version4_ws/build/armor_detector
[26.364s] -- Install configuration: ""
[26.364s] -- Installing: /root/rm_version4_ws/install/armor_detector/lib/armor_detector/armor_detector_node
[26.365s] -- Set runtime path of "/root/rm_version4_ws/install/armor_detector/lib/armor_detector/armor_detector_node" to ""
[26.365s] -- Installing: /root/rm_version4_ws/install/armor_detector/include
[26.365s] -- Installing: /root/rm_version4_ws/install/armor_detector/include/armor_detector
[26.365s] -- Installing: /root/rm_version4_ws/install/armor_detector/include/armor_detector/number_classifier.hpp
[26.365s] -- Installing: /root/rm_version4_ws/install/armor_detector/include/armor_detector/detector.hpp
[26.365s] -- Installing: /root/rm_version4_ws/install/armor_detector/include/armor_detector/detector_node.hpp
[26.366s] -- Installing: /root/rm_version4_ws/install/armor_detector/include/armor_detector/armor.hpp
[26.366s] -- Installing: /root/rm_version4_ws/install/armor_detector/include/armor_detector/pnp_solver.hpp
[26.366s] -- Installing: /root/rm_version4_ws/install/armor_detector/share/armor_detector/environment/library_path.sh
[26.366s] -- Installing: /root/rm_version4_ws/install/armor_detector/share/armor_detector/environment/library_path.dsv
[26.366s] -- Installing: /root/rm_version4_ws/install/armor_detector/lib/libarmor_detector.so
[26.377s] -- Set runtime path of "/root/rm_version4_ws/install/armor_detector/lib/libarmor_detector.so" to ""
[26.378s] -- Installing: /root/rm_version4_ws/install/armor_detector/share/armor_detector/model
[26.378s] -- Installing: /root/rm_version4_ws/install/armor_detector/share/armor_detector/model/label.txt
[26.378s] -- Installing: /root/rm_version4_ws/install/armor_detector/share/armor_detector/model/fc.onnx
[26.378s] -- Installing: /root/rm_version4_ws/install/armor_detector/share/ament_index/resource_index/package_run_dependencies/armor_detector
[26.378s] -- Installing: /root/rm_version4_ws/install/armor_detector/share/ament_index/resource_index/parent_prefix_path/armor_detector
[26.379s] -- Installing: /root/rm_version4_ws/install/armor_detector/share/armor_detector/environment/ament_prefix_path.sh
[26.379s] -- Installing: /root/rm_version4_ws/install/armor_detector/share/armor_detector/environment/ament_prefix_path.dsv
[26.379s] -- Installing: /root/rm_version4_ws/install/armor_detector/share/armor_detector/environment/path.sh
[26.379s] -- Installing: /root/rm_version4_ws/install/armor_detector/share/armor_detector/environment/path.dsv
[26.379s] -- Installing: /root/rm_version4_ws/install/armor_detector/share/armor_detector/local_setup.bash
[26.379s] -- Installing: /root/rm_version4_ws/install/armor_detector/share/armor_detector/local_setup.sh
[26.379s] -- Installing: /root/rm_version4_ws/install/armor_detector/share/armor_detector/local_setup.zsh
[26.379s] -- Installing: /root/rm_version4_ws/install/armor_detector/share/armor_detector/local_setup.dsv
[26.379s] -- Installing: /root/rm_version4_ws/install/armor_detector/share/armor_detector/package.dsv
[26.379s] -- Installing: /root/rm_version4_ws/install/armor_detector/share/ament_index/resource_index/packages/armor_detector
[26.380s] -- Installing: /root/rm_version4_ws/install/armor_detector/share/ament_index/resource_index/rclcpp_components/armor_detector
[26.380s] -- Installing: /root/rm_version4_ws/install/armor_detector/share/armor_detector/cmake/ament_cmake_export_dependencies-extras.cmake
[26.380s] -- Installing: /root/rm_version4_ws/install/armor_detector/share/armor_detector/cmake/ament_cmake_export_include_directories-extras.cmake
[26.380s] -- Installing: /root/rm_version4_ws/install/armor_detector/share/armor_detector/cmake/ament_cmake_export_libraries-extras.cmake
[26.380s] -- Installing: /root/rm_version4_ws/install/armor_detector/share/armor_detector/cmake/armor_detectorConfig.cmake
[26.380s] -- Installing: /root/rm_version4_ws/install/armor_detector/share/armor_detector/cmake/armor_detectorConfig-version.cmake
[26.380s] -- Installing: /root/rm_version4_ws/install/armor_detector/share/armor_detector/package.xml
[26.383s] Invoked command in '/root/rm_version4_ws/build/armor_detector' returned '0': CMAKE_PREFIX_PATH=/root/rm_version4_ws/install/auto_aim_interfaces:/root/rm_version4_ws/install/auto_aim_bringup:/root/rm_version4_ws/install/rm_serial_driver:/root/rm_version4_ws/install/rm_gimbal_description:/root/rm_version4_ws/install/daheng_camera:/root/rm_version4_ws/install/armor_processor:/root/rm_version4_ws/install/armor_detector:/root/test_jun_ws/install/rm_gimbal_description:/opt/ros/humble LD_LIBRARY_PATH=/root/rm_version4_ws/install/auto_aim_interfaces/lib:/root/rm_version4_ws/install/rm_serial_driver/lib:/root/rm_version4_ws/install/daheng_camera/lib:/root/rm_version4_ws/install/armor_processor/lib:/root/rm_version4_ws/install/armor_detector/lib:/opt/ros/humble/opt/rviz_ogre_vendor/lib:/opt/ros/humble/lib/x86_64-linux-gnu:/opt/ros/humble/lib /usr/bin/cmake --install /root/rm_version4_ws/build/armor_detector
