[0.019s] Invoking command in '/root/rm_version4_ws/build/armor_processor': CMAKE_PREFIX_PATH=/root/rm_version4_ws/install/auto_aim_interfaces:/root/rm_version4_ws/install/auto_aim_bringup:/root/rm_version4_ws/install/rm_serial_driver:/root/rm_version4_ws/install/rm_gimbal_description:/root/rm_version4_ws/install/daheng_camera:/root/rm_version4_ws/install/armor_processor:/root/rm_version4_ws/install/armor_detector:/root/daheng_camera/install/daheng_camera:/root/chenjun_ws/install/daheng_camera:/root/chenjun_ws/install/auto_aim_bringup:/root/chenjun_ws/install/armor_processor:/root/chenjun_ws/install/armor_detector:/root/chenjun_ws/install/auto_aim_interfaces:/root/test_jun_ws/install/rm_gimbal_description:/opt/ros/humble LD_LIBRARY_PATH=/root/rm_version4_ws/install/auto_aim_interfaces/lib:/root/rm_version4_ws/install/rm_serial_driver/lib:/root/rm_version4_ws/install/daheng_camera/lib:/root/rm_version4_ws/install/armor_processor/lib:/root/rm_version4_ws/install/armor_detector/lib:/root/daheng_camera/install/daheng_camera/lib:/root/chenjun_ws/install/daheng_camera/lib:/root/chenjun_ws/install/armor_processor/lib:/root/chenjun_ws/install/armor_detector/lib:/root/chenjun_ws/install/auto_aim_interfaces/lib:/opt/ros/humble/opt/rviz_ogre_vendor/lib:/opt/ros/humble/lib/x86_64-linux-gnu:/opt/ros/humble/lib /usr/bin/cmake /root/rm_version4_ws/src/rm_auto_aim/armor_processor -DAMENT_CMAKE_SYMLINK_INSTALL=1 -DCMAKE_INSTALL_PREFIX=/root/rm_version4_ws/install/armor_processor
[0.083s] -- The C compiler identification is GNU 11.2.0
[0.138s] -- The CXX compiler identification is GNU 11.2.0
[0.145s] -- Detecting C compiler ABI info
[0.227s] -- Detecting C compiler ABI info - done
[0.234s] -- Check for working C compiler: /usr/bin/cc - skipped
[0.235s] -- Detecting C compile features
[0.235s] -- Detecting C compile features - done
[0.238s] -- Detecting CXX compiler ABI info
[0.327s] -- Detecting CXX compiler ABI info - done
[0.336s] -- Check for working CXX compiler: /usr/bin/c++ - skipped
[0.337s] -- Detecting CXX compile features
[0.337s] -- Detecting CXX compile features - done
[0.342s] -- Found ament_cmake_auto: 1.3.2 (/opt/ros/humble/share/ament_cmake_auto/cmake)
[0.549s] -- Found Python3: /usr/bin/python3.10 (found version "3.10.6") found components: Interpreter 
[0.637s] -- Override CMake install command with custom implementation using symlinks instead of copying resources
[0.834s] -- Found rosidl_generator_c: 3.1.3 (/opt/ros/humble/share/rosidl_generator_c/cmake)
[0.842s] -- Found rosidl_adapter: 3.1.3 (/opt/ros/humble/share/rosidl_adapter/cmake)
[0.853s] -- Found rosidl_generator_cpp: 3.1.3 (/opt/ros/humble/share/rosidl_generator_cpp/cmake)
[0.870s] -- Using all available rosidl_typesupport_c: rosidl_typesupport_fastrtps_c;rosidl_typesupport_introspection_c
[0.896s] -- Using all available rosidl_typesupport_cpp: rosidl_typesupport_fastrtps_cpp;rosidl_typesupport_introspection_cpp
[0.988s] -- Found rmw_implementation_cmake: 6.1.0 (/opt/ros/humble/share/rmw_implementation_cmake/cmake)
[0.993s] -- Found rmw_fastrtps_cpp: 6.2.1 (/opt/ros/humble/share/rmw_fastrtps_cpp/cmake)
[1.109s] -- Found OpenSSL: /usr/lib/x86_64-linux-gnu/libcrypto.so (found version "3.0.2")  
[1.152s] -- Found FastRTPS: /opt/ros/humble/include  
[1.228s] -- Using RMW implementation 'rmw_fastrtps_cpp' as default
[2.339s] -- Found ament_lint_auto: 0.12.4 (/opt/ros/humble/share/ament_lint_auto/cmake)
[2.435s] -- Added test 'cppcheck' to perform static code analysis on C / C++ code
[2.436s] -- Configured cppcheck include dirs: /root/rm_version4_ws/src/rm_auto_aim/armor_processor/include
[2.436s] -- Configured cppcheck exclude dirs and/or files: 
[2.437s] -- Added test 'lint_cmake' to check CMake code style
[2.438s] -- Added test 'xmllint' to check XML markup files
[2.441s] -- Added test 'clang_format' to check C / C++ code style
[2.449s] -- Configuring done
[2.500s] -- Generating done
[2.504s] -- Build files have been written to: /root/rm_version4_ws/build/armor_processor
[2.577s] Invoked command in '/root/rm_version4_ws/build/armor_processor' returned '0': CMAKE_PREFIX_PATH=/root/rm_version4_ws/install/auto_aim_interfaces:/root/rm_version4_ws/install/auto_aim_bringup:/root/rm_version4_ws/install/rm_serial_driver:/root/rm_version4_ws/install/rm_gimbal_description:/root/rm_version4_ws/install/daheng_camera:/root/rm_version4_ws/install/armor_processor:/root/rm_version4_ws/install/armor_detector:/root/daheng_camera/install/daheng_camera:/root/chenjun_ws/install/daheng_camera:/root/chenjun_ws/install/auto_aim_bringup:/root/chenjun_ws/install/armor_processor:/root/chenjun_ws/install/armor_detector:/root/chenjun_ws/install/auto_aim_interfaces:/root/test_jun_ws/install/rm_gimbal_description:/opt/ros/humble LD_LIBRARY_PATH=/root/rm_version4_ws/install/auto_aim_interfaces/lib:/root/rm_version4_ws/install/rm_serial_driver/lib:/root/rm_version4_ws/install/daheng_camera/lib:/root/rm_version4_ws/install/armor_processor/lib:/root/rm_version4_ws/install/armor_detector/lib:/root/daheng_camera/install/daheng_camera/lib:/root/chenjun_ws/install/daheng_camera/lib:/root/chenjun_ws/install/armor_processor/lib:/root/chenjun_ws/install/armor_detector/lib:/root/chenjun_ws/install/auto_aim_interfaces/lib:/opt/ros/humble/opt/rviz_ogre_vendor/lib:/opt/ros/humble/lib/x86_64-linux-gnu:/opt/ros/humble/lib /usr/bin/cmake /root/rm_version4_ws/src/rm_auto_aim/armor_processor -DAMENT_CMAKE_SYMLINK_INSTALL=1 -DCMAKE_INSTALL_PREFIX=/root/rm_version4_ws/install/armor_processor
[2.577s] Invoking command in '/root/rm_version4_ws/build/armor_processor': CMAKE_PREFIX_PATH=/root/rm_version4_ws/install/auto_aim_interfaces:/root/rm_version4_ws/install/auto_aim_bringup:/root/rm_version4_ws/install/rm_serial_driver:/root/rm_version4_ws/install/rm_gimbal_description:/root/rm_version4_ws/install/daheng_camera:/root/rm_version4_ws/install/armor_processor:/root/rm_version4_ws/install/armor_detector:/root/daheng_camera/install/daheng_camera:/root/chenjun_ws/install/daheng_camera:/root/chenjun_ws/install/auto_aim_bringup:/root/chenjun_ws/install/armor_processor:/root/chenjun_ws/install/armor_detector:/root/chenjun_ws/install/auto_aim_interfaces:/root/test_jun_ws/install/rm_gimbal_description:/opt/ros/humble LD_LIBRARY_PATH=/root/rm_version4_ws/install/auto_aim_interfaces/lib:/root/rm_version4_ws/install/rm_serial_driver/lib:/root/rm_version4_ws/install/daheng_camera/lib:/root/rm_version4_ws/install/armor_processor/lib:/root/rm_version4_ws/install/armor_detector/lib:/root/daheng_camera/install/daheng_camera/lib:/root/chenjun_ws/install/daheng_camera/lib:/root/chenjun_ws/install/armor_processor/lib:/root/chenjun_ws/install/armor_detector/lib:/root/chenjun_ws/install/auto_aim_interfaces/lib:/opt/ros/humble/opt/rviz_ogre_vendor/lib:/opt/ros/humble/lib/x86_64-linux-gnu:/opt/ros/humble/lib /usr/bin/cmake --build /root/rm_version4_ws/build/armor_processor -- -j12 -l12
[2.769s] [ 16%] [32mBuilding CXX object CMakeFiles/armor_processor.dir/src/processor_node.cpp.o[0m
[2.791s] [ 33%] [32mBuilding CXX object CMakeFiles/armor_processor.dir/src/tracker.cpp.o[0m
[2.800s] [ 50%] [32mBuilding CXX object CMakeFiles/armor_processor.dir/src/extended_kalman_filter.cpp.o[0m
[2.850s] [ 66%] [32mBuilding CXX object CMakeFiles/armor_processor_node.dir/rclcpp_components/node_main_armor_processor_node.cpp.o[0m
[10.352s] [ 83%] [32m[1mLinking CXX executable armor_processor_node[0m
[10.692s] [ 83%] Built target armor_processor_node
[22.929s] [100%] [32m[1mLinking CXX shared library libarmor_processor.so[0m
[24.274s] [100%] Built target armor_processor
[24.288s] Invoked command in '/root/rm_version4_ws/build/armor_processor' returned '0': CMAKE_PREFIX_PATH=/root/rm_version4_ws/install/auto_aim_interfaces:/root/rm_version4_ws/install/auto_aim_bringup:/root/rm_version4_ws/install/rm_serial_driver:/root/rm_version4_ws/install/rm_gimbal_description:/root/rm_version4_ws/install/daheng_camera:/root/rm_version4_ws/install/armor_processor:/root/rm_version4_ws/install/armor_detector:/root/daheng_camera/install/daheng_camera:/root/chenjun_ws/install/daheng_camera:/root/chenjun_ws/install/auto_aim_bringup:/root/chenjun_ws/install/armor_processor:/root/chenjun_ws/install/armor_detector:/root/chenjun_ws/install/auto_aim_interfaces:/root/test_jun_ws/install/rm_gimbal_description:/opt/ros/humble LD_LIBRARY_PATH=/root/rm_version4_ws/install/auto_aim_interfaces/lib:/root/rm_version4_ws/install/rm_serial_driver/lib:/root/rm_version4_ws/install/daheng_camera/lib:/root/rm_version4_ws/install/armor_processor/lib:/root/rm_version4_ws/install/armor_detector/lib:/root/daheng_camera/install/daheng_camera/lib:/root/chenjun_ws/install/daheng_camera/lib:/root/chenjun_ws/install/armor_processor/lib:/root/chenjun_ws/install/armor_detector/lib:/root/chenjun_ws/install/auto_aim_interfaces/lib:/opt/ros/humble/opt/rviz_ogre_vendor/lib:/opt/ros/humble/lib/x86_64-linux-gnu:/opt/ros/humble/lib /usr/bin/cmake --build /root/rm_version4_ws/build/armor_processor -- -j12 -l12
[24.322s] Invoking command in '/root/rm_version4_ws/build/armor_processor': CMAKE_PREFIX_PATH=/root/rm_version4_ws/install/auto_aim_interfaces:/root/rm_version4_ws/install/auto_aim_bringup:/root/rm_version4_ws/install/rm_serial_driver:/root/rm_version4_ws/install/rm_gimbal_description:/root/rm_version4_ws/install/daheng_camera:/root/rm_version4_ws/install/armor_processor:/root/rm_version4_ws/install/armor_detector:/root/daheng_camera/install/daheng_camera:/root/chenjun_ws/install/daheng_camera:/root/chenjun_ws/install/auto_aim_bringup:/root/chenjun_ws/install/armor_processor:/root/chenjun_ws/install/armor_detector:/root/chenjun_ws/install/auto_aim_interfaces:/root/test_jun_ws/install/rm_gimbal_description:/opt/ros/humble LD_LIBRARY_PATH=/root/rm_version4_ws/install/auto_aim_interfaces/lib:/root/rm_version4_ws/install/rm_serial_driver/lib:/root/rm_version4_ws/install/daheng_camera/lib:/root/rm_version4_ws/install/armor_processor/lib:/root/rm_version4_ws/install/armor_detector/lib:/root/daheng_camera/install/daheng_camera/lib:/root/chenjun_ws/install/daheng_camera/lib:/root/chenjun_ws/install/armor_processor/lib:/root/chenjun_ws/install/armor_detector/lib:/root/chenjun_ws/install/auto_aim_interfaces/lib:/opt/ros/humble/opt/rviz_ogre_vendor/lib:/opt/ros/humble/lib/x86_64-linux-gnu:/opt/ros/humble/lib /usr/bin/cmake --install /root/rm_version4_ws/build/armor_processor
[24.329s] -- Install configuration: ""
[24.329s] -- Execute custom install script
[24.330s] -- Up-to-date symlink: /root/rm_version4_ws/install/armor_processor/lib/armor_processor/armor_processor_node
[24.330s] -- Up-to-date symlink: /root/rm_version4_ws/install/armor_processor/include/armor_processor/extended_kalman_filter.hpp
[24.330s] -- Up-to-date symlink: /root/rm_version4_ws/install/armor_processor/include/armor_processor/processor_node.hpp
[24.331s] -- Up-to-date symlink: /root/rm_version4_ws/install/armor_processor/include/armor_processor/tracker.hpp
[24.331s] -- Up-to-date symlink: /root/rm_version4_ws/install/armor_processor/share/armor_processor/environment/library_path.sh
[24.331s] -- Up-to-date symlink: /root/rm_version4_ws/install/armor_processor/share/armor_processor/environment/library_path.dsv
[24.331s] -- Up-to-date symlink: /root/rm_version4_ws/install/armor_processor/lib/libarmor_processor.so
[24.331s] -- Up-to-date symlink: /root/rm_version4_ws/install/armor_processor/share/ament_index/resource_index/package_run_dependencies/armor_processor
[24.331s] -- Up-to-date symlink: /root/rm_version4_ws/install/armor_processor/share/ament_index/resource_index/parent_prefix_path/armor_processor
[24.331s] -- Up-to-date symlink: /root/rm_version4_ws/install/armor_processor/share/armor_processor/environment/ament_prefix_path.sh
[24.332s] -- Up-to-date symlink: /root/rm_version4_ws/install/armor_processor/share/armor_processor/environment/ament_prefix_path.dsv
[24.332s] -- Up-to-date symlink: /root/rm_version4_ws/install/armor_processor/share/armor_processor/environment/path.sh
[24.332s] -- Up-to-date symlink: /root/rm_version4_ws/install/armor_processor/share/armor_processor/environment/path.dsv
[24.332s] -- Up-to-date symlink: /root/rm_version4_ws/install/armor_processor/share/armor_processor/local_setup.bash
[24.332s] -- Up-to-date symlink: /root/rm_version4_ws/install/armor_processor/share/armor_processor/local_setup.sh
[24.332s] -- Up-to-date symlink: /root/rm_version4_ws/install/armor_processor/share/armor_processor/local_setup.zsh
[24.332s] -- Up-to-date symlink: /root/rm_version4_ws/install/armor_processor/share/armor_processor/local_setup.dsv
[24.332s] -- Symlinking: /root/rm_version4_ws/install/armor_processor/share/armor_processor/package.dsv
[24.344s] -- Up-to-date symlink: /root/rm_version4_ws/install/armor_processor/share/ament_index/resource_index/packages/armor_processor
[24.344s] -- Up-to-date symlink: /root/rm_version4_ws/install/armor_processor/share/ament_index/resource_index/rclcpp_components/armor_processor
[24.344s] -- Up-to-date symlink: /root/rm_version4_ws/install/armor_processor/share/armor_processor/cmake/ament_cmake_export_dependencies-extras.cmake
[24.344s] -- Up-to-date symlink: /root/rm_version4_ws/install/armor_processor/share/armor_processor/cmake/ament_cmake_export_include_directories-extras.cmake
[24.344s] -- Up-to-date symlink: /root/rm_version4_ws/install/armor_processor/share/armor_processor/cmake/ament_cmake_export_libraries-extras.cmake
[24.344s] -- Up-to-date symlink: /root/rm_version4_ws/install/armor_processor/share/armor_processor/cmake/armor_processorConfig.cmake
[24.344s] -- Up-to-date symlink: /root/rm_version4_ws/install/armor_processor/share/armor_processor/cmake/armor_processorConfig-version.cmake
[24.344s] -- Up-to-date symlink: /root/rm_version4_ws/install/armor_processor/share/armor_processor/package.xml
[24.349s] Invoked command in '/root/rm_version4_ws/build/armor_processor' returned '0': CMAKE_PREFIX_PATH=/root/rm_version4_ws/install/auto_aim_interfaces:/root/rm_version4_ws/install/auto_aim_bringup:/root/rm_version4_ws/install/rm_serial_driver:/root/rm_version4_ws/install/rm_gimbal_description:/root/rm_version4_ws/install/daheng_camera:/root/rm_version4_ws/install/armor_processor:/root/rm_version4_ws/install/armor_detector:/root/daheng_camera/install/daheng_camera:/root/chenjun_ws/install/daheng_camera:/root/chenjun_ws/install/auto_aim_bringup:/root/chenjun_ws/install/armor_processor:/root/chenjun_ws/install/armor_detector:/root/chenjun_ws/install/auto_aim_interfaces:/root/test_jun_ws/install/rm_gimbal_description:/opt/ros/humble LD_LIBRARY_PATH=/root/rm_version4_ws/install/auto_aim_interfaces/lib:/root/rm_version4_ws/install/rm_serial_driver/lib:/root/rm_version4_ws/install/daheng_camera/lib:/root/rm_version4_ws/install/armor_processor/lib:/root/rm_version4_ws/install/armor_detector/lib:/root/daheng_camera/install/daheng_camera/lib:/root/chenjun_ws/install/daheng_camera/lib:/root/chenjun_ws/install/armor_processor/lib:/root/chenjun_ws/install/armor_detector/lib:/root/chenjun_ws/install/auto_aim_interfaces/lib:/opt/ros/humble/opt/rviz_ogre_vendor/lib:/opt/ros/humble/lib/x86_64-linux-gnu:/opt/ros/humble/lib /usr/bin/cmake --install /root/rm_version4_ws/build/armor_processor
