-- Install configuration: ""
-- Up-to-date: /root/rm_version4_ws/install/auto_aim_bringup/share/auto_aim_bringup/config
-- Installing: /root/rm_version4_ws/install/auto_aim_bringup/share/auto_aim_bringup/config/default.yaml
-- Up-to-date: /root/rm_version4_ws/install/auto_aim_bringup/share/auto_aim_bringup/launch
-- Up-to-date: /root/rm_version4_ws/install/auto_aim_bringup/share/auto_aim_bringup/launch/auto_aim.launch.py
-- Up-to-date: /root/rm_version4_ws/install/auto_aim_bringup/share/ament_index/resource_index/package_run_dependencies/auto_aim_bringup
-- Up-to-date: /root/rm_version4_ws/install/auto_aim_bringup/share/ament_index/resource_index/parent_prefix_path/auto_aim_bringup
-- Up-to-date: /root/rm_version4_ws/install/auto_aim_bringup/share/auto_aim_bringup/environment/ament_prefix_path.sh
-- Up-to-date: /root/rm_version4_ws/install/auto_aim_bringup/share/auto_aim_bringup/environment/ament_prefix_path.dsv
-- Up-to-date: /root/rm_version4_ws/install/auto_aim_bringup/share/auto_aim_bringup/environment/path.sh
-- Up-to-date: /root/rm_version4_ws/install/auto_aim_bringup/share/auto_aim_bringup/environment/path.dsv
-- Up-to-date: /root/rm_version4_ws/install/auto_aim_bringup/share/auto_aim_bringup/local_setup.bash
-- Up-to-date: /root/rm_version4_ws/install/auto_aim_bringup/share/auto_aim_bringup/local_setup.sh
-- Up-to-date: /root/rm_version4_ws/install/auto_aim_bringup/share/auto_aim_bringup/local_setup.zsh
-- Up-to-date: /root/rm_version4_ws/install/auto_aim_bringup/share/auto_aim_bringup/local_setup.dsv
-- Up-to-date: /root/rm_version4_ws/install/auto_aim_bringup/share/auto_aim_bringup/package.dsv
-- Up-to-date: /root/rm_version4_ws/install/auto_aim_bringup/share/ament_index/resource_index/packages/auto_aim_bringup
-- Up-to-date: /root/rm_version4_ws/install/auto_aim_bringup/share/auto_aim_bringup/cmake/auto_aim_bringupConfig.cmake
-- Up-to-date: /root/rm_version4_ws/install/auto_aim_bringup/share/auto_aim_bringup/cmake/auto_aim_bringupConfig-version.cmake
-- Up-to-date: /root/rm_version4_ws/install/auto_aim_bringup/share/auto_aim_bringup/package.xml
