[0.082s] DEBUG:colcon:Command line arguments: ['/usr/bin/colcon', 'list', '-p', '--base-paths', '/home/wlixill/rm_version4_ws']
[0.082s] DEBUG:colcon:Parsed command line arguments: Namespace(log_base=None, log_level=None, verb_name='list', build_base='build', ignore_user_meta=False, metas=['./colcon.meta'], base_paths=['/home/wlixill/rm_version4_ws'], packages_ignore=None, packages_ignore_regex=None, paths=None, packages_up_to=None, packages_up_to_regex=None, packages_above=None, packages_above_and_dependencies=None, packages_above_depth=None, packages_select_by_dep=None, packages_skip_by_dep=None, packages_skip_up_to=None, packages_select_build_failed=False, packages_skip_build_finished=False, packages_select_test_failures=False, packages_skip_test_passed=False, packages_select=None, packages_skip=None, packages_select_regex=None, packages_skip_regex=None, packages_start=None, packages_end=None, allow_overriding=[], topological_order=False, names_only=False, paths_only=True, topological_graph=False, topological_graph_dot=False, topological_graph_density=False, topological_graph_legend=False, topological_graph_dot_cluster=False, topological_graph_dot_include_skipped=False, verb_parser=<colcon_defaults.argument_parser.defaults.DefaultArgumentsDecorator object at 0x7fa284fa4760>, verb_extension=<colcon_package_information.verb.list.ListVerb object at 0x7fa284f6abc0>, main=<bound method ListVerb.main of <colcon_package_information.verb.list.ListVerb object at 0x7fa284f6abc0>>)
[0.228s] Level 1:colcon.colcon_core.package_discovery:discover_packages(colcon_meta) check parameters
[0.228s] Level 1:colcon.colcon_core.package_discovery:discover_packages(recursive) check parameters
[0.228s] Level 1:colcon.colcon_core.package_discovery:discover_packages(ignore) check parameters
[0.228s] Level 1:colcon.colcon_core.package_discovery:discover_packages(path) check parameters
[0.228s] Level 1:colcon.colcon_core.package_discovery:discover_packages(recursive) discover
[0.228s] INFO:colcon.colcon_core.package_discovery:Crawling recursively for packages in '/home/wlixill/rm_version4_ws'
[0.228s] Level 1:colcon.colcon_core.package_identification:_identify(/home/wlixill/rm_version4_ws) by extensions ['ignore', 'ignore_ament_install']
[0.229s] Level 1:colcon.colcon_core.package_identification:_identify(/home/wlixill/rm_version4_ws) by extension 'ignore'
[0.229s] Level 1:colcon.colcon_core.package_identification:_identify(/home/wlixill/rm_version4_ws) by extension 'ignore_ament_install'
[0.229s] Level 1:colcon.colcon_core.package_identification:_identify(/home/wlixill/rm_version4_ws) by extensions ['colcon_pkg']
[0.229s] Level 1:colcon.colcon_core.package_identification:_identify(/home/wlixill/rm_version4_ws) by extension 'colcon_pkg'
[0.229s] Level 1:colcon.colcon_core.package_identification:_identify(/home/wlixill/rm_version4_ws) by extensions ['colcon_meta']
[0.229s] Level 1:colcon.colcon_core.package_identification:_identify(/home/wlixill/rm_version4_ws) by extension 'colcon_meta'
[0.229s] Level 1:colcon.colcon_core.package_identification:_identify(/home/wlixill/rm_version4_ws) by extensions ['ros']
[0.229s] Level 1:colcon.colcon_core.package_identification:_identify(/home/wlixill/rm_version4_ws) by extension 'ros'
[0.243s] Level 1:colcon.colcon_core.package_identification:_identify(/home/wlixill/rm_version4_ws) by extensions ['cmake', 'python']
[0.243s] Level 1:colcon.colcon_core.package_identification:_identify(/home/wlixill/rm_version4_ws) by extension 'cmake'
[0.243s] Level 1:colcon.colcon_core.package_identification:_identify(/home/wlixill/rm_version4_ws) by extension 'python'
[0.243s] Level 1:colcon.colcon_core.package_identification:_identify(/home/wlixill/rm_version4_ws) by extensions ['python_setup_py']
[0.243s] Level 1:colcon.colcon_core.package_identification:_identify(/home/wlixill/rm_version4_ws) by extension 'python_setup_py'
[0.244s] Level 1:colcon.colcon_core.package_identification:_identify(/home/wlixill/rm_version4_ws/build) by extensions ['ignore', 'ignore_ament_install']
[0.244s] Level 1:colcon.colcon_core.package_identification:_identify(/home/wlixill/rm_version4_ws/build) by extension 'ignore'
[0.244s] Level 1:colcon.colcon_core.package_identification:_identify(/home/wlixill/rm_version4_ws/build) ignored
[0.244s] Level 1:colcon.colcon_core.package_identification:_identify(/home/wlixill/rm_version4_ws/install) by extensions ['ignore', 'ignore_ament_install']
[0.244s] Level 1:colcon.colcon_core.package_identification:_identify(/home/wlixill/rm_version4_ws/install) by extension 'ignore'
[0.244s] Level 1:colcon.colcon_core.package_identification:_identify(/home/wlixill/rm_version4_ws/install) ignored
[0.244s] Level 1:colcon.colcon_core.package_identification:_identify(/home/wlixill/rm_version4_ws/log) by extensions ['ignore', 'ignore_ament_install']
[0.244s] Level 1:colcon.colcon_core.package_identification:_identify(/home/wlixill/rm_version4_ws/log) by extension 'ignore'
[0.244s] Level 1:colcon.colcon_core.package_identification:_identify(/home/wlixill/rm_version4_ws/log) ignored
[0.244s] Level 1:colcon.colcon_core.package_identification:_identify(/home/wlixill/rm_version4_ws/src) by extensions ['ignore', 'ignore_ament_install']
[0.244s] Level 1:colcon.colcon_core.package_identification:_identify(/home/wlixill/rm_version4_ws/src) by extension 'ignore'
[0.245s] Level 1:colcon.colcon_core.package_identification:_identify(/home/wlixill/rm_version4_ws/src) by extension 'ignore_ament_install'
[0.245s] Level 1:colcon.colcon_core.package_identification:_identify(/home/wlixill/rm_version4_ws/src) by extensions ['colcon_pkg']
[0.245s] Level 1:colcon.colcon_core.package_identification:_identify(/home/wlixill/rm_version4_ws/src) by extension 'colcon_pkg'
[0.245s] Level 1:colcon.colcon_core.package_identification:_identify(/home/wlixill/rm_version4_ws/src) by extensions ['colcon_meta']
[0.245s] Level 1:colcon.colcon_core.package_identification:_identify(/home/wlixill/rm_version4_ws/src) by extension 'colcon_meta'
[0.245s] Level 1:colcon.colcon_core.package_identification:_identify(/home/wlixill/rm_version4_ws/src) by extensions ['ros']
[0.245s] Level 1:colcon.colcon_core.package_identification:_identify(/home/wlixill/rm_version4_ws/src) by extension 'ros'
[0.245s] Level 1:colcon.colcon_core.package_identification:_identify(/home/wlixill/rm_version4_ws/src) by extensions ['cmake', 'python']
[0.245s] Level 1:colcon.colcon_core.package_identification:_identify(/home/wlixill/rm_version4_ws/src) by extension 'cmake'
[0.245s] Level 1:colcon.colcon_core.package_identification:_identify(/home/wlixill/rm_version4_ws/src) by extension 'python'
[0.245s] Level 1:colcon.colcon_core.package_identification:_identify(/home/wlixill/rm_version4_ws/src) by extensions ['python_setup_py']
[0.245s] Level 1:colcon.colcon_core.package_identification:_identify(/home/wlixill/rm_version4_ws/src) by extension 'python_setup_py'
[0.245s] Level 1:colcon.colcon_core.package_identification:_identify(/home/wlixill/rm_version4_ws/src/rm_auto_aim) by extensions ['ignore', 'ignore_ament_install']
[0.245s] Level 1:colcon.colcon_core.package_identification:_identify(/home/wlixill/rm_version4_ws/src/rm_auto_aim) by extension 'ignore'
[0.245s] Level 1:colcon.colcon_core.package_identification:_identify(/home/wlixill/rm_version4_ws/src/rm_auto_aim) by extension 'ignore_ament_install'
[0.245s] Level 1:colcon.colcon_core.package_identification:_identify(/home/wlixill/rm_version4_ws/src/rm_auto_aim) by extensions ['colcon_pkg']
[0.245s] Level 1:colcon.colcon_core.package_identification:_identify(/home/wlixill/rm_version4_ws/src/rm_auto_aim) by extension 'colcon_pkg'
[0.245s] Level 1:colcon.colcon_core.package_identification:_identify(/home/wlixill/rm_version4_ws/src/rm_auto_aim) by extensions ['colcon_meta']
[0.245s] Level 1:colcon.colcon_core.package_identification:_identify(/home/wlixill/rm_version4_ws/src/rm_auto_aim) by extension 'colcon_meta'
[0.245s] Level 1:colcon.colcon_core.package_identification:_identify(/home/wlixill/rm_version4_ws/src/rm_auto_aim) by extensions ['ros']
[0.245s] Level 1:colcon.colcon_core.package_identification:_identify(/home/wlixill/rm_version4_ws/src/rm_auto_aim) by extension 'ros'
[0.245s] Level 1:colcon.colcon_core.package_identification:_identify(/home/wlixill/rm_version4_ws/src/rm_auto_aim) by extensions ['cmake', 'python']
[0.245s] Level 1:colcon.colcon_core.package_identification:_identify(/home/wlixill/rm_version4_ws/src/rm_auto_aim) by extension 'cmake'
[0.246s] Level 1:colcon.colcon_core.package_identification:_identify(/home/wlixill/rm_version4_ws/src/rm_auto_aim) by extension 'python'
[0.246s] Level 1:colcon.colcon_core.package_identification:_identify(/home/wlixill/rm_version4_ws/src/rm_auto_aim) by extensions ['python_setup_py']
[0.246s] Level 1:colcon.colcon_core.package_identification:_identify(/home/wlixill/rm_version4_ws/src/rm_auto_aim) by extension 'python_setup_py'
[0.246s] Level 1:colcon.colcon_core.package_identification:_identify(/home/wlixill/rm_version4_ws/src/rm_auto_aim/armor_detector) by extensions ['ignore', 'ignore_ament_install']
[0.246s] Level 1:colcon.colcon_core.package_identification:_identify(/home/wlixill/rm_version4_ws/src/rm_auto_aim/armor_detector) by extension 'ignore'
[0.246s] Level 1:colcon.colcon_core.package_identification:_identify(/home/wlixill/rm_version4_ws/src/rm_auto_aim/armor_detector) by extension 'ignore_ament_install'
[0.246s] Level 1:colcon.colcon_core.package_identification:_identify(/home/wlixill/rm_version4_ws/src/rm_auto_aim/armor_detector) by extensions ['colcon_pkg']
[0.246s] Level 1:colcon.colcon_core.package_identification:_identify(/home/wlixill/rm_version4_ws/src/rm_auto_aim/armor_detector) by extension 'colcon_pkg'
[0.246s] Level 1:colcon.colcon_core.package_identification:_identify(/home/wlixill/rm_version4_ws/src/rm_auto_aim/armor_detector) by extensions ['colcon_meta']
[0.246s] Level 1:colcon.colcon_core.package_identification:_identify(/home/wlixill/rm_version4_ws/src/rm_auto_aim/armor_detector) by extension 'colcon_meta'
[0.246s] Level 1:colcon.colcon_core.package_identification:_identify(/home/wlixill/rm_version4_ws/src/rm_auto_aim/armor_detector) by extensions ['ros']
[0.246s] Level 1:colcon.colcon_core.package_identification:_identify(/home/wlixill/rm_version4_ws/src/rm_auto_aim/armor_detector) by extension 'ros'
[0.251s] DEBUG:colcon.colcon_core.package_identification:Package '/home/wlixill/rm_version4_ws/src/rm_auto_aim/armor_detector' with type 'ros.ament_cmake' and name 'armor_detector'
[0.251s] Level 1:colcon.colcon_core.package_identification:_identify(/home/wlixill/rm_version4_ws/src/rm_auto_aim/armor_processor) by extensions ['ignore', 'ignore_ament_install']
[0.251s] Level 1:colcon.colcon_core.package_identification:_identify(/home/wlixill/rm_version4_ws/src/rm_auto_aim/armor_processor) by extension 'ignore'
[0.251s] Level 1:colcon.colcon_core.package_identification:_identify(/home/wlixill/rm_version4_ws/src/rm_auto_aim/armor_processor) by extension 'ignore_ament_install'
[0.251s] Level 1:colcon.colcon_core.package_identification:_identify(/home/wlixill/rm_version4_ws/src/rm_auto_aim/armor_processor) by extensions ['colcon_pkg']
[0.251s] Level 1:colcon.colcon_core.package_identification:_identify(/home/wlixill/rm_version4_ws/src/rm_auto_aim/armor_processor) by extension 'colcon_pkg'
[0.251s] Level 1:colcon.colcon_core.package_identification:_identify(/home/wlixill/rm_version4_ws/src/rm_auto_aim/armor_processor) by extensions ['colcon_meta']
[0.251s] Level 1:colcon.colcon_core.package_identification:_identify(/home/wlixill/rm_version4_ws/src/rm_auto_aim/armor_processor) by extension 'colcon_meta'
[0.251s] Level 1:colcon.colcon_core.package_identification:_identify(/home/wlixill/rm_version4_ws/src/rm_auto_aim/armor_processor) by extensions ['ros']
[0.251s] Level 1:colcon.colcon_core.package_identification:_identify(/home/wlixill/rm_version4_ws/src/rm_auto_aim/armor_processor) by extension 'ros'
[0.252s] DEBUG:colcon.colcon_core.package_identification:Package '/home/wlixill/rm_version4_ws/src/rm_auto_aim/armor_processor' with type 'ros.ament_cmake' and name 'armor_processor'
[0.252s] Level 1:colcon.colcon_core.package_identification:_identify(/home/wlixill/rm_version4_ws/src/rm_auto_aim/auto_aim_bringup) by extensions ['ignore', 'ignore_ament_install']
[0.252s] Level 1:colcon.colcon_core.package_identification:_identify(/home/wlixill/rm_version4_ws/src/rm_auto_aim/auto_aim_bringup) by extension 'ignore'
[0.252s] Level 1:colcon.colcon_core.package_identification:_identify(/home/wlixill/rm_version4_ws/src/rm_auto_aim/auto_aim_bringup) by extension 'ignore_ament_install'
[0.252s] Level 1:colcon.colcon_core.package_identification:_identify(/home/wlixill/rm_version4_ws/src/rm_auto_aim/auto_aim_bringup) by extensions ['colcon_pkg']
[0.252s] Level 1:colcon.colcon_core.package_identification:_identify(/home/wlixill/rm_version4_ws/src/rm_auto_aim/auto_aim_bringup) by extension 'colcon_pkg'
[0.253s] Level 1:colcon.colcon_core.package_identification:_identify(/home/wlixill/rm_version4_ws/src/rm_auto_aim/auto_aim_bringup) by extensions ['colcon_meta']
[0.253s] Level 1:colcon.colcon_core.package_identification:_identify(/home/wlixill/rm_version4_ws/src/rm_auto_aim/auto_aim_bringup) by extension 'colcon_meta'
[0.253s] Level 1:colcon.colcon_core.package_identification:_identify(/home/wlixill/rm_version4_ws/src/rm_auto_aim/auto_aim_bringup) by extensions ['ros']
[0.253s] Level 1:colcon.colcon_core.package_identification:_identify(/home/wlixill/rm_version4_ws/src/rm_auto_aim/auto_aim_bringup) by extension 'ros'
[0.253s] DEBUG:colcon.colcon_core.package_identification:Package '/home/wlixill/rm_version4_ws/src/rm_auto_aim/auto_aim_bringup' with type 'ros.ament_cmake' and name 'auto_aim_bringup'
[0.254s] Level 1:colcon.colcon_core.package_identification:_identify(/home/wlixill/rm_version4_ws/src/rm_auto_aim/auto_aim_interfaces) by extensions ['ignore', 'ignore_ament_install']
[0.254s] Level 1:colcon.colcon_core.package_identification:_identify(/home/wlixill/rm_version4_ws/src/rm_auto_aim/auto_aim_interfaces) by extension 'ignore'
[0.254s] Level 1:colcon.colcon_core.package_identification:_identify(/home/wlixill/rm_version4_ws/src/rm_auto_aim/auto_aim_interfaces) by extension 'ignore_ament_install'
[0.254s] Level 1:colcon.colcon_core.package_identification:_identify(/home/wlixill/rm_version4_ws/src/rm_auto_aim/auto_aim_interfaces) by extensions ['colcon_pkg']
[0.254s] Level 1:colcon.colcon_core.package_identification:_identify(/home/wlixill/rm_version4_ws/src/rm_auto_aim/auto_aim_interfaces) by extension 'colcon_pkg'
[0.254s] Level 1:colcon.colcon_core.package_identification:_identify(/home/wlixill/rm_version4_ws/src/rm_auto_aim/auto_aim_interfaces) by extensions ['colcon_meta']
[0.254s] Level 1:colcon.colcon_core.package_identification:_identify(/home/wlixill/rm_version4_ws/src/rm_auto_aim/auto_aim_interfaces) by extension 'colcon_meta'
[0.254s] Level 1:colcon.colcon_core.package_identification:_identify(/home/wlixill/rm_version4_ws/src/rm_auto_aim/auto_aim_interfaces) by extensions ['ros']
[0.254s] Level 1:colcon.colcon_core.package_identification:_identify(/home/wlixill/rm_version4_ws/src/rm_auto_aim/auto_aim_interfaces) by extension 'ros'
[0.254s] DEBUG:colcon.colcon_core.package_identification:Package '/home/wlixill/rm_version4_ws/src/rm_auto_aim/auto_aim_interfaces' with type 'ros.ament_cmake' and name 'auto_aim_interfaces'
[0.254s] Level 1:colcon.colcon_core.package_identification:_identify(/home/wlixill/rm_version4_ws/src/rm_auto_aim/daheng_camera) by extensions ['ignore', 'ignore_ament_install']
[0.254s] Level 1:colcon.colcon_core.package_identification:_identify(/home/wlixill/rm_version4_ws/src/rm_auto_aim/daheng_camera) by extension 'ignore'
[0.254s] Level 1:colcon.colcon_core.package_identification:_identify(/home/wlixill/rm_version4_ws/src/rm_auto_aim/daheng_camera) by extension 'ignore_ament_install'
[0.254s] Level 1:colcon.colcon_core.package_identification:_identify(/home/wlixill/rm_version4_ws/src/rm_auto_aim/daheng_camera) by extensions ['colcon_pkg']
[0.255s] Level 1:colcon.colcon_core.package_identification:_identify(/home/wlixill/rm_version4_ws/src/rm_auto_aim/daheng_camera) by extension 'colcon_pkg'
[0.255s] Level 1:colcon.colcon_core.package_identification:_identify(/home/wlixill/rm_version4_ws/src/rm_auto_aim/daheng_camera) by extensions ['colcon_meta']
[0.255s] Level 1:colcon.colcon_core.package_identification:_identify(/home/wlixill/rm_version4_ws/src/rm_auto_aim/daheng_camera) by extension 'colcon_meta'
[0.255s] Level 1:colcon.colcon_core.package_identification:_identify(/home/wlixill/rm_version4_ws/src/rm_auto_aim/daheng_camera) by extensions ['ros']
[0.255s] Level 1:colcon.colcon_core.package_identification:_identify(/home/wlixill/rm_version4_ws/src/rm_auto_aim/daheng_camera) by extension 'ros'
[0.255s] DEBUG:colcon.colcon_core.package_identification:Package '/home/wlixill/rm_version4_ws/src/rm_auto_aim/daheng_camera' with type 'ros.ament_cmake' and name 'daheng_camera'
[0.255s] Level 1:colcon.colcon_core.package_identification:_identify(/home/wlixill/rm_version4_ws/src/rm_auto_aim/docs) by extensions ['ignore', 'ignore_ament_install']
[0.256s] Level 1:colcon.colcon_core.package_identification:_identify(/home/wlixill/rm_version4_ws/src/rm_auto_aim/docs) by extension 'ignore'
[0.256s] Level 1:colcon.colcon_core.package_identification:_identify(/home/wlixill/rm_version4_ws/src/rm_auto_aim/docs) by extension 'ignore_ament_install'
[0.256s] Level 1:colcon.colcon_core.package_identification:_identify(/home/wlixill/rm_version4_ws/src/rm_auto_aim/docs) by extensions ['colcon_pkg']
[0.256s] Level 1:colcon.colcon_core.package_identification:_identify(/home/wlixill/rm_version4_ws/src/rm_auto_aim/docs) by extension 'colcon_pkg'
[0.256s] Level 1:colcon.colcon_core.package_identification:_identify(/home/wlixill/rm_version4_ws/src/rm_auto_aim/docs) by extensions ['colcon_meta']
[0.256s] Level 1:colcon.colcon_core.package_identification:_identify(/home/wlixill/rm_version4_ws/src/rm_auto_aim/docs) by extension 'colcon_meta'
[0.256s] Level 1:colcon.colcon_core.package_identification:_identify(/home/wlixill/rm_version4_ws/src/rm_auto_aim/docs) by extensions ['ros']
[0.256s] Level 1:colcon.colcon_core.package_identification:_identify(/home/wlixill/rm_version4_ws/src/rm_auto_aim/docs) by extension 'ros'
[0.256s] Level 1:colcon.colcon_core.package_identification:_identify(/home/wlixill/rm_version4_ws/src/rm_auto_aim/docs) by extensions ['cmake', 'python']
[0.256s] Level 1:colcon.colcon_core.package_identification:_identify(/home/wlixill/rm_version4_ws/src/rm_auto_aim/docs) by extension 'cmake'
[0.256s] Level 1:colcon.colcon_core.package_identification:_identify(/home/wlixill/rm_version4_ws/src/rm_auto_aim/docs) by extension 'python'
[0.256s] Level 1:colcon.colcon_core.package_identification:_identify(/home/wlixill/rm_version4_ws/src/rm_auto_aim/docs) by extensions ['python_setup_py']
[0.256s] Level 1:colcon.colcon_core.package_identification:_identify(/home/wlixill/rm_version4_ws/src/rm_auto_aim/docs) by extension 'python_setup_py'
[0.256s] Level 1:colcon.colcon_core.package_identification:_identify(/home/wlixill/rm_version4_ws/src/rm_auto_aim/rm_gimbal_description) by extensions ['ignore', 'ignore_ament_install']
[0.256s] Level 1:colcon.colcon_core.package_identification:_identify(/home/wlixill/rm_version4_ws/src/rm_auto_aim/rm_gimbal_description) by extension 'ignore'
[0.256s] Level 1:colcon.colcon_core.package_identification:_identify(/home/wlixill/rm_version4_ws/src/rm_auto_aim/rm_gimbal_description) by extension 'ignore_ament_install'
[0.256s] Level 1:colcon.colcon_core.package_identification:_identify(/home/wlixill/rm_version4_ws/src/rm_auto_aim/rm_gimbal_description) by extensions ['colcon_pkg']
[0.256s] Level 1:colcon.colcon_core.package_identification:_identify(/home/wlixill/rm_version4_ws/src/rm_auto_aim/rm_gimbal_description) by extension 'colcon_pkg'
[0.256s] Level 1:colcon.colcon_core.package_identification:_identify(/home/wlixill/rm_version4_ws/src/rm_auto_aim/rm_gimbal_description) by extensions ['colcon_meta']
[0.256s] Level 1:colcon.colcon_core.package_identification:_identify(/home/wlixill/rm_version4_ws/src/rm_auto_aim/rm_gimbal_description) by extension 'colcon_meta'
[0.256s] Level 1:colcon.colcon_core.package_identification:_identify(/home/wlixill/rm_version4_ws/src/rm_auto_aim/rm_gimbal_description) by extensions ['ros']
[0.256s] Level 1:colcon.colcon_core.package_identification:_identify(/home/wlixill/rm_version4_ws/src/rm_auto_aim/rm_gimbal_description) by extension 'ros'
[0.257s] DEBUG:colcon.colcon_core.package_identification:Package '/home/wlixill/rm_version4_ws/src/rm_auto_aim/rm_gimbal_description' with type 'ros.ament_cmake' and name 'rm_gimbal_description'
[0.257s] Level 1:colcon.colcon_core.package_identification:_identify(/home/wlixill/rm_version4_ws/src/rm_auto_aim/rm_serial_driver) by extensions ['ignore', 'ignore_ament_install']
[0.257s] Level 1:colcon.colcon_core.package_identification:_identify(/home/wlixill/rm_version4_ws/src/rm_auto_aim/rm_serial_driver) by extension 'ignore'
[0.257s] Level 1:colcon.colcon_core.package_identification:_identify(/home/wlixill/rm_version4_ws/src/rm_auto_aim/rm_serial_driver) by extension 'ignore_ament_install'
[0.257s] Level 1:colcon.colcon_core.package_identification:_identify(/home/wlixill/rm_version4_ws/src/rm_auto_aim/rm_serial_driver) by extensions ['colcon_pkg']
[0.257s] Level 1:colcon.colcon_core.package_identification:_identify(/home/wlixill/rm_version4_ws/src/rm_auto_aim/rm_serial_driver) by extension 'colcon_pkg'
[0.257s] Level 1:colcon.colcon_core.package_identification:_identify(/home/wlixill/rm_version4_ws/src/rm_auto_aim/rm_serial_driver) by extensions ['colcon_meta']
[0.257s] Level 1:colcon.colcon_core.package_identification:_identify(/home/wlixill/rm_version4_ws/src/rm_auto_aim/rm_serial_driver) by extension 'colcon_meta'
[0.257s] Level 1:colcon.colcon_core.package_identification:_identify(/home/wlixill/rm_version4_ws/src/rm_auto_aim/rm_serial_driver) by extensions ['ros']
[0.257s] Level 1:colcon.colcon_core.package_identification:_identify(/home/wlixill/rm_version4_ws/src/rm_auto_aim/rm_serial_driver) by extension 'ros'
[0.258s] DEBUG:colcon.colcon_core.package_identification:Package '/home/wlixill/rm_version4_ws/src/rm_auto_aim/rm_serial_driver' with type 'ros.ament_cmake' and name 'rm_serial_driver'
[0.258s] Level 1:colcon.colcon_core.package_discovery:discover_packages(recursive) using defaults
