[0.009s] Invoking command in '/root/rm_version4_ws/build/rm_serial_driver': CMAKE_PREFIX_PATH=/root/rm_version4_ws/install/auto_aim_interfaces:/root/rm_version4_ws/install/auto_aim_bringup:/root/rm_version4_ws/install/rm_serial_driver:/root/rm_version4_ws/install/rm_gimbal_description:/root/rm_version4_ws/install/daheng_camera:/root/rm_version4_ws/install/armor_processor:/root/rm_version4_ws/install/armor_detector:/root/test_jun_ws/install/rm_gimbal_description:/opt/ros/humble LD_LIBRARY_PATH=/root/rm_version4_ws/install/auto_aim_interfaces/lib:/root/rm_version4_ws/install/rm_serial_driver/lib:/root/rm_version4_ws/install/daheng_camera/lib:/root/rm_version4_ws/install/armor_processor/lib:/root/rm_version4_ws/install/armor_detector/lib:/opt/ros/humble/opt/rviz_ogre_vendor/lib:/opt/ros/humble/lib/x86_64-linux-gnu:/opt/ros/humble/lib /usr/bin/cmake /root/rm_version4_ws/src/rm_auto_aim/rm_serial_driver -DCMAKE_INSTALL_PREFIX=/root/rm_version4_ws/install/rm_serial_driver
[0.048s] -- The C compiler identification is GNU 11.2.0
[0.097s] -- The CXX compiler identification is GNU 11.2.0
[0.103s] -- Detecting C compiler ABI info
[0.156s] -- Detecting C compiler ABI info - done
[0.163s] -- Check for working C compiler: /usr/bin/cc - skipped
[0.163s] -- Detecting C compile features
[0.163s] -- Detecting C compile features - done
[0.166s] -- Detecting CXX compiler ABI info
[0.229s] -- Detecting CXX compiler ABI info - done
[0.235s] -- Check for working CXX compiler: /usr/bin/c++ - skipped
[0.235s] -- Detecting CXX compile features
[0.236s] -- Detecting CXX compile features - done
[0.238s] -- Found ament_cmake_auto: 1.3.2 (/opt/ros/humble/share/ament_cmake_auto/cmake)
[0.417s] -- Found Python3: /usr/bin/python3.10 (found version "3.10.6") found components: Interpreter 
[0.607s] -- Found rosidl_generator_c: 3.1.3 (/opt/ros/humble/share/rosidl_generator_c/cmake)
[0.612s] -- Found rosidl_adapter: 3.1.3 (/opt/ros/humble/share/rosidl_adapter/cmake)
[0.620s] -- Found rosidl_generator_cpp: 3.1.3 (/opt/ros/humble/share/rosidl_generator_cpp/cmake)
[0.634s] -- Using all available rosidl_typesupport_c: rosidl_typesupport_fastrtps_c;rosidl_typesupport_introspection_c
[0.653s] -- Using all available rosidl_typesupport_cpp: rosidl_typesupport_fastrtps_cpp;rosidl_typesupport_introspection_cpp
[0.716s] -- Found rmw_implementation_cmake: 6.1.0 (/opt/ros/humble/share/rmw_implementation_cmake/cmake)
[0.718s] -- Found rmw_fastrtps_cpp: 6.2.1 (/opt/ros/humble/share/rmw_fastrtps_cpp/cmake)
[0.800s] -- Found OpenSSL: /usr/lib/x86_64-linux-gnu/libcrypto.so (found version "3.0.2")  
[0.830s] -- Found FastRTPS: /opt/ros/humble/include  
[0.879s] -- Using RMW implementation 'rmw_fastrtps_cpp' as default
[1.520s] -- Found ament_lint_auto: 0.12.4 (/opt/ros/humble/share/ament_lint_auto/cmake)
[1.545s] -- Added test 'cppcheck' to perform static code analysis on C / C++ code
[1.545s] -- Configured cppcheck include dirs: /root/rm_version4_ws/src/rm_auto_aim/rm_serial_driver/include
[1.545s] -- Configured cppcheck exclude dirs and/or files: 
[1.546s] -- Added test 'cpplint' to check C / C++ code against the Google style
[1.546s] -- Configured cpplint exclude dirs and/or files: 
[1.546s] -- Added test 'flake8' to check Python code syntax and style conventions
[1.547s] -- Added test 'lint_cmake' to check CMake code style
[1.547s] -- Added test 'pep257' to check Python code against some of the docstring style conventions in PEP 257
[1.548s] -- Added test 'xmllint' to check XML markup files
[1.549s] -- Added test 'clang_format' to check C / C++ code style
[1.551s] -- Configuring done
[1.571s] -- Generating done
[1.573s] -- Build files have been written to: /root/rm_version4_ws/build/rm_serial_driver
[1.586s] Invoked command in '/root/rm_version4_ws/build/rm_serial_driver' returned '0': CMAKE_PREFIX_PATH=/root/rm_version4_ws/install/auto_aim_interfaces:/root/rm_version4_ws/install/auto_aim_bringup:/root/rm_version4_ws/install/rm_serial_driver:/root/rm_version4_ws/install/rm_gimbal_description:/root/rm_version4_ws/install/daheng_camera:/root/rm_version4_ws/install/armor_processor:/root/rm_version4_ws/install/armor_detector:/root/test_jun_ws/install/rm_gimbal_description:/opt/ros/humble LD_LIBRARY_PATH=/root/rm_version4_ws/install/auto_aim_interfaces/lib:/root/rm_version4_ws/install/rm_serial_driver/lib:/root/rm_version4_ws/install/daheng_camera/lib:/root/rm_version4_ws/install/armor_processor/lib:/root/rm_version4_ws/install/armor_detector/lib:/opt/ros/humble/opt/rviz_ogre_vendor/lib:/opt/ros/humble/lib/x86_64-linux-gnu:/opt/ros/humble/lib /usr/bin/cmake /root/rm_version4_ws/src/rm_auto_aim/rm_serial_driver -DCMAKE_INSTALL_PREFIX=/root/rm_version4_ws/install/rm_serial_driver
[1.587s] Invoking command in '/root/rm_version4_ws/build/rm_serial_driver': CMAKE_PREFIX_PATH=/root/rm_version4_ws/install/auto_aim_interfaces:/root/rm_version4_ws/install/auto_aim_bringup:/root/rm_version4_ws/install/rm_serial_driver:/root/rm_version4_ws/install/rm_gimbal_description:/root/rm_version4_ws/install/daheng_camera:/root/rm_version4_ws/install/armor_processor:/root/rm_version4_ws/install/armor_detector:/root/test_jun_ws/install/rm_gimbal_description:/opt/ros/humble LD_LIBRARY_PATH=/root/rm_version4_ws/install/auto_aim_interfaces/lib:/root/rm_version4_ws/install/rm_serial_driver/lib:/root/rm_version4_ws/install/daheng_camera/lib:/root/rm_version4_ws/install/armor_processor/lib:/root/rm_version4_ws/install/armor_detector/lib:/opt/ros/humble/opt/rviz_ogre_vendor/lib:/opt/ros/humble/lib/x86_64-linux-gnu:/opt/ros/humble/lib /usr/bin/cmake --build /root/rm_version4_ws/build/rm_serial_driver -- -j12 -l12
[1.635s] [ 40%] [32mBuilding CXX object CMakeFiles/rm_serial_driver_node.dir/rclcpp_components/node_main_rm_serial_driver_node.cpp.o[0m
[1.636s] [ 40%] [32mBuilding CXX object CMakeFiles/rm_serial_driver.dir/src/crc.cpp.o[0m
[1.636s] [ 60%] [32mBuilding CXX object CMakeFiles/rm_serial_driver.dir/src/rm_serial_driver.cpp.o[0m
[7.450s] [ 80%] [32m[1mLinking CXX executable rm_serial_driver_node[0m
[7.691s] [ 80%] Built target rm_serial_driver_node
[14.580s] [100%] [32m[1mLinking CXX shared library librm_serial_driver.so[0m
[15.069s] [100%] Built target rm_serial_driver
[15.078s] Invoked command in '/root/rm_version4_ws/build/rm_serial_driver' returned '0': CMAKE_PREFIX_PATH=/root/rm_version4_ws/install/auto_aim_interfaces:/root/rm_version4_ws/install/auto_aim_bringup:/root/rm_version4_ws/install/rm_serial_driver:/root/rm_version4_ws/install/rm_gimbal_description:/root/rm_version4_ws/install/daheng_camera:/root/rm_version4_ws/install/armor_processor:/root/rm_version4_ws/install/armor_detector:/root/test_jun_ws/install/rm_gimbal_description:/opt/ros/humble LD_LIBRARY_PATH=/root/rm_version4_ws/install/auto_aim_interfaces/lib:/root/rm_version4_ws/install/rm_serial_driver/lib:/root/rm_version4_ws/install/daheng_camera/lib:/root/rm_version4_ws/install/armor_processor/lib:/root/rm_version4_ws/install/armor_detector/lib:/opt/ros/humble/opt/rviz_ogre_vendor/lib:/opt/ros/humble/lib/x86_64-linux-gnu:/opt/ros/humble/lib /usr/bin/cmake --build /root/rm_version4_ws/build/rm_serial_driver -- -j12 -l12
[15.102s] Invoking command in '/root/rm_version4_ws/build/rm_serial_driver': CMAKE_PREFIX_PATH=/root/rm_version4_ws/install/auto_aim_interfaces:/root/rm_version4_ws/install/auto_aim_bringup:/root/rm_version4_ws/install/rm_serial_driver:/root/rm_version4_ws/install/rm_gimbal_description:/root/rm_version4_ws/install/daheng_camera:/root/rm_version4_ws/install/armor_processor:/root/rm_version4_ws/install/armor_detector:/root/test_jun_ws/install/rm_gimbal_description:/opt/ros/humble LD_LIBRARY_PATH=/root/rm_version4_ws/install/auto_aim_interfaces/lib:/root/rm_version4_ws/install/rm_serial_driver/lib:/root/rm_version4_ws/install/daheng_camera/lib:/root/rm_version4_ws/install/armor_processor/lib:/root/rm_version4_ws/install/armor_detector/lib:/opt/ros/humble/opt/rviz_ogre_vendor/lib:/opt/ros/humble/lib/x86_64-linux-gnu:/opt/ros/humble/lib /usr/bin/cmake --install /root/rm_version4_ws/build/rm_serial_driver
[15.109s] -- Install configuration: ""
[15.110s] -- Installing: /root/rm_version4_ws/install/rm_serial_driver/lib/rm_serial_driver/rm_serial_driver_node
[15.110s] -- Set runtime path of "/root/rm_version4_ws/install/rm_serial_driver/lib/rm_serial_driver/rm_serial_driver_node" to ""
[15.110s] -- Installing: /root/rm_version4_ws/install/rm_serial_driver/include
[15.111s] -- Installing: /root/rm_version4_ws/install/rm_serial_driver/include/rm_serial_driver
[15.111s] -- Installing: /root/rm_version4_ws/install/rm_serial_driver/include/rm_serial_driver/packet.hpp
[15.111s] -- Installing: /root/rm_version4_ws/install/rm_serial_driver/include/rm_serial_driver/crc.hpp
[15.111s] -- Installing: /root/rm_version4_ws/install/rm_serial_driver/include/rm_serial_driver/rm_serial_driver.hpp
[15.111s] -- Installing: /root/rm_version4_ws/install/rm_serial_driver/share/rm_serial_driver/environment/library_path.sh
[15.111s] -- Installing: /root/rm_version4_ws/install/rm_serial_driver/share/rm_serial_driver/environment/library_path.dsv
[15.111s] -- Installing: /root/rm_version4_ws/install/rm_serial_driver/lib/librm_serial_driver.so
[15.119s] -- Set runtime path of "/root/rm_version4_ws/install/rm_serial_driver/lib/librm_serial_driver.so" to ""
[15.119s] -- Installing: /root/rm_version4_ws/install/rm_serial_driver/share/rm_serial_driver/config
[15.119s] -- Installing: /root/rm_version4_ws/install/rm_serial_driver/share/rm_serial_driver/config/serial_driver.yaml
[15.119s] -- Installing: /root/rm_version4_ws/install/rm_serial_driver/share/rm_serial_driver/launch
[15.119s] -- Installing: /root/rm_version4_ws/install/rm_serial_driver/share/rm_serial_driver/launch/serial_driver.launch.py
[15.119s] -- Installing: /root/rm_version4_ws/install/rm_serial_driver/share/ament_index/resource_index/package_run_dependencies/rm_serial_driver
[15.119s] -- Installing: /root/rm_version4_ws/install/rm_serial_driver/share/ament_index/resource_index/parent_prefix_path/rm_serial_driver
[15.120s] -- Installing: /root/rm_version4_ws/install/rm_serial_driver/share/rm_serial_driver/environment/ament_prefix_path.sh
[15.120s] -- Installing: /root/rm_version4_ws/install/rm_serial_driver/share/rm_serial_driver/environment/ament_prefix_path.dsv
[15.120s] -- Installing: /root/rm_version4_ws/install/rm_serial_driver/share/rm_serial_driver/environment/path.sh
[15.120s] -- Installing: /root/rm_version4_ws/install/rm_serial_driver/share/rm_serial_driver/environment/path.dsv
[15.120s] -- Installing: /root/rm_version4_ws/install/rm_serial_driver/share/rm_serial_driver/local_setup.bash
[15.120s] -- Installing: /root/rm_version4_ws/install/rm_serial_driver/share/rm_serial_driver/local_setup.sh
[15.120s] -- Installing: /root/rm_version4_ws/install/rm_serial_driver/share/rm_serial_driver/local_setup.zsh
[15.120s] -- Installing: /root/rm_version4_ws/install/rm_serial_driver/share/rm_serial_driver/local_setup.dsv
[15.121s] -- Installing: /root/rm_version4_ws/install/rm_serial_driver/share/rm_serial_driver/package.dsv
[15.121s] -- Installing: /root/rm_version4_ws/install/rm_serial_driver/share/ament_index/resource_index/packages/rm_serial_driver
[15.121s] -- Installing: /root/rm_version4_ws/install/rm_serial_driver/share/ament_index/resource_index/rclcpp_components/rm_serial_driver
[15.121s] -- Installing: /root/rm_version4_ws/install/rm_serial_driver/share/rm_serial_driver/cmake/ament_cmake_export_dependencies-extras.cmake
[15.121s] -- Installing: /root/rm_version4_ws/install/rm_serial_driver/share/rm_serial_driver/cmake/ament_cmake_export_include_directories-extras.cmake
[15.121s] -- Installing: /root/rm_version4_ws/install/rm_serial_driver/share/rm_serial_driver/cmake/ament_cmake_export_libraries-extras.cmake
[15.121s] -- Installing: /root/rm_version4_ws/install/rm_serial_driver/share/rm_serial_driver/cmake/rm_serial_driverConfig.cmake
[15.122s] -- Installing: /root/rm_version4_ws/install/rm_serial_driver/share/rm_serial_driver/cmake/rm_serial_driverConfig-version.cmake
[15.122s] -- Installing: /root/rm_version4_ws/install/rm_serial_driver/share/rm_serial_driver/package.xml
[15.125s] Invoked command in '/root/rm_version4_ws/build/rm_serial_driver' returned '0': CMAKE_PREFIX_PATH=/root/rm_version4_ws/install/auto_aim_interfaces:/root/rm_version4_ws/install/auto_aim_bringup:/root/rm_version4_ws/install/rm_serial_driver:/root/rm_version4_ws/install/rm_gimbal_description:/root/rm_version4_ws/install/daheng_camera:/root/rm_version4_ws/install/armor_processor:/root/rm_version4_ws/install/armor_detector:/root/test_jun_ws/install/rm_gimbal_description:/opt/ros/humble LD_LIBRARY_PATH=/root/rm_version4_ws/install/auto_aim_interfaces/lib:/root/rm_version4_ws/install/rm_serial_driver/lib:/root/rm_version4_ws/install/daheng_camera/lib:/root/rm_version4_ws/install/armor_processor/lib:/root/rm_version4_ws/install/armor_detector/lib:/opt/ros/humble/opt/rviz_ogre_vendor/lib:/opt/ros/humble/lib/x86_64-linux-gnu:/opt/ros/humble/lib /usr/bin/cmake --install /root/rm_version4_ws/build/rm_serial_driver
