[0.074s] DEBUG:colcon:Command line arguments: ['/usr/bin/colcon', 'build']
[0.074s] DEBUG:colcon:Parsed command line arguments: Namespace(log_base=None, log_level=None, verb_name='build', build_base='build', install_base='install', merge_install=False, symlink_install=False, test_result_base=None, continue_on_error=False, executor='parallel', parallel_workers=16, event_handlers=None, ignore_user_meta=False, metas=['./colcon.meta'], base_paths=['.'], packages_ignore=None, packages_ignore_regex=None, paths=None, packages_up_to=None, packages_up_to_regex=None, packages_above=None, packages_above_and_dependencies=None, packages_above_depth=None, packages_select_by_dep=None, packages_skip_by_dep=None, packages_skip_up_to=None, packages_select_build_failed=False, packages_skip_build_finished=False, packages_select_test_failures=False, packages_skip_test_passed=False, packages_select=None, packages_skip=None, packages_select_regex=None, packages_skip_regex=None, packages_start=None, packages_end=None, allow_overriding=[], cmake_args=None, cmake_target=None, cmake_target_skip_unavailable=False, cmake_clean_cache=False, cmake_clean_first=False, cmake_force_configure=False, ament_cmake_args=None, catkin_cmake_args=None, catkin_skip_building_tests=False, verb_parser=<colcon_defaults.argument_parser.defaults.DefaultArgumentsDecorator object at 0x7f7269387d00>, verb_extension=<colcon_core.verb.build.BuildVerb object at 0x7f7269387400>, main=<bound method BuildVerb.main of <colcon_core.verb.build.BuildVerb object at 0x7f7269387400>>)
[0.189s] Level 1:colcon.colcon_core.package_discovery:discover_packages(colcon_meta) check parameters
[0.189s] Level 1:colcon.colcon_core.package_discovery:discover_packages(recursive) check parameters
[0.189s] Level 1:colcon.colcon_core.package_discovery:discover_packages(ignore) check parameters
[0.189s] Level 1:colcon.colcon_core.package_discovery:discover_packages(path) check parameters
[0.189s] Level 1:colcon.colcon_core.package_discovery:discover_packages(colcon_meta) discover
[0.189s] Level 1:colcon.colcon_core.package_discovery:discover_packages(recursive) discover
[0.189s] INFO:colcon.colcon_core.package_discovery:Crawling recursively for packages in '/home/wlixill/rm_version4_ws'
[0.189s] Level 1:colcon.colcon_core.package_identification:_identify(.) by extensions ['ignore', 'ignore_ament_install']
[0.189s] Level 1:colcon.colcon_core.package_identification:_identify(.) by extension 'ignore'
[0.189s] Level 1:colcon.colcon_core.package_identification:_identify(.) by extension 'ignore_ament_install'
[0.189s] Level 1:colcon.colcon_core.package_identification:_identify(.) by extensions ['colcon_pkg']
[0.189s] Level 1:colcon.colcon_core.package_identification:_identify(.) by extension 'colcon_pkg'
[0.189s] Level 1:colcon.colcon_core.package_identification:_identify(.) by extensions ['colcon_meta']
[0.189s] Level 1:colcon.colcon_core.package_identification:_identify(.) by extension 'colcon_meta'
[0.190s] Level 1:colcon.colcon_core.package_identification:_identify(.) by extensions ['ros']
[0.190s] Level 1:colcon.colcon_core.package_identification:_identify(.) by extension 'ros'
[0.197s] Level 1:colcon.colcon_core.package_identification:_identify(.) by extensions ['cmake', 'python']
[0.198s] Level 1:colcon.colcon_core.package_identification:_identify(.) by extension 'cmake'
[0.198s] Level 1:colcon.colcon_core.package_identification:_identify(.) by extension 'python'
[0.198s] Level 1:colcon.colcon_core.package_identification:_identify(.) by extensions ['python_setup_py']
[0.198s] Level 1:colcon.colcon_core.package_identification:_identify(.) by extension 'python_setup_py'
[0.198s] Level 1:colcon.colcon_core.package_identification:_identify(build) by extensions ['ignore', 'ignore_ament_install']
[0.198s] Level 1:colcon.colcon_core.package_identification:_identify(build) by extension 'ignore'
[0.198s] Level 1:colcon.colcon_core.package_identification:_identify(build) ignored
[0.198s] Level 1:colcon.colcon_core.package_identification:_identify(install) by extensions ['ignore', 'ignore_ament_install']
[0.198s] Level 1:colcon.colcon_core.package_identification:_identify(install) by extension 'ignore'
[0.198s] Level 1:colcon.colcon_core.package_identification:_identify(install) ignored
[0.198s] Level 1:colcon.colcon_core.package_identification:_identify(log) by extensions ['ignore', 'ignore_ament_install']
[0.198s] Level 1:colcon.colcon_core.package_identification:_identify(log) by extension 'ignore'
[0.198s] Level 1:colcon.colcon_core.package_identification:_identify(log) ignored
[0.198s] Level 1:colcon.colcon_core.package_identification:_identify(src) by extensions ['ignore', 'ignore_ament_install']
[0.198s] Level 1:colcon.colcon_core.package_identification:_identify(src) by extension 'ignore'
[0.198s] Level 1:colcon.colcon_core.package_identification:_identify(src) by extension 'ignore_ament_install'
[0.198s] Level 1:colcon.colcon_core.package_identification:_identify(src) by extensions ['colcon_pkg']
[0.199s] Level 1:colcon.colcon_core.package_identification:_identify(src) by extension 'colcon_pkg'
[0.199s] Level 1:colcon.colcon_core.package_identification:_identify(src) by extensions ['colcon_meta']
[0.199s] Level 1:colcon.colcon_core.package_identification:_identify(src) by extension 'colcon_meta'
[0.199s] Level 1:colcon.colcon_core.package_identification:_identify(src) by extensions ['ros']
[0.199s] Level 1:colcon.colcon_core.package_identification:_identify(src) by extension 'ros'
[0.199s] Level 1:colcon.colcon_core.package_identification:_identify(src) by extensions ['cmake', 'python']
[0.199s] Level 1:colcon.colcon_core.package_identification:_identify(src) by extension 'cmake'
[0.199s] Level 1:colcon.colcon_core.package_identification:_identify(src) by extension 'python'
[0.199s] Level 1:colcon.colcon_core.package_identification:_identify(src) by extensions ['python_setup_py']
[0.199s] Level 1:colcon.colcon_core.package_identification:_identify(src) by extension 'python_setup_py'
[0.199s] Level 1:colcon.colcon_core.package_identification:_identify(src/rm_auto_aim) by extensions ['ignore', 'ignore_ament_install']
[0.199s] Level 1:colcon.colcon_core.package_identification:_identify(src/rm_auto_aim) by extension 'ignore'
[0.199s] Level 1:colcon.colcon_core.package_identification:_identify(src/rm_auto_aim) by extension 'ignore_ament_install'
[0.199s] Level 1:colcon.colcon_core.package_identification:_identify(src/rm_auto_aim) by extensions ['colcon_pkg']
[0.199s] Level 1:colcon.colcon_core.package_identification:_identify(src/rm_auto_aim) by extension 'colcon_pkg'
[0.199s] Level 1:colcon.colcon_core.package_identification:_identify(src/rm_auto_aim) by extensions ['colcon_meta']
[0.199s] Level 1:colcon.colcon_core.package_identification:_identify(src/rm_auto_aim) by extension 'colcon_meta'
[0.199s] Level 1:colcon.colcon_core.package_identification:_identify(src/rm_auto_aim) by extensions ['ros']
[0.199s] Level 1:colcon.colcon_core.package_identification:_identify(src/rm_auto_aim) by extension 'ros'
[0.199s] Level 1:colcon.colcon_core.package_identification:_identify(src/rm_auto_aim) by extensions ['cmake', 'python']
[0.199s] Level 1:colcon.colcon_core.package_identification:_identify(src/rm_auto_aim) by extension 'cmake'
[0.199s] Level 1:colcon.colcon_core.package_identification:_identify(src/rm_auto_aim) by extension 'python'
[0.199s] Level 1:colcon.colcon_core.package_identification:_identify(src/rm_auto_aim) by extensions ['python_setup_py']
[0.199s] Level 1:colcon.colcon_core.package_identification:_identify(src/rm_auto_aim) by extension 'python_setup_py'
[0.199s] Level 1:colcon.colcon_core.package_identification:_identify(src/rm_auto_aim/armor_detector) by extensions ['ignore', 'ignore_ament_install']
[0.199s] Level 1:colcon.colcon_core.package_identification:_identify(src/rm_auto_aim/armor_detector) by extension 'ignore'
[0.199s] Level 1:colcon.colcon_core.package_identification:_identify(src/rm_auto_aim/armor_detector) by extension 'ignore_ament_install'
[0.200s] Level 1:colcon.colcon_core.package_identification:_identify(src/rm_auto_aim/armor_detector) by extensions ['colcon_pkg']
[0.200s] Level 1:colcon.colcon_core.package_identification:_identify(src/rm_auto_aim/armor_detector) by extension 'colcon_pkg'
[0.200s] Level 1:colcon.colcon_core.package_identification:_identify(src/rm_auto_aim/armor_detector) by extensions ['colcon_meta']
[0.200s] Level 1:colcon.colcon_core.package_identification:_identify(src/rm_auto_aim/armor_detector) by extension 'colcon_meta'
[0.200s] Level 1:colcon.colcon_core.package_identification:_identify(src/rm_auto_aim/armor_detector) by extensions ['ros']
[0.200s] Level 1:colcon.colcon_core.package_identification:_identify(src/rm_auto_aim/armor_detector) by extension 'ros'
[0.202s] DEBUG:colcon.colcon_core.package_identification:Package 'src/rm_auto_aim/armor_detector' with type 'ros.ament_cmake' and name 'armor_detector'
[0.202s] Level 1:colcon.colcon_core.package_identification:_identify(src/rm_auto_aim/armor_processor) by extensions ['ignore', 'ignore_ament_install']
[0.202s] Level 1:colcon.colcon_core.package_identification:_identify(src/rm_auto_aim/armor_processor) by extension 'ignore'
[0.202s] Level 1:colcon.colcon_core.package_identification:_identify(src/rm_auto_aim/armor_processor) by extension 'ignore_ament_install'
[0.202s] Level 1:colcon.colcon_core.package_identification:_identify(src/rm_auto_aim/armor_processor) by extensions ['colcon_pkg']
[0.202s] Level 1:colcon.colcon_core.package_identification:_identify(src/rm_auto_aim/armor_processor) by extension 'colcon_pkg'
[0.202s] Level 1:colcon.colcon_core.package_identification:_identify(src/rm_auto_aim/armor_processor) by extensions ['colcon_meta']
[0.202s] Level 1:colcon.colcon_core.package_identification:_identify(src/rm_auto_aim/armor_processor) by extension 'colcon_meta'
[0.202s] Level 1:colcon.colcon_core.package_identification:_identify(src/rm_auto_aim/armor_processor) by extensions ['ros']
[0.202s] Level 1:colcon.colcon_core.package_identification:_identify(src/rm_auto_aim/armor_processor) by extension 'ros'
[0.203s] DEBUG:colcon.colcon_core.package_identification:Package 'src/rm_auto_aim/armor_processor' with type 'ros.ament_cmake' and name 'armor_processor'
[0.203s] Level 1:colcon.colcon_core.package_identification:_identify(src/rm_auto_aim/auto_aim_bringup) by extensions ['ignore', 'ignore_ament_install']
[0.203s] Level 1:colcon.colcon_core.package_identification:_identify(src/rm_auto_aim/auto_aim_bringup) by extension 'ignore'
[0.203s] Level 1:colcon.colcon_core.package_identification:_identify(src/rm_auto_aim/auto_aim_bringup) by extension 'ignore_ament_install'
[0.203s] Level 1:colcon.colcon_core.package_identification:_identify(src/rm_auto_aim/auto_aim_bringup) by extensions ['colcon_pkg']
[0.203s] Level 1:colcon.colcon_core.package_identification:_identify(src/rm_auto_aim/auto_aim_bringup) by extension 'colcon_pkg'
[0.203s] Level 1:colcon.colcon_core.package_identification:_identify(src/rm_auto_aim/auto_aim_bringup) by extensions ['colcon_meta']
[0.203s] Level 1:colcon.colcon_core.package_identification:_identify(src/rm_auto_aim/auto_aim_bringup) by extension 'colcon_meta'
[0.203s] Level 1:colcon.colcon_core.package_identification:_identify(src/rm_auto_aim/auto_aim_bringup) by extensions ['ros']
[0.203s] Level 1:colcon.colcon_core.package_identification:_identify(src/rm_auto_aim/auto_aim_bringup) by extension 'ros'
[0.204s] DEBUG:colcon.colcon_core.package_identification:Package 'src/rm_auto_aim/auto_aim_bringup' with type 'ros.ament_cmake' and name 'auto_aim_bringup'
[0.204s] Level 1:colcon.colcon_core.package_identification:_identify(src/rm_auto_aim/auto_aim_interfaces) by extensions ['ignore', 'ignore_ament_install']
[0.204s] Level 1:colcon.colcon_core.package_identification:_identify(src/rm_auto_aim/auto_aim_interfaces) by extension 'ignore'
[0.204s] Level 1:colcon.colcon_core.package_identification:_identify(src/rm_auto_aim/auto_aim_interfaces) by extension 'ignore_ament_install'
[0.204s] Level 1:colcon.colcon_core.package_identification:_identify(src/rm_auto_aim/auto_aim_interfaces) by extensions ['colcon_pkg']
[0.204s] Level 1:colcon.colcon_core.package_identification:_identify(src/rm_auto_aim/auto_aim_interfaces) by extension 'colcon_pkg'
[0.204s] Level 1:colcon.colcon_core.package_identification:_identify(src/rm_auto_aim/auto_aim_interfaces) by extensions ['colcon_meta']
[0.204s] Level 1:colcon.colcon_core.package_identification:_identify(src/rm_auto_aim/auto_aim_interfaces) by extension 'colcon_meta'
[0.204s] Level 1:colcon.colcon_core.package_identification:_identify(src/rm_auto_aim/auto_aim_interfaces) by extensions ['ros']
[0.204s] Level 1:colcon.colcon_core.package_identification:_identify(src/rm_auto_aim/auto_aim_interfaces) by extension 'ros'
[0.204s] DEBUG:colcon.colcon_core.package_identification:Package 'src/rm_auto_aim/auto_aim_interfaces' with type 'ros.ament_cmake' and name 'auto_aim_interfaces'
[0.205s] Level 1:colcon.colcon_core.package_identification:_identify(src/rm_auto_aim/daheng_camera) by extensions ['ignore', 'ignore_ament_install']
[0.205s] Level 1:colcon.colcon_core.package_identification:_identify(src/rm_auto_aim/daheng_camera) by extension 'ignore'
[0.205s] Level 1:colcon.colcon_core.package_identification:_identify(src/rm_auto_aim/daheng_camera) by extension 'ignore_ament_install'
[0.205s] Level 1:colcon.colcon_core.package_identification:_identify(src/rm_auto_aim/daheng_camera) by extensions ['colcon_pkg']
[0.205s] Level 1:colcon.colcon_core.package_identification:_identify(src/rm_auto_aim/daheng_camera) by extension 'colcon_pkg'
[0.205s] Level 1:colcon.colcon_core.package_identification:_identify(src/rm_auto_aim/daheng_camera) by extensions ['colcon_meta']
[0.205s] Level 1:colcon.colcon_core.package_identification:_identify(src/rm_auto_aim/daheng_camera) by extension 'colcon_meta'
[0.205s] Level 1:colcon.colcon_core.package_identification:_identify(src/rm_auto_aim/daheng_camera) by extensions ['ros']
[0.205s] Level 1:colcon.colcon_core.package_identification:_identify(src/rm_auto_aim/daheng_camera) by extension 'ros'
[0.205s] DEBUG:colcon.colcon_core.package_identification:Package 'src/rm_auto_aim/daheng_camera' with type 'ros.ament_cmake' and name 'daheng_camera'
[0.206s] Level 1:colcon.colcon_core.package_identification:_identify(src/rm_auto_aim/docs) by extensions ['ignore', 'ignore_ament_install']
[0.206s] Level 1:colcon.colcon_core.package_identification:_identify(src/rm_auto_aim/docs) by extension 'ignore'
[0.206s] Level 1:colcon.colcon_core.package_identification:_identify(src/rm_auto_aim/docs) by extension 'ignore_ament_install'
[0.206s] Level 1:colcon.colcon_core.package_identification:_identify(src/rm_auto_aim/docs) by extensions ['colcon_pkg']
[0.206s] Level 1:colcon.colcon_core.package_identification:_identify(src/rm_auto_aim/docs) by extension 'colcon_pkg'
[0.206s] Level 1:colcon.colcon_core.package_identification:_identify(src/rm_auto_aim/docs) by extensions ['colcon_meta']
[0.206s] Level 1:colcon.colcon_core.package_identification:_identify(src/rm_auto_aim/docs) by extension 'colcon_meta'
[0.206s] Level 1:colcon.colcon_core.package_identification:_identify(src/rm_auto_aim/docs) by extensions ['ros']
[0.206s] Level 1:colcon.colcon_core.package_identification:_identify(src/rm_auto_aim/docs) by extension 'ros'
[0.206s] Level 1:colcon.colcon_core.package_identification:_identify(src/rm_auto_aim/docs) by extensions ['cmake', 'python']
[0.206s] Level 1:colcon.colcon_core.package_identification:_identify(src/rm_auto_aim/docs) by extension 'cmake'
[0.206s] Level 1:colcon.colcon_core.package_identification:_identify(src/rm_auto_aim/docs) by extension 'python'
[0.206s] Level 1:colcon.colcon_core.package_identification:_identify(src/rm_auto_aim/docs) by extensions ['python_setup_py']
[0.206s] Level 1:colcon.colcon_core.package_identification:_identify(src/rm_auto_aim/docs) by extension 'python_setup_py'
[0.206s] Level 1:colcon.colcon_core.package_identification:_identify(src/rm_auto_aim/rm_gimbal_description) by extensions ['ignore', 'ignore_ament_install']
[0.206s] Level 1:colcon.colcon_core.package_identification:_identify(src/rm_auto_aim/rm_gimbal_description) by extension 'ignore'
[0.206s] Level 1:colcon.colcon_core.package_identification:_identify(src/rm_auto_aim/rm_gimbal_description) by extension 'ignore_ament_install'
[0.206s] Level 1:colcon.colcon_core.package_identification:_identify(src/rm_auto_aim/rm_gimbal_description) by extensions ['colcon_pkg']
[0.206s] Level 1:colcon.colcon_core.package_identification:_identify(src/rm_auto_aim/rm_gimbal_description) by extension 'colcon_pkg'
[0.206s] Level 1:colcon.colcon_core.package_identification:_identify(src/rm_auto_aim/rm_gimbal_description) by extensions ['colcon_meta']
[0.206s] Level 1:colcon.colcon_core.package_identification:_identify(src/rm_auto_aim/rm_gimbal_description) by extension 'colcon_meta'
[0.206s] Level 1:colcon.colcon_core.package_identification:_identify(src/rm_auto_aim/rm_gimbal_description) by extensions ['ros']
[0.206s] Level 1:colcon.colcon_core.package_identification:_identify(src/rm_auto_aim/rm_gimbal_description) by extension 'ros'
[0.207s] DEBUG:colcon.colcon_core.package_identification:Package 'src/rm_auto_aim/rm_gimbal_description' with type 'ros.ament_cmake' and name 'rm_gimbal_description'
[0.207s] Level 1:colcon.colcon_core.package_identification:_identify(src/rm_auto_aim/rm_serial_driver) by extensions ['ignore', 'ignore_ament_install']
[0.207s] Level 1:colcon.colcon_core.package_identification:_identify(src/rm_auto_aim/rm_serial_driver) by extension 'ignore'
[0.207s] Level 1:colcon.colcon_core.package_identification:_identify(src/rm_auto_aim/rm_serial_driver) by extension 'ignore_ament_install'
[0.207s] Level 1:colcon.colcon_core.package_identification:_identify(src/rm_auto_aim/rm_serial_driver) by extensions ['colcon_pkg']
[0.207s] Level 1:colcon.colcon_core.package_identification:_identify(src/rm_auto_aim/rm_serial_driver) by extension 'colcon_pkg'
[0.207s] Level 1:colcon.colcon_core.package_identification:_identify(src/rm_auto_aim/rm_serial_driver) by extensions ['colcon_meta']
[0.207s] Level 1:colcon.colcon_core.package_identification:_identify(src/rm_auto_aim/rm_serial_driver) by extension 'colcon_meta'
[0.207s] Level 1:colcon.colcon_core.package_identification:_identify(src/rm_auto_aim/rm_serial_driver) by extensions ['ros']
[0.207s] Level 1:colcon.colcon_core.package_identification:_identify(src/rm_auto_aim/rm_serial_driver) by extension 'ros'
[0.208s] DEBUG:colcon.colcon_core.package_identification:Package 'src/rm_auto_aim/rm_serial_driver' with type 'ros.ament_cmake' and name 'rm_serial_driver'
[0.208s] Level 1:colcon.colcon_core.package_discovery:discover_packages(recursive) using defaults
[0.208s] Level 1:colcon.colcon_core.package_discovery:discover_packages(ignore) discover
[0.208s] Level 1:colcon.colcon_core.package_discovery:discover_packages(ignore) using defaults
[0.208s] Level 1:colcon.colcon_core.package_discovery:discover_packages(path) discover
[0.208s] Level 1:colcon.colcon_core.package_discovery:discover_packages(path) using defaults
[0.222s] Level 1:colcon.colcon_core.package_discovery:discover_packages(prefix_path) check parameters
[0.222s] Level 1:colcon.colcon_core.package_discovery:discover_packages(prefix_path) discover
[0.223s] DEBUG:colcon.colcon_installed_package_information.package_discovery:Found 7 installed packages in /home/wlixill/rm_version4_ws/install
[0.224s] DEBUG:colcon.colcon_installed_package_information.package_discovery:Found 1 installed packages in /home/wlixill/rm_tools/install
[0.225s] DEBUG:colcon.colcon_installed_package_information.package_discovery:Found 277 installed packages in /opt/ros/humble
[0.226s] Level 1:colcon.colcon_core.package_discovery:discover_packages(prefix_path) using defaults
[0.239s] ERROR:colcon.colcon_core.package_augmentation:Exception in package augmentation extension 'ros_ament_index': [Errno 13] Permission denied: '/home/wlixill/rm_version4_ws/install/auto_aim_bringup/share/ament_index/resource_index/package_run_dependencies/auto_aim_bringup'
Traceback (most recent call last):
  File "/usr/lib/python3/dist-packages/colcon_core/package_augmentation/__init__.py", line 97, in augment_packages
    retval = extension.augment_packages(
  File "/usr/lib/python3/dist-packages/colcon_core/package_augmentation/__init__.py", line 48, in augment_packages
    self.augment_package(
  File "/usr/lib/python3/dist-packages/colcon_ros/package_augmentation/ros_ament_index.py", line 36, in augment_package
    if not marker_file.is_file():
  File "/usr/lib/python3.10/pathlib.py", line 1322, in is_file
    return S_ISREG(self.stat().st_mode)
  File "/usr/lib/python3.10/pathlib.py", line 1097, in stat
    return self._accessor.stat(self, follow_symlinks=follow_symlinks)
PermissionError: [Errno 13] Permission denied: '/home/wlixill/rm_version4_ws/install/auto_aim_bringup/share/ament_index/resource_index/package_run_dependencies/auto_aim_bringup'

[0.276s] Level 5:colcon.colcon_core.verb:set package 'auto_aim_interfaces' build argument 'cmake_args' from command line to 'None'
[0.276s] Level 5:colcon.colcon_core.verb:set package 'auto_aim_interfaces' build argument 'cmake_target' from command line to 'None'
[0.276s] Level 5:colcon.colcon_core.verb:set package 'auto_aim_interfaces' build argument 'cmake_target_skip_unavailable' from command line to 'False'
[0.276s] Level 5:colcon.colcon_core.verb:set package 'auto_aim_interfaces' build argument 'cmake_clean_cache' from command line to 'False'
[0.276s] Level 5:colcon.colcon_core.verb:set package 'auto_aim_interfaces' build argument 'cmake_clean_first' from command line to 'False'
[0.276s] Level 5:colcon.colcon_core.verb:set package 'auto_aim_interfaces' build argument 'cmake_force_configure' from command line to 'False'
[0.276s] Level 5:colcon.colcon_core.verb:set package 'auto_aim_interfaces' build argument 'ament_cmake_args' from command line to 'None'
[0.276s] Level 5:colcon.colcon_core.verb:set package 'auto_aim_interfaces' build argument 'catkin_cmake_args' from command line to 'None'
[0.276s] Level 5:colcon.colcon_core.verb:set package 'auto_aim_interfaces' build argument 'catkin_skip_building_tests' from command line to 'False'
[0.276s] DEBUG:colcon.colcon_core.verb:Building package 'auto_aim_interfaces' with the following arguments: {'ament_cmake_args': None, 'build_base': '/home/wlixill/rm_version4_ws/build/auto_aim_interfaces', 'catkin_cmake_args': None, 'catkin_skip_building_tests': False, 'cmake_args': None, 'cmake_clean_cache': False, 'cmake_clean_first': False, 'cmake_force_configure': False, 'cmake_target': None, 'cmake_target_skip_unavailable': False, 'install_base': '/home/wlixill/rm_version4_ws/install/auto_aim_interfaces', 'merge_install': False, 'path': '/home/wlixill/rm_version4_ws/src/rm_auto_aim/auto_aim_interfaces', 'symlink_install': False, 'test_result_base': None}
[0.276s] Level 5:colcon.colcon_core.verb:set package 'daheng_camera' build argument 'cmake_args' from command line to 'None'
[0.276s] Level 5:colcon.colcon_core.verb:set package 'daheng_camera' build argument 'cmake_target' from command line to 'None'
[0.276s] Level 5:colcon.colcon_core.verb:set package 'daheng_camera' build argument 'cmake_target_skip_unavailable' from command line to 'False'
[0.276s] Level 5:colcon.colcon_core.verb:set package 'daheng_camera' build argument 'cmake_clean_cache' from command line to 'False'
[0.276s] Level 5:colcon.colcon_core.verb:set package 'daheng_camera' build argument 'cmake_clean_first' from command line to 'False'
[0.276s] Level 5:colcon.colcon_core.verb:set package 'daheng_camera' build argument 'cmake_force_configure' from command line to 'False'
[0.276s] Level 5:colcon.colcon_core.verb:set package 'daheng_camera' build argument 'ament_cmake_args' from command line to 'None'
[0.276s] Level 5:colcon.colcon_core.verb:set package 'daheng_camera' build argument 'catkin_cmake_args' from command line to 'None'
[0.277s] Level 5:colcon.colcon_core.verb:set package 'daheng_camera' build argument 'catkin_skip_building_tests' from command line to 'False'
[0.277s] DEBUG:colcon.colcon_core.verb:Building package 'daheng_camera' with the following arguments: {'ament_cmake_args': None, 'build_base': '/home/wlixill/rm_version4_ws/build/daheng_camera', 'catkin_cmake_args': None, 'catkin_skip_building_tests': False, 'cmake_args': None, 'cmake_clean_cache': False, 'cmake_clean_first': False, 'cmake_force_configure': False, 'cmake_target': None, 'cmake_target_skip_unavailable': False, 'install_base': '/home/wlixill/rm_version4_ws/install/daheng_camera', 'merge_install': False, 'path': '/home/wlixill/rm_version4_ws/src/rm_auto_aim/daheng_camera', 'symlink_install': False, 'test_result_base': None}
[0.277s] Level 5:colcon.colcon_core.verb:set package 'rm_gimbal_description' build argument 'cmake_args' from command line to 'None'
[0.277s] Level 5:colcon.colcon_core.verb:set package 'rm_gimbal_description' build argument 'cmake_target' from command line to 'None'
[0.277s] Level 5:colcon.colcon_core.verb:set package 'rm_gimbal_description' build argument 'cmake_target_skip_unavailable' from command line to 'False'
[0.277s] Level 5:colcon.colcon_core.verb:set package 'rm_gimbal_description' build argument 'cmake_clean_cache' from command line to 'False'
[0.277s] Level 5:colcon.colcon_core.verb:set package 'rm_gimbal_description' build argument 'cmake_clean_first' from command line to 'False'
[0.277s] Level 5:colcon.colcon_core.verb:set package 'rm_gimbal_description' build argument 'cmake_force_configure' from command line to 'False'
[0.277s] Level 5:colcon.colcon_core.verb:set package 'rm_gimbal_description' build argument 'ament_cmake_args' from command line to 'None'
[0.277s] Level 5:colcon.colcon_core.verb:set package 'rm_gimbal_description' build argument 'catkin_cmake_args' from command line to 'None'
[0.277s] Level 5:colcon.colcon_core.verb:set package 'rm_gimbal_description' build argument 'catkin_skip_building_tests' from command line to 'False'
[0.277s] DEBUG:colcon.colcon_core.verb:Building package 'rm_gimbal_description' with the following arguments: {'ament_cmake_args': None, 'build_base': '/home/wlixill/rm_version4_ws/build/rm_gimbal_description', 'catkin_cmake_args': None, 'catkin_skip_building_tests': False, 'cmake_args': None, 'cmake_clean_cache': False, 'cmake_clean_first': False, 'cmake_force_configure': False, 'cmake_target': None, 'cmake_target_skip_unavailable': False, 'install_base': '/home/wlixill/rm_version4_ws/install/rm_gimbal_description', 'merge_install': False, 'path': '/home/wlixill/rm_version4_ws/src/rm_auto_aim/rm_gimbal_description', 'symlink_install': False, 'test_result_base': None}
[0.277s] Level 5:colcon.colcon_core.verb:set package 'armor_detector' build argument 'cmake_args' from command line to 'None'
[0.277s] Level 5:colcon.colcon_core.verb:set package 'armor_detector' build argument 'cmake_target' from command line to 'None'
[0.277s] Level 5:colcon.colcon_core.verb:set package 'armor_detector' build argument 'cmake_target_skip_unavailable' from command line to 'False'
[0.277s] Level 5:colcon.colcon_core.verb:set package 'armor_detector' build argument 'cmake_clean_cache' from command line to 'False'
[0.277s] Level 5:colcon.colcon_core.verb:set package 'armor_detector' build argument 'cmake_clean_first' from command line to 'False'
[0.277s] Level 5:colcon.colcon_core.verb:set package 'armor_detector' build argument 'cmake_force_configure' from command line to 'False'
[0.277s] Level 5:colcon.colcon_core.verb:set package 'armor_detector' build argument 'ament_cmake_args' from command line to 'None'
[0.277s] Level 5:colcon.colcon_core.verb:set package 'armor_detector' build argument 'catkin_cmake_args' from command line to 'None'
[0.277s] Level 5:colcon.colcon_core.verb:set package 'armor_detector' build argument 'catkin_skip_building_tests' from command line to 'False'
[0.277s] DEBUG:colcon.colcon_core.verb:Building package 'armor_detector' with the following arguments: {'ament_cmake_args': None, 'build_base': '/home/wlixill/rm_version4_ws/build/armor_detector', 'catkin_cmake_args': None, 'catkin_skip_building_tests': False, 'cmake_args': None, 'cmake_clean_cache': False, 'cmake_clean_first': False, 'cmake_force_configure': False, 'cmake_target': None, 'cmake_target_skip_unavailable': False, 'install_base': '/home/wlixill/rm_version4_ws/install/armor_detector', 'merge_install': False, 'path': '/home/wlixill/rm_version4_ws/src/rm_auto_aim/armor_detector', 'symlink_install': False, 'test_result_base': None}
[0.278s] Level 5:colcon.colcon_core.verb:set package 'armor_processor' build argument 'cmake_args' from command line to 'None'
[0.278s] Level 5:colcon.colcon_core.verb:set package 'armor_processor' build argument 'cmake_target' from command line to 'None'
[0.278s] Level 5:colcon.colcon_core.verb:set package 'armor_processor' build argument 'cmake_target_skip_unavailable' from command line to 'False'
[0.278s] Level 5:colcon.colcon_core.verb:set package 'armor_processor' build argument 'cmake_clean_cache' from command line to 'False'
[0.278s] Level 5:colcon.colcon_core.verb:set package 'armor_processor' build argument 'cmake_clean_first' from command line to 'False'
[0.278s] Level 5:colcon.colcon_core.verb:set package 'armor_processor' build argument 'cmake_force_configure' from command line to 'False'
[0.278s] Level 5:colcon.colcon_core.verb:set package 'armor_processor' build argument 'ament_cmake_args' from command line to 'None'
[0.278s] Level 5:colcon.colcon_core.verb:set package 'armor_processor' build argument 'catkin_cmake_args' from command line to 'None'
[0.278s] Level 5:colcon.colcon_core.verb:set package 'armor_processor' build argument 'catkin_skip_building_tests' from command line to 'False'
[0.278s] DEBUG:colcon.colcon_core.verb:Building package 'armor_processor' with the following arguments: {'ament_cmake_args': None, 'build_base': '/home/wlixill/rm_version4_ws/build/armor_processor', 'catkin_cmake_args': None, 'catkin_skip_building_tests': False, 'cmake_args': None, 'cmake_clean_cache': False, 'cmake_clean_first': False, 'cmake_force_configure': False, 'cmake_target': None, 'cmake_target_skip_unavailable': False, 'install_base': '/home/wlixill/rm_version4_ws/install/armor_processor', 'merge_install': False, 'path': '/home/wlixill/rm_version4_ws/src/rm_auto_aim/armor_processor', 'symlink_install': False, 'test_result_base': None}
[0.278s] Level 5:colcon.colcon_core.verb:set package 'rm_serial_driver' build argument 'cmake_args' from command line to 'None'
[0.278s] Level 5:colcon.colcon_core.verb:set package 'rm_serial_driver' build argument 'cmake_target' from command line to 'None'
[0.278s] Level 5:colcon.colcon_core.verb:set package 'rm_serial_driver' build argument 'cmake_target_skip_unavailable' from command line to 'False'
[0.278s] Level 5:colcon.colcon_core.verb:set package 'rm_serial_driver' build argument 'cmake_clean_cache' from command line to 'False'
[0.278s] Level 5:colcon.colcon_core.verb:set package 'rm_serial_driver' build argument 'cmake_clean_first' from command line to 'False'
[0.278s] Level 5:colcon.colcon_core.verb:set package 'rm_serial_driver' build argument 'cmake_force_configure' from command line to 'False'
[0.278s] Level 5:colcon.colcon_core.verb:set package 'rm_serial_driver' build argument 'ament_cmake_args' from command line to 'None'
[0.278s] Level 5:colcon.colcon_core.verb:set package 'rm_serial_driver' build argument 'catkin_cmake_args' from command line to 'None'
[0.278s] Level 5:colcon.colcon_core.verb:set package 'rm_serial_driver' build argument 'catkin_skip_building_tests' from command line to 'False'
[0.278s] DEBUG:colcon.colcon_core.verb:Building package 'rm_serial_driver' with the following arguments: {'ament_cmake_args': None, 'build_base': '/home/wlixill/rm_version4_ws/build/rm_serial_driver', 'catkin_cmake_args': None, 'catkin_skip_building_tests': False, 'cmake_args': None, 'cmake_clean_cache': False, 'cmake_clean_first': False, 'cmake_force_configure': False, 'cmake_target': None, 'cmake_target_skip_unavailable': False, 'install_base': '/home/wlixill/rm_version4_ws/install/rm_serial_driver', 'merge_install': False, 'path': '/home/wlixill/rm_version4_ws/src/rm_auto_aim/rm_serial_driver', 'symlink_install': False, 'test_result_base': None}
[0.278s] Level 5:colcon.colcon_core.verb:set package 'auto_aim_bringup' build argument 'cmake_args' from command line to 'None'
[0.278s] Level 5:colcon.colcon_core.verb:set package 'auto_aim_bringup' build argument 'cmake_target' from command line to 'None'
[0.278s] Level 5:colcon.colcon_core.verb:set package 'auto_aim_bringup' build argument 'cmake_target_skip_unavailable' from command line to 'False'
[0.278s] Level 5:colcon.colcon_core.verb:set package 'auto_aim_bringup' build argument 'cmake_clean_cache' from command line to 'False'
[0.278s] Level 5:colcon.colcon_core.verb:set package 'auto_aim_bringup' build argument 'cmake_clean_first' from command line to 'False'
[0.278s] Level 5:colcon.colcon_core.verb:set package 'auto_aim_bringup' build argument 'cmake_force_configure' from command line to 'False'
[0.279s] Level 5:colcon.colcon_core.verb:set package 'auto_aim_bringup' build argument 'ament_cmake_args' from command line to 'None'
[0.279s] Level 5:colcon.colcon_core.verb:set package 'auto_aim_bringup' build argument 'catkin_cmake_args' from command line to 'None'
[0.279s] Level 5:colcon.colcon_core.verb:set package 'auto_aim_bringup' build argument 'catkin_skip_building_tests' from command line to 'False'
[0.279s] DEBUG:colcon.colcon_core.verb:Building package 'auto_aim_bringup' with the following arguments: {'ament_cmake_args': None, 'build_base': '/home/wlixill/rm_version4_ws/build/auto_aim_bringup', 'catkin_cmake_args': None, 'catkin_skip_building_tests': False, 'cmake_args': None, 'cmake_clean_cache': False, 'cmake_clean_first': False, 'cmake_force_configure': False, 'cmake_target': None, 'cmake_target_skip_unavailable': False, 'install_base': '/home/wlixill/rm_version4_ws/install/auto_aim_bringup', 'merge_install': False, 'path': '/home/wlixill/rm_version4_ws/src/rm_auto_aim/auto_aim_bringup', 'symlink_install': False, 'test_result_base': None}
[0.279s] INFO:colcon.colcon_core.executor:Executing jobs using 'parallel' executor
[0.280s] DEBUG:colcon.colcon_parallel_executor.executor.parallel:run_until_complete
[0.280s] INFO:colcon.colcon_ros.task.ament_cmake.build:Building ROS package in '/home/wlixill/rm_version4_ws/src/rm_auto_aim/auto_aim_interfaces' with build type 'ament_cmake'
[0.280s] INFO:colcon.colcon_cmake.task.cmake.build:Building CMake package in '/home/wlixill/rm_version4_ws/src/rm_auto_aim/auto_aim_interfaces'
[0.281s] INFO:colcon.colcon_core.plugin_system:Skipping extension 'colcon_core.shell.bat': Not used on non-Windows systems
[0.282s] INFO:colcon.colcon_core.shell:Skip shell extension 'powershell' for command environment: Not usable outside of PowerShell
[0.282s] DEBUG:colcon.colcon_core.shell:Skip shell extension 'dsv' for command environment
[0.285s] INFO:colcon.colcon_ros.task.ament_cmake.build:Building ROS package in '/home/wlixill/rm_version4_ws/src/rm_auto_aim/daheng_camera' with build type 'ament_cmake'
[0.285s] INFO:colcon.colcon_cmake.task.cmake.build:Building CMake package in '/home/wlixill/rm_version4_ws/src/rm_auto_aim/daheng_camera'
[0.285s] INFO:colcon.colcon_core.shell:Skip shell extension 'powershell' for command environment: Not usable outside of PowerShell
[0.285s] DEBUG:colcon.colcon_core.shell:Skip shell extension 'dsv' for command environment
[0.288s] INFO:colcon.colcon_ros.task.ament_cmake.build:Building ROS package in '/home/wlixill/rm_version4_ws/src/rm_auto_aim/rm_gimbal_description' with build type 'ament_cmake'
[0.288s] INFO:colcon.colcon_cmake.task.cmake.build:Building CMake package in '/home/wlixill/rm_version4_ws/src/rm_auto_aim/rm_gimbal_description'
[0.288s] INFO:colcon.colcon_core.shell:Skip shell extension 'powershell' for command environment: Not usable outside of PowerShell
[0.288s] DEBUG:colcon.colcon_core.shell:Skip shell extension 'dsv' for command environment
[0.294s] DEBUG:colcon.colcon_core.event_handler.log_command:Invoking command in '/home/wlixill/rm_version4_ws/build/auto_aim_interfaces': CMAKE_PREFIX_PATH=${CMAKE_PREFIX_PATH}:/opt/ros/humble /usr/bin/cmake /home/wlixill/rm_version4_ws/src/rm_auto_aim/auto_aim_interfaces -DCMAKE_INSTALL_PREFIX=/home/wlixill/rm_version4_ws/install/auto_aim_interfaces
[0.295s] DEBUG:colcon.colcon_core.event_handler.log_command:Invoking command in '/home/wlixill/rm_version4_ws/build/daheng_camera': CMAKE_PREFIX_PATH=${CMAKE_PREFIX_PATH}:/opt/ros/humble /usr/bin/cmake /home/wlixill/rm_version4_ws/src/rm_auto_aim/daheng_camera -DCMAKE_INSTALL_PREFIX=/home/wlixill/rm_version4_ws/install/daheng_camera
[0.298s] DEBUG:colcon.colcon_core.event_handler.log_command:Invoking command in '/home/wlixill/rm_version4_ws/build/rm_gimbal_description': CMAKE_PREFIX_PATH=${CMAKE_PREFIX_PATH}:/opt/ros/humble /usr/bin/cmake /home/wlixill/rm_version4_ws/src/rm_auto_aim/rm_gimbal_description -DCMAKE_INSTALL_PREFIX=/home/wlixill/rm_version4_ws/install/rm_gimbal_description
[0.805s] DEBUG:colcon.colcon_core.event_handler.log_command:Invoked command in '/home/wlixill/rm_version4_ws/build/rm_gimbal_description' returned '0': CMAKE_PREFIX_PATH=${CMAKE_PREFIX_PATH}:/opt/ros/humble /usr/bin/cmake /home/wlixill/rm_version4_ws/src/rm_auto_aim/rm_gimbal_description -DCMAKE_INSTALL_PREFIX=/home/wlixill/rm_version4_ws/install/rm_gimbal_description
[0.807s] DEBUG:colcon.colcon_core.event_handler.log_command:Invoking command in '/home/wlixill/rm_version4_ws/build/rm_gimbal_description': CMAKE_PREFIX_PATH=${CMAKE_PREFIX_PATH}:/opt/ros/humble /usr/bin/cmake --build /home/wlixill/rm_version4_ws/build/rm_gimbal_description -- -j16 -l16
[0.842s] DEBUG:colcon.colcon_core.event_handler.log_command:Invoked command in '/home/wlixill/rm_version4_ws/build/rm_gimbal_description' returned '0': CMAKE_PREFIX_PATH=${CMAKE_PREFIX_PATH}:/opt/ros/humble /usr/bin/cmake --build /home/wlixill/rm_version4_ws/build/rm_gimbal_description -- -j16 -l16
[0.874s] DEBUG:colcon.colcon_core.event_handler.log_command:Invoking command in '/home/wlixill/rm_version4_ws/build/rm_gimbal_description': CMAKE_PREFIX_PATH=${CMAKE_PREFIX_PATH}:/opt/ros/humble /usr/bin/cmake --install /home/wlixill/rm_version4_ws/build/rm_gimbal_description
[0.884s] Level 1:colcon.colcon_core.environment:create_environment_scripts_only(rm_gimbal_description)
[0.884s] DEBUG:colcon.colcon_core.event_handler.log_command:Invoked command in '/home/wlixill/rm_version4_ws/build/rm_gimbal_description' returned '0': CMAKE_PREFIX_PATH=${CMAKE_PREFIX_PATH}:/opt/ros/humble /usr/bin/cmake --install /home/wlixill/rm_version4_ws/build/rm_gimbal_description
[0.886s] Level 1:colcon.colcon_core.environment:checking '/home/wlixill/rm_version4_ws/install/rm_gimbal_description' for CMake module files
[0.886s] Level 1:colcon.colcon_core.environment:checking '/home/wlixill/rm_version4_ws/install/rm_gimbal_description' for CMake config files
[0.886s] Level 1:colcon.colcon_core.shell:create_environment_hook('rm_gimbal_description', 'cmake_prefix_path')
[0.887s] INFO:colcon.colcon_core.shell:Creating environment hook '/home/wlixill/rm_version4_ws/install/rm_gimbal_description/share/rm_gimbal_description/hook/cmake_prefix_path.ps1'
[0.887s] INFO:colcon.colcon_core.shell:Creating environment descriptor '/home/wlixill/rm_version4_ws/install/rm_gimbal_description/share/rm_gimbal_description/hook/cmake_prefix_path.dsv'
[0.887s] INFO:colcon.colcon_core.shell:Creating environment hook '/home/wlixill/rm_version4_ws/install/rm_gimbal_description/share/rm_gimbal_description/hook/cmake_prefix_path.sh'
[0.888s] Level 1:colcon.colcon_core.environment:checking '/home/wlixill/rm_version4_ws/install/rm_gimbal_description/bin'
[0.888s] Level 1:colcon.colcon_core.environment:checking '/home/wlixill/rm_version4_ws/install/rm_gimbal_description/lib/pkgconfig/rm_gimbal_description.pc'
[0.888s] Level 1:colcon.colcon_core.environment:checking '/home/wlixill/rm_version4_ws/install/rm_gimbal_description/lib/python3.10/site-packages'
[0.888s] Level 1:colcon.colcon_core.environment:checking '/home/wlixill/rm_version4_ws/install/rm_gimbal_description/bin'
[0.888s] INFO:colcon.colcon_core.shell:Creating package script '/home/wlixill/rm_version4_ws/install/rm_gimbal_description/share/rm_gimbal_description/package.ps1'
[0.889s] INFO:colcon.colcon_core.shell:Creating package descriptor '/home/wlixill/rm_version4_ws/install/rm_gimbal_description/share/rm_gimbal_description/package.dsv'
[0.889s] INFO:colcon.colcon_core.shell:Creating package script '/home/wlixill/rm_version4_ws/install/rm_gimbal_description/share/rm_gimbal_description/package.sh'
[0.890s] INFO:colcon.colcon_core.shell:Creating package script '/home/wlixill/rm_version4_ws/install/rm_gimbal_description/share/rm_gimbal_description/package.bash'
[0.890s] INFO:colcon.colcon_core.shell:Creating package script '/home/wlixill/rm_version4_ws/install/rm_gimbal_description/share/rm_gimbal_description/package.zsh'
[0.891s] Level 1:colcon.colcon_core.environment:create_file_with_runtime_dependencies(/home/wlixill/rm_version4_ws/install/rm_gimbal_description/share/colcon-core/packages/rm_gimbal_description)
[0.913s] Level 1:colcon.colcon_core.environment:create_environment_scripts_only(rm_gimbal_description)
[0.914s] Level 1:colcon.colcon_core.environment:checking '/home/wlixill/rm_version4_ws/install/rm_gimbal_description' for CMake module files
[0.914s] Level 1:colcon.colcon_core.environment:checking '/home/wlixill/rm_version4_ws/install/rm_gimbal_description' for CMake config files
[0.914s] Level 1:colcon.colcon_core.shell:create_environment_hook('rm_gimbal_description', 'cmake_prefix_path')
[0.914s] INFO:colcon.colcon_core.shell:Creating environment hook '/home/wlixill/rm_version4_ws/install/rm_gimbal_description/share/rm_gimbal_description/hook/cmake_prefix_path.ps1'
[0.914s] INFO:colcon.colcon_core.shell:Creating environment descriptor '/home/wlixill/rm_version4_ws/install/rm_gimbal_description/share/rm_gimbal_description/hook/cmake_prefix_path.dsv'
[0.915s] INFO:colcon.colcon_core.shell:Creating environment hook '/home/wlixill/rm_version4_ws/install/rm_gimbal_description/share/rm_gimbal_description/hook/cmake_prefix_path.sh'
[0.915s] Level 1:colcon.colcon_core.environment:checking '/home/wlixill/rm_version4_ws/install/rm_gimbal_description/bin'
[0.915s] Level 1:colcon.colcon_core.environment:checking '/home/wlixill/rm_version4_ws/install/rm_gimbal_description/lib/pkgconfig/rm_gimbal_description.pc'
[0.915s] Level 1:colcon.colcon_core.environment:checking '/home/wlixill/rm_version4_ws/install/rm_gimbal_description/lib/python3.10/site-packages'
[0.915s] Level 1:colcon.colcon_core.environment:checking '/home/wlixill/rm_version4_ws/install/rm_gimbal_description/bin'
[0.916s] INFO:colcon.colcon_core.shell:Creating package script '/home/wlixill/rm_version4_ws/install/rm_gimbal_description/share/rm_gimbal_description/package.ps1'
[0.916s] INFO:colcon.colcon_core.shell:Creating package descriptor '/home/wlixill/rm_version4_ws/install/rm_gimbal_description/share/rm_gimbal_description/package.dsv'
[0.916s] INFO:colcon.colcon_core.shell:Creating package script '/home/wlixill/rm_version4_ws/install/rm_gimbal_description/share/rm_gimbal_description/package.sh'
[0.917s] INFO:colcon.colcon_core.shell:Creating package script '/home/wlixill/rm_version4_ws/install/rm_gimbal_description/share/rm_gimbal_description/package.bash'
[0.917s] INFO:colcon.colcon_core.shell:Creating package script '/home/wlixill/rm_version4_ws/install/rm_gimbal_description/share/rm_gimbal_description/package.zsh'
[0.917s] Level 1:colcon.colcon_core.environment:create_file_with_runtime_dependencies(/home/wlixill/rm_version4_ws/install/rm_gimbal_description/share/colcon-core/packages/rm_gimbal_description)
[1.618s] DEBUG:colcon.colcon_core.event_handler.log_command:Invoked command in '/home/wlixill/rm_version4_ws/build/daheng_camera' returned '0': CMAKE_PREFIX_PATH=${CMAKE_PREFIX_PATH}:/opt/ros/humble /usr/bin/cmake /home/wlixill/rm_version4_ws/src/rm_auto_aim/daheng_camera -DCMAKE_INSTALL_PREFIX=/home/wlixill/rm_version4_ws/install/daheng_camera
[1.619s] DEBUG:colcon.colcon_core.event_handler.log_command:Invoking command in '/home/wlixill/rm_version4_ws/build/daheng_camera': CMAKE_PREFIX_PATH=${CMAKE_PREFIX_PATH}:/opt/ros/humble /usr/bin/cmake --build /home/wlixill/rm_version4_ws/build/daheng_camera -- -j16 -l16
[1.697s] DEBUG:colcon.colcon_core.event_handler.log_command:Invoked command in '/home/wlixill/rm_version4_ws/build/auto_aim_interfaces' returned '0': CMAKE_PREFIX_PATH=${CMAKE_PREFIX_PATH}:/opt/ros/humble /usr/bin/cmake /home/wlixill/rm_version4_ws/src/rm_auto_aim/auto_aim_interfaces -DCMAKE_INSTALL_PREFIX=/home/wlixill/rm_version4_ws/install/auto_aim_interfaces
[1.698s] DEBUG:colcon.colcon_core.event_handler.log_command:Invoking command in '/home/wlixill/rm_version4_ws/build/auto_aim_interfaces': CMAKE_PREFIX_PATH=${CMAKE_PREFIX_PATH}:/opt/ros/humble /usr/bin/cmake --build /home/wlixill/rm_version4_ws/build/auto_aim_interfaces -- -j16 -l16
[4.928s] DEBUG:colcon.colcon_core.event_handler.log_command:Invoked command in '/home/wlixill/rm_version4_ws/build/auto_aim_interfaces' returned '0': CMAKE_PREFIX_PATH=${CMAKE_PREFIX_PATH}:/opt/ros/humble /usr/bin/cmake --build /home/wlixill/rm_version4_ws/build/auto_aim_interfaces -- -j16 -l16
[5.131s] DEBUG:colcon.colcon_core.event_handler.log_command:Invoking command in '/home/wlixill/rm_version4_ws/build/auto_aim_interfaces': CMAKE_PREFIX_PATH=${CMAKE_PREFIX_PATH}:/opt/ros/humble /usr/bin/cmake --install /home/wlixill/rm_version4_ws/build/auto_aim_interfaces
[5.206s] Level 1:colcon.colcon_core.environment:create_environment_scripts_only(auto_aim_interfaces)
[5.207s] Level 1:colcon.colcon_core.environment:checking '/home/wlixill/rm_version4_ws/install/auto_aim_interfaces' for CMake module files
[5.207s] DEBUG:colcon.colcon_core.event_handler.log_command:Invoked command in '/home/wlixill/rm_version4_ws/build/auto_aim_interfaces' returned '0': CMAKE_PREFIX_PATH=${CMAKE_PREFIX_PATH}:/opt/ros/humble /usr/bin/cmake --install /home/wlixill/rm_version4_ws/build/auto_aim_interfaces
[5.208s] Level 1:colcon.colcon_core.environment:checking '/home/wlixill/rm_version4_ws/install/auto_aim_interfaces' for CMake config files
[5.208s] Level 1:colcon.colcon_core.shell:create_environment_hook('auto_aim_interfaces', 'cmake_prefix_path')
[5.208s] INFO:colcon.colcon_core.shell:Creating environment hook '/home/wlixill/rm_version4_ws/install/auto_aim_interfaces/share/auto_aim_interfaces/hook/cmake_prefix_path.ps1'
[5.209s] INFO:colcon.colcon_core.shell:Creating environment descriptor '/home/wlixill/rm_version4_ws/install/auto_aim_interfaces/share/auto_aim_interfaces/hook/cmake_prefix_path.dsv'
[5.209s] INFO:colcon.colcon_core.shell:Creating environment hook '/home/wlixill/rm_version4_ws/install/auto_aim_interfaces/share/auto_aim_interfaces/hook/cmake_prefix_path.sh'
[5.210s] Level 1:colcon.colcon_core.environment:checking '/home/wlixill/rm_version4_ws/install/auto_aim_interfaces/lib'
[5.210s] Level 1:colcon.colcon_core.shell:create_environment_hook('auto_aim_interfaces', 'ld_library_path_lib')
[5.210s] INFO:colcon.colcon_core.shell:Creating environment hook '/home/wlixill/rm_version4_ws/install/auto_aim_interfaces/share/auto_aim_interfaces/hook/ld_library_path_lib.ps1'
[5.210s] INFO:colcon.colcon_core.shell:Creating environment descriptor '/home/wlixill/rm_version4_ws/install/auto_aim_interfaces/share/auto_aim_interfaces/hook/ld_library_path_lib.dsv'
[5.211s] INFO:colcon.colcon_core.shell:Creating environment hook '/home/wlixill/rm_version4_ws/install/auto_aim_interfaces/share/auto_aim_interfaces/hook/ld_library_path_lib.sh'
[5.211s] Level 1:colcon.colcon_core.environment:checking '/home/wlixill/rm_version4_ws/install/auto_aim_interfaces/bin'
[5.211s] Level 1:colcon.colcon_core.environment:checking '/home/wlixill/rm_version4_ws/install/auto_aim_interfaces/lib/pkgconfig/auto_aim_interfaces.pc'
[5.211s] Level 1:colcon.colcon_core.environment:checking '/home/wlixill/rm_version4_ws/install/auto_aim_interfaces/lib/python3.10/site-packages'
[5.212s] Level 1:colcon.colcon_core.environment:checking '/home/wlixill/rm_version4_ws/install/auto_aim_interfaces/bin'
[5.212s] INFO:colcon.colcon_core.shell:Creating package script '/home/wlixill/rm_version4_ws/install/auto_aim_interfaces/share/auto_aim_interfaces/package.ps1'
[5.213s] INFO:colcon.colcon_core.shell:Creating package descriptor '/home/wlixill/rm_version4_ws/install/auto_aim_interfaces/share/auto_aim_interfaces/package.dsv'
[5.213s] INFO:colcon.colcon_core.shell:Creating package script '/home/wlixill/rm_version4_ws/install/auto_aim_interfaces/share/auto_aim_interfaces/package.sh'
[5.213s] INFO:colcon.colcon_core.shell:Creating package script '/home/wlixill/rm_version4_ws/install/auto_aim_interfaces/share/auto_aim_interfaces/package.bash'
[5.214s] INFO:colcon.colcon_core.shell:Creating package script '/home/wlixill/rm_version4_ws/install/auto_aim_interfaces/share/auto_aim_interfaces/package.zsh'
[5.214s] Level 1:colcon.colcon_core.environment:create_file_with_runtime_dependencies(/home/wlixill/rm_version4_ws/install/auto_aim_interfaces/share/colcon-core/packages/auto_aim_interfaces)
[5.418s] Level 1:colcon.colcon_core.environment:create_environment_scripts_only(auto_aim_interfaces)
[5.419s] Level 1:colcon.colcon_core.environment:checking '/home/wlixill/rm_version4_ws/install/auto_aim_interfaces' for CMake module files
[5.419s] Level 1:colcon.colcon_core.environment:checking '/home/wlixill/rm_version4_ws/install/auto_aim_interfaces' for CMake config files
[5.419s] Level 1:colcon.colcon_core.shell:create_environment_hook('auto_aim_interfaces', 'cmake_prefix_path')
[5.419s] INFO:colcon.colcon_core.shell:Creating environment hook '/home/wlixill/rm_version4_ws/install/auto_aim_interfaces/share/auto_aim_interfaces/hook/cmake_prefix_path.ps1'
[5.420s] INFO:colcon.colcon_core.shell:Creating environment descriptor '/home/wlixill/rm_version4_ws/install/auto_aim_interfaces/share/auto_aim_interfaces/hook/cmake_prefix_path.dsv'
[5.420s] INFO:colcon.colcon_core.shell:Creating environment hook '/home/wlixill/rm_version4_ws/install/auto_aim_interfaces/share/auto_aim_interfaces/hook/cmake_prefix_path.sh'
[5.420s] Level 1:colcon.colcon_core.environment:checking '/home/wlixill/rm_version4_ws/install/auto_aim_interfaces/lib'
[5.420s] Level 1:colcon.colcon_core.shell:create_environment_hook('auto_aim_interfaces', 'ld_library_path_lib')
[5.421s] INFO:colcon.colcon_core.shell:Creating environment hook '/home/wlixill/rm_version4_ws/install/auto_aim_interfaces/share/auto_aim_interfaces/hook/ld_library_path_lib.ps1'
[5.421s] INFO:colcon.colcon_core.shell:Creating environment descriptor '/home/wlixill/rm_version4_ws/install/auto_aim_interfaces/share/auto_aim_interfaces/hook/ld_library_path_lib.dsv'
[5.421s] INFO:colcon.colcon_core.shell:Creating environment hook '/home/wlixill/rm_version4_ws/install/auto_aim_interfaces/share/auto_aim_interfaces/hook/ld_library_path_lib.sh'
[5.421s] Level 1:colcon.colcon_core.environment:checking '/home/wlixill/rm_version4_ws/install/auto_aim_interfaces/bin'
[5.421s] Level 1:colcon.colcon_core.environment:checking '/home/wlixill/rm_version4_ws/install/auto_aim_interfaces/lib/pkgconfig/auto_aim_interfaces.pc'
[5.421s] Level 1:colcon.colcon_core.environment:checking '/home/wlixill/rm_version4_ws/install/auto_aim_interfaces/lib/python3.10/site-packages'
[5.422s] Level 1:colcon.colcon_core.environment:checking '/home/wlixill/rm_version4_ws/install/auto_aim_interfaces/bin'
[5.422s] INFO:colcon.colcon_core.shell:Creating package script '/home/wlixill/rm_version4_ws/install/auto_aim_interfaces/share/auto_aim_interfaces/package.ps1'
[5.422s] INFO:colcon.colcon_core.shell:Creating package descriptor '/home/wlixill/rm_version4_ws/install/auto_aim_interfaces/share/auto_aim_interfaces/package.dsv'
[5.422s] INFO:colcon.colcon_core.shell:Creating package script '/home/wlixill/rm_version4_ws/install/auto_aim_interfaces/share/auto_aim_interfaces/package.sh'
[5.423s] INFO:colcon.colcon_core.shell:Creating package script '/home/wlixill/rm_version4_ws/install/auto_aim_interfaces/share/auto_aim_interfaces/package.bash'
[5.423s] INFO:colcon.colcon_core.shell:Creating package script '/home/wlixill/rm_version4_ws/install/auto_aim_interfaces/share/auto_aim_interfaces/package.zsh'
[5.423s] Level 1:colcon.colcon_core.environment:create_file_with_runtime_dependencies(/home/wlixill/rm_version4_ws/install/auto_aim_interfaces/share/colcon-core/packages/auto_aim_interfaces)
[5.423s] INFO:colcon.colcon_ros.task.ament_cmake.build:Building ROS package in '/home/wlixill/rm_version4_ws/src/rm_auto_aim/armor_detector' with build type 'ament_cmake'
[5.424s] INFO:colcon.colcon_cmake.task.cmake.build:Building CMake package in '/home/wlixill/rm_version4_ws/src/rm_auto_aim/armor_detector'
[5.424s] INFO:colcon.colcon_core.shell:Skip shell extension 'powershell' for command environment: Not usable outside of PowerShell
[5.424s] DEBUG:colcon.colcon_core.shell:Skip shell extension 'dsv' for command environment
[5.427s] INFO:colcon.colcon_ros.task.ament_cmake.build:Building ROS package in '/home/wlixill/rm_version4_ws/src/rm_auto_aim/armor_processor' with build type 'ament_cmake'
[5.427s] INFO:colcon.colcon_cmake.task.cmake.build:Building CMake package in '/home/wlixill/rm_version4_ws/src/rm_auto_aim/armor_processor'
[5.427s] INFO:colcon.colcon_core.shell:Skip shell extension 'powershell' for command environment: Not usable outside of PowerShell
[5.427s] DEBUG:colcon.colcon_core.shell:Skip shell extension 'dsv' for command environment
[5.430s] INFO:colcon.colcon_ros.task.ament_cmake.build:Building ROS package in '/home/wlixill/rm_version4_ws/src/rm_auto_aim/rm_serial_driver' with build type 'ament_cmake'
[5.430s] INFO:colcon.colcon_cmake.task.cmake.build:Building CMake package in '/home/wlixill/rm_version4_ws/src/rm_auto_aim/rm_serial_driver'
[5.430s] INFO:colcon.colcon_core.shell:Skip shell extension 'powershell' for command environment: Not usable outside of PowerShell
[5.430s] DEBUG:colcon.colcon_core.shell:Skip shell extension 'dsv' for command environment
[5.439s] DEBUG:colcon.colcon_core.event_handler.log_command:Invoking command in '/home/wlixill/rm_version4_ws/build/armor_detector': CMAKE_PREFIX_PATH=/home/wlixill/rm_version4_ws/install/auto_aim_interfaces:/home/wlixill/rm_version4_ws/install/auto_aim_bringup:/home/wlixill/rm_version4_ws/install/rm_serial_driver:/home/wlixill/rm_version4_ws/install/rm_gimbal_description:/home/wlixill/rm_version4_ws/install/daheng_camera:/home/wlixill/rm_version4_ws/install/armor_processor:/home/wlixill/rm_version4_ws/install/armor_detector:/home/wlixill/rm_tools/install/daheng_camera:/opt/ros/humble LD_LIBRARY_PATH=/home/wlixill/rm_version4_ws/install/auto_aim_interfaces/lib:/home/wlixill/rm_version4_ws/install/rm_serial_driver/lib:/home/wlixill/rm_version4_ws/install/daheng_camera/lib:/home/wlixill/rm_version4_ws/install/armor_processor/lib:/home/wlixill/rm_version4_ws/install/armor_detector/lib:/home/wlixill/rm_tools/install/daheng_camera/lib:/opt/ros/humble/opt/rviz_ogre_vendor/lib:/opt/ros/humble/lib/x86_64-linux-gnu:/opt/ros/humble/lib /usr/bin/cmake /home/wlixill/rm_version4_ws/src/rm_auto_aim/armor_detector -DCMAKE_INSTALL_PREFIX=/home/wlixill/rm_version4_ws/install/armor_detector
[5.441s] DEBUG:colcon.colcon_core.event_handler.log_command:Invoking command in '/home/wlixill/rm_version4_ws/build/armor_processor': CMAKE_PREFIX_PATH=/home/wlixill/rm_version4_ws/install/auto_aim_interfaces:/home/wlixill/rm_version4_ws/install/auto_aim_bringup:/home/wlixill/rm_version4_ws/install/rm_serial_driver:/home/wlixill/rm_version4_ws/install/rm_gimbal_description:/home/wlixill/rm_version4_ws/install/daheng_camera:/home/wlixill/rm_version4_ws/install/armor_processor:/home/wlixill/rm_version4_ws/install/armor_detector:/home/wlixill/rm_tools/install/daheng_camera:/opt/ros/humble LD_LIBRARY_PATH=/home/wlixill/rm_version4_ws/install/auto_aim_interfaces/lib:/home/wlixill/rm_version4_ws/install/rm_serial_driver/lib:/home/wlixill/rm_version4_ws/install/daheng_camera/lib:/home/wlixill/rm_version4_ws/install/armor_processor/lib:/home/wlixill/rm_version4_ws/install/armor_detector/lib:/home/wlixill/rm_tools/install/daheng_camera/lib:/opt/ros/humble/opt/rviz_ogre_vendor/lib:/opt/ros/humble/lib/x86_64-linux-gnu:/opt/ros/humble/lib /usr/bin/cmake /home/wlixill/rm_version4_ws/src/rm_auto_aim/armor_processor -DCMAKE_INSTALL_PREFIX=/home/wlixill/rm_version4_ws/install/armor_processor
[5.443s] DEBUG:colcon.colcon_core.event_handler.log_command:Invoking command in '/home/wlixill/rm_version4_ws/build/rm_serial_driver': CMAKE_PREFIX_PATH=/home/wlixill/rm_version4_ws/install/auto_aim_interfaces:/home/wlixill/rm_version4_ws/install/auto_aim_bringup:/home/wlixill/rm_version4_ws/install/rm_serial_driver:/home/wlixill/rm_version4_ws/install/rm_gimbal_description:/home/wlixill/rm_version4_ws/install/daheng_camera:/home/wlixill/rm_version4_ws/install/armor_processor:/home/wlixill/rm_version4_ws/install/armor_detector:/home/wlixill/rm_tools/install/daheng_camera:/opt/ros/humble LD_LIBRARY_PATH=/home/wlixill/rm_version4_ws/install/auto_aim_interfaces/lib:/home/wlixill/rm_version4_ws/install/rm_serial_driver/lib:/home/wlixill/rm_version4_ws/install/daheng_camera/lib:/home/wlixill/rm_version4_ws/install/armor_processor/lib:/home/wlixill/rm_version4_ws/install/armor_detector/lib:/home/wlixill/rm_tools/install/daheng_camera/lib:/opt/ros/humble/opt/rviz_ogre_vendor/lib:/opt/ros/humble/lib/x86_64-linux-gnu:/opt/ros/humble/lib /usr/bin/cmake /home/wlixill/rm_version4_ws/src/rm_auto_aim/rm_serial_driver -DCMAKE_INSTALL_PREFIX=/home/wlixill/rm_version4_ws/install/rm_serial_driver
[5.717s] DEBUG:colcon.colcon_core.event_handler.log_command:Invoked command in '/home/wlixill/rm_version4_ws/build/daheng_camera' returned '2': CMAKE_PREFIX_PATH=${CMAKE_PREFIX_PATH}:/opt/ros/humble /usr/bin/cmake --build /home/wlixill/rm_version4_ws/build/daheng_camera -- -j16 -l16
[5.747s] Level 1:colcon.colcon_core.environment:create_environment_scripts_only(daheng_camera)
[5.747s] Level 1:colcon.colcon_core.environment:checking '/home/wlixill/rm_version4_ws/install/daheng_camera' for CMake module files
[5.748s] Level 1:colcon.colcon_core.environment:checking '/home/wlixill/rm_version4_ws/install/daheng_camera' for CMake config files
[5.748s] Level 1:colcon.colcon_core.shell:create_environment_hook('daheng_camera', 'cmake_prefix_path')
[5.748s] INFO:colcon.colcon_core.shell:Creating environment hook '/home/wlixill/rm_version4_ws/install/daheng_camera/share/daheng_camera/hook/cmake_prefix_path.ps1'
[5.748s] INFO:colcon.colcon_core.shell:Creating environment descriptor '/home/wlixill/rm_version4_ws/install/daheng_camera/share/daheng_camera/hook/cmake_prefix_path.dsv'
[5.749s] INFO:colcon.colcon_core.shell:Creating environment hook '/home/wlixill/rm_version4_ws/install/daheng_camera/share/daheng_camera/hook/cmake_prefix_path.sh'
[5.749s] Level 1:colcon.colcon_core.environment:checking '/home/wlixill/rm_version4_ws/install/daheng_camera/lib'
[5.749s] Level 1:colcon.colcon_core.shell:create_environment_hook('daheng_camera', 'ld_library_path_lib')
[5.749s] INFO:colcon.colcon_core.shell:Creating environment hook '/home/wlixill/rm_version4_ws/install/daheng_camera/share/daheng_camera/hook/ld_library_path_lib.ps1'
[5.749s] INFO:colcon.colcon_core.shell:Creating environment descriptor '/home/wlixill/rm_version4_ws/install/daheng_camera/share/daheng_camera/hook/ld_library_path_lib.dsv'
[5.750s] INFO:colcon.colcon_core.shell:Creating environment hook '/home/wlixill/rm_version4_ws/install/daheng_camera/share/daheng_camera/hook/ld_library_path_lib.sh'
[5.750s] Level 1:colcon.colcon_core.environment:checking '/home/wlixill/rm_version4_ws/install/daheng_camera/bin'
[5.750s] Level 1:colcon.colcon_core.environment:checking '/home/wlixill/rm_version4_ws/install/daheng_camera/lib/pkgconfig/daheng_camera.pc'
[5.750s] Level 1:colcon.colcon_core.environment:checking '/home/wlixill/rm_version4_ws/install/daheng_camera/lib/python3.10/site-packages'
[5.750s] Level 1:colcon.colcon_core.environment:checking '/home/wlixill/rm_version4_ws/install/daheng_camera/bin'
[5.750s] INFO:colcon.colcon_core.shell:Creating package script '/home/wlixill/rm_version4_ws/install/daheng_camera/share/daheng_camera/package.ps1'
[5.751s] INFO:colcon.colcon_core.shell:Creating package descriptor '/home/wlixill/rm_version4_ws/install/daheng_camera/share/daheng_camera/package.dsv'
[5.751s] INFO:colcon.colcon_core.shell:Creating package script '/home/wlixill/rm_version4_ws/install/daheng_camera/share/daheng_camera/package.sh'
[5.751s] INFO:colcon.colcon_core.shell:Creating package script '/home/wlixill/rm_version4_ws/install/daheng_camera/share/daheng_camera/package.bash'
[5.752s] INFO:colcon.colcon_core.shell:Creating package script '/home/wlixill/rm_version4_ws/install/daheng_camera/share/daheng_camera/package.zsh'
[5.752s] Level 1:colcon.colcon_core.environment:create_file_with_runtime_dependencies(/home/wlixill/rm_version4_ws/install/daheng_camera/share/colcon-core/packages/daheng_camera)
[7.206s] DEBUG:colcon.colcon_parallel_executor.executor.parallel:closing loop
[7.206s] DEBUG:colcon.colcon_parallel_executor.executor.parallel:loop closed
[7.206s] DEBUG:colcon.colcon_parallel_executor.executor.parallel:run_until_complete finished with '2'
[7.206s] DEBUG:colcon.colcon_core.event_reactor:joining thread
[7.212s] INFO:colcon.colcon_core.plugin_system:Skipping extension 'colcon_notification.desktop_notification.terminal_notifier': Not used on non-Darwin systems
[7.212s] INFO:colcon.colcon_core.plugin_system:Skipping extension 'colcon_notification.desktop_notification.win32': Not used on non-Windows systems
[7.212s] INFO:colcon.colcon_notification.desktop_notification:Sending desktop notification using 'notify2'
[7.235s] DEBUG:colcon.colcon_core.event_reactor:joined thread
[7.235s] INFO:colcon.colcon_core.shell:Creating prefix script '/home/wlixill/rm_version4_ws/install/local_setup.ps1'
[7.236s] INFO:colcon.colcon_core.shell:Creating prefix util module '/home/wlixill/rm_version4_ws/install/_local_setup_util_ps1.py'
[7.237s] INFO:colcon.colcon_core.shell:Creating prefix chain script '/home/wlixill/rm_version4_ws/install/setup.ps1'
[7.237s] INFO:colcon.colcon_core.shell:Creating prefix script '/home/wlixill/rm_version4_ws/install/local_setup.sh'
[7.238s] INFO:colcon.colcon_core.shell:Creating prefix util module '/home/wlixill/rm_version4_ws/install/_local_setup_util_sh.py'
[7.238s] INFO:colcon.colcon_core.shell:Creating prefix chain script '/home/wlixill/rm_version4_ws/install/setup.sh'
[7.239s] INFO:colcon.colcon_core.shell:Creating prefix script '/home/wlixill/rm_version4_ws/install/local_setup.bash'
[7.239s] INFO:colcon.colcon_core.shell:Creating prefix chain script '/home/wlixill/rm_version4_ws/install/setup.bash'
[7.240s] INFO:colcon.colcon_core.shell:Creating prefix script '/home/wlixill/rm_version4_ws/install/local_setup.zsh'
[7.240s] INFO:colcon.colcon_core.shell:Creating prefix chain script '/home/wlixill/rm_version4_ws/install/setup.zsh'
