[0.010s] Invoking command in '/home/wlixill/rm_version4_ws/build/armor_detector': AMENT_PREFIX_PATH=/home/wlixill/rm_version4_ws/install/auto_aim_interfaces:${AMENT_PREFIX_PATH} CMAKE_PREFIX_PATH=/home/wlixill/rm_version4_ws/install/auto_aim_interfaces:/home/wlixill/rm_tools/install/daheng_camera:/opt/ros/humble LD_LIBRARY_PATH=/home/wlixill/rm_version4_ws/install/auto_aim_interfaces/lib:${LD_LIBRARY_PATH} PYTHONPATH=/home/wlixill/rm_version4_ws/install/auto_aim_interfaces/local/lib/python3.10/dist-packages:${PYTHONPATH} /usr/bin/cmake --build /home/wlixill/rm_version4_ws/build/armor_detector -- -j16 -l16
[0.045s] [35m[1mConsolidate compiler generated dependencies of target gtest_main[0m
[0.045s] [35m[1mConsolidate compiler generated dependencies of target gtest[0m
[0.046s] [35m[1mConsolidate compiler generated dependencies of target armor_detector_node[0m
[0.047s] [35m[1mConsolidate compiler generated dependencies of target armor_detector[0m
[0.058s] [ 13%] Built target gtest
[0.058s] [ 26%] Built target gtest_main
[0.062s] [ 40%] Built target armor_detector_node
[0.072s] [ 73%] Built target armor_detector
[0.081s] [35m[1mConsolidate compiler generated dependencies of target test_number_cls[0m
[0.081s] [35m[1mConsolidate compiler generated dependencies of target test_node_startup[0m
[0.096s] [ 86%] Built target test_number_cls
[0.100s] [100%] Built target test_node_startup
[0.112s] Invoked command in '/home/wlixill/rm_version4_ws/build/armor_detector' returned '0': AMENT_PREFIX_PATH=/home/wlixill/rm_version4_ws/install/auto_aim_interfaces:${AMENT_PREFIX_PATH} CMAKE_PREFIX_PATH=/home/wlixill/rm_version4_ws/install/auto_aim_interfaces:/home/wlixill/rm_tools/install/daheng_camera:/opt/ros/humble LD_LIBRARY_PATH=/home/wlixill/rm_version4_ws/install/auto_aim_interfaces/lib:${LD_LIBRARY_PATH} PYTHONPATH=/home/wlixill/rm_version4_ws/install/auto_aim_interfaces/local/lib/python3.10/dist-packages:${PYTHONPATH} /usr/bin/cmake --build /home/wlixill/rm_version4_ws/build/armor_detector -- -j16 -l16
[0.149s] Invoking command in '/home/wlixill/rm_version4_ws/build/armor_detector': AMENT_PREFIX_PATH=/home/wlixill/rm_version4_ws/install/auto_aim_interfaces:${AMENT_PREFIX_PATH} CMAKE_PREFIX_PATH=/home/wlixill/rm_version4_ws/install/auto_aim_interfaces:/home/wlixill/rm_tools/install/daheng_camera:/opt/ros/humble LD_LIBRARY_PATH=/home/wlixill/rm_version4_ws/install/auto_aim_interfaces/lib:${LD_LIBRARY_PATH} PYTHONPATH=/home/wlixill/rm_version4_ws/install/auto_aim_interfaces/local/lib/python3.10/dist-packages:${PYTHONPATH} /usr/bin/cmake --install /home/wlixill/rm_version4_ws/build/armor_detector
[0.156s] -- Install configuration: ""
[0.156s] -- Installing: /home/wlixill/rm_version4_ws/install/armor_detector/lib/armor_detector/armor_detector_node
[0.157s] -- Set runtime path of "/home/wlixill/rm_version4_ws/install/armor_detector/lib/armor_detector/armor_detector_node" to ""
[0.157s] -- Up-to-date: /home/wlixill/rm_version4_ws/install/armor_detector/include
[0.157s] -- Up-to-date: /home/wlixill/rm_version4_ws/install/armor_detector/include/armor_detector
[0.157s] -- Installing: /home/wlixill/rm_version4_ws/install/armor_detector/include/armor_detector/pnp_solver.hpp
[0.157s] -- Installing: /home/wlixill/rm_version4_ws/install/armor_detector/include/armor_detector/armor.hpp
[0.157s] -- Installing: /home/wlixill/rm_version4_ws/install/armor_detector/include/armor_detector/number_classifier.hpp
[0.157s] -- Installing: /home/wlixill/rm_version4_ws/install/armor_detector/include/armor_detector/detector_node.hpp
[0.157s] -- Installing: /home/wlixill/rm_version4_ws/install/armor_detector/include/armor_detector/detector.hpp
[0.157s] -- Installing: /home/wlixill/rm_version4_ws/install/armor_detector/share/armor_detector/environment/library_path.dsv
[0.158s] -- Installing: /home/wlixill/rm_version4_ws/install/armor_detector/lib/libarmor_detector.so
[0.174s] -- Set runtime path of "/home/wlixill/rm_version4_ws/install/armor_detector/lib/libarmor_detector.so" to ""
[0.174s] -- Up-to-date: /home/wlixill/rm_version4_ws/install/armor_detector/share/armor_detector/model
[0.174s] -- Installing: /home/wlixill/rm_version4_ws/install/armor_detector/share/armor_detector/model/label.txt
[0.175s] -- Installing: /home/wlixill/rm_version4_ws/install/armor_detector/share/armor_detector/model/fc.onnx
[0.175s] -- Installing: /home/wlixill/rm_version4_ws/install/armor_detector/share/ament_index/resource_index/package_run_dependencies/armor_detector
[0.175s] -- Installing: /home/wlixill/rm_version4_ws/install/armor_detector/share/ament_index/resource_index/parent_prefix_path/armor_detector
[0.176s] -- Installing: /home/wlixill/rm_version4_ws/install/armor_detector/share/armor_detector/environment/ament_prefix_path.dsv
[0.176s] -- Installing: /home/wlixill/rm_version4_ws/install/armor_detector/share/armor_detector/environment/path.dsv
[0.176s] -- Installing: /home/wlixill/rm_version4_ws/install/armor_detector/share/armor_detector/local_setup.bash
[0.176s] -- Installing: /home/wlixill/rm_version4_ws/install/armor_detector/share/armor_detector/local_setup.sh
[0.176s] -- Installing: /home/wlixill/rm_version4_ws/install/armor_detector/share/armor_detector/local_setup.zsh
[0.176s] -- Installing: /home/wlixill/rm_version4_ws/install/armor_detector/share/armor_detector/local_setup.dsv
[0.176s] -- Installing: /home/wlixill/rm_version4_ws/install/armor_detector/share/armor_detector/package.dsv
[0.177s] -- Installing: /home/wlixill/rm_version4_ws/install/armor_detector/share/ament_index/resource_index/packages/armor_detector
[0.177s] -- Installing: /home/wlixill/rm_version4_ws/install/armor_detector/share/ament_index/resource_index/rclcpp_components/armor_detector
[0.177s] -- Installing: /home/wlixill/rm_version4_ws/install/armor_detector/share/armor_detector/cmake/ament_cmake_export_dependencies-extras.cmake
[0.177s] -- Installing: /home/wlixill/rm_version4_ws/install/armor_detector/share/armor_detector/cmake/ament_cmake_export_include_directories-extras.cmake
[0.177s] -- Installing: /home/wlixill/rm_version4_ws/install/armor_detector/share/armor_detector/cmake/ament_cmake_export_libraries-extras.cmake
[0.177s] -- Installing: /home/wlixill/rm_version4_ws/install/armor_detector/share/armor_detector/cmake/armor_detectorConfig.cmake
[0.177s] -- Installing: /home/wlixill/rm_version4_ws/install/armor_detector/share/armor_detector/cmake/armor_detectorConfig-version.cmake
[0.178s] -- Installing: /home/wlixill/rm_version4_ws/install/armor_detector/share/armor_detector/package.xml
[0.180s] Invoked command in '/home/wlixill/rm_version4_ws/build/armor_detector' returned '0': AMENT_PREFIX_PATH=/home/wlixill/rm_version4_ws/install/auto_aim_interfaces:${AMENT_PREFIX_PATH} CMAKE_PREFIX_PATH=/home/wlixill/rm_version4_ws/install/auto_aim_interfaces:/home/wlixill/rm_tools/install/daheng_camera:/opt/ros/humble LD_LIBRARY_PATH=/home/wlixill/rm_version4_ws/install/auto_aim_interfaces/lib:${LD_LIBRARY_PATH} PYTHONPATH=/home/wlixill/rm_version4_ws/install/auto_aim_interfaces/local/lib/python3.10/dist-packages:${PYTHONPATH} /usr/bin/cmake --install /home/wlixill/rm_version4_ws/build/armor_detector
