[0.009s] Invoking command in '/home/wlixill/rm_version4_ws/build/rm_gimbal_description': CMAKE_PREFIX_PATH=${CMAKE_PREFIX_PATH}:/opt/ros/humble /usr/bin/cmake /home/wlixill/rm_version4_ws/src/rm_auto_aim/rm_gimbal_description -DCMAKE_INSTALL_PREFIX=/home/wlixill/rm_version4_ws/install/rm_gimbal_description
[0.051s] -- The C compiler identification is GNU 11.4.0
[0.094s] -- The CXX compiler identification is GNU 11.4.0
[0.102s] -- Detecting C compiler ABI info
[0.161s] -- Detecting C compiler ABI info - done
[0.166s] -- Check for working C compiler: /usr/bin/cc - skipped
[0.166s] -- Detecting C compile features
[0.166s] -- Detecting C compile features - done
[0.168s] -- Detecting CXX compiler ABI info
[0.234s] -- Detecting CXX compiler ABI info - done
[0.239s] -- Check for working CXX compiler: /usr/bin/c++ - skipped
[0.240s] -- Detecting CXX compile features
[0.240s] -- Detecting CXX compile features - done
[0.242s] -- Found ament_cmake: 1.3.8 (/opt/ros/humble/share/ament_cmake/cmake)
[0.356s] -- Found Python3: /usr/bin/python3 (found version "3.10.12") found components: Interpreter 
[0.429s] -- Found ament_lint_auto: 0.12.10 (/opt/ros/humble/share/ament_lint_auto/cmake)
[0.497s] -- Added test 'lint_cmake' to check CMake code style
[0.500s] -- Added test 'xmllint' to check XML markup files
[0.501s] -- Configuring done
[0.504s] -- Generating done
[0.505s] -- Build files have been written to: /home/wlixill/rm_version4_ws/build/rm_gimbal_description
[0.508s] Invoked command in '/home/wlixill/rm_version4_ws/build/rm_gimbal_description' returned '0': CMAKE_PREFIX_PATH=${CMAKE_PREFIX_PATH}:/opt/ros/humble /usr/bin/cmake /home/wlixill/rm_version4_ws/src/rm_auto_aim/rm_gimbal_description -DCMAKE_INSTALL_PREFIX=/home/wlixill/rm_version4_ws/install/rm_gimbal_description
[0.510s] Invoking command in '/home/wlixill/rm_version4_ws/build/rm_gimbal_description': CMAKE_PREFIX_PATH=${CMAKE_PREFIX_PATH}:/opt/ros/humble /usr/bin/cmake --build /home/wlixill/rm_version4_ws/build/rm_gimbal_description -- -j16 -l16
[0.545s] Invoked command in '/home/wlixill/rm_version4_ws/build/rm_gimbal_description' returned '0': CMAKE_PREFIX_PATH=${CMAKE_PREFIX_PATH}:/opt/ros/humble /usr/bin/cmake --build /home/wlixill/rm_version4_ws/build/rm_gimbal_description -- -j16 -l16
[0.577s] Invoking command in '/home/wlixill/rm_version4_ws/build/rm_gimbal_description': CMAKE_PREFIX_PATH=${CMAKE_PREFIX_PATH}:/opt/ros/humble /usr/bin/cmake --install /home/wlixill/rm_version4_ws/build/rm_gimbal_description
[0.583s] -- Install configuration: ""
[0.583s] -- Up-to-date: /home/wlixill/rm_version4_ws/install/rm_gimbal_description/share/rm_gimbal_description/urdf
[0.583s] -- Up-to-date: /home/wlixill/rm_version4_ws/install/rm_gimbal_description/share/rm_gimbal_description/urdf/rm_gimbal.urdf.xacro
[0.583s] -- Installing: /home/wlixill/rm_version4_ws/install/rm_gimbal_description/share/ament_index/resource_index/package_run_dependencies/rm_gimbal_description
[0.583s] -- Installing: /home/wlixill/rm_version4_ws/install/rm_gimbal_description/share/ament_index/resource_index/parent_prefix_path/rm_gimbal_description
[0.583s] -- Installing: /home/wlixill/rm_version4_ws/install/rm_gimbal_description/share/rm_gimbal_description/environment/ament_prefix_path.dsv
[0.584s] -- Installing: /home/wlixill/rm_version4_ws/install/rm_gimbal_description/share/rm_gimbal_description/environment/path.dsv
[0.584s] -- Installing: /home/wlixill/rm_version4_ws/install/rm_gimbal_description/share/rm_gimbal_description/local_setup.bash
[0.584s] -- Installing: /home/wlixill/rm_version4_ws/install/rm_gimbal_description/share/rm_gimbal_description/local_setup.sh
[0.584s] -- Installing: /home/wlixill/rm_version4_ws/install/rm_gimbal_description/share/rm_gimbal_description/local_setup.zsh
[0.584s] -- Installing: /home/wlixill/rm_version4_ws/install/rm_gimbal_description/share/rm_gimbal_description/local_setup.dsv
[0.584s] -- Installing: /home/wlixill/rm_version4_ws/install/rm_gimbal_description/share/rm_gimbal_description/package.dsv
[0.585s] -- Installing: /home/wlixill/rm_version4_ws/install/rm_gimbal_description/share/ament_index/resource_index/packages/rm_gimbal_description
[0.585s] -- Installing: /home/wlixill/rm_version4_ws/install/rm_gimbal_description/share/rm_gimbal_description/cmake/rm_gimbal_descriptionConfig.cmake
[0.585s] -- Installing: /home/wlixill/rm_version4_ws/install/rm_gimbal_description/share/rm_gimbal_description/cmake/rm_gimbal_descriptionConfig-version.cmake
[0.585s] -- Up-to-date: /home/wlixill/rm_version4_ws/install/rm_gimbal_description/share/rm_gimbal_description/package.xml
[0.587s] Invoked command in '/home/wlixill/rm_version4_ws/build/rm_gimbal_description' returned '0': CMAKE_PREFIX_PATH=${CMAKE_PREFIX_PATH}:/opt/ros/humble /usr/bin/cmake --install /home/wlixill/rm_version4_ws/build/rm_gimbal_description
