[0.010s] Invoking command in '/home/wlixill/rm_version4_ws/build/daheng_camera': CMAKE_PREFIX_PATH=${CMAKE_PREFIX_PATH}:/opt/ros/humble /usr/bin/cmake /home/wlixill/rm_version4_ws/src/rm_auto_aim/daheng_camera -DCMAKE_INSTALL_PREFIX=/home/wlixill/rm_version4_ws/install/daheng_camera
[4.543s] -- The C compiler identification is GNU 11.4.0
[4.586s] -- The CXX compiler identification is GNU 11.4.0
[4.592s] -- Detecting C compiler ABI info
[4.651s] -- Detecting C compiler ABI info - done
[4.656s] -- Check for working C compiler: /usr/bin/cc - skipped
[4.656s] -- Detecting C compile features
[4.656s] -- Detecting C compile features - done
[4.658s] -- Detecting CXX compiler ABI info
[8.370s] -- Detecting CXX compiler ABI info - done
[8.375s] -- Check for working CXX compiler: /usr/bin/c++ - skipped
[8.375s] -- Detecting CXX compile features
[8.375s] -- Detecting CXX compile features - done
[8.377s] -- Found ament_cmake_auto: 1.3.8 (/opt/ros/humble/share/ament_cmake_auto/cmake)
[8.492s] -- Found Python3: /usr/bin/python3 (found version "3.10.12") found components: Interpreter 
[8.650s] -- Found rosidl_generator_c: 3.1.5 (/opt/ros/humble/share/rosidl_generator_c/cmake)
[8.655s] -- Found rosidl_adapter: 3.1.5 (/opt/ros/humble/share/rosidl_adapter/cmake)
[8.663s] -- Found rosidl_generator_cpp: 3.1.5 (/opt/ros/humble/share/rosidl_generator_cpp/cmake)
[8.674s] -- Using all available rosidl_typesupport_c: rosidl_typesupport_fastrtps_c;rosidl_typesupport_introspection_c
[8.691s] -- Using all available rosidl_typesupport_cpp: rosidl_typesupport_fastrtps_cpp;rosidl_typesupport_introspection_cpp
[8.749s] -- Found rmw_implementation_cmake: 6.1.1 (/opt/ros/humble/share/rmw_implementation_cmake/cmake)
[8.752s] -- Found rmw_fastrtps_cpp: 6.2.6 (/opt/ros/humble/share/rmw_fastrtps_cpp/cmake)
[8.845s] -- Found OpenSSL: /usr/lib/x86_64-linux-gnu/libcrypto.so (found version "3.0.2")  
[8.868s] -- Found FastRTPS: /opt/ros/humble/include  
[8.908s] -- Using RMW implementation 'rmw_fastrtps_cpp' as default
[8.917s] -- Looking for pthread.h
[16.916s] -- Looking for pthread.h - found
[16.916s] -- Performing Test CMAKE_HAVE_LIBC_PTHREAD
[16.981s] -- Performing Test CMAKE_HAVE_LIBC_PTHREAD - Success
[16.981s] -- Found Threads: TRUE  
[17.353s] -- Found ament_lint_auto: 0.12.10 (/opt/ros/humble/share/ament_lint_auto/cmake)
[17.385s] -- Added test 'cppcheck' to perform static code analysis on C / C++ code
[17.385s] -- Configured cppcheck include dirs: /home/wlixill/rm_version4_ws/src/rm_auto_aim/daheng_camera/include
[17.385s] -- Configured cppcheck exclude dirs and/or files: 
[17.386s] -- Added test 'flake8' to check Python code syntax and style conventions
[17.389s] -- Added test 'lint_cmake' to check CMake code style
[17.390s] -- Added test 'pep257' to check Python code against some of the docstring style conventions in PEP 257
[17.391s] -- Added test 'xmllint' to check XML markup files
[17.394s] -- Configuring done
[17.407s] -- Generating done
[17.408s] -- Build files have been written to: /home/wlixill/rm_version4_ws/build/daheng_camera
[17.419s] Invoked command in '/home/wlixill/rm_version4_ws/build/daheng_camera' returned '0': CMAKE_PREFIX_PATH=${CMAKE_PREFIX_PATH}:/opt/ros/humble /usr/bin/cmake /home/wlixill/rm_version4_ws/src/rm_auto_aim/daheng_camera -DCMAKE_INSTALL_PREFIX=/home/wlixill/rm_version4_ws/install/daheng_camera
[17.421s] Invoking command in '/home/wlixill/rm_version4_ws/build/daheng_camera': CMAKE_PREFIX_PATH=${CMAKE_PREFIX_PATH}:/opt/ros/humble /usr/bin/cmake --build /home/wlixill/rm_version4_ws/build/daheng_camera -- -j16 -l16
[17.471s] [ 50%] [32mBuilding CXX object CMakeFiles/daheng_camera_node.dir/rclcpp_components/node_main_daheng_camera_node.cpp.o[0m
[17.471s] [ 50%] [32mBuilding CXX object CMakeFiles/daheng_camera.dir/src/daheng_camera_node.cpp.o[0m
[20.453s] In file included from [01m[K/home/wlixill/rm_version4_ws/src/rm_auto_aim/daheng_camera/src/daheng_camera_node.cpp:14[m[K:
[20.453s] [01m[K/home/wlixill/rm_version4_ws/src/rm_auto_aim/daheng_camera/include/GxCamera.hpp:[m[K In constructor ‘[01m[KGxCamera::GxCamera()[m[K’:
[20.453s] [01m[K/home/wlixill/rm_version4_ws/src/rm_auto_aim/daheng_camera/include/GxCamera.hpp:199:17:[m[K [01;31m[Kerror: [m[KISO C++ forbids converting a string constant to ‘[01m[Kchar*[m[K’ [[01;31m[K]8;;https://gcc.gnu.org/onlinedocs/gcc/Warning-Options.html#index-Wwrite-strings-Werror=write-strings]8;;[m[K]
[20.453s]   199 |   g_pDeviceSN = [01;31m[K"KJ0190120002"[m[K;
[20.453s]       |                 [01;31m[K^~~~~~~~~~~~~~[m[K
[21.359s] cc1plus: all warnings being treated as errors
[22.451s] gmake[2]: *** [CMakeFiles/daheng_camera.dir/build.make:76：CMakeFiles/daheng_camera.dir/src/daheng_camera_node.cpp.o] 错误 1
[22.451s] gmake[1]: *** [CMakeFiles/Makefile2:139：CMakeFiles/daheng_camera.dir/all] 错误 2
[22.451s] gmake[1]: *** 正在等待未完成的任务....
[22.461s] [ 75%] [32m[1mLinking CXX executable daheng_camera_node[0m
[22.598s] [ 75%] Built target daheng_camera_node
[22.600s] gmake: *** [Makefile:146：all] 错误 2
[22.602s] Invoked command in '/home/wlixill/rm_version4_ws/build/daheng_camera' returned '2': CMAKE_PREFIX_PATH=${CMAKE_PREFIX_PATH}:/opt/ros/humble /usr/bin/cmake --build /home/wlixill/rm_version4_ws/build/daheng_camera -- -j16 -l16
