[0.012s] Invoking command in '/home/wlixill/rm_version4_ws/build/auto_aim_interfaces': CMAKE_PREFIX_PATH=${CMAKE_PREFIX_PATH}:/opt/ros/humble /usr/bin/cmake --build /home/wlixill/rm_version4_ws/build/auto_aim_interfaces -- -j16 -l16
[0.046s] [35m[1mConsolidate compiler generated dependencies of target auto_aim_interfaces__rosidl_generator_c[0m
[0.053s] [  1%] Built target auto_aim_interfaces__cpp
[0.058s] [ 12%] Built target auto_aim_interfaces__rosidl_generator_c
[0.062s] [ 12%] Built target ament_cmake_python_copy_auto_aim_interfaces
[0.062s] [35m[1mConsolidate compiler generated dependencies of target auto_aim_interfaces__rosidl_typesupport_cpp[0m
[0.063s] [35m[1mConsolidate compiler generated dependencies of target auto_aim_interfaces__rosidl_typesupport_fastrtps_cpp[0m
[0.063s] [35m[1mConsolidate compiler generated dependencies of target auto_aim_interfaces__rosidl_typesupport_introspection_cpp[0m
[0.068s] [35m[1mConsolidate compiler generated dependencies of target auto_aim_interfaces__rosidl_typesupport_introspection_c[0m
[0.068s] [35m[1mConsolidate compiler generated dependencies of target auto_aim_interfaces__rosidl_typesupport_fastrtps_c[0m
[0.068s] [35m[1mConsolidate compiler generated dependencies of target auto_aim_interfaces__rosidl_typesupport_c[0m
[0.078s] [ 24%] Built target auto_aim_interfaces__rosidl_typesupport_cpp
[0.079s] [ 35%] Built target auto_aim_interfaces__rosidl_typesupport_introspection_cpp
[0.080s] [ 48%] Built target auto_aim_interfaces__rosidl_typesupport_introspection_c
[0.080s] [ 58%] Built target auto_aim_interfaces__rosidl_typesupport_fastrtps_cpp
[0.082s] [ 69%] Built target auto_aim_interfaces__rosidl_typesupport_c
[0.087s] [ 81%] Built target auto_aim_interfaces__rosidl_typesupport_fastrtps_c
[0.105s] [ 81%] Built target auto_aim_interfaces
[0.124s] [ 82%] Built target auto_aim_interfaces__py
[0.134s] [35m[1mConsolidate compiler generated dependencies of target auto_aim_interfaces__rosidl_generator_py[0m
[0.152s] [ 92%] Built target auto_aim_interfaces__rosidl_generator_py
[0.161s] [35m[1mConsolidate compiler generated dependencies of target auto_aim_interfaces__rosidl_typesupport_fastrtps_c__pyext[0m
[0.161s] [35m[1mConsolidate compiler generated dependencies of target auto_aim_interfaces__rosidl_typesupport_c__pyext[0m
[0.161s] [35m[1mConsolidate compiler generated dependencies of target auto_aim_interfaces__rosidl_typesupport_introspection_c__pyext[0m
[0.173s] [ 98%] Built target auto_aim_interfaces__rosidl_typesupport_fastrtps_c__pyext
[0.173s] [ 98%] Built target auto_aim_interfaces__rosidl_typesupport_c__pyext
[0.173s] [100%] Built target auto_aim_interfaces__rosidl_typesupport_introspection_c__pyext
[0.229s] running egg_info
[0.230s] writing auto_aim_interfaces.egg-info/PKG-INFO
[0.230s] writing dependency_links to auto_aim_interfaces.egg-info/dependency_links.txt
[0.230s] writing top-level names to auto_aim_interfaces.egg-info/top_level.txt
[0.232s] reading manifest file 'auto_aim_interfaces.egg-info/SOURCES.txt'
[0.232s] writing manifest file 'auto_aim_interfaces.egg-info/SOURCES.txt'
[0.252s] [100%] Built target ament_cmake_python_build_auto_aim_interfaces_egg
[0.263s] Invoked command in '/home/wlixill/rm_version4_ws/build/auto_aim_interfaces' returned '0': CMAKE_PREFIX_PATH=${CMAKE_PREFIX_PATH}:/opt/ros/humble /usr/bin/cmake --build /home/wlixill/rm_version4_ws/build/auto_aim_interfaces -- -j16 -l16
