-- The C compiler identification is GNU 11.2.0
-- The CXX compiler identification is GNU 11.2.0
-- Detecting C compiler ABI info
-- Detecting C compiler ABI info - done
-- Check for working C compiler: /usr/bin/cc - skipped
-- Detecting C compile features
-- Detecting C compile features - done
-- Detecting CXX compiler ABI info
-- Detecting CXX compiler ABI info - done
-- Check for working CXX compiler: /usr/bin/c++ - skipped
-- Detecting CXX compile features
-- Detecting CXX compile features - done
-- Found ament_cmake_auto: 1.3.2 (/opt/ros/humble/share/ament_cmake_auto/cmake)
-- Found Python3: /usr/bin/python3.10 (found version "3.10.6") found components: Interpreter 
-- Override CMake install command with custom implementation using symlinks instead of copying resources
-- Found rosidl_generator_c: 3.1.3 (/opt/ros/humble/share/rosidl_generator_c/cmake)
-- Found rosidl_adapter: 3.1.3 (/opt/ros/humble/share/rosidl_adapter/cmake)
-- Found rosidl_generator_cpp: 3.1.3 (/opt/ros/humble/share/rosidl_generator_cpp/cmake)
-- Using all available rosidl_typesupport_c: rosidl_typesupport_fastrtps_c;rosidl_typesupport_introspection_c
-- Using all available rosidl_typesupport_cpp: rosidl_typesupport_fastrtps_cpp;rosidl_typesupport_introspection_cpp
-- Found rmw_implementation_cmake: 6.1.0 (/opt/ros/humble/share/rmw_implementation_cmake/cmake)
-- Found rmw_fastrtps_cpp: 6.2.1 (/opt/ros/humble/share/rmw_fastrtps_cpp/cmake)
-- Found OpenSSL: /usr/lib/x86_64-linux-gnu/libcrypto.so (found version "3.0.2")  
-- Found FastRTPS: /opt/ros/humble/include  
-- Using RMW implementation 'rmw_fastrtps_cpp' as default
-- Found ament_lint_auto: 0.12.4 (/opt/ros/humble/share/ament_lint_auto/cmake)
-- Added test 'cppcheck' to perform static code analysis on C / C++ code
-- Configured cppcheck include dirs: /root/rm_version4_ws/src/rm_auto_aim/daheng_camera/include
-- Configured cppcheck exclude dirs and/or files: 
-- Added test 'flake8' to check Python code syntax and style conventions
-- Added test 'lint_cmake' to check CMake code style
-- Added test 'pep257' to check Python code against some of the docstring style conventions in PEP 257
-- Added test 'xmllint' to check XML markup files
-- Configuring done
-- Generating done
-- Build files have been written to: /root/rm_version4_ws/build/daheng_camera
[ 50%] [32mBuilding CXX object CMakeFiles/daheng_camera.dir/src/daheng_camera_node.cpp.o[0m
[ 50%] [32mBuilding CXX object CMakeFiles/daheng_camera_node.dir/rclcpp_components/node_main_daheng_camera_node.cpp.o[0m
[ 75%] [32m[1mLinking CXX executable daheng_camera_node[0m
[ 75%] Built target daheng_camera_node
[100%] [32m[1mLinking CXX shared library libdaheng_camera.so[0m
[100%] Built target daheng_camera
-- Install configuration: ""
-- Execute custom install script
-- Symlinking: /root/rm_version4_ws/install/daheng_camera/lib/daheng_camera/daheng_camera_node
-- Symlinking: /root/rm_version4_ws/install/daheng_camera/include/GxCamera.hpp
-- Symlinking: /root/rm_version4_ws/install/daheng_camera/include/daheng_sdk/include/DxImageProc.h
-- Symlinking: /root/rm_version4_ws/install/daheng_camera/include/daheng_sdk/include/GxIAPI.h
-- Symlinking: /root/rm_version4_ws/install/daheng_camera/share/daheng_camera/environment/library_path.sh
-- Symlinking: /root/rm_version4_ws/install/daheng_camera/share/daheng_camera/environment/library_path.dsv
-- Symlinking: /root/rm_version4_ws/install/daheng_camera/lib/libdaheng_camera.so
-- Symlinking: /root/rm_version4_ws/install/daheng_camera/share/daheng_camera/config/camera_info.yaml
-- Symlinking: /root/rm_version4_ws/install/daheng_camera/share/daheng_camera/config/camera_params.yaml
-- Symlinking: /root/rm_version4_ws/install/daheng_camera/share/daheng_camera/launch/daheng_camera.launch.py
-- Symlinking: /root/rm_version4_ws/install/daheng_camera/share/ament_index/resource_index/package_run_dependencies/daheng_camera
-- Symlinking: /root/rm_version4_ws/install/daheng_camera/share/ament_index/resource_index/parent_prefix_path/daheng_camera
-- Symlinking: /root/rm_version4_ws/install/daheng_camera/share/daheng_camera/environment/ament_prefix_path.sh
-- Symlinking: /root/rm_version4_ws/install/daheng_camera/share/daheng_camera/environment/ament_prefix_path.dsv
-- Symlinking: /root/rm_version4_ws/install/daheng_camera/share/daheng_camera/environment/path.sh
-- Symlinking: /root/rm_version4_ws/install/daheng_camera/share/daheng_camera/environment/path.dsv
-- Symlinking: /root/rm_version4_ws/install/daheng_camera/share/daheng_camera/local_setup.bash
-- Symlinking: /root/rm_version4_ws/install/daheng_camera/share/daheng_camera/local_setup.sh
-- Symlinking: /root/rm_version4_ws/install/daheng_camera/share/daheng_camera/local_setup.zsh
-- Symlinking: /root/rm_version4_ws/install/daheng_camera/share/daheng_camera/local_setup.dsv
-- Symlinking: /root/rm_version4_ws/install/daheng_camera/share/daheng_camera/package.dsv
-- Symlinking: /root/rm_version4_ws/install/daheng_camera/share/ament_index/resource_index/packages/daheng_camera
-- Symlinking: /root/rm_version4_ws/install/daheng_camera/share/ament_index/resource_index/rclcpp_components/daheng_camera
-- Symlinking: /root/rm_version4_ws/install/daheng_camera/share/daheng_camera/cmake/ament_cmake_export_dependencies-extras.cmake
-- Symlinking: /root/rm_version4_ws/install/daheng_camera/share/daheng_camera/cmake/ament_cmake_export_include_directories-extras.cmake
-- Symlinking: /root/rm_version4_ws/install/daheng_camera/share/daheng_camera/cmake/ament_cmake_export_libraries-extras.cmake
-- Symlinking: /root/rm_version4_ws/install/daheng_camera/share/daheng_camera/cmake/daheng_cameraConfig.cmake
-- Symlinking: /root/rm_version4_ws/install/daheng_camera/share/daheng_camera/cmake/daheng_cameraConfig-version.cmake
-- Symlinking: /root/rm_version4_ws/install/daheng_camera/share/daheng_camera/package.xml
