[0.016s] Invoking command in '/root/rm_version4_ws/build/daheng_camera': CMAKE_PREFIX_PATH=${CMAKE_PREFIX_PATH}:/opt/ros/humble /usr/bin/cmake /root/rm_version4_ws/src/rm_auto_aim/daheng_camera -DAMENT_CMAKE_SYMLINK_INSTALL=1 -DCMAKE_INSTALL_PREFIX=/root/rm_version4_ws/install/daheng_camera
[0.095s] -- The C compiler identification is GNU 11.2.0
[0.164s] -- The CXX compiler identification is GNU 11.2.0
[0.171s] -- Detecting C compiler ABI info
[0.230s] -- Detecting C compiler ABI info - done
[0.235s] -- Check for working C compiler: /usr/bin/cc - skipped
[0.236s] -- Detecting C compile features
[0.236s] -- Detecting C compile features - done
[0.239s] -- Detecting CXX compiler ABI info
[0.303s] -- Detecting CXX compiler ABI info - done
[0.308s] -- Check for working CXX compiler: /usr/bin/c++ - skipped
[0.309s] -- Detecting CXX compile features
[0.309s] -- Detecting CXX compile features - done
[0.312s] -- Found ament_cmake_auto: 1.3.2 (/opt/ros/humble/share/ament_cmake_auto/cmake)
[0.466s] -- Found Python3: /usr/bin/python3.10 (found version "3.10.6") found components: Interpreter 
[0.522s] -- Override CMake install command with custom implementation using symlinks instead of copying resources
[0.666s] -- Found rosidl_generator_c: 3.1.3 (/opt/ros/humble/share/rosidl_generator_c/cmake)
[0.671s] -- Found rosidl_adapter: 3.1.3 (/opt/ros/humble/share/rosidl_adapter/cmake)
[0.679s] -- Found rosidl_generator_cpp: 3.1.3 (/opt/ros/humble/share/rosidl_generator_cpp/cmake)
[0.692s] -- Using all available rosidl_typesupport_c: rosidl_typesupport_fastrtps_c;rosidl_typesupport_introspection_c
[0.710s] -- Using all available rosidl_typesupport_cpp: rosidl_typesupport_fastrtps_cpp;rosidl_typesupport_introspection_cpp
[0.773s] -- Found rmw_implementation_cmake: 6.1.0 (/opt/ros/humble/share/rmw_implementation_cmake/cmake)
[0.777s] -- Found rmw_fastrtps_cpp: 6.2.1 (/opt/ros/humble/share/rmw_fastrtps_cpp/cmake)
[0.872s] -- Found OpenSSL: /usr/lib/x86_64-linux-gnu/libcrypto.so (found version "3.0.2")  
[0.904s] -- Found FastRTPS: /opt/ros/humble/include  
[0.954s] -- Using RMW implementation 'rmw_fastrtps_cpp' as default
[1.352s] -- Found ament_lint_auto: 0.12.4 (/opt/ros/humble/share/ament_lint_auto/cmake)
[1.379s] -- Added test 'cppcheck' to perform static code analysis on C / C++ code
[1.379s] -- Configured cppcheck include dirs: /root/rm_version4_ws/src/rm_auto_aim/daheng_camera/include
[1.379s] -- Configured cppcheck exclude dirs and/or files: 
[1.379s] -- Added test 'flake8' to check Python code syntax and style conventions
[1.380s] -- Added test 'lint_cmake' to check CMake code style
[1.380s] -- Added test 'pep257' to check Python code against some of the docstring style conventions in PEP 257
[1.381s] -- Added test 'xmllint' to check XML markup files
[1.384s] -- Configuring done
[1.400s] -- Generating done
[1.402s] -- Build files have been written to: /root/rm_version4_ws/build/daheng_camera
[1.417s] Invoked command in '/root/rm_version4_ws/build/daheng_camera' returned '0': CMAKE_PREFIX_PATH=${CMAKE_PREFIX_PATH}:/opt/ros/humble /usr/bin/cmake /root/rm_version4_ws/src/rm_auto_aim/daheng_camera -DAMENT_CMAKE_SYMLINK_INSTALL=1 -DCMAKE_INSTALL_PREFIX=/root/rm_version4_ws/install/daheng_camera
[1.419s] Invoking command in '/root/rm_version4_ws/build/daheng_camera': CMAKE_PREFIX_PATH=${CMAKE_PREFIX_PATH}:/opt/ros/humble /usr/bin/cmake --build /root/rm_version4_ws/build/daheng_camera -- -j12 -l12
[1.469s] [ 50%] [32mBuilding CXX object CMakeFiles/daheng_camera.dir/src/daheng_camera_node.cpp.o[0m
[1.469s] [ 50%] [32mBuilding CXX object CMakeFiles/daheng_camera_node.dir/rclcpp_components/node_main_daheng_camera_node.cpp.o[0m
[6.144s] [ 75%] [32m[1mLinking CXX executable daheng_camera_node[0m
[6.260s] [ 75%] Built target daheng_camera_node
[8.538s] [100%] [32m[1mLinking CXX shared library libdaheng_camera.so[0m
[8.716s] [100%] Built target daheng_camera
[8.726s] Invoked command in '/root/rm_version4_ws/build/daheng_camera' returned '0': CMAKE_PREFIX_PATH=${CMAKE_PREFIX_PATH}:/opt/ros/humble /usr/bin/cmake --build /root/rm_version4_ws/build/daheng_camera -- -j12 -l12
[8.752s] Invoking command in '/root/rm_version4_ws/build/daheng_camera': CMAKE_PREFIX_PATH=${CMAKE_PREFIX_PATH}:/opt/ros/humble /usr/bin/cmake --install /root/rm_version4_ws/build/daheng_camera
[8.758s] -- Install configuration: ""
[8.758s] -- Execute custom install script
[8.759s] -- Symlinking: /root/rm_version4_ws/install/daheng_camera/lib/daheng_camera/daheng_camera_node
[8.767s] -- Symlinking: /root/rm_version4_ws/install/daheng_camera/include/GxCamera.hpp
[8.775s] -- Symlinking: /root/rm_version4_ws/install/daheng_camera/include/daheng_sdk/include/DxImageProc.h
[8.782s] -- Symlinking: /root/rm_version4_ws/install/daheng_camera/include/daheng_sdk/include/GxIAPI.h
[8.790s] -- Symlinking: /root/rm_version4_ws/install/daheng_camera/share/daheng_camera/environment/library_path.sh
[8.797s] -- Symlinking: /root/rm_version4_ws/install/daheng_camera/share/daheng_camera/environment/library_path.dsv
[8.804s] -- Symlinking: /root/rm_version4_ws/install/daheng_camera/lib/libdaheng_camera.so
[8.811s] -- Symlinking: /root/rm_version4_ws/install/daheng_camera/share/daheng_camera/config/camera_info.yaml
[8.818s] -- Symlinking: /root/rm_version4_ws/install/daheng_camera/share/daheng_camera/config/camera_params.yaml
[8.825s] -- Symlinking: /root/rm_version4_ws/install/daheng_camera/share/daheng_camera/launch/daheng_camera.launch.py
[8.832s] -- Symlinking: /root/rm_version4_ws/install/daheng_camera/share/ament_index/resource_index/package_run_dependencies/daheng_camera
[8.841s] -- Symlinking: /root/rm_version4_ws/install/daheng_camera/share/ament_index/resource_index/parent_prefix_path/daheng_camera
[8.850s] -- Symlinking: /root/rm_version4_ws/install/daheng_camera/share/daheng_camera/environment/ament_prefix_path.sh
[8.856s] -- Symlinking: /root/rm_version4_ws/install/daheng_camera/share/daheng_camera/environment/ament_prefix_path.dsv
[8.864s] -- Symlinking: /root/rm_version4_ws/install/daheng_camera/share/daheng_camera/environment/path.sh
[8.871s] -- Symlinking: /root/rm_version4_ws/install/daheng_camera/share/daheng_camera/environment/path.dsv
[8.877s] -- Symlinking: /root/rm_version4_ws/install/daheng_camera/share/daheng_camera/local_setup.bash
[8.884s] -- Symlinking: /root/rm_version4_ws/install/daheng_camera/share/daheng_camera/local_setup.sh
[8.890s] -- Symlinking: /root/rm_version4_ws/install/daheng_camera/share/daheng_camera/local_setup.zsh
[8.897s] -- Symlinking: /root/rm_version4_ws/install/daheng_camera/share/daheng_camera/local_setup.dsv
[8.904s] -- Symlinking: /root/rm_version4_ws/install/daheng_camera/share/daheng_camera/package.dsv
[8.912s] -- Symlinking: /root/rm_version4_ws/install/daheng_camera/share/ament_index/resource_index/packages/daheng_camera
[8.921s] -- Symlinking: /root/rm_version4_ws/install/daheng_camera/share/ament_index/resource_index/rclcpp_components/daheng_camera
[8.928s] -- Symlinking: /root/rm_version4_ws/install/daheng_camera/share/daheng_camera/cmake/ament_cmake_export_dependencies-extras.cmake
[8.935s] -- Symlinking: /root/rm_version4_ws/install/daheng_camera/share/daheng_camera/cmake/ament_cmake_export_include_directories-extras.cmake
[8.945s] -- Symlinking: /root/rm_version4_ws/install/daheng_camera/share/daheng_camera/cmake/ament_cmake_export_libraries-extras.cmake
[8.954s] -- Symlinking: /root/rm_version4_ws/install/daheng_camera/share/daheng_camera/cmake/daheng_cameraConfig.cmake
[8.962s] -- Symlinking: /root/rm_version4_ws/install/daheng_camera/share/daheng_camera/cmake/daheng_cameraConfig-version.cmake
[8.969s] -- Symlinking: /root/rm_version4_ws/install/daheng_camera/share/daheng_camera/package.xml
[8.978s] Invoked command in '/root/rm_version4_ws/build/daheng_camera' returned '0': CMAKE_PREFIX_PATH=${CMAKE_PREFIX_PATH}:/opt/ros/humble /usr/bin/cmake --install /root/rm_version4_ws/build/daheng_camera
