[0.011s] Invoking command in '/home/wlixill/rm_version4_ws/build/armor_processor': CMAKE_PREFIX_PATH=/home/wlixill/rm_version4_ws/install/auto_aim_interfaces:/home/wlixill/rm_version4_ws/install/auto_aim_bringup:/home/wlixill/rm_version4_ws/install/rm_serial_driver:/home/wlixill/rm_version4_ws/install/rm_gimbal_description:/home/wlixill/rm_version4_ws/install/daheng_camera:/home/wlixill/rm_version4_ws/install/armor_processor:/home/wlixill/rm_version4_ws/install/armor_detector:/home/wlixill/rm_tools/install/daheng_camera:/opt/ros/humble LD_LIBRARY_PATH=/home/wlixill/rm_version4_ws/install/auto_aim_interfaces/lib:/home/wlixill/rm_version4_ws/install/rm_serial_driver/lib:/home/wlixill/rm_version4_ws/install/daheng_camera/lib:/home/wlixill/rm_version4_ws/install/armor_processor/lib:/home/wlixill/rm_version4_ws/install/armor_detector/lib:/home/wlixill/rm_tools/install/daheng_camera/lib:/opt/ros/humble/opt/rviz_ogre_vendor/lib:/opt/ros/humble/lib/x86_64-linux-gnu:/opt/ros/humble/lib /usr/bin/cmake --build /home/wlixill/rm_version4_ws/build/armor_processor -- -j16 -l16
[0.047s] [35m[1mConsolidate compiler generated dependencies of target armor_processor_node[0m
[0.048s] [35m[1mConsolidate compiler generated dependencies of target armor_processor[0m
[0.066s] [ 33%] Built target armor_processor_node
[0.074s] [100%] Built target armor_processor
[0.084s] Invoked command in '/home/wlixill/rm_version4_ws/build/armor_processor' returned '0': CMAKE_PREFIX_PATH=/home/wlixill/rm_version4_ws/install/auto_aim_interfaces:/home/wlixill/rm_version4_ws/install/auto_aim_bringup:/home/wlixill/rm_version4_ws/install/rm_serial_driver:/home/wlixill/rm_version4_ws/install/rm_gimbal_description:/home/wlixill/rm_version4_ws/install/daheng_camera:/home/wlixill/rm_version4_ws/install/armor_processor:/home/wlixill/rm_version4_ws/install/armor_detector:/home/wlixill/rm_tools/install/daheng_camera:/opt/ros/humble LD_LIBRARY_PATH=/home/wlixill/rm_version4_ws/install/auto_aim_interfaces/lib:/home/wlixill/rm_version4_ws/install/rm_serial_driver/lib:/home/wlixill/rm_version4_ws/install/daheng_camera/lib:/home/wlixill/rm_version4_ws/install/armor_processor/lib:/home/wlixill/rm_version4_ws/install/armor_detector/lib:/home/wlixill/rm_tools/install/daheng_camera/lib:/opt/ros/humble/opt/rviz_ogre_vendor/lib:/opt/ros/humble/lib/x86_64-linux-gnu:/opt/ros/humble/lib /usr/bin/cmake --build /home/wlixill/rm_version4_ws/build/armor_processor -- -j16 -l16
[0.121s] Invoking command in '/home/wlixill/rm_version4_ws/build/armor_processor': CMAKE_PREFIX_PATH=/home/wlixill/rm_version4_ws/install/auto_aim_interfaces:/home/wlixill/rm_version4_ws/install/auto_aim_bringup:/home/wlixill/rm_version4_ws/install/rm_serial_driver:/home/wlixill/rm_version4_ws/install/rm_gimbal_description:/home/wlixill/rm_version4_ws/install/daheng_camera:/home/wlixill/rm_version4_ws/install/armor_processor:/home/wlixill/rm_version4_ws/install/armor_detector:/home/wlixill/rm_tools/install/daheng_camera:/opt/ros/humble LD_LIBRARY_PATH=/home/wlixill/rm_version4_ws/install/auto_aim_interfaces/lib:/home/wlixill/rm_version4_ws/install/rm_serial_driver/lib:/home/wlixill/rm_version4_ws/install/daheng_camera/lib:/home/wlixill/rm_version4_ws/install/armor_processor/lib:/home/wlixill/rm_version4_ws/install/armor_detector/lib:/home/wlixill/rm_tools/install/daheng_camera/lib:/opt/ros/humble/opt/rviz_ogre_vendor/lib:/opt/ros/humble/lib/x86_64-linux-gnu:/opt/ros/humble/lib /usr/bin/cmake --install /home/wlixill/rm_version4_ws/build/armor_processor
[0.127s] -- Install configuration: ""
[0.127s] -- Installing: /home/wlixill/rm_version4_ws/install/armor_processor/lib/armor_processor/armor_processor_node
[0.128s] -- Set runtime path of "/home/wlixill/rm_version4_ws/install/armor_processor/lib/armor_processor/armor_processor_node" to ""
[0.128s] -- Up-to-date: /home/wlixill/rm_version4_ws/install/armor_processor/include
[0.128s] -- Up-to-date: /home/wlixill/rm_version4_ws/install/armor_processor/include/armor_processor
[0.128s] -- Up-to-date: /home/wlixill/rm_version4_ws/install/armor_processor/include/armor_processor/extended_kalman_filter.hpp
[0.128s] -- Up-to-date: /home/wlixill/rm_version4_ws/install/armor_processor/include/armor_processor/tracker.hpp
[0.129s] -- Up-to-date: /home/wlixill/rm_version4_ws/install/armor_processor/include/armor_processor/processor_node.hpp
[0.129s] -- Installing: /home/wlixill/rm_version4_ws/install/armor_processor/share/armor_processor/environment/library_path.dsv
[0.129s] -- Installing: /home/wlixill/rm_version4_ws/install/armor_processor/lib/libarmor_processor.so
[0.141s] -- Set runtime path of "/home/wlixill/rm_version4_ws/install/armor_processor/lib/libarmor_processor.so" to ""
[0.142s] -- Installing: /home/wlixill/rm_version4_ws/install/armor_processor/share/ament_index/resource_index/package_run_dependencies/armor_processor
[0.142s] -- Installing: /home/wlixill/rm_version4_ws/install/armor_processor/share/ament_index/resource_index/parent_prefix_path/armor_processor
[0.142s] -- Installing: /home/wlixill/rm_version4_ws/install/armor_processor/share/armor_processor/environment/ament_prefix_path.dsv
[0.142s] -- Installing: /home/wlixill/rm_version4_ws/install/armor_processor/share/armor_processor/environment/path.dsv
[0.142s] -- Installing: /home/wlixill/rm_version4_ws/install/armor_processor/share/armor_processor/local_setup.bash
[0.142s] -- Installing: /home/wlixill/rm_version4_ws/install/armor_processor/share/armor_processor/local_setup.sh
[0.142s] -- Installing: /home/wlixill/rm_version4_ws/install/armor_processor/share/armor_processor/local_setup.zsh
[0.142s] -- Installing: /home/wlixill/rm_version4_ws/install/armor_processor/share/armor_processor/local_setup.dsv
[0.143s] -- Installing: /home/wlixill/rm_version4_ws/install/armor_processor/share/armor_processor/package.dsv
[0.143s] -- Installing: /home/wlixill/rm_version4_ws/install/armor_processor/share/ament_index/resource_index/packages/armor_processor
[0.143s] -- Installing: /home/wlixill/rm_version4_ws/install/armor_processor/share/ament_index/resource_index/rclcpp_components/armor_processor
[0.143s] -- Installing: /home/wlixill/rm_version4_ws/install/armor_processor/share/armor_processor/cmake/ament_cmake_export_dependencies-extras.cmake
[0.143s] -- Installing: /home/wlixill/rm_version4_ws/install/armor_processor/share/armor_processor/cmake/ament_cmake_export_include_directories-extras.cmake
[0.143s] -- Installing: /home/wlixill/rm_version4_ws/install/armor_processor/share/armor_processor/cmake/ament_cmake_export_libraries-extras.cmake
[0.143s] -- Installing: /home/wlixill/rm_version4_ws/install/armor_processor/share/armor_processor/cmake/armor_processorConfig.cmake
[0.144s] -- Installing: /home/wlixill/rm_version4_ws/install/armor_processor/share/armor_processor/cmake/armor_processorConfig-version.cmake
[0.144s] -- Up-to-date: /home/wlixill/rm_version4_ws/install/armor_processor/share/armor_processor/package.xml
[0.146s] Invoked command in '/home/wlixill/rm_version4_ws/build/armor_processor' returned '0': CMAKE_PREFIX_PATH=/home/wlixill/rm_version4_ws/install/auto_aim_interfaces:/home/wlixill/rm_version4_ws/install/auto_aim_bringup:/home/wlixill/rm_version4_ws/install/rm_serial_driver:/home/wlixill/rm_version4_ws/install/rm_gimbal_description:/home/wlixill/rm_version4_ws/install/daheng_camera:/home/wlixill/rm_version4_ws/install/armor_processor:/home/wlixill/rm_version4_ws/install/armor_detector:/home/wlixill/rm_tools/install/daheng_camera:/opt/ros/humble LD_LIBRARY_PATH=/home/wlixill/rm_version4_ws/install/auto_aim_interfaces/lib:/home/wlixill/rm_version4_ws/install/rm_serial_driver/lib:/home/wlixill/rm_version4_ws/install/daheng_camera/lib:/home/wlixill/rm_version4_ws/install/armor_processor/lib:/home/wlixill/rm_version4_ws/install/armor_detector/lib:/home/wlixill/rm_tools/install/daheng_camera/lib:/opt/ros/humble/opt/rviz_ogre_vendor/lib:/opt/ros/humble/lib/x86_64-linux-gnu:/opt/ros/humble/lib /usr/bin/cmake --install /home/wlixill/rm_version4_ws/build/armor_processor
