[0.010s] Invoking command in '/home/wlixill/rm_version4_ws/build/daheng_camera': CMAKE_PREFIX_PATH=${CMAKE_PREFIX_PATH}:/opt/ros/humble /usr/bin/cmake /home/wlixill/rm_version4_ws/src/rm_auto_aim/daheng_camera -DCMAKE_INSTALL_PREFIX=/home/wlixill/rm_version4_ws/install/daheng_camera
[0.154s] -- The C compiler identification is GNU 11.4.0
[0.283s] -- The CXX compiler identification is GNU 11.4.0
[0.301s] -- Detecting C compiler ABI info
[0.361s] -- Detecting C compiler ABI info - done
[0.367s] -- Check for working C compiler: /usr/bin/cc - skipped
[0.367s] -- Detecting C compile features
[0.368s] -- Detecting C compile features - done
[0.372s] -- Detecting CXX compiler ABI info
[0.441s] -- Detecting CXX compiler ABI info - done
[0.446s] -- Check for working CXX compiler: /usr/bin/c++ - skipped
[0.446s] -- Detecting CXX compile features
[0.446s] -- Detecting CXX compile features - done
[0.450s] -- Found ament_cmake_auto: 1.3.8 (/opt/ros/humble/share/ament_cmake_auto/cmake)
[0.586s] -- Found Python3: /usr/bin/python3 (found version "3.10.12") found components: Interpreter 
[1.116s] -- Found rosidl_generator_c: 3.1.5 (/opt/ros/humble/share/rosidl_generator_c/cmake)
[1.121s] -- Found rosidl_adapter: 3.1.5 (/opt/ros/humble/share/rosidl_adapter/cmake)
[1.129s] -- Found rosidl_generator_cpp: 3.1.5 (/opt/ros/humble/share/rosidl_generator_cpp/cmake)
[1.141s] -- Using all available rosidl_typesupport_c: rosidl_typesupport_fastrtps_c;rosidl_typesupport_introspection_c
[1.158s] -- Using all available rosidl_typesupport_cpp: rosidl_typesupport_fastrtps_cpp;rosidl_typesupport_introspection_cpp
[1.418s] -- Found rmw_implementation_cmake: 6.1.1 (/opt/ros/humble/share/rmw_implementation_cmake/cmake)
[1.426s] -- Found rmw_fastrtps_cpp: 6.2.6 (/opt/ros/humble/share/rmw_fastrtps_cpp/cmake)
[1.654s] -- Found OpenSSL: /usr/lib/x86_64-linux-gnu/libcrypto.so (found version "3.0.2")  
[1.717s] -- Found FastRTPS: /opt/ros/humble/include  
[1.758s] -- Using RMW implementation 'rmw_fastrtps_cpp' as default
[1.774s] -- Looking for pthread.h
[1.838s] -- Looking for pthread.h - found
[1.838s] -- Performing Test CMAKE_HAVE_LIBC_PTHREAD
[1.902s] -- Performing Test CMAKE_HAVE_LIBC_PTHREAD - Success
[1.903s] -- Found Threads: TRUE  
[2.872s] -- Found ament_lint_auto: 0.12.10 (/opt/ros/humble/share/ament_lint_auto/cmake)
[2.964s] -- Added test 'cppcheck' to perform static code analysis on C / C++ code
[2.964s] -- Configured cppcheck include dirs: /home/wlixill/rm_version4_ws/src/rm_auto_aim/daheng_camera/include
[2.964s] -- Configured cppcheck exclude dirs and/or files: 
[2.965s] -- Added test 'flake8' to check Python code syntax and style conventions
[2.968s] -- Added test 'lint_cmake' to check CMake code style
[2.969s] -- Added test 'pep257' to check Python code against some of the docstring style conventions in PEP 257
[2.971s] -- Added test 'xmllint' to check XML markup files
[2.973s] -- Configuring done
[2.985s] -- Generating done
[2.987s] -- Build files have been written to: /home/wlixill/rm_version4_ws/build/daheng_camera
[2.995s] Invoked command in '/home/wlixill/rm_version4_ws/build/daheng_camera' returned '0': CMAKE_PREFIX_PATH=${CMAKE_PREFIX_PATH}:/opt/ros/humble /usr/bin/cmake /home/wlixill/rm_version4_ws/src/rm_auto_aim/daheng_camera -DCMAKE_INSTALL_PREFIX=/home/wlixill/rm_version4_ws/install/daheng_camera
[2.997s] Invoking command in '/home/wlixill/rm_version4_ws/build/daheng_camera': CMAKE_PREFIX_PATH=${CMAKE_PREFIX_PATH}:/opt/ros/humble /usr/bin/cmake --build /home/wlixill/rm_version4_ws/build/daheng_camera -- -j16 -l16
[3.046s] [ 50%] [32mBuilding CXX object CMakeFiles/daheng_camera.dir/src/daheng_camera_node.cpp.o[0m
[3.046s] [ 50%] [32mBuilding CXX object CMakeFiles/daheng_camera_node.dir/rclcpp_components/node_main_daheng_camera_node.cpp.o[0m
[6.121s] [ 75%] [32m[1mLinking CXX executable daheng_camera_node[0m
[6.225s] [ 75%] Built target daheng_camera_node
[7.510s] [100%] [32m[1mLinking CXX shared library libdaheng_camera.so[0m
[7.661s] [100%] Built target daheng_camera
[7.672s] Invoked command in '/home/wlixill/rm_version4_ws/build/daheng_camera' returned '0': CMAKE_PREFIX_PATH=${CMAKE_PREFIX_PATH}:/opt/ros/humble /usr/bin/cmake --build /home/wlixill/rm_version4_ws/build/daheng_camera -- -j16 -l16
[7.704s] Invoking command in '/home/wlixill/rm_version4_ws/build/daheng_camera': CMAKE_PREFIX_PATH=${CMAKE_PREFIX_PATH}:/opt/ros/humble /usr/bin/cmake --install /home/wlixill/rm_version4_ws/build/daheng_camera
[7.711s] -- Install configuration: ""
[7.711s] -- Installing: /home/wlixill/rm_version4_ws/install/daheng_camera/lib/daheng_camera/daheng_camera_node
[7.712s] -- Set runtime path of "/home/wlixill/rm_version4_ws/install/daheng_camera/lib/daheng_camera/daheng_camera_node" to ""
[7.712s] -- Up-to-date: /home/wlixill/rm_version4_ws/install/daheng_camera/include
[7.712s] -- Installing: /home/wlixill/rm_version4_ws/install/daheng_camera/include/GxCamera.hpp
[7.712s] -- Up-to-date: /home/wlixill/rm_version4_ws/install/daheng_camera/include/daheng_sdk
[7.712s] -- Up-to-date: /home/wlixill/rm_version4_ws/install/daheng_camera/include/daheng_sdk/include
[7.712s] -- Up-to-date: /home/wlixill/rm_version4_ws/install/daheng_camera/include/daheng_sdk/include/DxImageProc.h
[7.712s] -- Up-to-date: /home/wlixill/rm_version4_ws/install/daheng_camera/include/daheng_sdk/include/GxIAPI.h
[7.713s] -- Up-to-date: /home/wlixill/rm_version4_ws/install/daheng_camera/include/daheng_sdk/lib
[7.713s] -- Installing: /home/wlixill/rm_version4_ws/install/daheng_camera/share/daheng_camera/environment/library_path.dsv
[7.713s] -- Installing: /home/wlixill/rm_version4_ws/install/daheng_camera/lib/libdaheng_camera.so
[7.714s] -- Set runtime path of "/home/wlixill/rm_version4_ws/install/daheng_camera/lib/libdaheng_camera.so" to ""
[7.714s] -- Up-to-date: /home/wlixill/rm_version4_ws/install/daheng_camera/share/daheng_camera/config
[7.714s] -- Up-to-date: /home/wlixill/rm_version4_ws/install/daheng_camera/share/daheng_camera/config/camera_params.yaml
[7.714s] -- Up-to-date: /home/wlixill/rm_version4_ws/install/daheng_camera/share/daheng_camera/config/camera_info1.yaml
[7.714s] -- Up-to-date: /home/wlixill/rm_version4_ws/install/daheng_camera/share/daheng_camera/launch
[7.715s] -- Up-to-date: /home/wlixill/rm_version4_ws/install/daheng_camera/share/daheng_camera/launch/daheng_camera.launch.py
[7.715s] -- Installing: /home/wlixill/rm_version4_ws/install/daheng_camera/share/ament_index/resource_index/package_run_dependencies/daheng_camera
[7.715s] -- Installing: /home/wlixill/rm_version4_ws/install/daheng_camera/share/ament_index/resource_index/parent_prefix_path/daheng_camera
[7.715s] -- Installing: /home/wlixill/rm_version4_ws/install/daheng_camera/share/daheng_camera/environment/ament_prefix_path.dsv
[7.715s] -- Installing: /home/wlixill/rm_version4_ws/install/daheng_camera/share/daheng_camera/environment/path.dsv
[7.715s] -- Installing: /home/wlixill/rm_version4_ws/install/daheng_camera/share/daheng_camera/local_setup.bash
[7.715s] -- Installing: /home/wlixill/rm_version4_ws/install/daheng_camera/share/daheng_camera/local_setup.sh
[7.715s] -- Installing: /home/wlixill/rm_version4_ws/install/daheng_camera/share/daheng_camera/local_setup.zsh
[7.715s] -- Installing: /home/wlixill/rm_version4_ws/install/daheng_camera/share/daheng_camera/local_setup.dsv
[7.716s] -- Installing: /home/wlixill/rm_version4_ws/install/daheng_camera/share/daheng_camera/package.dsv
[7.716s] -- Installing: /home/wlixill/rm_version4_ws/install/daheng_camera/share/ament_index/resource_index/packages/daheng_camera
[7.716s] -- Installing: /home/wlixill/rm_version4_ws/install/daheng_camera/share/ament_index/resource_index/rclcpp_components/daheng_camera
[7.716s] -- Installing: /home/wlixill/rm_version4_ws/install/daheng_camera/share/daheng_camera/cmake/ament_cmake_export_dependencies-extras.cmake
[7.716s] -- Installing: /home/wlixill/rm_version4_ws/install/daheng_camera/share/daheng_camera/cmake/ament_cmake_export_include_directories-extras.cmake
[7.716s] -- Installing: /home/wlixill/rm_version4_ws/install/daheng_camera/share/daheng_camera/cmake/ament_cmake_export_libraries-extras.cmake
[7.716s] -- Installing: /home/wlixill/rm_version4_ws/install/daheng_camera/share/daheng_camera/cmake/daheng_cameraConfig.cmake
[7.717s] -- Installing: /home/wlixill/rm_version4_ws/install/daheng_camera/share/daheng_camera/cmake/daheng_cameraConfig-version.cmake
[7.717s] -- Up-to-date: /home/wlixill/rm_version4_ws/install/daheng_camera/share/daheng_camera/package.xml
[7.719s] Invoked command in '/home/wlixill/rm_version4_ws/build/daheng_camera' returned '0': CMAKE_PREFIX_PATH=${CMAKE_PREFIX_PATH}:/opt/ros/humble /usr/bin/cmake --install /home/wlixill/rm_version4_ws/build/daheng_camera
