[0.014s] Invoking command in '/root/rm_version4_ws/build/daheng_camera': CMAKE_PREFIX_PATH=${CMAKE_PREFIX_PATH}:/opt/ros/humble /usr/bin/cmake --build /root/rm_version4_ws/build/daheng_camera -- -j12 -l12
[0.048s] [35m[1mConsolidate compiler generated dependencies of target daheng_camera[0m
[0.055s] [ 50%] Built target daheng_camera_node
[0.072s] [ 75%] [32mBuilding CXX object CMakeFiles/daheng_camera.dir/src/daheng_camera_node.cpp.o[0m
[4.112s] [100%] [32m[1mLinking CXX shared library libdaheng_camera.so[0m
[4.278s] [100%] Built target daheng_camera
[4.287s] Invoked command in '/root/rm_version4_ws/build/daheng_camera' returned '0': CMAKE_PREFIX_PATH=${CMAKE_PREFIX_PATH}:/opt/ros/humble /usr/bin/cmake --build /root/rm_version4_ws/build/daheng_camera -- -j12 -l12
[4.313s] Invoking command in '/root/rm_version4_ws/build/daheng_camera': CMAKE_PREFIX_PATH=${CMAKE_PREFIX_PATH}:/opt/ros/humble /usr/bin/cmake --install /root/rm_version4_ws/build/daheng_camera
[4.318s] -- Install configuration: ""
[4.318s] -- Up-to-date: /root/rm_version4_ws/install/daheng_camera/lib/daheng_camera/daheng_camera_node
[4.319s] -- Up-to-date: /root/rm_version4_ws/install/daheng_camera/include
[4.319s] -- Up-to-date: /root/rm_version4_ws/install/daheng_camera/include/daheng_sdk
[4.319s] -- Up-to-date: /root/rm_version4_ws/install/daheng_camera/include/daheng_sdk/lib
[4.319s] -- Up-to-date: /root/rm_version4_ws/install/daheng_camera/include/daheng_sdk/include
[4.319s] -- Up-to-date: /root/rm_version4_ws/install/daheng_camera/include/daheng_sdk/include/GxIAPI.h
[4.319s] -- Up-to-date: /root/rm_version4_ws/install/daheng_camera/include/daheng_sdk/include/DxImageProc.h
[4.319s] -- Up-to-date: /root/rm_version4_ws/install/daheng_camera/include/GxCamera.hpp
[4.319s] -- Up-to-date: /root/rm_version4_ws/install/daheng_camera/share/daheng_camera/environment/library_path.sh
[4.319s] -- Up-to-date: /root/rm_version4_ws/install/daheng_camera/share/daheng_camera/environment/library_path.dsv
[4.319s] -- Installing: /root/rm_version4_ws/install/daheng_camera/lib/libdaheng_camera.so
[4.320s] -- Set runtime path of "/root/rm_version4_ws/install/daheng_camera/lib/libdaheng_camera.so" to ""
[4.320s] -- Up-to-date: /root/rm_version4_ws/install/daheng_camera/share/daheng_camera/config
[4.320s] -- Up-to-date: /root/rm_version4_ws/install/daheng_camera/share/daheng_camera/config/camera_info.yaml
[4.320s] -- Up-to-date: /root/rm_version4_ws/install/daheng_camera/share/daheng_camera/config/camera_params.yaml
[4.320s] -- Up-to-date: /root/rm_version4_ws/install/daheng_camera/share/daheng_camera/launch
[4.320s] -- Up-to-date: /root/rm_version4_ws/install/daheng_camera/share/daheng_camera/launch/daheng_camera.launch.py
[4.320s] -- Up-to-date: /root/rm_version4_ws/install/daheng_camera/share/ament_index/resource_index/package_run_dependencies/daheng_camera
[4.320s] -- Up-to-date: /root/rm_version4_ws/install/daheng_camera/share/ament_index/resource_index/parent_prefix_path/daheng_camera
[4.320s] -- Up-to-date: /root/rm_version4_ws/install/daheng_camera/share/daheng_camera/environment/ament_prefix_path.sh
[4.320s] -- Up-to-date: /root/rm_version4_ws/install/daheng_camera/share/daheng_camera/environment/ament_prefix_path.dsv
[4.320s] -- Up-to-date: /root/rm_version4_ws/install/daheng_camera/share/daheng_camera/environment/path.sh
[4.320s] -- Up-to-date: /root/rm_version4_ws/install/daheng_camera/share/daheng_camera/environment/path.dsv
[4.320s] -- Up-to-date: /root/rm_version4_ws/install/daheng_camera/share/daheng_camera/local_setup.bash
[4.321s] -- Up-to-date: /root/rm_version4_ws/install/daheng_camera/share/daheng_camera/local_setup.sh
[4.321s] -- Up-to-date: /root/rm_version4_ws/install/daheng_camera/share/daheng_camera/local_setup.zsh
[4.321s] -- Up-to-date: /root/rm_version4_ws/install/daheng_camera/share/daheng_camera/local_setup.dsv
[4.321s] -- Installing: /root/rm_version4_ws/install/daheng_camera/share/daheng_camera/package.dsv
[4.321s] -- Up-to-date: /root/rm_version4_ws/install/daheng_camera/share/ament_index/resource_index/packages/daheng_camera
[4.321s] -- Up-to-date: /root/rm_version4_ws/install/daheng_camera/share/ament_index/resource_index/rclcpp_components/daheng_camera
[4.321s] -- Up-to-date: /root/rm_version4_ws/install/daheng_camera/share/daheng_camera/cmake/ament_cmake_export_dependencies-extras.cmake
[4.321s] -- Up-to-date: /root/rm_version4_ws/install/daheng_camera/share/daheng_camera/cmake/ament_cmake_export_include_directories-extras.cmake
[4.321s] -- Up-to-date: /root/rm_version4_ws/install/daheng_camera/share/daheng_camera/cmake/ament_cmake_export_libraries-extras.cmake
[4.321s] -- Up-to-date: /root/rm_version4_ws/install/daheng_camera/share/daheng_camera/cmake/daheng_cameraConfig.cmake
[4.321s] -- Up-to-date: /root/rm_version4_ws/install/daheng_camera/share/daheng_camera/cmake/daheng_cameraConfig-version.cmake
[4.321s] -- Up-to-date: /root/rm_version4_ws/install/daheng_camera/share/daheng_camera/package.xml
[4.322s] Invoked command in '/root/rm_version4_ws/build/daheng_camera' returned '0': CMAKE_PREFIX_PATH=${CMAKE_PREFIX_PATH}:/opt/ros/humble /usr/bin/cmake --install /root/rm_version4_ws/build/daheng_camera
