[0.014s] Invoking command in '/root/rm_version4_ws/build/daheng_camera': CMAKE_PREFIX_PATH=${CMAKE_PREFIX_PATH}:/opt/ros/humble /usr/bin/cmake --build /root/rm_version4_ws/build/daheng_camera -- -j12 -l12
[0.047s] [35m[1mConsolidate compiler generated dependencies of target daheng_camera[0m
[0.061s] [ 50%] Built target daheng_camera_node
[0.067s] [ 75%] [32mBuilding CXX object CMakeFiles/daheng_camera.dir/src/daheng_camera_node.cpp.o[0m
[3.700s] [100%] [32m[1mLinking CXX shared library libdaheng_camera.so[0m
[3.830s] [100%] Built target daheng_camera
[3.840s] Invoked command in '/root/rm_version4_ws/build/daheng_camera' returned '0': CMAKE_PREFIX_PATH=${CMAKE_PREFIX_PATH}:/opt/ros/humble /usr/bin/cmake --build /root/rm_version4_ws/build/daheng_camera -- -j12 -l12
[3.862s] Invoking command in '/root/rm_version4_ws/build/daheng_camera': CMAKE_PREFIX_PATH=${CMAKE_PREFIX_PATH}:/opt/ros/humble /usr/bin/cmake --install /root/rm_version4_ws/build/daheng_camera
[3.869s] -- Install configuration: ""
[3.869s] -- Execute custom install script
[3.870s] -- Up-to-date symlink: /root/rm_version4_ws/install/daheng_camera/lib/daheng_camera/daheng_camera_node
[3.870s] -- Up-to-date symlink: /root/rm_version4_ws/install/daheng_camera/include/GxCamera.hpp
[3.870s] -- Up-to-date symlink: /root/rm_version4_ws/install/daheng_camera/include/daheng_sdk/include/DxImageProc.h
[3.870s] -- Up-to-date symlink: /root/rm_version4_ws/install/daheng_camera/include/daheng_sdk/include/GxIAPI.h
[3.870s] -- Up-to-date symlink: /root/rm_version4_ws/install/daheng_camera/share/daheng_camera/environment/library_path.sh
[3.870s] -- Up-to-date symlink: /root/rm_version4_ws/install/daheng_camera/share/daheng_camera/environment/library_path.dsv
[3.870s] -- Up-to-date symlink: /root/rm_version4_ws/install/daheng_camera/lib/libdaheng_camera.so
[3.871s] -- Up-to-date symlink: /root/rm_version4_ws/install/daheng_camera/share/daheng_camera/config/camera_info.yaml
[3.871s] -- Up-to-date symlink: /root/rm_version4_ws/install/daheng_camera/share/daheng_camera/config/camera_params.yaml
[3.871s] -- Up-to-date symlink: /root/rm_version4_ws/install/daheng_camera/share/daheng_camera/launch/daheng_camera.launch.py
[3.871s] -- Up-to-date symlink: /root/rm_version4_ws/install/daheng_camera/share/ament_index/resource_index/package_run_dependencies/daheng_camera
[3.871s] -- Up-to-date symlink: /root/rm_version4_ws/install/daheng_camera/share/ament_index/resource_index/parent_prefix_path/daheng_camera
[3.871s] -- Up-to-date symlink: /root/rm_version4_ws/install/daheng_camera/share/daheng_camera/environment/ament_prefix_path.sh
[3.871s] -- Up-to-date symlink: /root/rm_version4_ws/install/daheng_camera/share/daheng_camera/environment/ament_prefix_path.dsv
[3.871s] -- Up-to-date symlink: /root/rm_version4_ws/install/daheng_camera/share/daheng_camera/environment/path.sh
[3.871s] -- Up-to-date symlink: /root/rm_version4_ws/install/daheng_camera/share/daheng_camera/environment/path.dsv
[3.872s] -- Up-to-date symlink: /root/rm_version4_ws/install/daheng_camera/share/daheng_camera/local_setup.bash
[3.872s] -- Up-to-date symlink: /root/rm_version4_ws/install/daheng_camera/share/daheng_camera/local_setup.sh
[3.872s] -- Up-to-date symlink: /root/rm_version4_ws/install/daheng_camera/share/daheng_camera/local_setup.zsh
[3.872s] -- Up-to-date symlink: /root/rm_version4_ws/install/daheng_camera/share/daheng_camera/local_setup.dsv
[3.872s] -- Symlinking: /root/rm_version4_ws/install/daheng_camera/share/daheng_camera/package.dsv
[3.880s] -- Up-to-date symlink: /root/rm_version4_ws/install/daheng_camera/share/ament_index/resource_index/packages/daheng_camera
[3.881s] -- Up-to-date symlink: /root/rm_version4_ws/install/daheng_camera/share/ament_index/resource_index/rclcpp_components/daheng_camera
[3.881s] -- Up-to-date symlink: /root/rm_version4_ws/install/daheng_camera/share/daheng_camera/cmake/ament_cmake_export_dependencies-extras.cmake
[3.881s] -- Up-to-date symlink: /root/rm_version4_ws/install/daheng_camera/share/daheng_camera/cmake/ament_cmake_export_include_directories-extras.cmake
[3.881s] -- Up-to-date symlink: /root/rm_version4_ws/install/daheng_camera/share/daheng_camera/cmake/ament_cmake_export_libraries-extras.cmake
[3.881s] -- Up-to-date symlink: /root/rm_version4_ws/install/daheng_camera/share/daheng_camera/cmake/daheng_cameraConfig.cmake
[3.881s] -- Up-to-date symlink: /root/rm_version4_ws/install/daheng_camera/share/daheng_camera/cmake/daheng_cameraConfig-version.cmake
[3.881s] -- Up-to-date symlink: /root/rm_version4_ws/install/daheng_camera/share/daheng_camera/package.xml
[3.882s] Invoked command in '/root/rm_version4_ws/build/daheng_camera' returned '0': CMAKE_PREFIX_PATH=${CMAKE_PREFIX_PATH}:/opt/ros/humble /usr/bin/cmake --install /root/rm_version4_ws/build/daheng_camera
