[1.304s] DEBUG:colcon:Command line arguments: ['/usr/bin/colcon', 'build']
[1.304s] DEBUG:colcon:Parsed command line arguments: Namespace(log_base=None, log_level=None, verb_name='build', build_base='build', install_base='install', merge_install=False, symlink_install=False, test_result_base=None, continue_on_error=False, executor='parallel', parallel_workers=16, event_handlers=None, ignore_user_meta=False, metas=['./colcon.meta'], base_paths=['.'], packages_ignore=None, packages_ignore_regex=None, paths=None, packages_up_to=None, packages_up_to_regex=None, packages_above=None, packages_above_and_dependencies=None, packages_above_depth=None, packages_select_by_dep=None, packages_skip_by_dep=None, packages_skip_up_to=None, packages_select_build_failed=False, packages_skip_build_finished=False, packages_select_test_failures=False, packages_skip_test_passed=False, packages_select=None, packages_skip=None, packages_select_regex=None, packages_skip_regex=None, packages_start=None, packages_end=None, allow_overriding=[], cmake_args=None, cmake_target=None, cmake_target_skip_unavailable=False, cmake_clean_cache=False, cmake_clean_first=False, cmake_force_configure=False, ament_cmake_args=None, catkin_cmake_args=None, catkin_skip_building_tests=False, verb_parser=<colcon_defaults.argument_parser.defaults.DefaultArgumentsDecorator object at 0x7f305ab13af0>, verb_extension=<colcon_core.verb.build.BuildVerb object at 0x7f305ab131f0>, main=<bound method BuildVerb.main of <colcon_core.verb.build.BuildVerb object at 0x7f305ab131f0>>)
[1.806s] Level 1:colcon.colcon_core.package_discovery:discover_packages(colcon_meta) check parameters
[1.806s] Level 1:colcon.colcon_core.package_discovery:discover_packages(recursive) check parameters
[1.806s] Level 1:colcon.colcon_core.package_discovery:discover_packages(ignore) check parameters
[1.806s] Level 1:colcon.colcon_core.package_discovery:discover_packages(path) check parameters
[1.806s] Level 1:colcon.colcon_core.package_discovery:discover_packages(colcon_meta) discover
[1.806s] Level 1:colcon.colcon_core.package_discovery:discover_packages(recursive) discover
[1.807s] INFO:colcon.colcon_core.package_discovery:Crawling recursively for packages in '/home/wlixill/rm_tools'
[1.807s] Level 1:colcon.colcon_core.package_identification:_identify(.) by extensions ['ignore', 'ignore_ament_install']
[1.807s] Level 1:colcon.colcon_core.package_identification:_identify(.) by extension 'ignore'
[1.807s] Level 1:colcon.colcon_core.package_identification:_identify(.) by extension 'ignore_ament_install'
[1.807s] Level 1:colcon.colcon_core.package_identification:_identify(.) by extensions ['colcon_pkg']
[1.807s] Level 1:colcon.colcon_core.package_identification:_identify(.) by extension 'colcon_pkg'
[1.807s] Level 1:colcon.colcon_core.package_identification:_identify(.) by extensions ['colcon_meta']
[1.807s] Level 1:colcon.colcon_core.package_identification:_identify(.) by extension 'colcon_meta'
[1.807s] Level 1:colcon.colcon_core.package_identification:_identify(.) by extensions ['ros']
[1.807s] Level 1:colcon.colcon_core.package_identification:_identify(.) by extension 'ros'
[1.826s] Level 1:colcon.colcon_core.package_identification:_identify(.) by extensions ['cmake', 'python']
[1.826s] Level 1:colcon.colcon_core.package_identification:_identify(.) by extension 'cmake'
[1.826s] Level 1:colcon.colcon_core.package_identification:_identify(.) by extension 'python'
[1.826s] Level 1:colcon.colcon_core.package_identification:_identify(.) by extensions ['python_setup_py']
[1.826s] Level 1:colcon.colcon_core.package_identification:_identify(.) by extension 'python_setup_py'
[1.826s] Level 1:colcon.colcon_core.package_identification:_identify(build) by extensions ['ignore', 'ignore_ament_install']
[1.826s] Level 1:colcon.colcon_core.package_identification:_identify(build) by extension 'ignore'
[1.826s] Level 1:colcon.colcon_core.package_identification:_identify(build) ignored
[1.826s] Level 1:colcon.colcon_core.package_identification:_identify(install) by extensions ['ignore', 'ignore_ament_install']
[1.826s] Level 1:colcon.colcon_core.package_identification:_identify(install) by extension 'ignore'
[1.826s] Level 1:colcon.colcon_core.package_identification:_identify(install) ignored
[1.826s] Level 1:colcon.colcon_core.package_identification:_identify(log) by extensions ['ignore', 'ignore_ament_install']
[1.826s] Level 1:colcon.colcon_core.package_identification:_identify(log) by extension 'ignore'
[1.826s] Level 1:colcon.colcon_core.package_identification:_identify(log) ignored
[1.827s] Level 1:colcon.colcon_core.package_identification:_identify(src) by extensions ['ignore', 'ignore_ament_install']
[1.827s] Level 1:colcon.colcon_core.package_identification:_identify(src) by extension 'ignore'
[1.827s] Level 1:colcon.colcon_core.package_identification:_identify(src) by extension 'ignore_ament_install'
[1.827s] Level 1:colcon.colcon_core.package_identification:_identify(src) by extensions ['colcon_pkg']
[1.827s] Level 1:colcon.colcon_core.package_identification:_identify(src) by extension 'colcon_pkg'
[1.827s] Level 1:colcon.colcon_core.package_identification:_identify(src) by extensions ['colcon_meta']
[1.827s] Level 1:colcon.colcon_core.package_identification:_identify(src) by extension 'colcon_meta'
[1.827s] Level 1:colcon.colcon_core.package_identification:_identify(src) by extensions ['ros']
[1.827s] Level 1:colcon.colcon_core.package_identification:_identify(src) by extension 'ros'
[1.827s] Level 1:colcon.colcon_core.package_identification:_identify(src) by extensions ['cmake', 'python']
[1.827s] Level 1:colcon.colcon_core.package_identification:_identify(src) by extension 'cmake'
[1.827s] Level 1:colcon.colcon_core.package_identification:_identify(src) by extension 'python'
[1.827s] Level 1:colcon.colcon_core.package_identification:_identify(src) by extensions ['python_setup_py']
[1.828s] Level 1:colcon.colcon_core.package_identification:_identify(src) by extension 'python_setup_py'
[1.828s] Level 1:colcon.colcon_core.package_identification:_identify(src/daheng_camera) by extensions ['ignore', 'ignore_ament_install']
[1.828s] Level 1:colcon.colcon_core.package_identification:_identify(src/daheng_camera) by extension 'ignore'
[1.828s] Level 1:colcon.colcon_core.package_identification:_identify(src/daheng_camera) by extension 'ignore_ament_install'
[1.828s] Level 1:colcon.colcon_core.package_identification:_identify(src/daheng_camera) by extensions ['colcon_pkg']
[1.828s] Level 1:colcon.colcon_core.package_identification:_identify(src/daheng_camera) by extension 'colcon_pkg'
[1.828s] Level 1:colcon.colcon_core.package_identification:_identify(src/daheng_camera) by extensions ['colcon_meta']
[1.828s] Level 1:colcon.colcon_core.package_identification:_identify(src/daheng_camera) by extension 'colcon_meta'
[1.828s] Level 1:colcon.colcon_core.package_identification:_identify(src/daheng_camera) by extensions ['ros']
[1.828s] Level 1:colcon.colcon_core.package_identification:_identify(src/daheng_camera) by extension 'ros'
[1.833s] DEBUG:colcon.colcon_core.package_identification:Package 'src/daheng_camera' with type 'ros.ament_cmake' and name 'daheng_camera'
[1.833s] Level 1:colcon.colcon_core.package_discovery:discover_packages(recursive) using defaults
[1.833s] Level 1:colcon.colcon_core.package_discovery:discover_packages(ignore) discover
[1.833s] Level 1:colcon.colcon_core.package_discovery:discover_packages(ignore) using defaults
[1.833s] Level 1:colcon.colcon_core.package_discovery:discover_packages(path) discover
[1.833s] Level 1:colcon.colcon_core.package_discovery:discover_packages(path) using defaults
[1.875s] Level 1:colcon.colcon_core.package_discovery:discover_packages(prefix_path) check parameters
[1.875s] Level 1:colcon.colcon_core.package_discovery:discover_packages(prefix_path) discover
[1.882s] DEBUG:colcon.colcon_installed_package_information.package_discovery:Found 278 installed packages in /opt/ros/humble
[1.883s] Level 1:colcon.colcon_core.package_discovery:discover_packages(prefix_path) using defaults
[1.916s] Level 5:colcon.colcon_core.verb:set package 'daheng_camera' build argument 'cmake_args' from command line to 'None'
[1.916s] Level 5:colcon.colcon_core.verb:set package 'daheng_camera' build argument 'cmake_target' from command line to 'None'
[1.916s] Level 5:colcon.colcon_core.verb:set package 'daheng_camera' build argument 'cmake_target_skip_unavailable' from command line to 'False'
[1.916s] Level 5:colcon.colcon_core.verb:set package 'daheng_camera' build argument 'cmake_clean_cache' from command line to 'False'
[1.916s] Level 5:colcon.colcon_core.verb:set package 'daheng_camera' build argument 'cmake_clean_first' from command line to 'False'
[1.916s] Level 5:colcon.colcon_core.verb:set package 'daheng_camera' build argument 'cmake_force_configure' from command line to 'False'
[1.916s] Level 5:colcon.colcon_core.verb:set package 'daheng_camera' build argument 'ament_cmake_args' from command line to 'None'
[1.917s] Level 5:colcon.colcon_core.verb:set package 'daheng_camera' build argument 'catkin_cmake_args' from command line to 'None'
[1.917s] Level 5:colcon.colcon_core.verb:set package 'daheng_camera' build argument 'catkin_skip_building_tests' from command line to 'False'
[1.917s] DEBUG:colcon.colcon_core.verb:Building package 'daheng_camera' with the following arguments: {'ament_cmake_args': None, 'build_base': '/home/wlixill/rm_tools/build/daheng_camera', 'catkin_cmake_args': None, 'catkin_skip_building_tests': False, 'cmake_args': None, 'cmake_clean_cache': False, 'cmake_clean_first': False, 'cmake_force_configure': False, 'cmake_target': None, 'cmake_target_skip_unavailable': False, 'install_base': '/home/wlixill/rm_tools/install/daheng_camera', 'merge_install': False, 'path': '/home/wlixill/rm_tools/src/daheng_camera', 'symlink_install': False, 'test_result_base': None}
[1.917s] INFO:colcon.colcon_core.executor:Executing jobs using 'parallel' executor
[1.917s] DEBUG:colcon.colcon_parallel_executor.executor.parallel:run_until_complete
[1.917s] INFO:colcon.colcon_ros.task.ament_cmake.build:Building ROS package in '/home/wlixill/rm_tools/src/daheng_camera' with build type 'ament_cmake'
[1.918s] INFO:colcon.colcon_cmake.task.cmake.build:Building CMake package in '/home/wlixill/rm_tools/src/daheng_camera'
[1.930s] INFO:colcon.colcon_core.plugin_system:Skipping extension 'colcon_core.shell.bat': Not used on non-Windows systems
[1.930s] INFO:colcon.colcon_core.shell:Skip shell extension 'powershell' for command environment: Not usable outside of PowerShell
[1.931s] DEBUG:colcon.colcon_core.shell:Skip shell extension 'dsv' for command environment
[1.936s] DEBUG:colcon.colcon_core.event_handler.log_command:Invoking command in '/home/wlixill/rm_tools/build/daheng_camera': CMAKE_PREFIX_PATH=/opt/ros/humble /usr/bin/cmake /home/wlixill/rm_tools/src/daheng_camera -DCMAKE_INSTALL_PREFIX=/home/wlixill/rm_tools/install/daheng_camera
[4.959s] DEBUG:colcon.colcon_core.event_handler.log_command:Invoked command in '/home/wlixill/rm_tools/build/daheng_camera' returned '0': CMAKE_PREFIX_PATH=/opt/ros/humble /usr/bin/cmake /home/wlixill/rm_tools/src/daheng_camera -DCMAKE_INSTALL_PREFIX=/home/wlixill/rm_tools/install/daheng_camera
[4.961s] DEBUG:colcon.colcon_core.event_handler.log_command:Invoking command in '/home/wlixill/rm_tools/build/daheng_camera': CMAKE_PREFIX_PATH=/opt/ros/humble /usr/bin/cmake --build /home/wlixill/rm_tools/build/daheng_camera -- -j16 -l16
[9.180s] DEBUG:colcon.colcon_core.event_handler.log_command:Invoked command in '/home/wlixill/rm_tools/build/daheng_camera' returned '0': CMAKE_PREFIX_PATH=/opt/ros/humble /usr/bin/cmake --build /home/wlixill/rm_tools/build/daheng_camera -- -j16 -l16
[9.212s] DEBUG:colcon.colcon_core.event_handler.log_command:Invoking command in '/home/wlixill/rm_tools/build/daheng_camera': CMAKE_PREFIX_PATH=/opt/ros/humble /usr/bin/cmake --install /home/wlixill/rm_tools/build/daheng_camera
[9.226s] Level 1:colcon.colcon_core.environment:create_environment_scripts_only(daheng_camera)
[9.226s] DEBUG:colcon.colcon_core.event_handler.log_command:Invoked command in '/home/wlixill/rm_tools/build/daheng_camera' returned '0': CMAKE_PREFIX_PATH=/opt/ros/humble /usr/bin/cmake --install /home/wlixill/rm_tools/build/daheng_camera
[9.242s] Level 1:colcon.colcon_core.environment:checking '/home/wlixill/rm_tools/install/daheng_camera' for CMake module files
[9.243s] Level 1:colcon.colcon_core.environment:checking '/home/wlixill/rm_tools/install/daheng_camera' for CMake config files
[9.243s] Level 1:colcon.colcon_core.shell:create_environment_hook('daheng_camera', 'cmake_prefix_path')
[9.243s] INFO:colcon.colcon_core.shell:Creating environment hook '/home/wlixill/rm_tools/install/daheng_camera/share/daheng_camera/hook/cmake_prefix_path.ps1'
[9.245s] INFO:colcon.colcon_core.shell:Creating environment descriptor '/home/wlixill/rm_tools/install/daheng_camera/share/daheng_camera/hook/cmake_prefix_path.dsv'
[9.246s] INFO:colcon.colcon_core.shell:Creating environment hook '/home/wlixill/rm_tools/install/daheng_camera/share/daheng_camera/hook/cmake_prefix_path.sh'
[9.247s] Level 1:colcon.colcon_core.environment:checking '/home/wlixill/rm_tools/install/daheng_camera/lib'
[9.247s] Level 1:colcon.colcon_core.shell:create_environment_hook('daheng_camera', 'ld_library_path_lib')
[9.247s] INFO:colcon.colcon_core.shell:Creating environment hook '/home/wlixill/rm_tools/install/daheng_camera/share/daheng_camera/hook/ld_library_path_lib.ps1'
[9.247s] INFO:colcon.colcon_core.shell:Creating environment descriptor '/home/wlixill/rm_tools/install/daheng_camera/share/daheng_camera/hook/ld_library_path_lib.dsv'
[9.247s] INFO:colcon.colcon_core.shell:Creating environment hook '/home/wlixill/rm_tools/install/daheng_camera/share/daheng_camera/hook/ld_library_path_lib.sh'
[9.247s] Level 1:colcon.colcon_core.environment:checking '/home/wlixill/rm_tools/install/daheng_camera/bin'
[9.248s] Level 1:colcon.colcon_core.environment:checking '/home/wlixill/rm_tools/install/daheng_camera/lib/pkgconfig/daheng_camera.pc'
[9.248s] Level 1:colcon.colcon_core.environment:checking '/home/wlixill/rm_tools/install/daheng_camera/lib/python3.10/site-packages'
[9.248s] Level 1:colcon.colcon_core.environment:checking '/home/wlixill/rm_tools/install/daheng_camera/bin'
[9.248s] INFO:colcon.colcon_core.shell:Creating package script '/home/wlixill/rm_tools/install/daheng_camera/share/daheng_camera/package.ps1'
[9.249s] INFO:colcon.colcon_core.shell:Creating package descriptor '/home/wlixill/rm_tools/install/daheng_camera/share/daheng_camera/package.dsv'
[9.250s] INFO:colcon.colcon_core.shell:Creating package script '/home/wlixill/rm_tools/install/daheng_camera/share/daheng_camera/package.sh'
[9.251s] INFO:colcon.colcon_core.shell:Creating package script '/home/wlixill/rm_tools/install/daheng_camera/share/daheng_camera/package.bash'
[9.252s] INFO:colcon.colcon_core.shell:Creating package script '/home/wlixill/rm_tools/install/daheng_camera/share/daheng_camera/package.zsh'
[9.254s] Level 1:colcon.colcon_core.environment:create_file_with_runtime_dependencies(/home/wlixill/rm_tools/install/daheng_camera/share/colcon-core/packages/daheng_camera)
[9.278s] Level 1:colcon.colcon_core.environment:create_environment_scripts_only(daheng_camera)
[9.279s] Level 1:colcon.colcon_core.environment:checking '/home/wlixill/rm_tools/install/daheng_camera' for CMake module files
[9.279s] Level 1:colcon.colcon_core.environment:checking '/home/wlixill/rm_tools/install/daheng_camera' for CMake config files
[9.279s] Level 1:colcon.colcon_core.shell:create_environment_hook('daheng_camera', 'cmake_prefix_path')
[9.279s] INFO:colcon.colcon_core.shell:Creating environment hook '/home/wlixill/rm_tools/install/daheng_camera/share/daheng_camera/hook/cmake_prefix_path.ps1'
[9.280s] INFO:colcon.colcon_core.shell:Creating environment descriptor '/home/wlixill/rm_tools/install/daheng_camera/share/daheng_camera/hook/cmake_prefix_path.dsv'
[9.280s] INFO:colcon.colcon_core.shell:Creating environment hook '/home/wlixill/rm_tools/install/daheng_camera/share/daheng_camera/hook/cmake_prefix_path.sh'
[9.280s] Level 1:colcon.colcon_core.environment:checking '/home/wlixill/rm_tools/install/daheng_camera/lib'
[9.280s] Level 1:colcon.colcon_core.shell:create_environment_hook('daheng_camera', 'ld_library_path_lib')
[9.280s] INFO:colcon.colcon_core.shell:Creating environment hook '/home/wlixill/rm_tools/install/daheng_camera/share/daheng_camera/hook/ld_library_path_lib.ps1'
[9.281s] INFO:colcon.colcon_core.shell:Creating environment descriptor '/home/wlixill/rm_tools/install/daheng_camera/share/daheng_camera/hook/ld_library_path_lib.dsv'
[9.281s] INFO:colcon.colcon_core.shell:Creating environment hook '/home/wlixill/rm_tools/install/daheng_camera/share/daheng_camera/hook/ld_library_path_lib.sh'
[9.281s] Level 1:colcon.colcon_core.environment:checking '/home/wlixill/rm_tools/install/daheng_camera/bin'
[9.281s] Level 1:colcon.colcon_core.environment:checking '/home/wlixill/rm_tools/install/daheng_camera/lib/pkgconfig/daheng_camera.pc'
[9.281s] Level 1:colcon.colcon_core.environment:checking '/home/wlixill/rm_tools/install/daheng_camera/lib/python3.10/site-packages'
[9.281s] Level 1:colcon.colcon_core.environment:checking '/home/wlixill/rm_tools/install/daheng_camera/bin'
[9.282s] INFO:colcon.colcon_core.shell:Creating package script '/home/wlixill/rm_tools/install/daheng_camera/share/daheng_camera/package.ps1'
[9.282s] INFO:colcon.colcon_core.shell:Creating package descriptor '/home/wlixill/rm_tools/install/daheng_camera/share/daheng_camera/package.dsv'
[9.282s] INFO:colcon.colcon_core.shell:Creating package script '/home/wlixill/rm_tools/install/daheng_camera/share/daheng_camera/package.sh'
[9.283s] INFO:colcon.colcon_core.shell:Creating package script '/home/wlixill/rm_tools/install/daheng_camera/share/daheng_camera/package.bash'
[9.283s] INFO:colcon.colcon_core.shell:Creating package script '/home/wlixill/rm_tools/install/daheng_camera/share/daheng_camera/package.zsh'
[9.283s] Level 1:colcon.colcon_core.environment:create_file_with_runtime_dependencies(/home/wlixill/rm_tools/install/daheng_camera/share/colcon-core/packages/daheng_camera)
[9.283s] DEBUG:colcon.colcon_parallel_executor.executor.parallel:closing loop
[9.283s] DEBUG:colcon.colcon_parallel_executor.executor.parallel:loop closed
[9.283s] DEBUG:colcon.colcon_parallel_executor.executor.parallel:run_until_complete finished with '0'
[9.284s] DEBUG:colcon.colcon_core.event_reactor:joining thread
[9.345s] INFO:colcon.colcon_core.plugin_system:Skipping extension 'colcon_notification.desktop_notification.terminal_notifier': Not used on non-Darwin systems
[9.345s] INFO:colcon.colcon_core.plugin_system:Skipping extension 'colcon_notification.desktop_notification.win32': Not used on non-Windows systems
[9.345s] INFO:colcon.colcon_notification.desktop_notification:Sending desktop notification using 'notify2'
[9.361s] DEBUG:colcon.colcon_core.event_reactor:joined thread
[9.361s] INFO:colcon.colcon_core.shell:Creating prefix script '/home/wlixill/rm_tools/install/local_setup.ps1'
[9.362s] INFO:colcon.colcon_core.shell:Creating prefix util module '/home/wlixill/rm_tools/install/_local_setup_util_ps1.py'
[9.364s] INFO:colcon.colcon_core.shell:Creating prefix chain script '/home/wlixill/rm_tools/install/setup.ps1'
[9.365s] INFO:colcon.colcon_core.shell:Creating prefix script '/home/wlixill/rm_tools/install/local_setup.sh'
[9.366s] INFO:colcon.colcon_core.shell:Creating prefix util module '/home/wlixill/rm_tools/install/_local_setup_util_sh.py'
[9.366s] INFO:colcon.colcon_core.shell:Creating prefix chain script '/home/wlixill/rm_tools/install/setup.sh'
[9.368s] INFO:colcon.colcon_core.shell:Creating prefix script '/home/wlixill/rm_tools/install/local_setup.bash'
[9.369s] INFO:colcon.colcon_core.shell:Creating prefix chain script '/home/wlixill/rm_tools/install/setup.bash'
[9.370s] INFO:colcon.colcon_core.shell:Creating prefix script '/home/wlixill/rm_tools/install/local_setup.zsh'
[9.371s] INFO:colcon.colcon_core.shell:Creating prefix chain script '/home/wlixill/rm_tools/install/setup.zsh'
