[0.015s] Invoking command in '/root/rm_version4_ws/build/rm_gimbal_description': CMAKE_PREFIX_PATH=${CMAKE_PREFIX_PATH}:/opt/ros/humble /usr/bin/cmake --build /root/rm_version4_ws/build/rm_gimbal_description -- -j12 -l12
[0.052s] Invoked command in '/root/rm_version4_ws/build/rm_gimbal_description' returned '0': CMAKE_PREFIX_PATH=${CMAKE_PREFIX_PATH}:/opt/ros/humble /usr/bin/cmake --build /root/rm_version4_ws/build/rm_gimbal_description -- -j12 -l12
[0.087s] Invoking command in '/root/rm_version4_ws/build/rm_gimbal_description': CMAKE_PREFIX_PATH=${CMAKE_PREFIX_PATH}:/opt/ros/humble /usr/bin/cmake --install /root/rm_version4_ws/build/rm_gimbal_description
[0.098s] -- Install configuration: ""
[0.098s] -- Execute custom install script
[0.099s] -- Up-to-date symlink: /root/rm_version4_ws/install/rm_gimbal_description/share/rm_gimbal_description/urdf/rm_gimbal.urdf.xacro
[0.099s] -- Up-to-date symlink: /root/rm_version4_ws/install/rm_gimbal_description/share/ament_index/resource_index/package_run_dependencies/rm_gimbal_description
[0.099s] -- Up-to-date symlink: /root/rm_version4_ws/install/rm_gimbal_description/share/ament_index/resource_index/parent_prefix_path/rm_gimbal_description
[0.099s] -- Up-to-date symlink: /root/rm_version4_ws/install/rm_gimbal_description/share/rm_gimbal_description/environment/ament_prefix_path.sh
[0.099s] -- Up-to-date symlink: /root/rm_version4_ws/install/rm_gimbal_description/share/rm_gimbal_description/environment/ament_prefix_path.dsv
[0.100s] -- Up-to-date symlink: /root/rm_version4_ws/install/rm_gimbal_description/share/rm_gimbal_description/environment/path.sh
[0.100s] -- Up-to-date symlink: /root/rm_version4_ws/install/rm_gimbal_description/share/rm_gimbal_description/environment/path.dsv
[0.100s] -- Up-to-date symlink: /root/rm_version4_ws/install/rm_gimbal_description/share/rm_gimbal_description/local_setup.bash
[0.100s] -- Up-to-date symlink: /root/rm_version4_ws/install/rm_gimbal_description/share/rm_gimbal_description/local_setup.sh
[0.101s] -- Up-to-date symlink: /root/rm_version4_ws/install/rm_gimbal_description/share/rm_gimbal_description/local_setup.zsh
[0.101s] -- Up-to-date symlink: /root/rm_version4_ws/install/rm_gimbal_description/share/rm_gimbal_description/local_setup.dsv
[0.101s] -- Symlinking: /root/rm_version4_ws/install/rm_gimbal_description/share/rm_gimbal_description/package.dsv
[0.111s] -- Up-to-date symlink: /root/rm_version4_ws/install/rm_gimbal_description/share/ament_index/resource_index/packages/rm_gimbal_description
[0.111s] -- Up-to-date symlink: /root/rm_version4_ws/install/rm_gimbal_description/share/rm_gimbal_description/cmake/rm_gimbal_descriptionConfig.cmake
[0.111s] -- Up-to-date symlink: /root/rm_version4_ws/install/rm_gimbal_description/share/rm_gimbal_description/cmake/rm_gimbal_descriptionConfig-version.cmake
[0.111s] -- Up-to-date symlink: /root/rm_version4_ws/install/rm_gimbal_description/share/rm_gimbal_description/package.xml
[0.115s] Invoked command in '/root/rm_version4_ws/build/rm_gimbal_description' returned '0': CMAKE_PREFIX_PATH=${CMAKE_PREFIX_PATH}:/opt/ros/humble /usr/bin/cmake --install /root/rm_version4_ws/build/rm_gimbal_description
