[0.011s] Invoking command in '/home/wlixill/rm_version4_ws/build/daheng_camera': CMAKE_PREFIX_PATH=${CMAKE_PREFIX_PATH}:/opt/ros/humble /usr/bin/cmake /home/wlixill/rm_version4_ws/src/rm_auto_aim/daheng_camera -DCMAKE_INSTALL_PREFIX=/home/wlixill/rm_version4_ws/install/daheng_camera
[0.060s] -- The C compiler identification is GNU 11.4.0
[0.150s] -- The CXX compiler identification is GNU 11.4.0
[0.156s] -- Detecting C compiler ABI info
[0.247s] -- Detecting C compiler ABI info - done
[0.253s] -- Check for working C compiler: /usr/bin/cc - skipped
[0.253s] -- Detecting C compile features
[0.253s] -- Detecting C compile features - done
[0.256s] -- Detecting CXX compiler ABI info
[0.377s] -- Detecting CXX compiler ABI info - done
[0.383s] -- Check for working CXX compiler: /usr/bin/c++ - skipped
[0.383s] -- Detecting CXX compile features
[0.383s] -- Detecting CXX compile features - done
[0.386s] -- Found ament_cmake_auto: 1.3.8 (/opt/ros/humble/share/ament_cmake_auto/cmake)
[0.509s] -- Found Python3: /usr/bin/python3 (found version "3.10.12") found components: Interpreter 
[0.680s] -- Found rosidl_generator_c: 3.1.5 (/opt/ros/humble/share/rosidl_generator_c/cmake)
[0.685s] -- Found rosidl_adapter: 3.1.5 (/opt/ros/humble/share/rosidl_adapter/cmake)
[0.693s] -- Found rosidl_generator_cpp: 3.1.5 (/opt/ros/humble/share/rosidl_generator_cpp/cmake)
[0.705s] -- Using all available rosidl_typesupport_c: rosidl_typesupport_fastrtps_c;rosidl_typesupport_introspection_c
[0.722s] -- Using all available rosidl_typesupport_cpp: rosidl_typesupport_fastrtps_cpp;rosidl_typesupport_introspection_cpp
[0.836s] -- Found rmw_implementation_cmake: 6.1.1 (/opt/ros/humble/share/rmw_implementation_cmake/cmake)
[0.839s] -- Found rmw_fastrtps_cpp: 6.2.6 (/opt/ros/humble/share/rmw_fastrtps_cpp/cmake)
[1.124s] -- Found OpenSSL: /usr/lib/x86_64-linux-gnu/libcrypto.so (found version "3.0.2")  
[1.149s] -- Found FastRTPS: /opt/ros/humble/include  
[1.191s] -- Using RMW implementation 'rmw_fastrtps_cpp' as default
[1.208s] -- Looking for pthread.h
[1.273s] -- Looking for pthread.h - found
[1.274s] -- Performing Test CMAKE_HAVE_LIBC_PTHREAD
[1.367s] -- Performing Test CMAKE_HAVE_LIBC_PTHREAD - Success
[1.368s] -- Found Threads: TRUE  
[1.935s] -- Found ament_lint_auto: 0.12.10 (/opt/ros/humble/share/ament_lint_auto/cmake)
[2.024s] -- Added test 'cppcheck' to perform static code analysis on C / C++ code
[2.024s] -- Configured cppcheck include dirs: /home/wlixill/rm_version4_ws/src/rm_auto_aim/daheng_camera/include
[2.024s] -- Configured cppcheck exclude dirs and/or files: 
[2.026s] -- Added test 'flake8' to check Python code syntax and style conventions
[2.029s] -- Added test 'lint_cmake' to check CMake code style
[2.030s] -- Added test 'pep257' to check Python code against some of the docstring style conventions in PEP 257
[2.032s] -- Added test 'xmllint' to check XML markup files
[2.034s] -- Configuring done
[2.046s] -- Generating done
[2.048s] -- Build files have been written to: /home/wlixill/rm_version4_ws/build/daheng_camera
[2.056s] Invoked command in '/home/wlixill/rm_version4_ws/build/daheng_camera' returned '0': CMAKE_PREFIX_PATH=${CMAKE_PREFIX_PATH}:/opt/ros/humble /usr/bin/cmake /home/wlixill/rm_version4_ws/src/rm_auto_aim/daheng_camera -DCMAKE_INSTALL_PREFIX=/home/wlixill/rm_version4_ws/install/daheng_camera
[2.057s] Invoking command in '/home/wlixill/rm_version4_ws/build/daheng_camera': CMAKE_PREFIX_PATH=${CMAKE_PREFIX_PATH}:/opt/ros/humble /usr/bin/cmake --build /home/wlixill/rm_version4_ws/build/daheng_camera -- -j16 -l16
[2.106s] [ 50%] [32mBuilding CXX object CMakeFiles/daheng_camera.dir/src/daheng_camera_node.cpp.o[0m
[2.106s] [ 50%] [32mBuilding CXX object CMakeFiles/daheng_camera_node.dir/rclcpp_components/node_main_daheng_camera_node.cpp.o[0m
[5.186s] [ 75%] [32m[1mLinking CXX executable daheng_camera_node[0m
[5.299s] [ 75%] Built target daheng_camera_node
[6.512s] [100%] [32m[1mLinking CXX shared library libdaheng_camera.so[0m
[6.656s] [100%] Built target daheng_camera
[6.668s] Invoked command in '/home/wlixill/rm_version4_ws/build/daheng_camera' returned '0': CMAKE_PREFIX_PATH=${CMAKE_PREFIX_PATH}:/opt/ros/humble /usr/bin/cmake --build /home/wlixill/rm_version4_ws/build/daheng_camera -- -j16 -l16
[6.702s] Invoking command in '/home/wlixill/rm_version4_ws/build/daheng_camera': CMAKE_PREFIX_PATH=${CMAKE_PREFIX_PATH}:/opt/ros/humble /usr/bin/cmake --install /home/wlixill/rm_version4_ws/build/daheng_camera
[6.708s] -- Install configuration: ""
[6.709s] -- Installing: /home/wlixill/rm_version4_ws/install/daheng_camera/lib/daheng_camera/daheng_camera_node
[6.709s] -- Set runtime path of "/home/wlixill/rm_version4_ws/install/daheng_camera/lib/daheng_camera/daheng_camera_node" to ""
[6.709s] -- Up-to-date: /home/wlixill/rm_version4_ws/install/daheng_camera/include
[6.709s] -- Installing: /home/wlixill/rm_version4_ws/install/daheng_camera/include/GxCamera.hpp
[6.710s] -- Up-to-date: /home/wlixill/rm_version4_ws/install/daheng_camera/include/daheng_sdk
[6.710s] -- Up-to-date: /home/wlixill/rm_version4_ws/install/daheng_camera/include/daheng_sdk/include
[6.710s] -- Up-to-date: /home/wlixill/rm_version4_ws/install/daheng_camera/include/daheng_sdk/include/DxImageProc.h
[6.710s] -- Up-to-date: /home/wlixill/rm_version4_ws/install/daheng_camera/include/daheng_sdk/include/GxIAPI.h
[6.710s] -- Up-to-date: /home/wlixill/rm_version4_ws/install/daheng_camera/include/daheng_sdk/lib
[6.710s] -- Installing: /home/wlixill/rm_version4_ws/install/daheng_camera/share/daheng_camera/environment/library_path.dsv
[6.711s] -- Installing: /home/wlixill/rm_version4_ws/install/daheng_camera/lib/libdaheng_camera.so
[6.712s] -- Set runtime path of "/home/wlixill/rm_version4_ws/install/daheng_camera/lib/libdaheng_camera.so" to ""
[6.712s] -- Up-to-date: /home/wlixill/rm_version4_ws/install/daheng_camera/share/daheng_camera/config
[6.712s] -- Up-to-date: /home/wlixill/rm_version4_ws/install/daheng_camera/share/daheng_camera/config/camera_params.yaml
[6.712s] -- Up-to-date: /home/wlixill/rm_version4_ws/install/daheng_camera/share/daheng_camera/config/camera_info1.yaml
[6.712s] -- Up-to-date: /home/wlixill/rm_version4_ws/install/daheng_camera/share/daheng_camera/launch
[6.712s] -- Up-to-date: /home/wlixill/rm_version4_ws/install/daheng_camera/share/daheng_camera/launch/daheng_camera.launch.py
[6.712s] -- Installing: /home/wlixill/rm_version4_ws/install/daheng_camera/share/ament_index/resource_index/package_run_dependencies/daheng_camera
[6.712s] -- Installing: /home/wlixill/rm_version4_ws/install/daheng_camera/share/ament_index/resource_index/parent_prefix_path/daheng_camera
[6.713s] -- Installing: /home/wlixill/rm_version4_ws/install/daheng_camera/share/daheng_camera/environment/ament_prefix_path.dsv
[6.714s] -- Installing: /home/wlixill/rm_version4_ws/install/daheng_camera/share/daheng_camera/environment/path.dsv
[6.714s] -- Installing: /home/wlixill/rm_version4_ws/install/daheng_camera/share/daheng_camera/local_setup.bash
[6.714s] -- Installing: /home/wlixill/rm_version4_ws/install/daheng_camera/share/daheng_camera/local_setup.sh
[6.714s] -- Installing: /home/wlixill/rm_version4_ws/install/daheng_camera/share/daheng_camera/local_setup.zsh
[6.714s] -- Installing: /home/wlixill/rm_version4_ws/install/daheng_camera/share/daheng_camera/local_setup.dsv
[6.714s] -- Installing: /home/wlixill/rm_version4_ws/install/daheng_camera/share/daheng_camera/package.dsv
[6.715s] -- Installing: /home/wlixill/rm_version4_ws/install/daheng_camera/share/ament_index/resource_index/packages/daheng_camera
[6.715s] -- Installing: /home/wlixill/rm_version4_ws/install/daheng_camera/share/ament_index/resource_index/rclcpp_components/daheng_camera
[6.715s] -- Installing: /home/wlixill/rm_version4_ws/install/daheng_camera/share/daheng_camera/cmake/ament_cmake_export_dependencies-extras.cmake
[6.715s] -- Installing: /home/wlixill/rm_version4_ws/install/daheng_camera/share/daheng_camera/cmake/ament_cmake_export_include_directories-extras.cmake
[6.715s] -- Installing: /home/wlixill/rm_version4_ws/install/daheng_camera/share/daheng_camera/cmake/ament_cmake_export_libraries-extras.cmake
[6.715s] -- Installing: /home/wlixill/rm_version4_ws/install/daheng_camera/share/daheng_camera/cmake/daheng_cameraConfig.cmake
[6.715s] -- Installing: /home/wlixill/rm_version4_ws/install/daheng_camera/share/daheng_camera/cmake/daheng_cameraConfig-version.cmake
[6.716s] -- Up-to-date: /home/wlixill/rm_version4_ws/install/daheng_camera/share/daheng_camera/package.xml
[6.717s] Invoked command in '/home/wlixill/rm_version4_ws/build/daheng_camera' returned '0': CMAKE_PREFIX_PATH=${CMAKE_PREFIX_PATH}:/opt/ros/humble /usr/bin/cmake --install /home/wlixill/rm_version4_ws/build/daheng_camera
