[0.013s] Invoking command in '/root/rm_version4_ws/build/rm_serial_driver': CMAKE_PREFIX_PATH=/root/rm_version4_ws/install/auto_aim_interfaces:/root/rm_version4_ws/install/auto_aim_bringup:/root/rm_version4_ws/install/rm_serial_driver:/root/rm_version4_ws/install/rm_gimbal_description:/root/rm_version4_ws/install/daheng_camera:/root/rm_version4_ws/install/armor_processor:/root/rm_version4_ws/install/armor_detector:/root/daheng_camera/install/daheng_camera:/root/chenjun_ws/install/daheng_camera:/root/chenjun_ws/install/auto_aim_bringup:/root/chenjun_ws/install/armor_processor:/root/chenjun_ws/install/armor_detector:/root/chenjun_ws/install/auto_aim_interfaces:/root/test_jun_ws/install/rm_gimbal_description:/opt/ros/humble LD_LIBRARY_PATH=/root/rm_version4_ws/install/auto_aim_interfaces/lib:/root/rm_version4_ws/install/rm_serial_driver/lib:/root/rm_version4_ws/install/daheng_camera/lib:/root/rm_version4_ws/install/armor_processor/lib:/root/rm_version4_ws/install/armor_detector/lib:/root/daheng_camera/install/daheng_camera/lib:/root/chenjun_ws/install/daheng_camera/lib:/root/chenjun_ws/install/armor_processor/lib:/root/chenjun_ws/install/armor_detector/lib:/root/chenjun_ws/install/auto_aim_interfaces/lib:/opt/ros/humble/opt/rviz_ogre_vendor/lib:/opt/ros/humble/lib/x86_64-linux-gnu:/opt/ros/humble/lib /usr/bin/cmake /root/rm_version4_ws/src/rm_auto_aim/rm_serial_driver -DAMENT_CMAKE_SYMLINK_INSTALL=1 -DCMAKE_INSTALL_PREFIX=/root/rm_version4_ws/install/rm_serial_driver
[0.055s] -- The C compiler identification is GNU 11.2.0
[0.102s] -- The CXX compiler identification is GNU 11.2.0
[0.108s] -- Detecting C compiler ABI info
[0.167s] -- Detecting C compiler ABI info - done
[0.173s] -- Check for working C compiler: /usr/bin/cc - skipped
[0.174s] -- Detecting C compile features
[0.174s] -- Detecting C compile features - done
[0.176s] -- Detecting CXX compiler ABI info
[0.250s] -- Detecting CXX compiler ABI info - done
[0.260s] -- Check for working CXX compiler: /usr/bin/c++ - skipped
[0.260s] -- Detecting CXX compile features
[0.260s] -- Detecting CXX compile features - done
[0.264s] -- Found ament_cmake_auto: 1.3.2 (/opt/ros/humble/share/ament_cmake_auto/cmake)
[0.426s] -- Found Python3: /usr/bin/python3.10 (found version "3.10.6") found components: Interpreter 
[0.485s] -- Override CMake install command with custom implementation using symlinks instead of copying resources
[0.644s] -- Found rosidl_generator_c: 3.1.3 (/opt/ros/humble/share/rosidl_generator_c/cmake)
[0.650s] -- Found rosidl_adapter: 3.1.3 (/opt/ros/humble/share/rosidl_adapter/cmake)
[0.659s] -- Found rosidl_generator_cpp: 3.1.3 (/opt/ros/humble/share/rosidl_generator_cpp/cmake)
[0.673s] -- Using all available rosidl_typesupport_c: rosidl_typesupport_fastrtps_c;rosidl_typesupport_introspection_c
[0.693s] -- Using all available rosidl_typesupport_cpp: rosidl_typesupport_fastrtps_cpp;rosidl_typesupport_introspection_cpp
[0.761s] -- Found rmw_implementation_cmake: 6.1.0 (/opt/ros/humble/share/rmw_implementation_cmake/cmake)
[0.764s] -- Found rmw_fastrtps_cpp: 6.2.1 (/opt/ros/humble/share/rmw_fastrtps_cpp/cmake)
[0.849s] -- Found OpenSSL: /usr/lib/x86_64-linux-gnu/libcrypto.so (found version "3.0.2")  
[0.879s] -- Found FastRTPS: /opt/ros/humble/include  
[0.935s] -- Using RMW implementation 'rmw_fastrtps_cpp' as default
[1.588s] -- Found ament_lint_auto: 0.12.4 (/opt/ros/humble/share/ament_lint_auto/cmake)
[1.620s] -- Added test 'cppcheck' to perform static code analysis on C / C++ code
[1.620s] -- Configured cppcheck include dirs: /root/rm_version4_ws/src/rm_auto_aim/rm_serial_driver/include
[1.621s] -- Configured cppcheck exclude dirs and/or files: 
[1.621s] -- Added test 'cpplint' to check C / C++ code against the Google style
[1.621s] -- Configured cpplint exclude dirs and/or files: 
[1.622s] -- Added test 'flake8' to check Python code syntax and style conventions
[1.623s] -- Added test 'lint_cmake' to check CMake code style
[1.624s] -- Added test 'pep257' to check Python code against some of the docstring style conventions in PEP 257
[1.624s] -- Added test 'xmllint' to check XML markup files
[1.625s] -- Added test 'clang_format' to check C / C++ code style
[1.629s] -- Configuring done
[1.653s] -- Generating done
[1.655s] -- Build files have been written to: /root/rm_version4_ws/build/rm_serial_driver
[1.666s] Invoked command in '/root/rm_version4_ws/build/rm_serial_driver' returned '0': CMAKE_PREFIX_PATH=/root/rm_version4_ws/install/auto_aim_interfaces:/root/rm_version4_ws/install/auto_aim_bringup:/root/rm_version4_ws/install/rm_serial_driver:/root/rm_version4_ws/install/rm_gimbal_description:/root/rm_version4_ws/install/daheng_camera:/root/rm_version4_ws/install/armor_processor:/root/rm_version4_ws/install/armor_detector:/root/daheng_camera/install/daheng_camera:/root/chenjun_ws/install/daheng_camera:/root/chenjun_ws/install/auto_aim_bringup:/root/chenjun_ws/install/armor_processor:/root/chenjun_ws/install/armor_detector:/root/chenjun_ws/install/auto_aim_interfaces:/root/test_jun_ws/install/rm_gimbal_description:/opt/ros/humble LD_LIBRARY_PATH=/root/rm_version4_ws/install/auto_aim_interfaces/lib:/root/rm_version4_ws/install/rm_serial_driver/lib:/root/rm_version4_ws/install/daheng_camera/lib:/root/rm_version4_ws/install/armor_processor/lib:/root/rm_version4_ws/install/armor_detector/lib:/root/daheng_camera/install/daheng_camera/lib:/root/chenjun_ws/install/daheng_camera/lib:/root/chenjun_ws/install/armor_processor/lib:/root/chenjun_ws/install/armor_detector/lib:/root/chenjun_ws/install/auto_aim_interfaces/lib:/opt/ros/humble/opt/rviz_ogre_vendor/lib:/opt/ros/humble/lib/x86_64-linux-gnu:/opt/ros/humble/lib /usr/bin/cmake /root/rm_version4_ws/src/rm_auto_aim/rm_serial_driver -DAMENT_CMAKE_SYMLINK_INSTALL=1 -DCMAKE_INSTALL_PREFIX=/root/rm_version4_ws/install/rm_serial_driver
[1.668s] Invoking command in '/root/rm_version4_ws/build/rm_serial_driver': CMAKE_PREFIX_PATH=/root/rm_version4_ws/install/auto_aim_interfaces:/root/rm_version4_ws/install/auto_aim_bringup:/root/rm_version4_ws/install/rm_serial_driver:/root/rm_version4_ws/install/rm_gimbal_description:/root/rm_version4_ws/install/daheng_camera:/root/rm_version4_ws/install/armor_processor:/root/rm_version4_ws/install/armor_detector:/root/daheng_camera/install/daheng_camera:/root/chenjun_ws/install/daheng_camera:/root/chenjun_ws/install/auto_aim_bringup:/root/chenjun_ws/install/armor_processor:/root/chenjun_ws/install/armor_detector:/root/chenjun_ws/install/auto_aim_interfaces:/root/test_jun_ws/install/rm_gimbal_description:/opt/ros/humble LD_LIBRARY_PATH=/root/rm_version4_ws/install/auto_aim_interfaces/lib:/root/rm_version4_ws/install/rm_serial_driver/lib:/root/rm_version4_ws/install/daheng_camera/lib:/root/rm_version4_ws/install/armor_processor/lib:/root/rm_version4_ws/install/armor_detector/lib:/root/daheng_camera/install/daheng_camera/lib:/root/chenjun_ws/install/daheng_camera/lib:/root/chenjun_ws/install/armor_processor/lib:/root/chenjun_ws/install/armor_detector/lib:/root/chenjun_ws/install/auto_aim_interfaces/lib:/opt/ros/humble/opt/rviz_ogre_vendor/lib:/opt/ros/humble/lib/x86_64-linux-gnu:/opt/ros/humble/lib /usr/bin/cmake --build /root/rm_version4_ws/build/rm_serial_driver -- -j12 -l12
[1.718s] [ 60%] [32mBuilding CXX object CMakeFiles/rm_serial_driver.dir/src/rm_serial_driver.cpp.o[0m
[1.719s] [ 60%] [32mBuilding CXX object CMakeFiles/rm_serial_driver.dir/src/crc.cpp.o[0m
[1.719s] [ 60%] [32mBuilding CXX object CMakeFiles/rm_serial_driver_node.dir/rclcpp_components/node_main_rm_serial_driver_node.cpp.o[0m
[7.592s] [ 80%] [32m[1mLinking CXX executable rm_serial_driver_node[0m
[7.817s] [ 80%] Built target rm_serial_driver_node
[17.176s] [100%] [32m[1mLinking CXX shared library librm_serial_driver.so[0m
[17.914s] [100%] Built target rm_serial_driver
[17.927s] Invoked command in '/root/rm_version4_ws/build/rm_serial_driver' returned '0': CMAKE_PREFIX_PATH=/root/rm_version4_ws/install/auto_aim_interfaces:/root/rm_version4_ws/install/auto_aim_bringup:/root/rm_version4_ws/install/rm_serial_driver:/root/rm_version4_ws/install/rm_gimbal_description:/root/rm_version4_ws/install/daheng_camera:/root/rm_version4_ws/install/armor_processor:/root/rm_version4_ws/install/armor_detector:/root/daheng_camera/install/daheng_camera:/root/chenjun_ws/install/daheng_camera:/root/chenjun_ws/install/auto_aim_bringup:/root/chenjun_ws/install/armor_processor:/root/chenjun_ws/install/armor_detector:/root/chenjun_ws/install/auto_aim_interfaces:/root/test_jun_ws/install/rm_gimbal_description:/opt/ros/humble LD_LIBRARY_PATH=/root/rm_version4_ws/install/auto_aim_interfaces/lib:/root/rm_version4_ws/install/rm_serial_driver/lib:/root/rm_version4_ws/install/daheng_camera/lib:/root/rm_version4_ws/install/armor_processor/lib:/root/rm_version4_ws/install/armor_detector/lib:/root/daheng_camera/install/daheng_camera/lib:/root/chenjun_ws/install/daheng_camera/lib:/root/chenjun_ws/install/armor_processor/lib:/root/chenjun_ws/install/armor_detector/lib:/root/chenjun_ws/install/auto_aim_interfaces/lib:/opt/ros/humble/opt/rviz_ogre_vendor/lib:/opt/ros/humble/lib/x86_64-linux-gnu:/opt/ros/humble/lib /usr/bin/cmake --build /root/rm_version4_ws/build/rm_serial_driver -- -j12 -l12
[17.953s] Invoking command in '/root/rm_version4_ws/build/rm_serial_driver': CMAKE_PREFIX_PATH=/root/rm_version4_ws/install/auto_aim_interfaces:/root/rm_version4_ws/install/auto_aim_bringup:/root/rm_version4_ws/install/rm_serial_driver:/root/rm_version4_ws/install/rm_gimbal_description:/root/rm_version4_ws/install/daheng_camera:/root/rm_version4_ws/install/armor_processor:/root/rm_version4_ws/install/armor_detector:/root/daheng_camera/install/daheng_camera:/root/chenjun_ws/install/daheng_camera:/root/chenjun_ws/install/auto_aim_bringup:/root/chenjun_ws/install/armor_processor:/root/chenjun_ws/install/armor_detector:/root/chenjun_ws/install/auto_aim_interfaces:/root/test_jun_ws/install/rm_gimbal_description:/opt/ros/humble LD_LIBRARY_PATH=/root/rm_version4_ws/install/auto_aim_interfaces/lib:/root/rm_version4_ws/install/rm_serial_driver/lib:/root/rm_version4_ws/install/daheng_camera/lib:/root/rm_version4_ws/install/armor_processor/lib:/root/rm_version4_ws/install/armor_detector/lib:/root/daheng_camera/install/daheng_camera/lib:/root/chenjun_ws/install/daheng_camera/lib:/root/chenjun_ws/install/armor_processor/lib:/root/chenjun_ws/install/armor_detector/lib:/root/chenjun_ws/install/auto_aim_interfaces/lib:/opt/ros/humble/opt/rviz_ogre_vendor/lib:/opt/ros/humble/lib/x86_64-linux-gnu:/opt/ros/humble/lib /usr/bin/cmake --install /root/rm_version4_ws/build/rm_serial_driver
[17.960s] -- Install configuration: ""
[17.961s] -- Execute custom install script
[17.961s] -- Symlinking: /root/rm_version4_ws/install/rm_serial_driver/lib/rm_serial_driver/rm_serial_driver_node
[17.971s] -- Symlinking: /root/rm_version4_ws/install/rm_serial_driver/include/rm_serial_driver/crc.hpp
[17.980s] -- Symlinking: /root/rm_version4_ws/install/rm_serial_driver/include/rm_serial_driver/packet.hpp
[17.989s] -- Symlinking: /root/rm_version4_ws/install/rm_serial_driver/include/rm_serial_driver/rm_serial_driver.hpp
[17.997s] -- Symlinking: /root/rm_version4_ws/install/rm_serial_driver/share/rm_serial_driver/environment/library_path.sh
[18.005s] -- Symlinking: /root/rm_version4_ws/install/rm_serial_driver/share/rm_serial_driver/environment/library_path.dsv
[18.018s] -- Symlinking: /root/rm_version4_ws/install/rm_serial_driver/lib/librm_serial_driver.so
[18.027s] -- Symlinking: /root/rm_version4_ws/install/rm_serial_driver/share/rm_serial_driver/config/serial_driver.yaml
[18.036s] -- Symlinking: /root/rm_version4_ws/install/rm_serial_driver/share/rm_serial_driver/launch/serial_driver.launch.py
[18.045s] -- Symlinking: /root/rm_version4_ws/install/rm_serial_driver/share/ament_index/resource_index/package_run_dependencies/rm_serial_driver
[18.055s] -- Symlinking: /root/rm_version4_ws/install/rm_serial_driver/share/ament_index/resource_index/parent_prefix_path/rm_serial_driver
[18.064s] -- Symlinking: /root/rm_version4_ws/install/rm_serial_driver/share/rm_serial_driver/environment/ament_prefix_path.sh
[18.073s] -- Symlinking: /root/rm_version4_ws/install/rm_serial_driver/share/rm_serial_driver/environment/ament_prefix_path.dsv
[18.080s] -- Symlinking: /root/rm_version4_ws/install/rm_serial_driver/share/rm_serial_driver/environment/path.sh
[18.089s] -- Symlinking: /root/rm_version4_ws/install/rm_serial_driver/share/rm_serial_driver/environment/path.dsv
[18.098s] -- Symlinking: /root/rm_version4_ws/install/rm_serial_driver/share/rm_serial_driver/local_setup.bash
[18.105s] -- Symlinking: /root/rm_version4_ws/install/rm_serial_driver/share/rm_serial_driver/local_setup.sh
[18.116s] -- Symlinking: /root/rm_version4_ws/install/rm_serial_driver/share/rm_serial_driver/local_setup.zsh
[18.125s] -- Symlinking: /root/rm_version4_ws/install/rm_serial_driver/share/rm_serial_driver/local_setup.dsv
[18.134s] -- Symlinking: /root/rm_version4_ws/install/rm_serial_driver/share/rm_serial_driver/package.dsv
[18.141s] -- Symlinking: /root/rm_version4_ws/install/rm_serial_driver/share/ament_index/resource_index/packages/rm_serial_driver
[18.150s] -- Symlinking: /root/rm_version4_ws/install/rm_serial_driver/share/ament_index/resource_index/rclcpp_components/rm_serial_driver
[18.159s] -- Symlinking: /root/rm_version4_ws/install/rm_serial_driver/share/rm_serial_driver/cmake/ament_cmake_export_dependencies-extras.cmake
[18.168s] -- Symlinking: /root/rm_version4_ws/install/rm_serial_driver/share/rm_serial_driver/cmake/ament_cmake_export_include_directories-extras.cmake
[18.175s] -- Symlinking: /root/rm_version4_ws/install/rm_serial_driver/share/rm_serial_driver/cmake/ament_cmake_export_libraries-extras.cmake
[18.182s] -- Symlinking: /root/rm_version4_ws/install/rm_serial_driver/share/rm_serial_driver/cmake/rm_serial_driverConfig.cmake
[18.188s] -- Symlinking: /root/rm_version4_ws/install/rm_serial_driver/share/rm_serial_driver/cmake/rm_serial_driverConfig-version.cmake
[18.196s] -- Symlinking: /root/rm_version4_ws/install/rm_serial_driver/share/rm_serial_driver/package.xml
[18.208s] Invoked command in '/root/rm_version4_ws/build/rm_serial_driver' returned '0': CMAKE_PREFIX_PATH=/root/rm_version4_ws/install/auto_aim_interfaces:/root/rm_version4_ws/install/auto_aim_bringup:/root/rm_version4_ws/install/rm_serial_driver:/root/rm_version4_ws/install/rm_gimbal_description:/root/rm_version4_ws/install/daheng_camera:/root/rm_version4_ws/install/armor_processor:/root/rm_version4_ws/install/armor_detector:/root/daheng_camera/install/daheng_camera:/root/chenjun_ws/install/daheng_camera:/root/chenjun_ws/install/auto_aim_bringup:/root/chenjun_ws/install/armor_processor:/root/chenjun_ws/install/armor_detector:/root/chenjun_ws/install/auto_aim_interfaces:/root/test_jun_ws/install/rm_gimbal_description:/opt/ros/humble LD_LIBRARY_PATH=/root/rm_version4_ws/install/auto_aim_interfaces/lib:/root/rm_version4_ws/install/rm_serial_driver/lib:/root/rm_version4_ws/install/daheng_camera/lib:/root/rm_version4_ws/install/armor_processor/lib:/root/rm_version4_ws/install/armor_detector/lib:/root/daheng_camera/install/daheng_camera/lib:/root/chenjun_ws/install/daheng_camera/lib:/root/chenjun_ws/install/armor_processor/lib:/root/chenjun_ws/install/armor_detector/lib:/root/chenjun_ws/install/auto_aim_interfaces/lib:/opt/ros/humble/opt/rviz_ogre_vendor/lib:/opt/ros/humble/lib/x86_64-linux-gnu:/opt/ros/humble/lib /usr/bin/cmake --install /root/rm_version4_ws/build/rm_serial_driver
