[0.010s] Invoking command in '/home/wlixill/rm_version4_ws/build/armor_detector': AMENT_PREFIX_PATH=/home/wlixill/rm_version4_ws/install/auto_aim_interfaces:${AMENT_PREFIX_PATH} CMAKE_PREFIX_PATH=/home/wlixill/rm_version4_ws/install/auto_aim_interfaces:/home/wlixill/rm_tools/install/daheng_camera:/opt/ros/humble LD_LIBRARY_PATH=/home/wlixill/rm_version4_ws/install/auto_aim_interfaces/lib:${LD_LIBRARY_PATH} PYTHONPATH=/home/wlixill/rm_version4_ws/install/auto_aim_interfaces/local/lib/python3.10/dist-packages:${PYTHONPATH} /usr/bin/cmake --build /home/wlixill/rm_version4_ws/build/armor_detector -- -j16 -l16
[0.055s] [ 13%] Built target gtest_main
[0.055s] [ 26%] Built target gtest
[0.056s] [ 40%] Built target armor_detector_node
[0.059s] [ 73%] Built target armor_detector
[0.079s] [ 86%] Built target test_number_cls
[0.081s] [100%] Built target test_node_startup
[0.092s] Invoked command in '/home/wlixill/rm_version4_ws/build/armor_detector' returned '0': AMENT_PREFIX_PATH=/home/wlixill/rm_version4_ws/install/auto_aim_interfaces:${AMENT_PREFIX_PATH} CMAKE_PREFIX_PATH=/home/wlixill/rm_version4_ws/install/auto_aim_interfaces:/home/wlixill/rm_tools/install/daheng_camera:/opt/ros/humble LD_LIBRARY_PATH=/home/wlixill/rm_version4_ws/install/auto_aim_interfaces/lib:${LD_LIBRARY_PATH} PYTHONPATH=/home/wlixill/rm_version4_ws/install/auto_aim_interfaces/local/lib/python3.10/dist-packages:${PYTHONPATH} /usr/bin/cmake --build /home/wlixill/rm_version4_ws/build/armor_detector -- -j16 -l16
[0.128s] Invoking command in '/home/wlixill/rm_version4_ws/build/armor_detector': AMENT_PREFIX_PATH=/home/wlixill/rm_version4_ws/install/auto_aim_interfaces:${AMENT_PREFIX_PATH} CMAKE_PREFIX_PATH=/home/wlixill/rm_version4_ws/install/auto_aim_interfaces:/home/wlixill/rm_tools/install/daheng_camera:/opt/ros/humble LD_LIBRARY_PATH=/home/wlixill/rm_version4_ws/install/auto_aim_interfaces/lib:${LD_LIBRARY_PATH} PYTHONPATH=/home/wlixill/rm_version4_ws/install/auto_aim_interfaces/local/lib/python3.10/dist-packages:${PYTHONPATH} /usr/bin/cmake --install /home/wlixill/rm_version4_ws/build/armor_detector
[0.134s] -- Install configuration: ""
[0.134s] -- Up-to-date: /home/wlixill/rm_version4_ws/install/armor_detector/lib/armor_detector/armor_detector_node
[0.135s] -- Up-to-date: /home/wlixill/rm_version4_ws/install/armor_detector/include
[0.135s] -- Up-to-date: /home/wlixill/rm_version4_ws/install/armor_detector/include/armor_detector
[0.135s] -- Up-to-date: /home/wlixill/rm_version4_ws/install/armor_detector/include/armor_detector/pnp_solver.hpp
[0.135s] -- Up-to-date: /home/wlixill/rm_version4_ws/install/armor_detector/include/armor_detector/armor.hpp
[0.135s] -- Up-to-date: /home/wlixill/rm_version4_ws/install/armor_detector/include/armor_detector/number_classifier.hpp
[0.135s] -- Up-to-date: /home/wlixill/rm_version4_ws/install/armor_detector/include/armor_detector/detector_node.hpp
[0.135s] -- Up-to-date: /home/wlixill/rm_version4_ws/install/armor_detector/include/armor_detector/detector.hpp
[0.135s] -- Up-to-date: /home/wlixill/rm_version4_ws/install/armor_detector/share/armor_detector/environment/library_path.dsv
[0.135s] -- Up-to-date: /home/wlixill/rm_version4_ws/install/armor_detector/lib/libarmor_detector.so
[0.135s] -- Up-to-date: /home/wlixill/rm_version4_ws/install/armor_detector/share/armor_detector/model
[0.135s] -- Up-to-date: /home/wlixill/rm_version4_ws/install/armor_detector/share/armor_detector/model/label.txt
[0.135s] -- Up-to-date: /home/wlixill/rm_version4_ws/install/armor_detector/share/armor_detector/model/fc.onnx
[0.135s] -- Up-to-date: /home/wlixill/rm_version4_ws/install/armor_detector/share/ament_index/resource_index/package_run_dependencies/armor_detector
[0.135s] -- Up-to-date: /home/wlixill/rm_version4_ws/install/armor_detector/share/ament_index/resource_index/parent_prefix_path/armor_detector
[0.135s] -- Up-to-date: /home/wlixill/rm_version4_ws/install/armor_detector/share/armor_detector/environment/ament_prefix_path.dsv
[0.136s] -- Up-to-date: /home/wlixill/rm_version4_ws/install/armor_detector/share/armor_detector/environment/path.dsv
[0.136s] -- Up-to-date: /home/wlixill/rm_version4_ws/install/armor_detector/share/armor_detector/local_setup.bash
[0.136s] -- Up-to-date: /home/wlixill/rm_version4_ws/install/armor_detector/share/armor_detector/local_setup.sh
[0.136s] -- Up-to-date: /home/wlixill/rm_version4_ws/install/armor_detector/share/armor_detector/local_setup.zsh
[0.136s] -- Up-to-date: /home/wlixill/rm_version4_ws/install/armor_detector/share/armor_detector/local_setup.dsv
[0.136s] -- Installing: /home/wlixill/rm_version4_ws/install/armor_detector/share/armor_detector/package.dsv
[0.136s] -- Up-to-date: /home/wlixill/rm_version4_ws/install/armor_detector/share/ament_index/resource_index/packages/armor_detector
[0.136s] -- Up-to-date: /home/wlixill/rm_version4_ws/install/armor_detector/share/ament_index/resource_index/rclcpp_components/armor_detector
[0.136s] -- Up-to-date: /home/wlixill/rm_version4_ws/install/armor_detector/share/armor_detector/cmake/ament_cmake_export_dependencies-extras.cmake
[0.136s] -- Up-to-date: /home/wlixill/rm_version4_ws/install/armor_detector/share/armor_detector/cmake/ament_cmake_export_include_directories-extras.cmake
[0.136s] -- Up-to-date: /home/wlixill/rm_version4_ws/install/armor_detector/share/armor_detector/cmake/ament_cmake_export_libraries-extras.cmake
[0.136s] -- Up-to-date: /home/wlixill/rm_version4_ws/install/armor_detector/share/armor_detector/cmake/armor_detectorConfig.cmake
[0.136s] -- Up-to-date: /home/wlixill/rm_version4_ws/install/armor_detector/share/armor_detector/cmake/armor_detectorConfig-version.cmake
[0.136s] -- Up-to-date: /home/wlixill/rm_version4_ws/install/armor_detector/share/armor_detector/package.xml
[0.138s] Invoked command in '/home/wlixill/rm_version4_ws/build/armor_detector' returned '0': AMENT_PREFIX_PATH=/home/wlixill/rm_version4_ws/install/auto_aim_interfaces:${AMENT_PREFIX_PATH} CMAKE_PREFIX_PATH=/home/wlixill/rm_version4_ws/install/auto_aim_interfaces:/home/wlixill/rm_tools/install/daheng_camera:/opt/ros/humble LD_LIBRARY_PATH=/home/wlixill/rm_version4_ws/install/auto_aim_interfaces/lib:${LD_LIBRARY_PATH} PYTHONPATH=/home/wlixill/rm_version4_ws/install/auto_aim_interfaces/local/lib/python3.10/dist-packages:${PYTHONPATH} /usr/bin/cmake --install /home/wlixill/rm_version4_ws/build/armor_detector
