[0.014s] Invoking command in '/home/wlixill/rm_version4_ws/build/daheng_camera': CMAKE_PREFIX_PATH=${CMAKE_PREFIX_PATH}:/opt/ros/humble /usr/bin/cmake --build /home/wlixill/rm_version4_ws/build/daheng_camera -- -j16 -l16
[0.206s] -- Found ament_cmake_auto: 1.3.8 (/opt/ros/humble/share/ament_cmake_auto/cmake)
[0.583s] -- Found rosidl_generator_c: 3.1.5 (/opt/ros/humble/share/rosidl_generator_c/cmake)
[0.590s] -- Found rosidl_adapter: 3.1.5 (/opt/ros/humble/share/rosidl_adapter/cmake)
[0.608s] -- Found rosidl_generator_cpp: 3.1.5 (/opt/ros/humble/share/rosidl_generator_cpp/cmake)
[0.665s] -- Using all available rosidl_typesupport_c: rosidl_typesupport_fastrtps_c;rosidl_typesupport_introspection_c
[0.690s] -- Using all available rosidl_typesupport_cpp: rosidl_typesupport_fastrtps_cpp;rosidl_typesupport_introspection_cpp
[0.849s] -- Found rmw_implementation_cmake: 6.1.1 (/opt/ros/humble/share/rmw_implementation_cmake/cmake)
[0.855s] -- Found rmw_fastrtps_cpp: 6.2.6 (/opt/ros/humble/share/rmw_fastrtps_cpp/cmake)
[1.045s] -- Using RMW implementation 'rmw_fastrtps_cpp' as default
[1.543s] -- Found ament_lint_auto: 0.12.10 (/opt/ros/humble/share/ament_lint_auto/cmake)
[1.591s] -- Added test 'cppcheck' to perform static code analysis on C / C++ code
[1.591s] -- Configured cppcheck include dirs: /home/wlixill/rm_version4_ws/src/rm_auto_aim/daheng_camera/include
[1.591s] -- Configured cppcheck exclude dirs and/or files: 
[1.592s] -- Added test 'flake8' to check Python code syntax and style conventions
[1.595s] -- Added test 'lint_cmake' to check CMake code style
[1.596s] -- Added test 'pep257' to check Python code against some of the docstring style conventions in PEP 257
[1.598s] -- Added test 'xmllint' to check XML markup files
[1.604s] -- Configuring done
[1.618s] -- Generating done
[1.620s] -- Build files have been written to: /home/wlixill/rm_version4_ws/build/daheng_camera
[1.643s] [35m[1mConsolidate compiler generated dependencies of target daheng_camera_node[0m
[1.643s] [35m[1mConsolidate compiler generated dependencies of target daheng_camera[0m
[1.660s] [ 25%] [32mBuilding CXX object CMakeFiles/daheng_camera_node.dir/rclcpp_components/node_main_daheng_camera_node.cpp.o[0m
[1.681s] [ 50%] [32mBuilding CXX object CMakeFiles/daheng_camera.dir/src/daheng_camera_node.cpp.o[0m
[4.192s] [ 75%] [32m[1mLinking CXX executable daheng_camera_node[0m
[4.370s] [ 75%] Built target daheng_camera_node
[4.507s] In file included from [01m[K/home/wlixill/rm_version4_ws/src/rm_auto_aim/daheng_camera/src/daheng_camera_node.cpp:14[m[K:
[4.507s] [01m[K/home/wlixill/rm_version4_ws/src/rm_auto_aim/daheng_camera/include/GxCamera.hpp:[m[K In member function ‘[01m[Kbool GxCamera::read(cv::Mat*, float*)[m[K’:
[4.507s] [01m[K/home/wlixill/rm_version4_ws/src/rm_auto_aim/daheng_camera/include/GxCamera.hpp:321:3:[m[K [01;31m[Kerror: [m[Kexpected ‘[01m[K;[m[K’ before ‘[01m[Kif[m[K’
[4.507s]   321 |   [01;31m[Kif[m[K (emStatus != GX_STATUS_SUCCESS && emStatus != GX_STATUS_TIMEOUT) {
[4.507s]       |   [01;31m[K^~[m[K
[5.207s] gmake[2]: *** [CMakeFiles/daheng_camera.dir/build.make:76：CMakeFiles/daheng_camera.dir/src/daheng_camera_node.cpp.o] 错误 1
[5.207s] gmake[1]: *** [CMakeFiles/Makefile2:139：CMakeFiles/daheng_camera.dir/all] 错误 2
[5.207s] gmake: *** [Makefile:146：all] 错误 2
