-- Found ament_cmake: 1.3.2 (/opt/ros/humble/share/ament_cmake/cmake)
-- Override CMake install command with custom implementation using symlinks instead of copying resources
-- Found ament_lint_auto: 0.12.4 (/opt/ros/humble/share/ament_lint_auto/cmake)
-- Added test 'lint_cmake' to check CMake code style
-- Added test 'xmllint' to check XML markup files
-- Configuring done
-- Generating done
-- Build files have been written to: /root/rm_version4_ws/build/rm_gimbal_description
-- Install configuration: ""
-- Execute custom install script
-- Symlinking: /root/rm_version4_ws/install/rm_gimbal_description/share/rm_gimbal_description/urdf/rm_gimbal.urdf.xacro
-- Symlinking: /root/rm_version4_ws/install/rm_gimbal_description/share/ament_index/resource_index/package_run_dependencies/rm_gimbal_description
-- Symlinking: /root/rm_version4_ws/install/rm_gimbal_description/share/ament_index/resource_index/parent_prefix_path/rm_gimbal_description
-- Symlinking: /root/rm_version4_ws/install/rm_gimbal_description/share/rm_gimbal_description/environment/ament_prefix_path.sh
-- Symlinking: /root/rm_version4_ws/install/rm_gimbal_description/share/rm_gimbal_description/environment/ament_prefix_path.dsv
-- Symlinking: /root/rm_version4_ws/install/rm_gimbal_description/share/rm_gimbal_description/environment/path.sh
-- Symlinking: /root/rm_version4_ws/install/rm_gimbal_description/share/rm_gimbal_description/environment/path.dsv
-- Symlinking: /root/rm_version4_ws/install/rm_gimbal_description/share/rm_gimbal_description/local_setup.bash
-- Symlinking: /root/rm_version4_ws/install/rm_gimbal_description/share/rm_gimbal_description/local_setup.sh
-- Symlinking: /root/rm_version4_ws/install/rm_gimbal_description/share/rm_gimbal_description/local_setup.zsh
-- Symlinking: /root/rm_version4_ws/install/rm_gimbal_description/share/rm_gimbal_description/local_setup.dsv
-- Symlinking: /root/rm_version4_ws/install/rm_gimbal_description/share/rm_gimbal_description/package.dsv
-- Symlinking: /root/rm_version4_ws/install/rm_gimbal_description/share/ament_index/resource_index/packages/rm_gimbal_description
-- Symlinking: /root/rm_version4_ws/install/rm_gimbal_description/share/rm_gimbal_description/cmake/rm_gimbal_descriptionConfig.cmake
-- Symlinking: /root/rm_version4_ws/install/rm_gimbal_description/share/rm_gimbal_description/cmake/rm_gimbal_descriptionConfig-version.cmake
-- Symlinking: /root/rm_version4_ws/install/rm_gimbal_description/share/rm_gimbal_description/package.xml
