[0.076s] DEBUG:colcon:Command line arguments: ['/usr/bin/colcon', 'build']
[0.076s] DEBUG:colcon:Parsed command line arguments: Namespace(log_base=None, log_level=None, verb_name='build', build_base='build', install_base='install', merge_install=False, symlink_install=False, test_result_base=None, continue_on_error=False, executor='parallel', parallel_workers=16, event_handlers=None, ignore_user_meta=False, metas=['./colcon.meta'], base_paths=['.'], packages_ignore=None, packages_ignore_regex=None, paths=None, packages_up_to=None, packages_up_to_regex=None, packages_above=None, packages_above_and_dependencies=None, packages_above_depth=None, packages_select_by_dep=None, packages_skip_by_dep=None, packages_skip_up_to=None, packages_select_build_failed=False, packages_skip_build_finished=False, packages_select_test_failures=False, packages_skip_test_passed=False, packages_select=None, packages_skip=None, packages_select_regex=None, packages_skip_regex=None, packages_start=None, packages_end=None, allow_overriding=[], cmake_args=None, cmake_target=None, cmake_target_skip_unavailable=False, cmake_clean_cache=False, cmake_clean_first=False, cmake_force_configure=False, ament_cmake_args=None, catkin_cmake_args=None, catkin_skip_building_tests=False, verb_parser=<colcon_defaults.argument_parser.defaults.DefaultArgumentsDecorator object at 0x7fcbfee0bd00>, verb_extension=<colcon_core.verb.build.BuildVerb object at 0x7fcbfee0b400>, main=<bound method BuildVerb.main of <colcon_core.verb.build.BuildVerb object at 0x7fcbfee0b400>>)
[0.193s] Level 1:colcon.colcon_core.package_discovery:discover_packages(colcon_meta) check parameters
[0.193s] Level 1:colcon.colcon_core.package_discovery:discover_packages(recursive) check parameters
[0.193s] Level 1:colcon.colcon_core.package_discovery:discover_packages(ignore) check parameters
[0.193s] Level 1:colcon.colcon_core.package_discovery:discover_packages(path) check parameters
[0.193s] Level 1:colcon.colcon_core.package_discovery:discover_packages(colcon_meta) discover
[0.194s] Level 1:colcon.colcon_core.package_discovery:discover_packages(recursive) discover
[0.194s] INFO:colcon.colcon_core.package_discovery:Crawling recursively for packages in '/home/wlixill/rm_version4_ws'
[0.194s] Level 1:colcon.colcon_core.package_identification:_identify(.) by extensions ['ignore', 'ignore_ament_install']
[0.194s] Level 1:colcon.colcon_core.package_identification:_identify(.) by extension 'ignore'
[0.194s] Level 1:colcon.colcon_core.package_identification:_identify(.) by extension 'ignore_ament_install'
[0.194s] Level 1:colcon.colcon_core.package_identification:_identify(.) by extensions ['colcon_pkg']
[0.194s] Level 1:colcon.colcon_core.package_identification:_identify(.) by extension 'colcon_pkg'
[0.194s] Level 1:colcon.colcon_core.package_identification:_identify(.) by extensions ['colcon_meta']
[0.194s] Level 1:colcon.colcon_core.package_identification:_identify(.) by extension 'colcon_meta'
[0.194s] Level 1:colcon.colcon_core.package_identification:_identify(.) by extensions ['ros']
[0.194s] Level 1:colcon.colcon_core.package_identification:_identify(.) by extension 'ros'
[0.203s] Level 1:colcon.colcon_core.package_identification:_identify(.) by extensions ['cmake', 'python']
[0.203s] Level 1:colcon.colcon_core.package_identification:_identify(.) by extension 'cmake'
[0.203s] Level 1:colcon.colcon_core.package_identification:_identify(.) by extension 'python'
[0.203s] Level 1:colcon.colcon_core.package_identification:_identify(.) by extensions ['python_setup_py']
[0.203s] Level 1:colcon.colcon_core.package_identification:_identify(.) by extension 'python_setup_py'
[0.203s] Level 1:colcon.colcon_core.package_identification:_identify(build) by extensions ['ignore', 'ignore_ament_install']
[0.203s] Level 1:colcon.colcon_core.package_identification:_identify(build) by extension 'ignore'
[0.203s] Level 1:colcon.colcon_core.package_identification:_identify(build) ignored
[0.203s] Level 1:colcon.colcon_core.package_identification:_identify(install) by extensions ['ignore', 'ignore_ament_install']
[0.203s] Level 1:colcon.colcon_core.package_identification:_identify(install) by extension 'ignore'
[0.203s] Level 1:colcon.colcon_core.package_identification:_identify(install) ignored
[0.203s] Level 1:colcon.colcon_core.package_identification:_identify(log) by extensions ['ignore', 'ignore_ament_install']
[0.203s] Level 1:colcon.colcon_core.package_identification:_identify(log) by extension 'ignore'
[0.203s] Level 1:colcon.colcon_core.package_identification:_identify(log) ignored
[0.203s] Level 1:colcon.colcon_core.package_identification:_identify(src) by extensions ['ignore', 'ignore_ament_install']
[0.203s] Level 1:colcon.colcon_core.package_identification:_identify(src) by extension 'ignore'
[0.203s] Level 1:colcon.colcon_core.package_identification:_identify(src) by extension 'ignore_ament_install'
[0.204s] Level 1:colcon.colcon_core.package_identification:_identify(src) by extensions ['colcon_pkg']
[0.204s] Level 1:colcon.colcon_core.package_identification:_identify(src) by extension 'colcon_pkg'
[0.204s] Level 1:colcon.colcon_core.package_identification:_identify(src) by extensions ['colcon_meta']
[0.204s] Level 1:colcon.colcon_core.package_identification:_identify(src) by extension 'colcon_meta'
[0.204s] Level 1:colcon.colcon_core.package_identification:_identify(src) by extensions ['ros']
[0.204s] Level 1:colcon.colcon_core.package_identification:_identify(src) by extension 'ros'
[0.204s] Level 1:colcon.colcon_core.package_identification:_identify(src) by extensions ['cmake', 'python']
[0.204s] Level 1:colcon.colcon_core.package_identification:_identify(src) by extension 'cmake'
[0.204s] Level 1:colcon.colcon_core.package_identification:_identify(src) by extension 'python'
[0.204s] Level 1:colcon.colcon_core.package_identification:_identify(src) by extensions ['python_setup_py']
[0.204s] Level 1:colcon.colcon_core.package_identification:_identify(src) by extension 'python_setup_py'
[0.204s] Level 1:colcon.colcon_core.package_identification:_identify(src/rm_auto_aim) by extensions ['ignore', 'ignore_ament_install']
[0.204s] Level 1:colcon.colcon_core.package_identification:_identify(src/rm_auto_aim) by extension 'ignore'
[0.204s] Level 1:colcon.colcon_core.package_identification:_identify(src/rm_auto_aim) by extension 'ignore_ament_install'
[0.204s] Level 1:colcon.colcon_core.package_identification:_identify(src/rm_auto_aim) by extensions ['colcon_pkg']
[0.204s] Level 1:colcon.colcon_core.package_identification:_identify(src/rm_auto_aim) by extension 'colcon_pkg'
[0.204s] Level 1:colcon.colcon_core.package_identification:_identify(src/rm_auto_aim) by extensions ['colcon_meta']
[0.204s] Level 1:colcon.colcon_core.package_identification:_identify(src/rm_auto_aim) by extension 'colcon_meta'
[0.204s] Level 1:colcon.colcon_core.package_identification:_identify(src/rm_auto_aim) by extensions ['ros']
[0.204s] Level 1:colcon.colcon_core.package_identification:_identify(src/rm_auto_aim) by extension 'ros'
[0.204s] Level 1:colcon.colcon_core.package_identification:_identify(src/rm_auto_aim) by extensions ['cmake', 'python']
[0.204s] Level 1:colcon.colcon_core.package_identification:_identify(src/rm_auto_aim) by extension 'cmake'
[0.204s] Level 1:colcon.colcon_core.package_identification:_identify(src/rm_auto_aim) by extension 'python'
[0.204s] Level 1:colcon.colcon_core.package_identification:_identify(src/rm_auto_aim) by extensions ['python_setup_py']
[0.204s] Level 1:colcon.colcon_core.package_identification:_identify(src/rm_auto_aim) by extension 'python_setup_py'
[0.204s] Level 1:colcon.colcon_core.package_identification:_identify(src/rm_auto_aim/armor_detector) by extensions ['ignore', 'ignore_ament_install']
[0.204s] Level 1:colcon.colcon_core.package_identification:_identify(src/rm_auto_aim/armor_detector) by extension 'ignore'
[0.205s] Level 1:colcon.colcon_core.package_identification:_identify(src/rm_auto_aim/armor_detector) by extension 'ignore_ament_install'
[0.205s] Level 1:colcon.colcon_core.package_identification:_identify(src/rm_auto_aim/armor_detector) by extensions ['colcon_pkg']
[0.205s] Level 1:colcon.colcon_core.package_identification:_identify(src/rm_auto_aim/armor_detector) by extension 'colcon_pkg'
[0.205s] Level 1:colcon.colcon_core.package_identification:_identify(src/rm_auto_aim/armor_detector) by extensions ['colcon_meta']
[0.205s] Level 1:colcon.colcon_core.package_identification:_identify(src/rm_auto_aim/armor_detector) by extension 'colcon_meta'
[0.205s] Level 1:colcon.colcon_core.package_identification:_identify(src/rm_auto_aim/armor_detector) by extensions ['ros']
[0.205s] Level 1:colcon.colcon_core.package_identification:_identify(src/rm_auto_aim/armor_detector) by extension 'ros'
[0.207s] DEBUG:colcon.colcon_core.package_identification:Package 'src/rm_auto_aim/armor_detector' with type 'ros.ament_cmake' and name 'armor_detector'
[0.207s] Level 1:colcon.colcon_core.package_identification:_identify(src/rm_auto_aim/armor_processor) by extensions ['ignore', 'ignore_ament_install']
[0.207s] Level 1:colcon.colcon_core.package_identification:_identify(src/rm_auto_aim/armor_processor) by extension 'ignore'
[0.207s] Level 1:colcon.colcon_core.package_identification:_identify(src/rm_auto_aim/armor_processor) by extension 'ignore_ament_install'
[0.207s] Level 1:colcon.colcon_core.package_identification:_identify(src/rm_auto_aim/armor_processor) by extensions ['colcon_pkg']
[0.207s] Level 1:colcon.colcon_core.package_identification:_identify(src/rm_auto_aim/armor_processor) by extension 'colcon_pkg'
[0.207s] Level 1:colcon.colcon_core.package_identification:_identify(src/rm_auto_aim/armor_processor) by extensions ['colcon_meta']
[0.207s] Level 1:colcon.colcon_core.package_identification:_identify(src/rm_auto_aim/armor_processor) by extension 'colcon_meta'
[0.207s] Level 1:colcon.colcon_core.package_identification:_identify(src/rm_auto_aim/armor_processor) by extensions ['ros']
[0.207s] Level 1:colcon.colcon_core.package_identification:_identify(src/rm_auto_aim/armor_processor) by extension 'ros'
[0.208s] DEBUG:colcon.colcon_core.package_identification:Package 'src/rm_auto_aim/armor_processor' with type 'ros.ament_cmake' and name 'armor_processor'
[0.208s] Level 1:colcon.colcon_core.package_identification:_identify(src/rm_auto_aim/auto_aim_bringup) by extensions ['ignore', 'ignore_ament_install']
[0.208s] Level 1:colcon.colcon_core.package_identification:_identify(src/rm_auto_aim/auto_aim_bringup) by extension 'ignore'
[0.208s] Level 1:colcon.colcon_core.package_identification:_identify(src/rm_auto_aim/auto_aim_bringup) by extension 'ignore_ament_install'
[0.209s] Level 1:colcon.colcon_core.package_identification:_identify(src/rm_auto_aim/auto_aim_bringup) by extensions ['colcon_pkg']
[0.209s] Level 1:colcon.colcon_core.package_identification:_identify(src/rm_auto_aim/auto_aim_bringup) by extension 'colcon_pkg'
[0.209s] Level 1:colcon.colcon_core.package_identification:_identify(src/rm_auto_aim/auto_aim_bringup) by extensions ['colcon_meta']
[0.209s] Level 1:colcon.colcon_core.package_identification:_identify(src/rm_auto_aim/auto_aim_bringup) by extension 'colcon_meta'
[0.209s] Level 1:colcon.colcon_core.package_identification:_identify(src/rm_auto_aim/auto_aim_bringup) by extensions ['ros']
[0.209s] Level 1:colcon.colcon_core.package_identification:_identify(src/rm_auto_aim/auto_aim_bringup) by extension 'ros'
[0.209s] DEBUG:colcon.colcon_core.package_identification:Package 'src/rm_auto_aim/auto_aim_bringup' with type 'ros.ament_cmake' and name 'auto_aim_bringup'
[0.209s] Level 1:colcon.colcon_core.package_identification:_identify(src/rm_auto_aim/auto_aim_interfaces) by extensions ['ignore', 'ignore_ament_install']
[0.209s] Level 1:colcon.colcon_core.package_identification:_identify(src/rm_auto_aim/auto_aim_interfaces) by extension 'ignore'
[0.209s] Level 1:colcon.colcon_core.package_identification:_identify(src/rm_auto_aim/auto_aim_interfaces) by extension 'ignore_ament_install'
[0.210s] Level 1:colcon.colcon_core.package_identification:_identify(src/rm_auto_aim/auto_aim_interfaces) by extensions ['colcon_pkg']
[0.210s] Level 1:colcon.colcon_core.package_identification:_identify(src/rm_auto_aim/auto_aim_interfaces) by extension 'colcon_pkg'
[0.210s] Level 1:colcon.colcon_core.package_identification:_identify(src/rm_auto_aim/auto_aim_interfaces) by extensions ['colcon_meta']
[0.210s] Level 1:colcon.colcon_core.package_identification:_identify(src/rm_auto_aim/auto_aim_interfaces) by extension 'colcon_meta'
[0.210s] Level 1:colcon.colcon_core.package_identification:_identify(src/rm_auto_aim/auto_aim_interfaces) by extensions ['ros']
[0.210s] Level 1:colcon.colcon_core.package_identification:_identify(src/rm_auto_aim/auto_aim_interfaces) by extension 'ros'
[0.210s] DEBUG:colcon.colcon_core.package_identification:Package 'src/rm_auto_aim/auto_aim_interfaces' with type 'ros.ament_cmake' and name 'auto_aim_interfaces'
[0.210s] Level 1:colcon.colcon_core.package_identification:_identify(src/rm_auto_aim/daheng_camera) by extensions ['ignore', 'ignore_ament_install']
[0.210s] Level 1:colcon.colcon_core.package_identification:_identify(src/rm_auto_aim/daheng_camera) by extension 'ignore'
[0.210s] Level 1:colcon.colcon_core.package_identification:_identify(src/rm_auto_aim/daheng_camera) by extension 'ignore_ament_install'
[0.210s] Level 1:colcon.colcon_core.package_identification:_identify(src/rm_auto_aim/daheng_camera) by extensions ['colcon_pkg']
[0.210s] Level 1:colcon.colcon_core.package_identification:_identify(src/rm_auto_aim/daheng_camera) by extension 'colcon_pkg'
[0.210s] Level 1:colcon.colcon_core.package_identification:_identify(src/rm_auto_aim/daheng_camera) by extensions ['colcon_meta']
[0.210s] Level 1:colcon.colcon_core.package_identification:_identify(src/rm_auto_aim/daheng_camera) by extension 'colcon_meta'
[0.210s] Level 1:colcon.colcon_core.package_identification:_identify(src/rm_auto_aim/daheng_camera) by extensions ['ros']
[0.210s] Level 1:colcon.colcon_core.package_identification:_identify(src/rm_auto_aim/daheng_camera) by extension 'ros'
[0.211s] DEBUG:colcon.colcon_core.package_identification:Package 'src/rm_auto_aim/daheng_camera' with type 'ros.ament_cmake' and name 'daheng_camera'
[0.211s] Level 1:colcon.colcon_core.package_identification:_identify(src/rm_auto_aim/docs) by extensions ['ignore', 'ignore_ament_install']
[0.211s] Level 1:colcon.colcon_core.package_identification:_identify(src/rm_auto_aim/docs) by extension 'ignore'
[0.211s] Level 1:colcon.colcon_core.package_identification:_identify(src/rm_auto_aim/docs) by extension 'ignore_ament_install'
[0.211s] Level 1:colcon.colcon_core.package_identification:_identify(src/rm_auto_aim/docs) by extensions ['colcon_pkg']
[0.211s] Level 1:colcon.colcon_core.package_identification:_identify(src/rm_auto_aim/docs) by extension 'colcon_pkg'
[0.211s] Level 1:colcon.colcon_core.package_identification:_identify(src/rm_auto_aim/docs) by extensions ['colcon_meta']
[0.211s] Level 1:colcon.colcon_core.package_identification:_identify(src/rm_auto_aim/docs) by extension 'colcon_meta'
[0.212s] Level 1:colcon.colcon_core.package_identification:_identify(src/rm_auto_aim/docs) by extensions ['ros']
[0.212s] Level 1:colcon.colcon_core.package_identification:_identify(src/rm_auto_aim/docs) by extension 'ros'
[0.212s] Level 1:colcon.colcon_core.package_identification:_identify(src/rm_auto_aim/docs) by extensions ['cmake', 'python']
[0.212s] Level 1:colcon.colcon_core.package_identification:_identify(src/rm_auto_aim/docs) by extension 'cmake'
[0.212s] Level 1:colcon.colcon_core.package_identification:_identify(src/rm_auto_aim/docs) by extension 'python'
[0.212s] Level 1:colcon.colcon_core.package_identification:_identify(src/rm_auto_aim/docs) by extensions ['python_setup_py']
[0.212s] Level 1:colcon.colcon_core.package_identification:_identify(src/rm_auto_aim/docs) by extension 'python_setup_py'
[0.212s] Level 1:colcon.colcon_core.package_identification:_identify(src/rm_auto_aim/rm_gimbal_description) by extensions ['ignore', 'ignore_ament_install']
[0.212s] Level 1:colcon.colcon_core.package_identification:_identify(src/rm_auto_aim/rm_gimbal_description) by extension 'ignore'
[0.212s] Level 1:colcon.colcon_core.package_identification:_identify(src/rm_auto_aim/rm_gimbal_description) by extension 'ignore_ament_install'
[0.212s] Level 1:colcon.colcon_core.package_identification:_identify(src/rm_auto_aim/rm_gimbal_description) by extensions ['colcon_pkg']
[0.212s] Level 1:colcon.colcon_core.package_identification:_identify(src/rm_auto_aim/rm_gimbal_description) by extension 'colcon_pkg'
[0.212s] Level 1:colcon.colcon_core.package_identification:_identify(src/rm_auto_aim/rm_gimbal_description) by extensions ['colcon_meta']
[0.212s] Level 1:colcon.colcon_core.package_identification:_identify(src/rm_auto_aim/rm_gimbal_description) by extension 'colcon_meta'
[0.212s] Level 1:colcon.colcon_core.package_identification:_identify(src/rm_auto_aim/rm_gimbal_description) by extensions ['ros']
[0.212s] Level 1:colcon.colcon_core.package_identification:_identify(src/rm_auto_aim/rm_gimbal_description) by extension 'ros'
[0.212s] DEBUG:colcon.colcon_core.package_identification:Package 'src/rm_auto_aim/rm_gimbal_description' with type 'ros.ament_cmake' and name 'rm_gimbal_description'
[0.212s] Level 1:colcon.colcon_core.package_identification:_identify(src/rm_auto_aim/rm_serial_driver) by extensions ['ignore', 'ignore_ament_install']
[0.213s] Level 1:colcon.colcon_core.package_identification:_identify(src/rm_auto_aim/rm_serial_driver) by extension 'ignore'
[0.213s] Level 1:colcon.colcon_core.package_identification:_identify(src/rm_auto_aim/rm_serial_driver) by extension 'ignore_ament_install'
[0.213s] Level 1:colcon.colcon_core.package_identification:_identify(src/rm_auto_aim/rm_serial_driver) by extensions ['colcon_pkg']
[0.213s] Level 1:colcon.colcon_core.package_identification:_identify(src/rm_auto_aim/rm_serial_driver) by extension 'colcon_pkg'
[0.213s] Level 1:colcon.colcon_core.package_identification:_identify(src/rm_auto_aim/rm_serial_driver) by extensions ['colcon_meta']
[0.213s] Level 1:colcon.colcon_core.package_identification:_identify(src/rm_auto_aim/rm_serial_driver) by extension 'colcon_meta'
[0.213s] Level 1:colcon.colcon_core.package_identification:_identify(src/rm_auto_aim/rm_serial_driver) by extensions ['ros']
[0.213s] Level 1:colcon.colcon_core.package_identification:_identify(src/rm_auto_aim/rm_serial_driver) by extension 'ros'
[0.213s] DEBUG:colcon.colcon_core.package_identification:Package 'src/rm_auto_aim/rm_serial_driver' with type 'ros.ament_cmake' and name 'rm_serial_driver'
[0.213s] Level 1:colcon.colcon_core.package_discovery:discover_packages(recursive) using defaults
[0.213s] Level 1:colcon.colcon_core.package_discovery:discover_packages(ignore) discover
[0.213s] Level 1:colcon.colcon_core.package_discovery:discover_packages(ignore) using defaults
[0.213s] Level 1:colcon.colcon_core.package_discovery:discover_packages(path) discover
[0.213s] Level 1:colcon.colcon_core.package_discovery:discover_packages(path) using defaults
[0.229s] Level 1:colcon.colcon_core.package_discovery:discover_packages(prefix_path) check parameters
[0.229s] Level 1:colcon.colcon_core.package_discovery:discover_packages(prefix_path) discover
[0.231s] DEBUG:colcon.colcon_installed_package_information.package_discovery:Found 7 installed packages in /home/wlixill/rm_version4_ws/install
[0.231s] DEBUG:colcon.colcon_installed_package_information.package_discovery:Found 1 installed packages in /home/wlixill/rm_tools/install
[0.232s] DEBUG:colcon.colcon_installed_package_information.package_discovery:Found 277 installed packages in /opt/ros/humble
[0.234s] Level 1:colcon.colcon_core.package_discovery:discover_packages(prefix_path) using defaults
[0.244s] ERROR:colcon.colcon_core.package_augmentation:Exception in package augmentation extension 'ros_ament_index': [Errno 13] Permission denied: '/home/wlixill/rm_version4_ws/install/rm_serial_driver/share/ament_index/resource_index/package_run_dependencies/rm_serial_driver'
Traceback (most recent call last):
  File "/usr/lib/python3/dist-packages/colcon_core/package_augmentation/__init__.py", line 97, in augment_packages
    retval = extension.augment_packages(
  File "/usr/lib/python3/dist-packages/colcon_core/package_augmentation/__init__.py", line 48, in augment_packages
    self.augment_package(
  File "/usr/lib/python3/dist-packages/colcon_ros/package_augmentation/ros_ament_index.py", line 36, in augment_package
    if not marker_file.is_file():
  File "/usr/lib/python3.10/pathlib.py", line 1322, in is_file
    return S_ISREG(self.stat().st_mode)
  File "/usr/lib/python3.10/pathlib.py", line 1097, in stat
    return self._accessor.stat(self, follow_symlinks=follow_symlinks)
PermissionError: [Errno 13] Permission denied: '/home/wlixill/rm_version4_ws/install/rm_serial_driver/share/ament_index/resource_index/package_run_dependencies/rm_serial_driver'

[0.298s] Level 5:colcon.colcon_core.verb:set package 'auto_aim_interfaces' build argument 'cmake_args' from command line to 'None'
[0.298s] Level 5:colcon.colcon_core.verb:set package 'auto_aim_interfaces' build argument 'cmake_target' from command line to 'None'
[0.298s] Level 5:colcon.colcon_core.verb:set package 'auto_aim_interfaces' build argument 'cmake_target_skip_unavailable' from command line to 'False'
[0.298s] Level 5:colcon.colcon_core.verb:set package 'auto_aim_interfaces' build argument 'cmake_clean_cache' from command line to 'False'
[0.298s] Level 5:colcon.colcon_core.verb:set package 'auto_aim_interfaces' build argument 'cmake_clean_first' from command line to 'False'
[0.298s] Level 5:colcon.colcon_core.verb:set package 'auto_aim_interfaces' build argument 'cmake_force_configure' from command line to 'False'
[0.298s] Level 5:colcon.colcon_core.verb:set package 'auto_aim_interfaces' build argument 'ament_cmake_args' from command line to 'None'
[0.298s] Level 5:colcon.colcon_core.verb:set package 'auto_aim_interfaces' build argument 'catkin_cmake_args' from command line to 'None'
[0.298s] Level 5:colcon.colcon_core.verb:set package 'auto_aim_interfaces' build argument 'catkin_skip_building_tests' from command line to 'False'
[0.299s] DEBUG:colcon.colcon_core.verb:Building package 'auto_aim_interfaces' with the following arguments: {'ament_cmake_args': None, 'build_base': '/home/wlixill/rm_version4_ws/build/auto_aim_interfaces', 'catkin_cmake_args': None, 'catkin_skip_building_tests': False, 'cmake_args': None, 'cmake_clean_cache': False, 'cmake_clean_first': False, 'cmake_force_configure': False, 'cmake_target': None, 'cmake_target_skip_unavailable': False, 'install_base': '/home/wlixill/rm_version4_ws/install/auto_aim_interfaces', 'merge_install': False, 'path': '/home/wlixill/rm_version4_ws/src/rm_auto_aim/auto_aim_interfaces', 'symlink_install': False, 'test_result_base': None}
[0.299s] Level 5:colcon.colcon_core.verb:set package 'daheng_camera' build argument 'cmake_args' from command line to 'None'
[0.299s] Level 5:colcon.colcon_core.verb:set package 'daheng_camera' build argument 'cmake_target' from command line to 'None'
[0.299s] Level 5:colcon.colcon_core.verb:set package 'daheng_camera' build argument 'cmake_target_skip_unavailable' from command line to 'False'
[0.299s] Level 5:colcon.colcon_core.verb:set package 'daheng_camera' build argument 'cmake_clean_cache' from command line to 'False'
[0.299s] Level 5:colcon.colcon_core.verb:set package 'daheng_camera' build argument 'cmake_clean_first' from command line to 'False'
[0.299s] Level 5:colcon.colcon_core.verb:set package 'daheng_camera' build argument 'cmake_force_configure' from command line to 'False'
[0.299s] Level 5:colcon.colcon_core.verb:set package 'daheng_camera' build argument 'ament_cmake_args' from command line to 'None'
[0.299s] Level 5:colcon.colcon_core.verb:set package 'daheng_camera' build argument 'catkin_cmake_args' from command line to 'None'
[0.299s] Level 5:colcon.colcon_core.verb:set package 'daheng_camera' build argument 'catkin_skip_building_tests' from command line to 'False'
[0.299s] DEBUG:colcon.colcon_core.verb:Building package 'daheng_camera' with the following arguments: {'ament_cmake_args': None, 'build_base': '/home/wlixill/rm_version4_ws/build/daheng_camera', 'catkin_cmake_args': None, 'catkin_skip_building_tests': False, 'cmake_args': None, 'cmake_clean_cache': False, 'cmake_clean_first': False, 'cmake_force_configure': False, 'cmake_target': None, 'cmake_target_skip_unavailable': False, 'install_base': '/home/wlixill/rm_version4_ws/install/daheng_camera', 'merge_install': False, 'path': '/home/wlixill/rm_version4_ws/src/rm_auto_aim/daheng_camera', 'symlink_install': False, 'test_result_base': None}
[0.299s] Level 5:colcon.colcon_core.verb:set package 'rm_gimbal_description' build argument 'cmake_args' from command line to 'None'
[0.299s] Level 5:colcon.colcon_core.verb:set package 'rm_gimbal_description' build argument 'cmake_target' from command line to 'None'
[0.299s] Level 5:colcon.colcon_core.verb:set package 'rm_gimbal_description' build argument 'cmake_target_skip_unavailable' from command line to 'False'
[0.299s] Level 5:colcon.colcon_core.verb:set package 'rm_gimbal_description' build argument 'cmake_clean_cache' from command line to 'False'
[0.299s] Level 5:colcon.colcon_core.verb:set package 'rm_gimbal_description' build argument 'cmake_clean_first' from command line to 'False'
[0.299s] Level 5:colcon.colcon_core.verb:set package 'rm_gimbal_description' build argument 'cmake_force_configure' from command line to 'False'
[0.299s] Level 5:colcon.colcon_core.verb:set package 'rm_gimbal_description' build argument 'ament_cmake_args' from command line to 'None'
[0.299s] Level 5:colcon.colcon_core.verb:set package 'rm_gimbal_description' build argument 'catkin_cmake_args' from command line to 'None'
[0.299s] Level 5:colcon.colcon_core.verb:set package 'rm_gimbal_description' build argument 'catkin_skip_building_tests' from command line to 'False'
[0.299s] DEBUG:colcon.colcon_core.verb:Building package 'rm_gimbal_description' with the following arguments: {'ament_cmake_args': None, 'build_base': '/home/wlixill/rm_version4_ws/build/rm_gimbal_description', 'catkin_cmake_args': None, 'catkin_skip_building_tests': False, 'cmake_args': None, 'cmake_clean_cache': False, 'cmake_clean_first': False, 'cmake_force_configure': False, 'cmake_target': None, 'cmake_target_skip_unavailable': False, 'install_base': '/home/wlixill/rm_version4_ws/install/rm_gimbal_description', 'merge_install': False, 'path': '/home/wlixill/rm_version4_ws/src/rm_auto_aim/rm_gimbal_description', 'symlink_install': False, 'test_result_base': None}
[0.300s] Level 5:colcon.colcon_core.verb:set package 'armor_detector' build argument 'cmake_args' from command line to 'None'
[0.300s] Level 5:colcon.colcon_core.verb:set package 'armor_detector' build argument 'cmake_target' from command line to 'None'
[0.300s] Level 5:colcon.colcon_core.verb:set package 'armor_detector' build argument 'cmake_target_skip_unavailable' from command line to 'False'
[0.300s] Level 5:colcon.colcon_core.verb:set package 'armor_detector' build argument 'cmake_clean_cache' from command line to 'False'
[0.300s] Level 5:colcon.colcon_core.verb:set package 'armor_detector' build argument 'cmake_clean_first' from command line to 'False'
[0.300s] Level 5:colcon.colcon_core.verb:set package 'armor_detector' build argument 'cmake_force_configure' from command line to 'False'
[0.300s] Level 5:colcon.colcon_core.verb:set package 'armor_detector' build argument 'ament_cmake_args' from command line to 'None'
[0.300s] Level 5:colcon.colcon_core.verb:set package 'armor_detector' build argument 'catkin_cmake_args' from command line to 'None'
[0.300s] Level 5:colcon.colcon_core.verb:set package 'armor_detector' build argument 'catkin_skip_building_tests' from command line to 'False'
[0.300s] DEBUG:colcon.colcon_core.verb:Building package 'armor_detector' with the following arguments: {'ament_cmake_args': None, 'build_base': '/home/wlixill/rm_version4_ws/build/armor_detector', 'catkin_cmake_args': None, 'catkin_skip_building_tests': False, 'cmake_args': None, 'cmake_clean_cache': False, 'cmake_clean_first': False, 'cmake_force_configure': False, 'cmake_target': None, 'cmake_target_skip_unavailable': False, 'install_base': '/home/wlixill/rm_version4_ws/install/armor_detector', 'merge_install': False, 'path': '/home/wlixill/rm_version4_ws/src/rm_auto_aim/armor_detector', 'symlink_install': False, 'test_result_base': None}
[0.300s] Level 5:colcon.colcon_core.verb:set package 'armor_processor' build argument 'cmake_args' from command line to 'None'
[0.300s] Level 5:colcon.colcon_core.verb:set package 'armor_processor' build argument 'cmake_target' from command line to 'None'
[0.300s] Level 5:colcon.colcon_core.verb:set package 'armor_processor' build argument 'cmake_target_skip_unavailable' from command line to 'False'
[0.300s] Level 5:colcon.colcon_core.verb:set package 'armor_processor' build argument 'cmake_clean_cache' from command line to 'False'
[0.300s] Level 5:colcon.colcon_core.verb:set package 'armor_processor' build argument 'cmake_clean_first' from command line to 'False'
[0.300s] Level 5:colcon.colcon_core.verb:set package 'armor_processor' build argument 'cmake_force_configure' from command line to 'False'
[0.300s] Level 5:colcon.colcon_core.verb:set package 'armor_processor' build argument 'ament_cmake_args' from command line to 'None'
[0.300s] Level 5:colcon.colcon_core.verb:set package 'armor_processor' build argument 'catkin_cmake_args' from command line to 'None'
[0.300s] Level 5:colcon.colcon_core.verb:set package 'armor_processor' build argument 'catkin_skip_building_tests' from command line to 'False'
[0.300s] DEBUG:colcon.colcon_core.verb:Building package 'armor_processor' with the following arguments: {'ament_cmake_args': None, 'build_base': '/home/wlixill/rm_version4_ws/build/armor_processor', 'catkin_cmake_args': None, 'catkin_skip_building_tests': False, 'cmake_args': None, 'cmake_clean_cache': False, 'cmake_clean_first': False, 'cmake_force_configure': False, 'cmake_target': None, 'cmake_target_skip_unavailable': False, 'install_base': '/home/wlixill/rm_version4_ws/install/armor_processor', 'merge_install': False, 'path': '/home/wlixill/rm_version4_ws/src/rm_auto_aim/armor_processor', 'symlink_install': False, 'test_result_base': None}
[0.300s] Level 5:colcon.colcon_core.verb:set package 'rm_serial_driver' build argument 'cmake_args' from command line to 'None'
[0.300s] Level 5:colcon.colcon_core.verb:set package 'rm_serial_driver' build argument 'cmake_target' from command line to 'None'
[0.300s] Level 5:colcon.colcon_core.verb:set package 'rm_serial_driver' build argument 'cmake_target_skip_unavailable' from command line to 'False'
[0.300s] Level 5:colcon.colcon_core.verb:set package 'rm_serial_driver' build argument 'cmake_clean_cache' from command line to 'False'
[0.300s] Level 5:colcon.colcon_core.verb:set package 'rm_serial_driver' build argument 'cmake_clean_first' from command line to 'False'
[0.300s] Level 5:colcon.colcon_core.verb:set package 'rm_serial_driver' build argument 'cmake_force_configure' from command line to 'False'
[0.300s] Level 5:colcon.colcon_core.verb:set package 'rm_serial_driver' build argument 'ament_cmake_args' from command line to 'None'
[0.300s] Level 5:colcon.colcon_core.verb:set package 'rm_serial_driver' build argument 'catkin_cmake_args' from command line to 'None'
[0.300s] Level 5:colcon.colcon_core.verb:set package 'rm_serial_driver' build argument 'catkin_skip_building_tests' from command line to 'False'
[0.301s] DEBUG:colcon.colcon_core.verb:Building package 'rm_serial_driver' with the following arguments: {'ament_cmake_args': None, 'build_base': '/home/wlixill/rm_version4_ws/build/rm_serial_driver', 'catkin_cmake_args': None, 'catkin_skip_building_tests': False, 'cmake_args': None, 'cmake_clean_cache': False, 'cmake_clean_first': False, 'cmake_force_configure': False, 'cmake_target': None, 'cmake_target_skip_unavailable': False, 'install_base': '/home/wlixill/rm_version4_ws/install/rm_serial_driver', 'merge_install': False, 'path': '/home/wlixill/rm_version4_ws/src/rm_auto_aim/rm_serial_driver', 'symlink_install': False, 'test_result_base': None}
[0.301s] Level 5:colcon.colcon_core.verb:set package 'auto_aim_bringup' build argument 'cmake_args' from command line to 'None'
[0.301s] Level 5:colcon.colcon_core.verb:set package 'auto_aim_bringup' build argument 'cmake_target' from command line to 'None'
[0.301s] Level 5:colcon.colcon_core.verb:set package 'auto_aim_bringup' build argument 'cmake_target_skip_unavailable' from command line to 'False'
[0.301s] Level 5:colcon.colcon_core.verb:set package 'auto_aim_bringup' build argument 'cmake_clean_cache' from command line to 'False'
[0.301s] Level 5:colcon.colcon_core.verb:set package 'auto_aim_bringup' build argument 'cmake_clean_first' from command line to 'False'
[0.301s] Level 5:colcon.colcon_core.verb:set package 'auto_aim_bringup' build argument 'cmake_force_configure' from command line to 'False'
[0.301s] Level 5:colcon.colcon_core.verb:set package 'auto_aim_bringup' build argument 'ament_cmake_args' from command line to 'None'
[0.301s] Level 5:colcon.colcon_core.verb:set package 'auto_aim_bringup' build argument 'catkin_cmake_args' from command line to 'None'
[0.301s] Level 5:colcon.colcon_core.verb:set package 'auto_aim_bringup' build argument 'catkin_skip_building_tests' from command line to 'False'
[0.301s] DEBUG:colcon.colcon_core.verb:Building package 'auto_aim_bringup' with the following arguments: {'ament_cmake_args': None, 'build_base': '/home/wlixill/rm_version4_ws/build/auto_aim_bringup', 'catkin_cmake_args': None, 'catkin_skip_building_tests': False, 'cmake_args': None, 'cmake_clean_cache': False, 'cmake_clean_first': False, 'cmake_force_configure': False, 'cmake_target': None, 'cmake_target_skip_unavailable': False, 'install_base': '/home/wlixill/rm_version4_ws/install/auto_aim_bringup', 'merge_install': False, 'path': '/home/wlixill/rm_version4_ws/src/rm_auto_aim/auto_aim_bringup', 'symlink_install': False, 'test_result_base': None}
[0.301s] INFO:colcon.colcon_core.executor:Executing jobs using 'parallel' executor
[0.302s] DEBUG:colcon.colcon_parallel_executor.executor.parallel:run_until_complete
[0.302s] INFO:colcon.colcon_ros.task.ament_cmake.build:Building ROS package in '/home/wlixill/rm_version4_ws/src/rm_auto_aim/auto_aim_interfaces' with build type 'ament_cmake'
[0.302s] INFO:colcon.colcon_cmake.task.cmake.build:Building CMake package in '/home/wlixill/rm_version4_ws/src/rm_auto_aim/auto_aim_interfaces'
[0.304s] INFO:colcon.colcon_core.plugin_system:Skipping extension 'colcon_core.shell.bat': Not used on non-Windows systems
[0.304s] INFO:colcon.colcon_core.shell:Skip shell extension 'powershell' for command environment: Not usable outside of PowerShell
[0.304s] DEBUG:colcon.colcon_core.shell:Skip shell extension 'dsv' for command environment
[0.307s] INFO:colcon.colcon_ros.task.ament_cmake.build:Building ROS package in '/home/wlixill/rm_version4_ws/src/rm_auto_aim/daheng_camera' with build type 'ament_cmake'
[0.307s] INFO:colcon.colcon_cmake.task.cmake.build:Building CMake package in '/home/wlixill/rm_version4_ws/src/rm_auto_aim/daheng_camera'
[0.307s] INFO:colcon.colcon_core.shell:Skip shell extension 'powershell' for command environment: Not usable outside of PowerShell
[0.307s] DEBUG:colcon.colcon_core.shell:Skip shell extension 'dsv' for command environment
[0.310s] INFO:colcon.colcon_ros.task.ament_cmake.build:Building ROS package in '/home/wlixill/rm_version4_ws/src/rm_auto_aim/rm_gimbal_description' with build type 'ament_cmake'
[0.310s] INFO:colcon.colcon_cmake.task.cmake.build:Building CMake package in '/home/wlixill/rm_version4_ws/src/rm_auto_aim/rm_gimbal_description'
[0.310s] INFO:colcon.colcon_core.shell:Skip shell extension 'powershell' for command environment: Not usable outside of PowerShell
[0.310s] DEBUG:colcon.colcon_core.shell:Skip shell extension 'dsv' for command environment
[0.316s] DEBUG:colcon.colcon_core.event_handler.log_command:Invoking command in '/home/wlixill/rm_version4_ws/build/auto_aim_interfaces': CMAKE_PREFIX_PATH=${CMAKE_PREFIX_PATH}:/opt/ros/humble /usr/bin/cmake /home/wlixill/rm_version4_ws/src/rm_auto_aim/auto_aim_interfaces -DCMAKE_INSTALL_PREFIX=/home/wlixill/rm_version4_ws/install/auto_aim_interfaces
[0.318s] DEBUG:colcon.colcon_core.event_handler.log_command:Invoking command in '/home/wlixill/rm_version4_ws/build/daheng_camera': CMAKE_PREFIX_PATH=${CMAKE_PREFIX_PATH}:/opt/ros/humble /usr/bin/cmake /home/wlixill/rm_version4_ws/src/rm_auto_aim/daheng_camera -DCMAKE_INSTALL_PREFIX=/home/wlixill/rm_version4_ws/install/daheng_camera
[0.320s] DEBUG:colcon.colcon_core.event_handler.log_command:Invoking command in '/home/wlixill/rm_version4_ws/build/rm_gimbal_description': CMAKE_PREFIX_PATH=${CMAKE_PREFIX_PATH}:/opt/ros/humble /usr/bin/cmake /home/wlixill/rm_version4_ws/src/rm_auto_aim/rm_gimbal_description -DCMAKE_INSTALL_PREFIX=/home/wlixill/rm_version4_ws/install/rm_gimbal_description
[0.820s] DEBUG:colcon.colcon_core.event_handler.log_command:Invoked command in '/home/wlixill/rm_version4_ws/build/rm_gimbal_description' returned '0': CMAKE_PREFIX_PATH=${CMAKE_PREFIX_PATH}:/opt/ros/humble /usr/bin/cmake /home/wlixill/rm_version4_ws/src/rm_auto_aim/rm_gimbal_description -DCMAKE_INSTALL_PREFIX=/home/wlixill/rm_version4_ws/install/rm_gimbal_description
[0.821s] DEBUG:colcon.colcon_core.event_handler.log_command:Invoking command in '/home/wlixill/rm_version4_ws/build/rm_gimbal_description': CMAKE_PREFIX_PATH=${CMAKE_PREFIX_PATH}:/opt/ros/humble /usr/bin/cmake --build /home/wlixill/rm_version4_ws/build/rm_gimbal_description -- -j16 -l16
[0.856s] DEBUG:colcon.colcon_core.event_handler.log_command:Invoked command in '/home/wlixill/rm_version4_ws/build/rm_gimbal_description' returned '0': CMAKE_PREFIX_PATH=${CMAKE_PREFIX_PATH}:/opt/ros/humble /usr/bin/cmake --build /home/wlixill/rm_version4_ws/build/rm_gimbal_description -- -j16 -l16
[0.887s] DEBUG:colcon.colcon_core.event_handler.log_command:Invoking command in '/home/wlixill/rm_version4_ws/build/rm_gimbal_description': CMAKE_PREFIX_PATH=${CMAKE_PREFIX_PATH}:/opt/ros/humble /usr/bin/cmake --install /home/wlixill/rm_version4_ws/build/rm_gimbal_description
[0.896s] Level 1:colcon.colcon_core.environment:create_environment_scripts_only(rm_gimbal_description)
[0.897s] DEBUG:colcon.colcon_core.event_handler.log_command:Invoked command in '/home/wlixill/rm_version4_ws/build/rm_gimbal_description' returned '0': CMAKE_PREFIX_PATH=${CMAKE_PREFIX_PATH}:/opt/ros/humble /usr/bin/cmake --install /home/wlixill/rm_version4_ws/build/rm_gimbal_description
[0.899s] Level 1:colcon.colcon_core.environment:checking '/home/wlixill/rm_version4_ws/install/rm_gimbal_description' for CMake module files
[0.899s] Level 1:colcon.colcon_core.environment:checking '/home/wlixill/rm_version4_ws/install/rm_gimbal_description' for CMake config files
[0.899s] Level 1:colcon.colcon_core.shell:create_environment_hook('rm_gimbal_description', 'cmake_prefix_path')
[0.899s] INFO:colcon.colcon_core.shell:Creating environment hook '/home/wlixill/rm_version4_ws/install/rm_gimbal_description/share/rm_gimbal_description/hook/cmake_prefix_path.ps1'
[0.900s] INFO:colcon.colcon_core.shell:Creating environment descriptor '/home/wlixill/rm_version4_ws/install/rm_gimbal_description/share/rm_gimbal_description/hook/cmake_prefix_path.dsv'
[0.900s] INFO:colcon.colcon_core.shell:Creating environment hook '/home/wlixill/rm_version4_ws/install/rm_gimbal_description/share/rm_gimbal_description/hook/cmake_prefix_path.sh'
[0.900s] Level 1:colcon.colcon_core.environment:checking '/home/wlixill/rm_version4_ws/install/rm_gimbal_description/bin'
[0.900s] Level 1:colcon.colcon_core.environment:checking '/home/wlixill/rm_version4_ws/install/rm_gimbal_description/lib/pkgconfig/rm_gimbal_description.pc'
[0.901s] Level 1:colcon.colcon_core.environment:checking '/home/wlixill/rm_version4_ws/install/rm_gimbal_description/lib/python3.10/site-packages'
[0.901s] Level 1:colcon.colcon_core.environment:checking '/home/wlixill/rm_version4_ws/install/rm_gimbal_description/bin'
[0.901s] INFO:colcon.colcon_core.shell:Creating package script '/home/wlixill/rm_version4_ws/install/rm_gimbal_description/share/rm_gimbal_description/package.ps1'
[0.901s] INFO:colcon.colcon_core.shell:Creating package descriptor '/home/wlixill/rm_version4_ws/install/rm_gimbal_description/share/rm_gimbal_description/package.dsv'
[0.902s] INFO:colcon.colcon_core.shell:Creating package script '/home/wlixill/rm_version4_ws/install/rm_gimbal_description/share/rm_gimbal_description/package.sh'
[0.902s] INFO:colcon.colcon_core.shell:Creating package script '/home/wlixill/rm_version4_ws/install/rm_gimbal_description/share/rm_gimbal_description/package.bash'
[0.903s] INFO:colcon.colcon_core.shell:Creating package script '/home/wlixill/rm_version4_ws/install/rm_gimbal_description/share/rm_gimbal_description/package.zsh'
[0.903s] Level 1:colcon.colcon_core.environment:create_file_with_runtime_dependencies(/home/wlixill/rm_version4_ws/install/rm_gimbal_description/share/colcon-core/packages/rm_gimbal_description)
[0.925s] Level 1:colcon.colcon_core.environment:create_environment_scripts_only(rm_gimbal_description)
[0.925s] Level 1:colcon.colcon_core.environment:checking '/home/wlixill/rm_version4_ws/install/rm_gimbal_description' for CMake module files
[0.925s] Level 1:colcon.colcon_core.environment:checking '/home/wlixill/rm_version4_ws/install/rm_gimbal_description' for CMake config files
[0.925s] Level 1:colcon.colcon_core.shell:create_environment_hook('rm_gimbal_description', 'cmake_prefix_path')
[0.925s] INFO:colcon.colcon_core.shell:Creating environment hook '/home/wlixill/rm_version4_ws/install/rm_gimbal_description/share/rm_gimbal_description/hook/cmake_prefix_path.ps1'
[0.926s] INFO:colcon.colcon_core.shell:Creating environment descriptor '/home/wlixill/rm_version4_ws/install/rm_gimbal_description/share/rm_gimbal_description/hook/cmake_prefix_path.dsv'
[0.926s] INFO:colcon.colcon_core.shell:Creating environment hook '/home/wlixill/rm_version4_ws/install/rm_gimbal_description/share/rm_gimbal_description/hook/cmake_prefix_path.sh'
[0.926s] Level 1:colcon.colcon_core.environment:checking '/home/wlixill/rm_version4_ws/install/rm_gimbal_description/bin'
[0.926s] Level 1:colcon.colcon_core.environment:checking '/home/wlixill/rm_version4_ws/install/rm_gimbal_description/lib/pkgconfig/rm_gimbal_description.pc'
[0.927s] Level 1:colcon.colcon_core.environment:checking '/home/wlixill/rm_version4_ws/install/rm_gimbal_description/lib/python3.10/site-packages'
[0.927s] Level 1:colcon.colcon_core.environment:checking '/home/wlixill/rm_version4_ws/install/rm_gimbal_description/bin'
[0.927s] INFO:colcon.colcon_core.shell:Creating package script '/home/wlixill/rm_version4_ws/install/rm_gimbal_description/share/rm_gimbal_description/package.ps1'
[0.927s] INFO:colcon.colcon_core.shell:Creating package descriptor '/home/wlixill/rm_version4_ws/install/rm_gimbal_description/share/rm_gimbal_description/package.dsv'
[0.928s] INFO:colcon.colcon_core.shell:Creating package script '/home/wlixill/rm_version4_ws/install/rm_gimbal_description/share/rm_gimbal_description/package.sh'
[0.928s] INFO:colcon.colcon_core.shell:Creating package script '/home/wlixill/rm_version4_ws/install/rm_gimbal_description/share/rm_gimbal_description/package.bash'
[0.928s] INFO:colcon.colcon_core.shell:Creating package script '/home/wlixill/rm_version4_ws/install/rm_gimbal_description/share/rm_gimbal_description/package.zsh'
[0.928s] Level 1:colcon.colcon_core.environment:create_file_with_runtime_dependencies(/home/wlixill/rm_version4_ws/install/rm_gimbal_description/share/colcon-core/packages/rm_gimbal_description)
[1.617s] DEBUG:colcon.colcon_core.event_handler.log_command:Invoked command in '/home/wlixill/rm_version4_ws/build/daheng_camera' returned '0': CMAKE_PREFIX_PATH=${CMAKE_PREFIX_PATH}:/opt/ros/humble /usr/bin/cmake /home/wlixill/rm_version4_ws/src/rm_auto_aim/daheng_camera -DCMAKE_INSTALL_PREFIX=/home/wlixill/rm_version4_ws/install/daheng_camera
[1.619s] DEBUG:colcon.colcon_core.event_handler.log_command:Invoking command in '/home/wlixill/rm_version4_ws/build/daheng_camera': CMAKE_PREFIX_PATH=${CMAKE_PREFIX_PATH}:/opt/ros/humble /usr/bin/cmake --build /home/wlixill/rm_version4_ws/build/daheng_camera -- -j16 -l16
[1.711s] DEBUG:colcon.colcon_core.event_handler.log_command:Invoked command in '/home/wlixill/rm_version4_ws/build/auto_aim_interfaces' returned '0': CMAKE_PREFIX_PATH=${CMAKE_PREFIX_PATH}:/opt/ros/humble /usr/bin/cmake /home/wlixill/rm_version4_ws/src/rm_auto_aim/auto_aim_interfaces -DCMAKE_INSTALL_PREFIX=/home/wlixill/rm_version4_ws/install/auto_aim_interfaces
[1.713s] DEBUG:colcon.colcon_core.event_handler.log_command:Invoking command in '/home/wlixill/rm_version4_ws/build/auto_aim_interfaces': CMAKE_PREFIX_PATH=${CMAKE_PREFIX_PATH}:/opt/ros/humble /usr/bin/cmake --build /home/wlixill/rm_version4_ws/build/auto_aim_interfaces -- -j16 -l16
[4.788s] DEBUG:colcon.colcon_core.event_handler.log_command:Invoked command in '/home/wlixill/rm_version4_ws/build/auto_aim_interfaces' returned '0': CMAKE_PREFIX_PATH=${CMAKE_PREFIX_PATH}:/opt/ros/humble /usr/bin/cmake --build /home/wlixill/rm_version4_ws/build/auto_aim_interfaces -- -j16 -l16
[4.991s] DEBUG:colcon.colcon_core.event_handler.log_command:Invoking command in '/home/wlixill/rm_version4_ws/build/auto_aim_interfaces': CMAKE_PREFIX_PATH=${CMAKE_PREFIX_PATH}:/opt/ros/humble /usr/bin/cmake --install /home/wlixill/rm_version4_ws/build/auto_aim_interfaces
[5.066s] Level 1:colcon.colcon_core.environment:create_environment_scripts_only(auto_aim_interfaces)
[5.066s] Level 1:colcon.colcon_core.environment:checking '/home/wlixill/rm_version4_ws/install/auto_aim_interfaces' for CMake module files
[5.067s] DEBUG:colcon.colcon_core.event_handler.log_command:Invoked command in '/home/wlixill/rm_version4_ws/build/auto_aim_interfaces' returned '0': CMAKE_PREFIX_PATH=${CMAKE_PREFIX_PATH}:/opt/ros/humble /usr/bin/cmake --install /home/wlixill/rm_version4_ws/build/auto_aim_interfaces
[5.067s] Level 1:colcon.colcon_core.environment:checking '/home/wlixill/rm_version4_ws/install/auto_aim_interfaces' for CMake config files
[5.067s] Level 1:colcon.colcon_core.shell:create_environment_hook('auto_aim_interfaces', 'cmake_prefix_path')
[5.068s] INFO:colcon.colcon_core.shell:Creating environment hook '/home/wlixill/rm_version4_ws/install/auto_aim_interfaces/share/auto_aim_interfaces/hook/cmake_prefix_path.ps1'
[5.068s] INFO:colcon.colcon_core.shell:Creating environment descriptor '/home/wlixill/rm_version4_ws/install/auto_aim_interfaces/share/auto_aim_interfaces/hook/cmake_prefix_path.dsv'
[5.068s] INFO:colcon.colcon_core.shell:Creating environment hook '/home/wlixill/rm_version4_ws/install/auto_aim_interfaces/share/auto_aim_interfaces/hook/cmake_prefix_path.sh'
[5.069s] Level 1:colcon.colcon_core.environment:checking '/home/wlixill/rm_version4_ws/install/auto_aim_interfaces/lib'
[5.069s] Level 1:colcon.colcon_core.shell:create_environment_hook('auto_aim_interfaces', 'ld_library_path_lib')
[5.070s] INFO:colcon.colcon_core.shell:Creating environment hook '/home/wlixill/rm_version4_ws/install/auto_aim_interfaces/share/auto_aim_interfaces/hook/ld_library_path_lib.ps1'
[5.070s] INFO:colcon.colcon_core.shell:Creating environment descriptor '/home/wlixill/rm_version4_ws/install/auto_aim_interfaces/share/auto_aim_interfaces/hook/ld_library_path_lib.dsv'
[5.070s] INFO:colcon.colcon_core.shell:Creating environment hook '/home/wlixill/rm_version4_ws/install/auto_aim_interfaces/share/auto_aim_interfaces/hook/ld_library_path_lib.sh'
[5.071s] Level 1:colcon.colcon_core.environment:checking '/home/wlixill/rm_version4_ws/install/auto_aim_interfaces/bin'
[5.071s] Level 1:colcon.colcon_core.environment:checking '/home/wlixill/rm_version4_ws/install/auto_aim_interfaces/lib/pkgconfig/auto_aim_interfaces.pc'
[5.071s] Level 1:colcon.colcon_core.environment:checking '/home/wlixill/rm_version4_ws/install/auto_aim_interfaces/lib/python3.10/site-packages'
[5.071s] Level 1:colcon.colcon_core.environment:checking '/home/wlixill/rm_version4_ws/install/auto_aim_interfaces/bin'
[5.072s] INFO:colcon.colcon_core.shell:Creating package script '/home/wlixill/rm_version4_ws/install/auto_aim_interfaces/share/auto_aim_interfaces/package.ps1'
[5.072s] INFO:colcon.colcon_core.shell:Creating package descriptor '/home/wlixill/rm_version4_ws/install/auto_aim_interfaces/share/auto_aim_interfaces/package.dsv'
[5.073s] INFO:colcon.colcon_core.shell:Creating package script '/home/wlixill/rm_version4_ws/install/auto_aim_interfaces/share/auto_aim_interfaces/package.sh'
[5.073s] INFO:colcon.colcon_core.shell:Creating package script '/home/wlixill/rm_version4_ws/install/auto_aim_interfaces/share/auto_aim_interfaces/package.bash'
[5.073s] INFO:colcon.colcon_core.shell:Creating package script '/home/wlixill/rm_version4_ws/install/auto_aim_interfaces/share/auto_aim_interfaces/package.zsh'
[5.074s] Level 1:colcon.colcon_core.environment:create_file_with_runtime_dependencies(/home/wlixill/rm_version4_ws/install/auto_aim_interfaces/share/colcon-core/packages/auto_aim_interfaces)
[5.274s] Level 1:colcon.colcon_core.environment:create_environment_scripts_only(auto_aim_interfaces)
[5.274s] Level 1:colcon.colcon_core.environment:checking '/home/wlixill/rm_version4_ws/install/auto_aim_interfaces' for CMake module files
[5.279s] Level 1:colcon.colcon_core.environment:checking '/home/wlixill/rm_version4_ws/install/auto_aim_interfaces' for CMake config files
[5.279s] Level 1:colcon.colcon_core.shell:create_environment_hook('auto_aim_interfaces', 'cmake_prefix_path')
[5.279s] INFO:colcon.colcon_core.shell:Creating environment hook '/home/wlixill/rm_version4_ws/install/auto_aim_interfaces/share/auto_aim_interfaces/hook/cmake_prefix_path.ps1'
[5.279s] INFO:colcon.colcon_core.shell:Creating environment descriptor '/home/wlixill/rm_version4_ws/install/auto_aim_interfaces/share/auto_aim_interfaces/hook/cmake_prefix_path.dsv'
[5.280s] INFO:colcon.colcon_core.shell:Creating environment hook '/home/wlixill/rm_version4_ws/install/auto_aim_interfaces/share/auto_aim_interfaces/hook/cmake_prefix_path.sh'
[5.280s] Level 1:colcon.colcon_core.environment:checking '/home/wlixill/rm_version4_ws/install/auto_aim_interfaces/lib'
[5.280s] Level 1:colcon.colcon_core.shell:create_environment_hook('auto_aim_interfaces', 'ld_library_path_lib')
[5.280s] INFO:colcon.colcon_core.shell:Creating environment hook '/home/wlixill/rm_version4_ws/install/auto_aim_interfaces/share/auto_aim_interfaces/hook/ld_library_path_lib.ps1'
[5.280s] INFO:colcon.colcon_core.shell:Creating environment descriptor '/home/wlixill/rm_version4_ws/install/auto_aim_interfaces/share/auto_aim_interfaces/hook/ld_library_path_lib.dsv'
[5.281s] INFO:colcon.colcon_core.shell:Creating environment hook '/home/wlixill/rm_version4_ws/install/auto_aim_interfaces/share/auto_aim_interfaces/hook/ld_library_path_lib.sh'
[5.281s] Level 1:colcon.colcon_core.environment:checking '/home/wlixill/rm_version4_ws/install/auto_aim_interfaces/bin'
[5.281s] Level 1:colcon.colcon_core.environment:checking '/home/wlixill/rm_version4_ws/install/auto_aim_interfaces/lib/pkgconfig/auto_aim_interfaces.pc'
[5.281s] Level 1:colcon.colcon_core.environment:checking '/home/wlixill/rm_version4_ws/install/auto_aim_interfaces/lib/python3.10/site-packages'
[5.281s] Level 1:colcon.colcon_core.environment:checking '/home/wlixill/rm_version4_ws/install/auto_aim_interfaces/bin'
[5.282s] INFO:colcon.colcon_core.shell:Creating package script '/home/wlixill/rm_version4_ws/install/auto_aim_interfaces/share/auto_aim_interfaces/package.ps1'
[5.282s] INFO:colcon.colcon_core.shell:Creating package descriptor '/home/wlixill/rm_version4_ws/install/auto_aim_interfaces/share/auto_aim_interfaces/package.dsv'
[5.282s] INFO:colcon.colcon_core.shell:Creating package script '/home/wlixill/rm_version4_ws/install/auto_aim_interfaces/share/auto_aim_interfaces/package.sh'
[5.283s] INFO:colcon.colcon_core.shell:Creating package script '/home/wlixill/rm_version4_ws/install/auto_aim_interfaces/share/auto_aim_interfaces/package.bash'
[5.283s] INFO:colcon.colcon_core.shell:Creating package script '/home/wlixill/rm_version4_ws/install/auto_aim_interfaces/share/auto_aim_interfaces/package.zsh'
[5.283s] Level 1:colcon.colcon_core.environment:create_file_with_runtime_dependencies(/home/wlixill/rm_version4_ws/install/auto_aim_interfaces/share/colcon-core/packages/auto_aim_interfaces)
[5.283s] INFO:colcon.colcon_ros.task.ament_cmake.build:Building ROS package in '/home/wlixill/rm_version4_ws/src/rm_auto_aim/armor_detector' with build type 'ament_cmake'
[5.283s] INFO:colcon.colcon_cmake.task.cmake.build:Building CMake package in '/home/wlixill/rm_version4_ws/src/rm_auto_aim/armor_detector'
[5.284s] INFO:colcon.colcon_core.shell:Skip shell extension 'powershell' for command environment: Not usable outside of PowerShell
[5.284s] DEBUG:colcon.colcon_core.shell:Skip shell extension 'dsv' for command environment
[5.287s] INFO:colcon.colcon_ros.task.ament_cmake.build:Building ROS package in '/home/wlixill/rm_version4_ws/src/rm_auto_aim/armor_processor' with build type 'ament_cmake'
[5.287s] INFO:colcon.colcon_cmake.task.cmake.build:Building CMake package in '/home/wlixill/rm_version4_ws/src/rm_auto_aim/armor_processor'
[5.287s] INFO:colcon.colcon_core.shell:Skip shell extension 'powershell' for command environment: Not usable outside of PowerShell
[5.287s] DEBUG:colcon.colcon_core.shell:Skip shell extension 'dsv' for command environment
[5.290s] INFO:colcon.colcon_ros.task.ament_cmake.build:Building ROS package in '/home/wlixill/rm_version4_ws/src/rm_auto_aim/rm_serial_driver' with build type 'ament_cmake'
[5.290s] INFO:colcon.colcon_cmake.task.cmake.build:Building CMake package in '/home/wlixill/rm_version4_ws/src/rm_auto_aim/rm_serial_driver'
[5.290s] INFO:colcon.colcon_core.shell:Skip shell extension 'powershell' for command environment: Not usable outside of PowerShell
[5.290s] DEBUG:colcon.colcon_core.shell:Skip shell extension 'dsv' for command environment
[5.297s] DEBUG:colcon.colcon_core.event_handler.log_command:Invoking command in '/home/wlixill/rm_version4_ws/build/armor_detector': CMAKE_PREFIX_PATH=/home/wlixill/rm_version4_ws/install/auto_aim_interfaces:/home/wlixill/rm_version4_ws/install/auto_aim_bringup:/home/wlixill/rm_version4_ws/install/rm_serial_driver:/home/wlixill/rm_version4_ws/install/rm_gimbal_description:/home/wlixill/rm_version4_ws/install/daheng_camera:/home/wlixill/rm_version4_ws/install/armor_processor:/home/wlixill/rm_version4_ws/install/armor_detector:/home/wlixill/rm_tools/install/daheng_camera:/opt/ros/humble LD_LIBRARY_PATH=/home/wlixill/rm_version4_ws/install/auto_aim_interfaces/lib:/home/wlixill/rm_version4_ws/install/rm_serial_driver/lib:/home/wlixill/rm_version4_ws/install/daheng_camera/lib:/home/wlixill/rm_version4_ws/install/armor_processor/lib:/home/wlixill/rm_version4_ws/install/armor_detector/lib:/home/wlixill/rm_tools/install/daheng_camera/lib:/opt/ros/humble/opt/rviz_ogre_vendor/lib:/opt/ros/humble/lib/x86_64-linux-gnu:/opt/ros/humble/lib /usr/bin/cmake /home/wlixill/rm_version4_ws/src/rm_auto_aim/armor_detector -DCMAKE_INSTALL_PREFIX=/home/wlixill/rm_version4_ws/install/armor_detector
[5.298s] DEBUG:colcon.colcon_core.event_handler.log_command:Invoking command in '/home/wlixill/rm_version4_ws/build/armor_processor': CMAKE_PREFIX_PATH=/home/wlixill/rm_version4_ws/install/auto_aim_interfaces:/home/wlixill/rm_version4_ws/install/auto_aim_bringup:/home/wlixill/rm_version4_ws/install/rm_serial_driver:/home/wlixill/rm_version4_ws/install/rm_gimbal_description:/home/wlixill/rm_version4_ws/install/daheng_camera:/home/wlixill/rm_version4_ws/install/armor_processor:/home/wlixill/rm_version4_ws/install/armor_detector:/home/wlixill/rm_tools/install/daheng_camera:/opt/ros/humble LD_LIBRARY_PATH=/home/wlixill/rm_version4_ws/install/auto_aim_interfaces/lib:/home/wlixill/rm_version4_ws/install/rm_serial_driver/lib:/home/wlixill/rm_version4_ws/install/daheng_camera/lib:/home/wlixill/rm_version4_ws/install/armor_processor/lib:/home/wlixill/rm_version4_ws/install/armor_detector/lib:/home/wlixill/rm_tools/install/daheng_camera/lib:/opt/ros/humble/opt/rviz_ogre_vendor/lib:/opt/ros/humble/lib/x86_64-linux-gnu:/opt/ros/humble/lib /usr/bin/cmake /home/wlixill/rm_version4_ws/src/rm_auto_aim/armor_processor -DCMAKE_INSTALL_PREFIX=/home/wlixill/rm_version4_ws/install/armor_processor
[5.300s] DEBUG:colcon.colcon_core.event_handler.log_command:Invoking command in '/home/wlixill/rm_version4_ws/build/rm_serial_driver': CMAKE_PREFIX_PATH=/home/wlixill/rm_version4_ws/install/auto_aim_interfaces:/home/wlixill/rm_version4_ws/install/auto_aim_bringup:/home/wlixill/rm_version4_ws/install/rm_serial_driver:/home/wlixill/rm_version4_ws/install/rm_gimbal_description:/home/wlixill/rm_version4_ws/install/daheng_camera:/home/wlixill/rm_version4_ws/install/armor_processor:/home/wlixill/rm_version4_ws/install/armor_detector:/home/wlixill/rm_tools/install/daheng_camera:/opt/ros/humble LD_LIBRARY_PATH=/home/wlixill/rm_version4_ws/install/auto_aim_interfaces/lib:/home/wlixill/rm_version4_ws/install/rm_serial_driver/lib:/home/wlixill/rm_version4_ws/install/daheng_camera/lib:/home/wlixill/rm_version4_ws/install/armor_processor/lib:/home/wlixill/rm_version4_ws/install/armor_detector/lib:/home/wlixill/rm_tools/install/daheng_camera/lib:/opt/ros/humble/opt/rviz_ogre_vendor/lib:/opt/ros/humble/lib/x86_64-linux-gnu:/opt/ros/humble/lib /usr/bin/cmake /home/wlixill/rm_version4_ws/src/rm_auto_aim/rm_serial_driver -DCMAKE_INSTALL_PREFIX=/home/wlixill/rm_version4_ws/install/rm_serial_driver
[6.132s] DEBUG:colcon.colcon_core.event_handler.log_command:Invoked command in '/home/wlixill/rm_version4_ws/build/daheng_camera' returned '0': CMAKE_PREFIX_PATH=${CMAKE_PREFIX_PATH}:/opt/ros/humble /usr/bin/cmake --build /home/wlixill/rm_version4_ws/build/daheng_camera -- -j16 -l16
[6.162s] DEBUG:colcon.colcon_core.event_handler.log_command:Invoking command in '/home/wlixill/rm_version4_ws/build/daheng_camera': CMAKE_PREFIX_PATH=${CMAKE_PREFIX_PATH}:/opt/ros/humble /usr/bin/cmake --install /home/wlixill/rm_version4_ws/build/daheng_camera
[6.175s] Level 1:colcon.colcon_core.environment:create_environment_scripts_only(daheng_camera)
[6.175s] Level 1:colcon.colcon_core.environment:checking '/home/wlixill/rm_version4_ws/install/daheng_camera' for CMake module files
[6.176s] DEBUG:colcon.colcon_core.event_handler.log_command:Invoked command in '/home/wlixill/rm_version4_ws/build/daheng_camera' returned '0': CMAKE_PREFIX_PATH=${CMAKE_PREFIX_PATH}:/opt/ros/humble /usr/bin/cmake --install /home/wlixill/rm_version4_ws/build/daheng_camera
[6.176s] Level 1:colcon.colcon_core.environment:checking '/home/wlixill/rm_version4_ws/install/daheng_camera' for CMake config files
[6.176s] Level 1:colcon.colcon_core.shell:create_environment_hook('daheng_camera', 'cmake_prefix_path')
[6.176s] INFO:colcon.colcon_core.shell:Creating environment hook '/home/wlixill/rm_version4_ws/install/daheng_camera/share/daheng_camera/hook/cmake_prefix_path.ps1'
[6.177s] INFO:colcon.colcon_core.shell:Creating environment descriptor '/home/wlixill/rm_version4_ws/install/daheng_camera/share/daheng_camera/hook/cmake_prefix_path.dsv'
[6.177s] INFO:colcon.colcon_core.shell:Creating environment hook '/home/wlixill/rm_version4_ws/install/daheng_camera/share/daheng_camera/hook/cmake_prefix_path.sh'
[6.177s] Level 1:colcon.colcon_core.environment:checking '/home/wlixill/rm_version4_ws/install/daheng_camera/lib'
[6.177s] Level 1:colcon.colcon_core.shell:create_environment_hook('daheng_camera', 'ld_library_path_lib')
[6.177s] INFO:colcon.colcon_core.shell:Creating environment hook '/home/wlixill/rm_version4_ws/install/daheng_camera/share/daheng_camera/hook/ld_library_path_lib.ps1'
[6.178s] INFO:colcon.colcon_core.shell:Creating environment descriptor '/home/wlixill/rm_version4_ws/install/daheng_camera/share/daheng_camera/hook/ld_library_path_lib.dsv'
[6.178s] INFO:colcon.colcon_core.shell:Creating environment hook '/home/wlixill/rm_version4_ws/install/daheng_camera/share/daheng_camera/hook/ld_library_path_lib.sh'
[6.178s] Level 1:colcon.colcon_core.environment:checking '/home/wlixill/rm_version4_ws/install/daheng_camera/bin'
[6.178s] Level 1:colcon.colcon_core.environment:checking '/home/wlixill/rm_version4_ws/install/daheng_camera/lib/pkgconfig/daheng_camera.pc'
[6.178s] Level 1:colcon.colcon_core.environment:checking '/home/wlixill/rm_version4_ws/install/daheng_camera/lib/python3.10/site-packages'
[6.179s] Level 1:colcon.colcon_core.environment:checking '/home/wlixill/rm_version4_ws/install/daheng_camera/bin'
[6.179s] INFO:colcon.colcon_core.shell:Creating package script '/home/wlixill/rm_version4_ws/install/daheng_camera/share/daheng_camera/package.ps1'
[6.179s] INFO:colcon.colcon_core.shell:Creating package descriptor '/home/wlixill/rm_version4_ws/install/daheng_camera/share/daheng_camera/package.dsv'
[6.179s] INFO:colcon.colcon_core.shell:Creating package script '/home/wlixill/rm_version4_ws/install/daheng_camera/share/daheng_camera/package.sh'
[6.180s] INFO:colcon.colcon_core.shell:Creating package script '/home/wlixill/rm_version4_ws/install/daheng_camera/share/daheng_camera/package.bash'
[6.180s] INFO:colcon.colcon_core.shell:Creating package script '/home/wlixill/rm_version4_ws/install/daheng_camera/share/daheng_camera/package.zsh'
[6.180s] Level 1:colcon.colcon_core.environment:create_file_with_runtime_dependencies(/home/wlixill/rm_version4_ws/install/daheng_camera/share/colcon-core/packages/daheng_camera)
[6.209s] Level 1:colcon.colcon_core.environment:create_environment_scripts_only(daheng_camera)
[6.210s] Level 1:colcon.colcon_core.environment:checking '/home/wlixill/rm_version4_ws/install/daheng_camera' for CMake module files
[6.210s] Level 1:colcon.colcon_core.environment:checking '/home/wlixill/rm_version4_ws/install/daheng_camera' for CMake config files
[6.211s] Level 1:colcon.colcon_core.shell:create_environment_hook('daheng_camera', 'cmake_prefix_path')
[6.211s] INFO:colcon.colcon_core.shell:Creating environment hook '/home/wlixill/rm_version4_ws/install/daheng_camera/share/daheng_camera/hook/cmake_prefix_path.ps1'
[6.211s] INFO:colcon.colcon_core.shell:Creating environment descriptor '/home/wlixill/rm_version4_ws/install/daheng_camera/share/daheng_camera/hook/cmake_prefix_path.dsv'
[6.212s] INFO:colcon.colcon_core.shell:Creating environment hook '/home/wlixill/rm_version4_ws/install/daheng_camera/share/daheng_camera/hook/cmake_prefix_path.sh'
[6.212s] Level 1:colcon.colcon_core.environment:checking '/home/wlixill/rm_version4_ws/install/daheng_camera/lib'
[6.212s] Level 1:colcon.colcon_core.shell:create_environment_hook('daheng_camera', 'ld_library_path_lib')
[6.212s] INFO:colcon.colcon_core.shell:Creating environment hook '/home/wlixill/rm_version4_ws/install/daheng_camera/share/daheng_camera/hook/ld_library_path_lib.ps1'
[6.213s] INFO:colcon.colcon_core.shell:Creating environment descriptor '/home/wlixill/rm_version4_ws/install/daheng_camera/share/daheng_camera/hook/ld_library_path_lib.dsv'
[6.213s] INFO:colcon.colcon_core.shell:Creating environment hook '/home/wlixill/rm_version4_ws/install/daheng_camera/share/daheng_camera/hook/ld_library_path_lib.sh'
[6.213s] Level 1:colcon.colcon_core.environment:checking '/home/wlixill/rm_version4_ws/install/daheng_camera/bin'
[6.213s] Level 1:colcon.colcon_core.environment:checking '/home/wlixill/rm_version4_ws/install/daheng_camera/lib/pkgconfig/daheng_camera.pc'
[6.214s] Level 1:colcon.colcon_core.environment:checking '/home/wlixill/rm_version4_ws/install/daheng_camera/lib/python3.10/site-packages'
[6.214s] Level 1:colcon.colcon_core.environment:checking '/home/wlixill/rm_version4_ws/install/daheng_camera/bin'
[6.214s] INFO:colcon.colcon_core.shell:Creating package script '/home/wlixill/rm_version4_ws/install/daheng_camera/share/daheng_camera/package.ps1'
[6.215s] INFO:colcon.colcon_core.shell:Creating package descriptor '/home/wlixill/rm_version4_ws/install/daheng_camera/share/daheng_camera/package.dsv'
[6.215s] INFO:colcon.colcon_core.shell:Creating package script '/home/wlixill/rm_version4_ws/install/daheng_camera/share/daheng_camera/package.sh'
[6.216s] INFO:colcon.colcon_core.shell:Creating package script '/home/wlixill/rm_version4_ws/install/daheng_camera/share/daheng_camera/package.bash'
[6.216s] INFO:colcon.colcon_core.shell:Creating package script '/home/wlixill/rm_version4_ws/install/daheng_camera/share/daheng_camera/package.zsh'
[6.216s] Level 1:colcon.colcon_core.environment:create_file_with_runtime_dependencies(/home/wlixill/rm_version4_ws/install/daheng_camera/share/colcon-core/packages/daheng_camera)
[6.743s] DEBUG:colcon.colcon_core.event_handler.log_command:Invoked command in '/home/wlixill/rm_version4_ws/build/rm_serial_driver' returned '0': CMAKE_PREFIX_PATH=/home/wlixill/rm_version4_ws/install/auto_aim_interfaces:/home/wlixill/rm_version4_ws/install/auto_aim_bringup:/home/wlixill/rm_version4_ws/install/rm_serial_driver:/home/wlixill/rm_version4_ws/install/rm_gimbal_description:/home/wlixill/rm_version4_ws/install/daheng_camera:/home/wlixill/rm_version4_ws/install/armor_processor:/home/wlixill/rm_version4_ws/install/armor_detector:/home/wlixill/rm_tools/install/daheng_camera:/opt/ros/humble LD_LIBRARY_PATH=/home/wlixill/rm_version4_ws/install/auto_aim_interfaces/lib:/home/wlixill/rm_version4_ws/install/rm_serial_driver/lib:/home/wlixill/rm_version4_ws/install/daheng_camera/lib:/home/wlixill/rm_version4_ws/install/armor_processor/lib:/home/wlixill/rm_version4_ws/install/armor_detector/lib:/home/wlixill/rm_tools/install/daheng_camera/lib:/opt/ros/humble/opt/rviz_ogre_vendor/lib:/opt/ros/humble/lib/x86_64-linux-gnu:/opt/ros/humble/lib /usr/bin/cmake /home/wlixill/rm_version4_ws/src/rm_auto_aim/rm_serial_driver -DCMAKE_INSTALL_PREFIX=/home/wlixill/rm_version4_ws/install/rm_serial_driver
[6.744s] DEBUG:colcon.colcon_core.event_handler.log_command:Invoking command in '/home/wlixill/rm_version4_ws/build/rm_serial_driver': CMAKE_PREFIX_PATH=/home/wlixill/rm_version4_ws/install/auto_aim_interfaces:/home/wlixill/rm_version4_ws/install/auto_aim_bringup:/home/wlixill/rm_version4_ws/install/rm_serial_driver:/home/wlixill/rm_version4_ws/install/rm_gimbal_description:/home/wlixill/rm_version4_ws/install/daheng_camera:/home/wlixill/rm_version4_ws/install/armor_processor:/home/wlixill/rm_version4_ws/install/armor_detector:/home/wlixill/rm_tools/install/daheng_camera:/opt/ros/humble LD_LIBRARY_PATH=/home/wlixill/rm_version4_ws/install/auto_aim_interfaces/lib:/home/wlixill/rm_version4_ws/install/rm_serial_driver/lib:/home/wlixill/rm_version4_ws/install/daheng_camera/lib:/home/wlixill/rm_version4_ws/install/armor_processor/lib:/home/wlixill/rm_version4_ws/install/armor_detector/lib:/home/wlixill/rm_tools/install/daheng_camera/lib:/opt/ros/humble/opt/rviz_ogre_vendor/lib:/opt/ros/humble/lib/x86_64-linux-gnu:/opt/ros/humble/lib /usr/bin/cmake --build /home/wlixill/rm_version4_ws/build/rm_serial_driver -- -j16 -l16
[6.767s] DEBUG:colcon.colcon_core.event_handler.log_command:Invoked command in '/home/wlixill/rm_version4_ws/build/armor_detector' returned '0': CMAKE_PREFIX_PATH=/home/wlixill/rm_version4_ws/install/auto_aim_interfaces:/home/wlixill/rm_version4_ws/install/auto_aim_bringup:/home/wlixill/rm_version4_ws/install/rm_serial_driver:/home/wlixill/rm_version4_ws/install/rm_gimbal_description:/home/wlixill/rm_version4_ws/install/daheng_camera:/home/wlixill/rm_version4_ws/install/armor_processor:/home/wlixill/rm_version4_ws/install/armor_detector:/home/wlixill/rm_tools/install/daheng_camera:/opt/ros/humble LD_LIBRARY_PATH=/home/wlixill/rm_version4_ws/install/auto_aim_interfaces/lib:/home/wlixill/rm_version4_ws/install/rm_serial_driver/lib:/home/wlixill/rm_version4_ws/install/daheng_camera/lib:/home/wlixill/rm_version4_ws/install/armor_processor/lib:/home/wlixill/rm_version4_ws/install/armor_detector/lib:/home/wlixill/rm_tools/install/daheng_camera/lib:/opt/ros/humble/opt/rviz_ogre_vendor/lib:/opt/ros/humble/lib/x86_64-linux-gnu:/opt/ros/humble/lib /usr/bin/cmake /home/wlixill/rm_version4_ws/src/rm_auto_aim/armor_detector -DCMAKE_INSTALL_PREFIX=/home/wlixill/rm_version4_ws/install/armor_detector
[6.769s] DEBUG:colcon.colcon_core.event_handler.log_command:Invoking command in '/home/wlixill/rm_version4_ws/build/armor_detector': CMAKE_PREFIX_PATH=/home/wlixill/rm_version4_ws/install/auto_aim_interfaces:/home/wlixill/rm_version4_ws/install/auto_aim_bringup:/home/wlixill/rm_version4_ws/install/rm_serial_driver:/home/wlixill/rm_version4_ws/install/rm_gimbal_description:/home/wlixill/rm_version4_ws/install/daheng_camera:/home/wlixill/rm_version4_ws/install/armor_processor:/home/wlixill/rm_version4_ws/install/armor_detector:/home/wlixill/rm_tools/install/daheng_camera:/opt/ros/humble LD_LIBRARY_PATH=/home/wlixill/rm_version4_ws/install/auto_aim_interfaces/lib:/home/wlixill/rm_version4_ws/install/rm_serial_driver/lib:/home/wlixill/rm_version4_ws/install/daheng_camera/lib:/home/wlixill/rm_version4_ws/install/armor_processor/lib:/home/wlixill/rm_version4_ws/install/armor_detector/lib:/home/wlixill/rm_tools/install/daheng_camera/lib:/opt/ros/humble/opt/rviz_ogre_vendor/lib:/opt/ros/humble/lib/x86_64-linux-gnu:/opt/ros/humble/lib /usr/bin/cmake --build /home/wlixill/rm_version4_ws/build/armor_detector -- -j16 -l16
[6.951s] DEBUG:colcon.colcon_core.event_handler.log_command:Invoked command in '/home/wlixill/rm_version4_ws/build/armor_processor' returned '0': CMAKE_PREFIX_PATH=/home/wlixill/rm_version4_ws/install/auto_aim_interfaces:/home/wlixill/rm_version4_ws/install/auto_aim_bringup:/home/wlixill/rm_version4_ws/install/rm_serial_driver:/home/wlixill/rm_version4_ws/install/rm_gimbal_description:/home/wlixill/rm_version4_ws/install/daheng_camera:/home/wlixill/rm_version4_ws/install/armor_processor:/home/wlixill/rm_version4_ws/install/armor_detector:/home/wlixill/rm_tools/install/daheng_camera:/opt/ros/humble LD_LIBRARY_PATH=/home/wlixill/rm_version4_ws/install/auto_aim_interfaces/lib:/home/wlixill/rm_version4_ws/install/rm_serial_driver/lib:/home/wlixill/rm_version4_ws/install/daheng_camera/lib:/home/wlixill/rm_version4_ws/install/armor_processor/lib:/home/wlixill/rm_version4_ws/install/armor_detector/lib:/home/wlixill/rm_tools/install/daheng_camera/lib:/opt/ros/humble/opt/rviz_ogre_vendor/lib:/opt/ros/humble/lib/x86_64-linux-gnu:/opt/ros/humble/lib /usr/bin/cmake /home/wlixill/rm_version4_ws/src/rm_auto_aim/armor_processor -DCMAKE_INSTALL_PREFIX=/home/wlixill/rm_version4_ws/install/armor_processor
[6.952s] DEBUG:colcon.colcon_core.event_handler.log_command:Invoking command in '/home/wlixill/rm_version4_ws/build/armor_processor': CMAKE_PREFIX_PATH=/home/wlixill/rm_version4_ws/install/auto_aim_interfaces:/home/wlixill/rm_version4_ws/install/auto_aim_bringup:/home/wlixill/rm_version4_ws/install/rm_serial_driver:/home/wlixill/rm_version4_ws/install/rm_gimbal_description:/home/wlixill/rm_version4_ws/install/daheng_camera:/home/wlixill/rm_version4_ws/install/armor_processor:/home/wlixill/rm_version4_ws/install/armor_detector:/home/wlixill/rm_tools/install/daheng_camera:/opt/ros/humble LD_LIBRARY_PATH=/home/wlixill/rm_version4_ws/install/auto_aim_interfaces/lib:/home/wlixill/rm_version4_ws/install/rm_serial_driver/lib:/home/wlixill/rm_version4_ws/install/daheng_camera/lib:/home/wlixill/rm_version4_ws/install/armor_processor/lib:/home/wlixill/rm_version4_ws/install/armor_detector/lib:/home/wlixill/rm_tools/install/daheng_camera/lib:/opt/ros/humble/opt/rviz_ogre_vendor/lib:/opt/ros/humble/lib/x86_64-linux-gnu:/opt/ros/humble/lib /usr/bin/cmake --build /home/wlixill/rm_version4_ws/build/armor_processor -- -j16 -l16
[9.627s] DEBUG:colcon.colcon_core.event_handler.log_command:Invoked command in '/home/wlixill/rm_version4_ws/build/rm_serial_driver' returned '2': CMAKE_PREFIX_PATH=/home/wlixill/rm_version4_ws/install/auto_aim_interfaces:/home/wlixill/rm_version4_ws/install/auto_aim_bringup:/home/wlixill/rm_version4_ws/install/rm_serial_driver:/home/wlixill/rm_version4_ws/install/rm_gimbal_description:/home/wlixill/rm_version4_ws/install/daheng_camera:/home/wlixill/rm_version4_ws/install/armor_processor:/home/wlixill/rm_version4_ws/install/armor_detector:/home/wlixill/rm_tools/install/daheng_camera:/opt/ros/humble LD_LIBRARY_PATH=/home/wlixill/rm_version4_ws/install/auto_aim_interfaces/lib:/home/wlixill/rm_version4_ws/install/rm_serial_driver/lib:/home/wlixill/rm_version4_ws/install/daheng_camera/lib:/home/wlixill/rm_version4_ws/install/armor_processor/lib:/home/wlixill/rm_version4_ws/install/armor_detector/lib:/home/wlixill/rm_tools/install/daheng_camera/lib:/opt/ros/humble/opt/rviz_ogre_vendor/lib:/opt/ros/humble/lib/x86_64-linux-gnu:/opt/ros/humble/lib /usr/bin/cmake --build /home/wlixill/rm_version4_ws/build/rm_serial_driver -- -j16 -l16
[9.656s] Level 1:colcon.colcon_core.environment:create_environment_scripts_only(rm_serial_driver)
[9.657s] Level 1:colcon.colcon_core.environment:checking '/home/wlixill/rm_version4_ws/install/rm_serial_driver' for CMake module files
[9.657s] ERROR:colcon.colcon_core.environment:Exception in environment extension 'cmake_module_path': [Errno 13] Permission denied: '/home/wlixill/rm_version4_ws/install/rm_serial_driver/lib/rm_serial_driver/rm_serial_driver_node'
Traceback (most recent call last):
  File "/usr/lib/python3/dist-packages/colcon_core/environment/__init__.py", line 191, in create_environment_hooks
    hooks = extension.create_environment_hooks(prefix_path, pkg_name)
  File "/usr/lib/python3/dist-packages/colcon_cmake/environment/cmake_module_path.py", line 34, in create_environment_hooks
    if not filename.is_file():
  File "/usr/lib/python3.10/pathlib.py", line 1322, in is_file
    return S_ISREG(self.stat().st_mode)
  File "/usr/lib/python3.10/pathlib.py", line 1097, in stat
    return self._accessor.stat(self, follow_symlinks=follow_symlinks)
PermissionError: [Errno 13] Permission denied: '/home/wlixill/rm_version4_ws/install/rm_serial_driver/lib/rm_serial_driver/rm_serial_driver_node'

[9.657s] Level 1:colcon.colcon_core.environment:checking '/home/wlixill/rm_version4_ws/install/rm_serial_driver' for CMake config files
[9.658s] Level 1:colcon.colcon_core.shell:create_environment_hook('rm_serial_driver', 'cmake_prefix_path')
[9.658s] INFO:colcon.colcon_core.shell:Creating environment hook '/home/wlixill/rm_version4_ws/install/rm_serial_driver/share/rm_serial_driver/hook/cmake_prefix_path.ps1'
[9.658s] INFO:colcon.colcon_core.shell:Creating environment descriptor '/home/wlixill/rm_version4_ws/install/rm_serial_driver/share/rm_serial_driver/hook/cmake_prefix_path.dsv'
[9.658s] INFO:colcon.colcon_core.shell:Creating environment hook '/home/wlixill/rm_version4_ws/install/rm_serial_driver/share/rm_serial_driver/hook/cmake_prefix_path.sh'
[9.659s] Level 1:colcon.colcon_core.environment:checking '/home/wlixill/rm_version4_ws/install/rm_serial_driver/lib'
[9.659s] Level 1:colcon.colcon_core.shell:create_environment_hook('rm_serial_driver', 'ld_library_path_lib')
[9.659s] INFO:colcon.colcon_core.shell:Creating environment hook '/home/wlixill/rm_version4_ws/install/rm_serial_driver/share/rm_serial_driver/hook/ld_library_path_lib.ps1'
[9.659s] INFO:colcon.colcon_core.shell:Creating environment descriptor '/home/wlixill/rm_version4_ws/install/rm_serial_driver/share/rm_serial_driver/hook/ld_library_path_lib.dsv'
[9.659s] INFO:colcon.colcon_core.shell:Creating environment hook '/home/wlixill/rm_version4_ws/install/rm_serial_driver/share/rm_serial_driver/hook/ld_library_path_lib.sh'
[9.660s] Level 1:colcon.colcon_core.environment:checking '/home/wlixill/rm_version4_ws/install/rm_serial_driver/bin'
[9.660s] Level 1:colcon.colcon_core.environment:checking '/home/wlixill/rm_version4_ws/install/rm_serial_driver/lib/pkgconfig/rm_serial_driver.pc'
[9.660s] Level 1:colcon.colcon_core.environment:checking '/home/wlixill/rm_version4_ws/install/rm_serial_driver/lib/python3.10/site-packages'
[9.660s] Level 1:colcon.colcon_core.environment:checking '/home/wlixill/rm_version4_ws/install/rm_serial_driver/bin'
[9.660s] INFO:colcon.colcon_core.shell:Creating package script '/home/wlixill/rm_version4_ws/install/rm_serial_driver/share/rm_serial_driver/package.ps1'
[9.661s] INFO:colcon.colcon_core.shell:Creating package descriptor '/home/wlixill/rm_version4_ws/install/rm_serial_driver/share/rm_serial_driver/package.dsv'
[9.661s] INFO:colcon.colcon_core.shell:Creating package script '/home/wlixill/rm_version4_ws/install/rm_serial_driver/share/rm_serial_driver/package.sh'
[9.662s] INFO:colcon.colcon_core.shell:Creating package script '/home/wlixill/rm_version4_ws/install/rm_serial_driver/share/rm_serial_driver/package.bash'
[9.662s] INFO:colcon.colcon_core.shell:Creating package script '/home/wlixill/rm_version4_ws/install/rm_serial_driver/share/rm_serial_driver/package.zsh'
[9.662s] Level 1:colcon.colcon_core.environment:create_file_with_runtime_dependencies(/home/wlixill/rm_version4_ws/install/rm_serial_driver/share/colcon-core/packages/rm_serial_driver)
[24.695s] DEBUG:colcon.colcon_parallel_executor.executor.parallel:closing loop
[24.695s] DEBUG:colcon.colcon_parallel_executor.executor.parallel:loop closed
[24.695s] DEBUG:colcon.colcon_parallel_executor.executor.parallel:run_until_complete finished with '2'
[24.696s] DEBUG:colcon.colcon_core.event_reactor:joining thread
[24.701s] INFO:colcon.colcon_core.plugin_system:Skipping extension 'colcon_notification.desktop_notification.terminal_notifier': Not used on non-Darwin systems
[24.701s] INFO:colcon.colcon_core.plugin_system:Skipping extension 'colcon_notification.desktop_notification.win32': Not used on non-Windows systems
[24.701s] INFO:colcon.colcon_notification.desktop_notification:Sending desktop notification using 'notify2'
[24.725s] DEBUG:colcon.colcon_core.event_reactor:joined thread
[24.725s] INFO:colcon.colcon_core.shell:Creating prefix script '/home/wlixill/rm_version4_ws/install/local_setup.ps1'
[24.726s] INFO:colcon.colcon_core.shell:Creating prefix util module '/home/wlixill/rm_version4_ws/install/_local_setup_util_ps1.py'
[24.727s] INFO:colcon.colcon_core.shell:Creating prefix chain script '/home/wlixill/rm_version4_ws/install/setup.ps1'
[24.728s] INFO:colcon.colcon_core.shell:Creating prefix script '/home/wlixill/rm_version4_ws/install/local_setup.sh'
[24.728s] INFO:colcon.colcon_core.shell:Creating prefix util module '/home/wlixill/rm_version4_ws/install/_local_setup_util_sh.py'
[24.728s] INFO:colcon.colcon_core.shell:Creating prefix chain script '/home/wlixill/rm_version4_ws/install/setup.sh'
[24.729s] INFO:colcon.colcon_core.shell:Creating prefix script '/home/wlixill/rm_version4_ws/install/local_setup.bash'
[24.729s] INFO:colcon.colcon_core.shell:Creating prefix chain script '/home/wlixill/rm_version4_ws/install/setup.bash'
[24.730s] INFO:colcon.colcon_core.shell:Creating prefix script '/home/wlixill/rm_version4_ws/install/local_setup.zsh'
[24.730s] INFO:colcon.colcon_core.shell:Creating prefix chain script '/home/wlixill/rm_version4_ws/install/setup.zsh'
