[0.011s] Invoking command in '/root/rm_version4_ws/build/rm_serial_driver': CMAKE_PREFIX_PATH=/root/rm_version4_ws/install/auto_aim_interfaces:/root/rm_version4_ws/install/auto_aim_bringup:/root/rm_version4_ws/install/rm_serial_driver:/root/rm_version4_ws/install/rm_gimbal_description:/root/rm_version4_ws/install/daheng_camera:/root/rm_version4_ws/install/armor_processor:/root/rm_version4_ws/install/armor_detector:/root/daheng_camera/install/daheng_camera:/root/chenjun_ws/install/daheng_camera:/root/chenjun_ws/install/auto_aim_bringup:/root/chenjun_ws/install/armor_processor:/root/chenjun_ws/install/armor_detector:/root/chenjun_ws/install/auto_aim_interfaces:/root/test_jun_ws/install/rm_gimbal_description:/opt/ros/humble LD_LIBRARY_PATH=/root/rm_version4_ws/install/auto_aim_interfaces/lib:/root/rm_version4_ws/install/rm_serial_driver/lib:/root/rm_version4_ws/install/daheng_camera/lib:/root/rm_version4_ws/install/armor_processor/lib:/root/rm_version4_ws/install/armor_detector/lib:/root/daheng_camera/install/daheng_camera/lib:/root/chenjun_ws/install/daheng_camera/lib:/root/chenjun_ws/install/armor_processor/lib:/root/chenjun_ws/install/armor_detector/lib:/root/chenjun_ws/install/auto_aim_interfaces/lib:/opt/ros/humble/opt/rviz_ogre_vendor/lib:/opt/ros/humble/lib/x86_64-linux-gnu:/opt/ros/humble/lib /usr/bin/cmake --build /root/rm_version4_ws/build/rm_serial_driver -- -j12 -l12
[0.032s] -- Found ament_cmake_auto: 1.3.2 (/opt/ros/humble/share/ament_cmake_auto/cmake)
[0.156s] -- Override CMake install command with custom implementation using symlinks instead of copying resources
[0.259s] -- Found rosidl_generator_c: 3.1.3 (/opt/ros/humble/share/rosidl_generator_c/cmake)
[0.262s] -- Found rosidl_adapter: 3.1.3 (/opt/ros/humble/share/rosidl_adapter/cmake)
[0.268s] -- Found rosidl_generator_cpp: 3.1.3 (/opt/ros/humble/share/rosidl_generator_cpp/cmake)
[0.279s] -- Using all available rosidl_typesupport_c: rosidl_typesupport_fastrtps_c;rosidl_typesupport_introspection_c
[0.293s] -- Using all available rosidl_typesupport_cpp: rosidl_typesupport_fastrtps_cpp;rosidl_typesupport_introspection_cpp
[0.344s] -- Found rmw_implementation_cmake: 6.1.0 (/opt/ros/humble/share/rmw_implementation_cmake/cmake)
[0.346s] -- Found rmw_fastrtps_cpp: 6.2.1 (/opt/ros/humble/share/rmw_fastrtps_cpp/cmake)
[0.474s] -- Using RMW implementation 'rmw_fastrtps_cpp' as default
[1.030s] -- Found ament_lint_auto: 0.12.4 (/opt/ros/humble/share/ament_lint_auto/cmake)
[1.045s] -- Added test 'cppcheck' to perform static code analysis on C / C++ code
[1.045s] -- Configured cppcheck include dirs: /root/rm_version4_ws/src/rm_auto_aim/rm_serial_driver/include
[1.045s] -- Configured cppcheck exclude dirs and/or files: 
[1.046s] -- Added test 'cpplint' to check C / C++ code against the Google style
[1.046s] -- Configured cpplint exclude dirs and/or files: 
[1.046s] -- Added test 'flake8' to check Python code syntax and style conventions
[1.046s] -- Added test 'lint_cmake' to check CMake code style
[1.047s] -- Added test 'pep257' to check Python code against some of the docstring style conventions in PEP 257
[1.047s] -- Added test 'xmllint' to check XML markup files
[1.048s] -- Added test 'clang_format' to check C / C++ code style
[1.051s] -- Configuring done
[1.069s] -- Generating done
[1.070s] -- Build files have been written to: /root/rm_version4_ws/build/rm_serial_driver
[1.092s] [35m[1mConsolidate compiler generated dependencies of target rm_serial_driver[0m
[1.092s] [35m[1mConsolidate compiler generated dependencies of target rm_serial_driver_node[0m
[1.107s] [ 50%] Built target rm_serial_driver_node
[1.111s] [ 75%] [32mBuilding CXX object CMakeFiles/rm_serial_driver.dir/src/rm_serial_driver.cpp.o[0m
[9.055s] [100%] [32m[1mLinking CXX shared library librm_serial_driver.so[0m
[9.444s] [100%] Built target rm_serial_driver
[9.454s] Invoked command in '/root/rm_version4_ws/build/rm_serial_driver' returned '0': CMAKE_PREFIX_PATH=/root/rm_version4_ws/install/auto_aim_interfaces:/root/rm_version4_ws/install/auto_aim_bringup:/root/rm_version4_ws/install/rm_serial_driver:/root/rm_version4_ws/install/rm_gimbal_description:/root/rm_version4_ws/install/daheng_camera:/root/rm_version4_ws/install/armor_processor:/root/rm_version4_ws/install/armor_detector:/root/daheng_camera/install/daheng_camera:/root/chenjun_ws/install/daheng_camera:/root/chenjun_ws/install/auto_aim_bringup:/root/chenjun_ws/install/armor_processor:/root/chenjun_ws/install/armor_detector:/root/chenjun_ws/install/auto_aim_interfaces:/root/test_jun_ws/install/rm_gimbal_description:/opt/ros/humble LD_LIBRARY_PATH=/root/rm_version4_ws/install/auto_aim_interfaces/lib:/root/rm_version4_ws/install/rm_serial_driver/lib:/root/rm_version4_ws/install/daheng_camera/lib:/root/rm_version4_ws/install/armor_processor/lib:/root/rm_version4_ws/install/armor_detector/lib:/root/daheng_camera/install/daheng_camera/lib:/root/chenjun_ws/install/daheng_camera/lib:/root/chenjun_ws/install/armor_processor/lib:/root/chenjun_ws/install/armor_detector/lib:/root/chenjun_ws/install/auto_aim_interfaces/lib:/opt/ros/humble/opt/rviz_ogre_vendor/lib:/opt/ros/humble/lib/x86_64-linux-gnu:/opt/ros/humble/lib /usr/bin/cmake --build /root/rm_version4_ws/build/rm_serial_driver -- -j12 -l12
[9.477s] Invoking command in '/root/rm_version4_ws/build/rm_serial_driver': CMAKE_PREFIX_PATH=/root/rm_version4_ws/install/auto_aim_interfaces:/root/rm_version4_ws/install/auto_aim_bringup:/root/rm_version4_ws/install/rm_serial_driver:/root/rm_version4_ws/install/rm_gimbal_description:/root/rm_version4_ws/install/daheng_camera:/root/rm_version4_ws/install/armor_processor:/root/rm_version4_ws/install/armor_detector:/root/daheng_camera/install/daheng_camera:/root/chenjun_ws/install/daheng_camera:/root/chenjun_ws/install/auto_aim_bringup:/root/chenjun_ws/install/armor_processor:/root/chenjun_ws/install/armor_detector:/root/chenjun_ws/install/auto_aim_interfaces:/root/test_jun_ws/install/rm_gimbal_description:/opt/ros/humble LD_LIBRARY_PATH=/root/rm_version4_ws/install/auto_aim_interfaces/lib:/root/rm_version4_ws/install/rm_serial_driver/lib:/root/rm_version4_ws/install/daheng_camera/lib:/root/rm_version4_ws/install/armor_processor/lib:/root/rm_version4_ws/install/armor_detector/lib:/root/daheng_camera/install/daheng_camera/lib:/root/chenjun_ws/install/daheng_camera/lib:/root/chenjun_ws/install/armor_processor/lib:/root/chenjun_ws/install/armor_detector/lib:/root/chenjun_ws/install/auto_aim_interfaces/lib:/opt/ros/humble/opt/rviz_ogre_vendor/lib:/opt/ros/humble/lib/x86_64-linux-gnu:/opt/ros/humble/lib /usr/bin/cmake --install /root/rm_version4_ws/build/rm_serial_driver
[9.483s] -- Install configuration: ""
[9.483s] -- Execute custom install script
[9.483s] -- Up-to-date symlink: /root/rm_version4_ws/install/rm_serial_driver/lib/rm_serial_driver/rm_serial_driver_node
[9.483s] -- Up-to-date symlink: /root/rm_version4_ws/install/rm_serial_driver/include/rm_serial_driver/crc.hpp
[9.483s] -- Up-to-date symlink: /root/rm_version4_ws/install/rm_serial_driver/include/rm_serial_driver/packet.hpp
[9.483s] -- Up-to-date symlink: /root/rm_version4_ws/install/rm_serial_driver/include/rm_serial_driver/rm_serial_driver.hpp
[9.484s] -- Up-to-date symlink: /root/rm_version4_ws/install/rm_serial_driver/share/rm_serial_driver/environment/library_path.sh
[9.484s] -- Up-to-date symlink: /root/rm_version4_ws/install/rm_serial_driver/share/rm_serial_driver/environment/library_path.dsv
[9.484s] -- Up-to-date symlink: /root/rm_version4_ws/install/rm_serial_driver/lib/librm_serial_driver.so
[9.484s] -- Up-to-date symlink: /root/rm_version4_ws/install/rm_serial_driver/share/rm_serial_driver/config/serial_driver.yaml
[9.484s] -- Up-to-date symlink: /root/rm_version4_ws/install/rm_serial_driver/share/rm_serial_driver/launch/serial_driver.launch.py
[9.484s] -- Up-to-date symlink: /root/rm_version4_ws/install/rm_serial_driver/share/ament_index/resource_index/package_run_dependencies/rm_serial_driver
[9.484s] -- Up-to-date symlink: /root/rm_version4_ws/install/rm_serial_driver/share/ament_index/resource_index/parent_prefix_path/rm_serial_driver
[9.485s] -- Up-to-date symlink: /root/rm_version4_ws/install/rm_serial_driver/share/rm_serial_driver/environment/ament_prefix_path.sh
[9.485s] -- Up-to-date symlink: /root/rm_version4_ws/install/rm_serial_driver/share/rm_serial_driver/environment/ament_prefix_path.dsv
[9.485s] -- Up-to-date symlink: /root/rm_version4_ws/install/rm_serial_driver/share/rm_serial_driver/environment/path.sh
[9.485s] -- Up-to-date symlink: /root/rm_version4_ws/install/rm_serial_driver/share/rm_serial_driver/environment/path.dsv
[9.485s] -- Up-to-date symlink: /root/rm_version4_ws/install/rm_serial_driver/share/rm_serial_driver/local_setup.bash
[9.485s] -- Up-to-date symlink: /root/rm_version4_ws/install/rm_serial_driver/share/rm_serial_driver/local_setup.sh
[9.485s] -- Up-to-date symlink: /root/rm_version4_ws/install/rm_serial_driver/share/rm_serial_driver/local_setup.zsh
[9.485s] -- Up-to-date symlink: /root/rm_version4_ws/install/rm_serial_driver/share/rm_serial_driver/local_setup.dsv
[9.485s] -- Symlinking: /root/rm_version4_ws/install/rm_serial_driver/share/rm_serial_driver/package.dsv
[9.491s] -- Up-to-date symlink: /root/rm_version4_ws/install/rm_serial_driver/share/ament_index/resource_index/packages/rm_serial_driver
[9.491s] -- Up-to-date symlink: /root/rm_version4_ws/install/rm_serial_driver/share/ament_index/resource_index/rclcpp_components/rm_serial_driver
[9.491s] -- Up-to-date symlink: /root/rm_version4_ws/install/rm_serial_driver/share/rm_serial_driver/cmake/ament_cmake_export_dependencies-extras.cmake
[9.492s] -- Up-to-date symlink: /root/rm_version4_ws/install/rm_serial_driver/share/rm_serial_driver/cmake/ament_cmake_export_include_directories-extras.cmake
[9.492s] -- Up-to-date symlink: /root/rm_version4_ws/install/rm_serial_driver/share/rm_serial_driver/cmake/ament_cmake_export_libraries-extras.cmake
[9.492s] -- Up-to-date symlink: /root/rm_version4_ws/install/rm_serial_driver/share/rm_serial_driver/cmake/rm_serial_driverConfig.cmake
[9.492s] -- Up-to-date symlink: /root/rm_version4_ws/install/rm_serial_driver/share/rm_serial_driver/cmake/rm_serial_driverConfig-version.cmake
[9.492s] -- Up-to-date symlink: /root/rm_version4_ws/install/rm_serial_driver/share/rm_serial_driver/package.xml
[9.493s] Invoked command in '/root/rm_version4_ws/build/rm_serial_driver' returned '0': CMAKE_PREFIX_PATH=/root/rm_version4_ws/install/auto_aim_interfaces:/root/rm_version4_ws/install/auto_aim_bringup:/root/rm_version4_ws/install/rm_serial_driver:/root/rm_version4_ws/install/rm_gimbal_description:/root/rm_version4_ws/install/daheng_camera:/root/rm_version4_ws/install/armor_processor:/root/rm_version4_ws/install/armor_detector:/root/daheng_camera/install/daheng_camera:/root/chenjun_ws/install/daheng_camera:/root/chenjun_ws/install/auto_aim_bringup:/root/chenjun_ws/install/armor_processor:/root/chenjun_ws/install/armor_detector:/root/chenjun_ws/install/auto_aim_interfaces:/root/test_jun_ws/install/rm_gimbal_description:/opt/ros/humble LD_LIBRARY_PATH=/root/rm_version4_ws/install/auto_aim_interfaces/lib:/root/rm_version4_ws/install/rm_serial_driver/lib:/root/rm_version4_ws/install/daheng_camera/lib:/root/rm_version4_ws/install/armor_processor/lib:/root/rm_version4_ws/install/armor_detector/lib:/root/daheng_camera/install/daheng_camera/lib:/root/chenjun_ws/install/daheng_camera/lib:/root/chenjun_ws/install/armor_processor/lib:/root/chenjun_ws/install/armor_detector/lib:/root/chenjun_ws/install/auto_aim_interfaces/lib:/opt/ros/humble/opt/rviz_ogre_vendor/lib:/opt/ros/humble/lib/x86_64-linux-gnu:/opt/ros/humble/lib /usr/bin/cmake --install /root/rm_version4_ws/build/rm_serial_driver
