[0.009s] Invoking command in '/home/wlixill/rm_version4_ws/build/rm_serial_driver': AMENT_PREFIX_PATH=/home/wlixill/rm_version4_ws/install/auto_aim_interfaces:${AMENT_PREFIX_PATH} CMAKE_PREFIX_PATH=/home/wlixill/rm_version4_ws/install/auto_aim_interfaces:/home/wlixill/rm_tools/install/daheng_camera:/opt/ros/humble LD_LIBRARY_PATH=/home/wlixill/rm_version4_ws/install/auto_aim_interfaces/lib:${LD_LIBRARY_PATH} PYTHONPATH=/home/wlixill/rm_version4_ws/install/auto_aim_interfaces/local/lib/python3.10/dist-packages:${PYTHONPATH} /usr/bin/cmake /home/wlixill/rm_version4_ws/src/rm_auto_aim/rm_serial_driver -DCMAKE_INSTALL_PREFIX=/home/wlixill/rm_version4_ws/install/rm_serial_driver
[0.047s] -- The C compiler identification is GNU 11.4.0
[0.091s] -- The CXX compiler identification is GNU 11.4.0
[0.096s] -- Detecting C compiler ABI info
[0.177s] -- Detecting C compiler ABI info - done
[0.182s] -- Check for working C compiler: /usr/bin/cc - skipped
[0.183s] -- Detecting C compile features
[0.183s] -- Detecting C compile features - done
[0.185s] -- Detecting CXX compiler ABI info
[0.255s] -- Detecting CXX compiler ABI info - done
[0.260s] -- Check for working CXX compiler: /usr/bin/c++ - skipped
[0.260s] -- Detecting CXX compile features
[0.261s] -- Detecting CXX compile features - done
[0.262s] -- Found ament_cmake_auto: 1.3.8 (/opt/ros/humble/share/ament_cmake_auto/cmake)
[0.377s] -- Found Python3: /usr/bin/python3 (found version "3.10.12") found components: Interpreter 
[0.524s] -- Found rosidl_generator_c: 3.1.5 (/opt/ros/humble/share/rosidl_generator_c/cmake)
[0.528s] -- Found rosidl_adapter: 3.1.5 (/opt/ros/humble/share/rosidl_adapter/cmake)
[0.534s] -- Found rosidl_generator_cpp: 3.1.5 (/opt/ros/humble/share/rosidl_generator_cpp/cmake)
[0.545s] -- Using all available rosidl_typesupport_c: rosidl_typesupport_fastrtps_c;rosidl_typesupport_introspection_c
[0.559s] -- Using all available rosidl_typesupport_cpp: rosidl_typesupport_fastrtps_cpp;rosidl_typesupport_introspection_cpp
[0.610s] -- Found rmw_implementation_cmake: 6.1.1 (/opt/ros/humble/share/rmw_implementation_cmake/cmake)
[0.613s] -- Found rmw_fastrtps_cpp: 6.2.6 (/opt/ros/humble/share/rmw_fastrtps_cpp/cmake)
[0.696s] -- Found OpenSSL: /usr/lib/x86_64-linux-gnu/libcrypto.so (found version "3.0.2")  
[0.718s] -- Found FastRTPS: /opt/ros/humble/include  
[0.757s] -- Using RMW implementation 'rmw_fastrtps_cpp' as default
[0.765s] -- Looking for pthread.h
[0.825s] -- Looking for pthread.h - found
[0.825s] -- Performing Test CMAKE_HAVE_LIBC_PTHREAD
[0.888s] -- Performing Test CMAKE_HAVE_LIBC_PTHREAD - Success
[0.889s] -- Found Threads: TRUE  
[1.284s] -- Found ament_lint_auto: 0.12.10 (/opt/ros/humble/share/ament_lint_auto/cmake)
[1.309s] -- Added test 'cppcheck' to perform static code analysis on C / C++ code
[1.309s] -- Configured cppcheck include dirs: /home/wlixill/rm_version4_ws/src/rm_auto_aim/rm_serial_driver/include
[1.309s] -- Configured cppcheck exclude dirs and/or files: 
[1.310s] -- Added test 'cpplint' to check C / C++ code against the Google style
[1.310s] -- Configured cpplint exclude dirs and/or files: 
[1.310s] -- Added test 'flake8' to check Python code syntax and style conventions
[1.311s] -- Added test 'lint_cmake' to check CMake code style
[1.311s] -- Added test 'pep257' to check Python code against some of the docstring style conventions in PEP 257
[1.312s] -- Added test 'xmllint' to check XML markup files
[1.314s] -- Configuring done
[1.326s] -- Generating done
[1.327s] -- Build files have been written to: /home/wlixill/rm_version4_ws/build/rm_serial_driver
[1.337s] Invoked command in '/home/wlixill/rm_version4_ws/build/rm_serial_driver' returned '0': AMENT_PREFIX_PATH=/home/wlixill/rm_version4_ws/install/auto_aim_interfaces:${AMENT_PREFIX_PATH} CMAKE_PREFIX_PATH=/home/wlixill/rm_version4_ws/install/auto_aim_interfaces:/home/wlixill/rm_tools/install/daheng_camera:/opt/ros/humble LD_LIBRARY_PATH=/home/wlixill/rm_version4_ws/install/auto_aim_interfaces/lib:${LD_LIBRARY_PATH} PYTHONPATH=/home/wlixill/rm_version4_ws/install/auto_aim_interfaces/local/lib/python3.10/dist-packages:${PYTHONPATH} /usr/bin/cmake /home/wlixill/rm_version4_ws/src/rm_auto_aim/rm_serial_driver -DCMAKE_INSTALL_PREFIX=/home/wlixill/rm_version4_ws/install/rm_serial_driver
[1.338s] Invoking command in '/home/wlixill/rm_version4_ws/build/rm_serial_driver': AMENT_PREFIX_PATH=/home/wlixill/rm_version4_ws/install/auto_aim_interfaces:${AMENT_PREFIX_PATH} CMAKE_PREFIX_PATH=/home/wlixill/rm_version4_ws/install/auto_aim_interfaces:/home/wlixill/rm_tools/install/daheng_camera:/opt/ros/humble LD_LIBRARY_PATH=/home/wlixill/rm_version4_ws/install/auto_aim_interfaces/lib:${LD_LIBRARY_PATH} PYTHONPATH=/home/wlixill/rm_version4_ws/install/auto_aim_interfaces/local/lib/python3.10/dist-packages:${PYTHONPATH} /usr/bin/cmake --build /home/wlixill/rm_version4_ws/build/rm_serial_driver -- -j16 -l16
[1.382s] [ 50%] [32mBuilding CXX object CMakeFiles/rm_serial_driver_node.dir/rclcpp_components/node_main_rm_serial_driver_node.cpp.o[0m
[1.382s] [ 50%] [32mBuilding CXX object CMakeFiles/rm_serial_driver.dir/src/rm_serial_driver.cpp.o[0m
[1.675s] In file included from [01m[K/home/wlixill/rm_version4_ws/src/rm_auto_aim/rm_serial_driver/src/rm_serial_driver.cpp:4[m[K:
[1.676s] [01m[K/home/wlixill/rm_version4_ws/src/rm_auto_aim/rm_serial_driver/include/rm_serial_driver/rm_serial_driver.hpp:11:10:[m[K [01;31m[Kfatal error: [m[Kserial_driver/serial_driver.hpp: 没有那个文件或目录
[1.676s]    11 | #include [01;31m[K<serial_driver/serial_driver.hpp>[m[K
[1.676s]       |          [01;31m[K^~~~~~~~~~~~~~~~~~~~~~~~~~~~~~~~~[m[K
[1.676s] compilation terminated.
[1.680s] gmake[2]: *** [CMakeFiles/rm_serial_driver.dir/build.make:76：CMakeFiles/rm_serial_driver.dir/src/rm_serial_driver.cpp.o] 错误 1
[1.680s] gmake[1]: *** [CMakeFiles/Makefile2:139：CMakeFiles/rm_serial_driver.dir/all] 错误 2
[1.680s] gmake[1]: *** 正在等待未完成的任务....
[4.388s] [ 75%] [32m[1mLinking CXX executable rm_serial_driver_node[0m
[4.495s] [ 75%] Built target rm_serial_driver_node
[4.496s] gmake: *** [Makefile:146：all] 错误 2
[4.498s] Invoked command in '/home/wlixill/rm_version4_ws/build/rm_serial_driver' returned '2': AMENT_PREFIX_PATH=/home/wlixill/rm_version4_ws/install/auto_aim_interfaces:${AMENT_PREFIX_PATH} CMAKE_PREFIX_PATH=/home/wlixill/rm_version4_ws/install/auto_aim_interfaces:/home/wlixill/rm_tools/install/daheng_camera:/opt/ros/humble LD_LIBRARY_PATH=/home/wlixill/rm_version4_ws/install/auto_aim_interfaces/lib:${LD_LIBRARY_PATH} PYTHONPATH=/home/wlixill/rm_version4_ws/install/auto_aim_interfaces/local/lib/python3.10/dist-packages:${PYTHONPATH} /usr/bin/cmake --build /home/wlixill/rm_version4_ws/build/rm_serial_driver -- -j16 -l16
