[0.012s] Invoking command in '/root/rm_version4_ws/build/daheng_camera': CMAKE_PREFIX_PATH=${CMAKE_PREFIX_PATH}:/opt/ros/humble /usr/bin/cmake /root/rm_version4_ws/src/rm_auto_aim/daheng_camera -DCMAKE_INSTALL_PREFIX=/root/rm_version4_ws/install/daheng_camera
[0.047s] -- The C compiler identification is GNU 11.2.0
[0.086s] -- The CXX compiler identification is GNU 11.2.0
[0.090s] -- Detecting C compiler ABI info
[0.139s] -- Detecting C compiler ABI info - done
[0.144s] -- Check for working C compiler: /usr/bin/cc - skipped
[0.145s] -- Detecting C compile features
[0.145s] -- Detecting C compile features - done
[0.147s] -- Detecting CXX compiler ABI info
[0.200s] -- Detecting CXX compiler ABI info - done
[0.211s] -- Check for working CXX compiler: /usr/bin/c++ - skipped
[0.211s] -- Detecting CXX compile features
[0.211s] -- Detecting CXX compile features - done
[0.214s] -- Found ament_cmake_auto: 1.3.2 (/opt/ros/humble/share/ament_cmake_auto/cmake)
[0.349s] -- Found Python3: /usr/bin/python3.10 (found version "3.10.6") found components: Interpreter 
[0.506s] -- Found rosidl_generator_c: 3.1.3 (/opt/ros/humble/share/rosidl_generator_c/cmake)
[0.510s] -- Found rosidl_adapter: 3.1.3 (/opt/ros/humble/share/rosidl_adapter/cmake)
[0.518s] -- Found rosidl_generator_cpp: 3.1.3 (/opt/ros/humble/share/rosidl_generator_cpp/cmake)
[0.529s] -- Using all available rosidl_typesupport_c: rosidl_typesupport_fastrtps_c;rosidl_typesupport_introspection_c
[0.545s] -- Using all available rosidl_typesupport_cpp: rosidl_typesupport_fastrtps_cpp;rosidl_typesupport_introspection_cpp
[0.597s] -- Found rmw_implementation_cmake: 6.1.0 (/opt/ros/humble/share/rmw_implementation_cmake/cmake)
[0.600s] -- Found rmw_fastrtps_cpp: 6.2.1 (/opt/ros/humble/share/rmw_fastrtps_cpp/cmake)
[0.673s] -- Found OpenSSL: /usr/lib/x86_64-linux-gnu/libcrypto.so (found version "3.0.2")  
[0.698s] -- Found FastRTPS: /opt/ros/humble/include  
[0.745s] -- Using RMW implementation 'rmw_fastrtps_cpp' as default
[1.114s] -- Found ament_lint_auto: 0.12.4 (/opt/ros/humble/share/ament_lint_auto/cmake)
[1.134s] -- Added test 'cppcheck' to perform static code analysis on C / C++ code
[1.134s] -- Configured cppcheck include dirs: /root/rm_version4_ws/src/rm_auto_aim/daheng_camera/include
[1.134s] -- Configured cppcheck exclude dirs and/or files: 
[1.134s] -- Added test 'flake8' to check Python code syntax and style conventions
[1.135s] -- Added test 'lint_cmake' to check CMake code style
[1.135s] -- Added test 'pep257' to check Python code against some of the docstring style conventions in PEP 257
[1.135s] -- Added test 'xmllint' to check XML markup files
[1.137s] -- Configuring done
[1.151s] -- Generating done
[1.152s] -- Build files have been written to: /root/rm_version4_ws/build/daheng_camera
[1.161s] Invoked command in '/root/rm_version4_ws/build/daheng_camera' returned '0': CMAKE_PREFIX_PATH=${CMAKE_PREFIX_PATH}:/opt/ros/humble /usr/bin/cmake /root/rm_version4_ws/src/rm_auto_aim/daheng_camera -DCMAKE_INSTALL_PREFIX=/root/rm_version4_ws/install/daheng_camera
[1.162s] Invoking command in '/root/rm_version4_ws/build/daheng_camera': CMAKE_PREFIX_PATH=${CMAKE_PREFIX_PATH}:/opt/ros/humble /usr/bin/cmake --build /root/rm_version4_ws/build/daheng_camera -- -j12 -l12
[1.195s] [ 50%] [32mBuilding CXX object CMakeFiles/daheng_camera.dir/src/daheng_camera_node.cpp.o[0m
[1.195s] [ 50%] [32mBuilding CXX object CMakeFiles/daheng_camera_node.dir/rclcpp_components/node_main_daheng_camera_node.cpp.o[0m
[4.971s] [ 75%] [32m[1mLinking CXX executable daheng_camera_node[0m
[5.065s] [ 75%] Built target daheng_camera_node
[6.754s] [100%] [32m[1mLinking CXX shared library libdaheng_camera.so[0m
[6.929s] [100%] Built target daheng_camera
[6.938s] Invoked command in '/root/rm_version4_ws/build/daheng_camera' returned '0': CMAKE_PREFIX_PATH=${CMAKE_PREFIX_PATH}:/opt/ros/humble /usr/bin/cmake --build /root/rm_version4_ws/build/daheng_camera -- -j12 -l12
[6.962s] Invoking command in '/root/rm_version4_ws/build/daheng_camera': CMAKE_PREFIX_PATH=${CMAKE_PREFIX_PATH}:/opt/ros/humble /usr/bin/cmake --install /root/rm_version4_ws/build/daheng_camera
[6.968s] -- Install configuration: ""
[6.968s] -- Installing: /root/rm_version4_ws/install/daheng_camera/lib/daheng_camera/daheng_camera_node
[6.969s] -- Set runtime path of "/root/rm_version4_ws/install/daheng_camera/lib/daheng_camera/daheng_camera_node" to ""
[6.969s] -- Installing: /root/rm_version4_ws/install/daheng_camera/include
[6.969s] -- Installing: /root/rm_version4_ws/install/daheng_camera/include/daheng_sdk
[6.969s] -- Installing: /root/rm_version4_ws/install/daheng_camera/include/daheng_sdk/lib
[6.969s] -- Installing: /root/rm_version4_ws/install/daheng_camera/include/daheng_sdk/include
[6.969s] -- Installing: /root/rm_version4_ws/install/daheng_camera/include/daheng_sdk/include/GxIAPI.h
[6.969s] -- Installing: /root/rm_version4_ws/install/daheng_camera/include/daheng_sdk/include/DxImageProc.h
[6.969s] -- Installing: /root/rm_version4_ws/install/daheng_camera/include/GxCamera.hpp
[6.970s] -- Installing: /root/rm_version4_ws/install/daheng_camera/share/daheng_camera/environment/library_path.sh
[6.970s] -- Installing: /root/rm_version4_ws/install/daheng_camera/share/daheng_camera/environment/library_path.dsv
[6.970s] -- Installing: /root/rm_version4_ws/install/daheng_camera/lib/libdaheng_camera.so
[6.971s] -- Set runtime path of "/root/rm_version4_ws/install/daheng_camera/lib/libdaheng_camera.so" to ""
[6.971s] -- Installing: /root/rm_version4_ws/install/daheng_camera/share/daheng_camera/config
[6.971s] -- Installing: /root/rm_version4_ws/install/daheng_camera/share/daheng_camera/config/camera_info.yaml
[6.971s] -- Installing: /root/rm_version4_ws/install/daheng_camera/share/daheng_camera/config/camera_params.yaml
[6.971s] -- Installing: /root/rm_version4_ws/install/daheng_camera/share/daheng_camera/launch
[6.971s] -- Installing: /root/rm_version4_ws/install/daheng_camera/share/daheng_camera/launch/daheng_camera.launch.py
[6.971s] -- Installing: /root/rm_version4_ws/install/daheng_camera/share/ament_index/resource_index/package_run_dependencies/daheng_camera
[6.971s] -- Installing: /root/rm_version4_ws/install/daheng_camera/share/ament_index/resource_index/parent_prefix_path/daheng_camera
[6.971s] -- Installing: /root/rm_version4_ws/install/daheng_camera/share/daheng_camera/environment/ament_prefix_path.sh
[6.972s] -- Installing: /root/rm_version4_ws/install/daheng_camera/share/daheng_camera/environment/ament_prefix_path.dsv
[6.972s] -- Installing: /root/rm_version4_ws/install/daheng_camera/share/daheng_camera/environment/path.sh
[6.972s] -- Installing: /root/rm_version4_ws/install/daheng_camera/share/daheng_camera/environment/path.dsv
[6.972s] -- Installing: /root/rm_version4_ws/install/daheng_camera/share/daheng_camera/local_setup.bash
[6.972s] -- Installing: /root/rm_version4_ws/install/daheng_camera/share/daheng_camera/local_setup.sh
[6.972s] -- Installing: /root/rm_version4_ws/install/daheng_camera/share/daheng_camera/local_setup.zsh
[6.973s] -- Installing: /root/rm_version4_ws/install/daheng_camera/share/daheng_camera/local_setup.dsv
[6.973s] -- Installing: /root/rm_version4_ws/install/daheng_camera/share/daheng_camera/package.dsv
[6.973s] -- Installing: /root/rm_version4_ws/install/daheng_camera/share/ament_index/resource_index/packages/daheng_camera
[6.973s] -- Installing: /root/rm_version4_ws/install/daheng_camera/share/ament_index/resource_index/rclcpp_components/daheng_camera
[6.973s] -- Installing: /root/rm_version4_ws/install/daheng_camera/share/daheng_camera/cmake/ament_cmake_export_dependencies-extras.cmake
[6.973s] -- Installing: /root/rm_version4_ws/install/daheng_camera/share/daheng_camera/cmake/ament_cmake_export_include_directories-extras.cmake
[6.973s] -- Installing: /root/rm_version4_ws/install/daheng_camera/share/daheng_camera/cmake/ament_cmake_export_libraries-extras.cmake
[6.974s] -- Installing: /root/rm_version4_ws/install/daheng_camera/share/daheng_camera/cmake/daheng_cameraConfig.cmake
[6.974s] -- Installing: /root/rm_version4_ws/install/daheng_camera/share/daheng_camera/cmake/daheng_cameraConfig-version.cmake
[6.974s] -- Installing: /root/rm_version4_ws/install/daheng_camera/share/daheng_camera/package.xml
[6.977s] Invoked command in '/root/rm_version4_ws/build/daheng_camera' returned '0': CMAKE_PREFIX_PATH=${CMAKE_PREFIX_PATH}:/opt/ros/humble /usr/bin/cmake --install /root/rm_version4_ws/build/daheng_camera
