[0.015s] Invoking command in '/root/rm_version4_ws/build/armor_processor': CMAKE_PREFIX_PATH=/root/rm_version4_ws/install/auto_aim_interfaces:/root/rm_version4_ws/install/auto_aim_bringup:/root/rm_version4_ws/install/rm_serial_driver:/root/rm_version4_ws/install/rm_gimbal_description:/root/rm_version4_ws/install/daheng_camera:/root/rm_version4_ws/install/armor_processor:/root/rm_version4_ws/install/armor_detector:/root/daheng_camera/install/daheng_camera:/root/chenjun_ws/install/daheng_camera:/root/chenjun_ws/install/auto_aim_bringup:/root/chenjun_ws/install/armor_processor:/root/chenjun_ws/install/armor_detector:/root/chenjun_ws/install/auto_aim_interfaces:/root/test_jun_ws/install/rm_gimbal_description:/opt/ros/humble LD_LIBRARY_PATH=/root/rm_version4_ws/install/auto_aim_interfaces/lib:/root/rm_version4_ws/install/rm_serial_driver/lib:/root/rm_version4_ws/install/daheng_camera/lib:/root/rm_version4_ws/install/armor_processor/lib:/root/rm_version4_ws/install/armor_detector/lib:/root/daheng_camera/install/daheng_camera/lib:/root/chenjun_ws/install/daheng_camera/lib:/root/chenjun_ws/install/armor_processor/lib:/root/chenjun_ws/install/armor_detector/lib:/root/chenjun_ws/install/auto_aim_interfaces/lib:/opt/ros/humble/opt/rviz_ogre_vendor/lib:/opt/ros/humble/lib/x86_64-linux-gnu:/opt/ros/humble/lib /usr/bin/cmake --build /root/rm_version4_ws/build/armor_processor -- -j12 -l12
[0.059s] [ 33%] Built target armor_processor_node
[0.067s] [100%] Built target armor_processor
[0.076s] Invoked command in '/root/rm_version4_ws/build/armor_processor' returned '0': CMAKE_PREFIX_PATH=/root/rm_version4_ws/install/auto_aim_interfaces:/root/rm_version4_ws/install/auto_aim_bringup:/root/rm_version4_ws/install/rm_serial_driver:/root/rm_version4_ws/install/rm_gimbal_description:/root/rm_version4_ws/install/daheng_camera:/root/rm_version4_ws/install/armor_processor:/root/rm_version4_ws/install/armor_detector:/root/daheng_camera/install/daheng_camera:/root/chenjun_ws/install/daheng_camera:/root/chenjun_ws/install/auto_aim_bringup:/root/chenjun_ws/install/armor_processor:/root/chenjun_ws/install/armor_detector:/root/chenjun_ws/install/auto_aim_interfaces:/root/test_jun_ws/install/rm_gimbal_description:/opt/ros/humble LD_LIBRARY_PATH=/root/rm_version4_ws/install/auto_aim_interfaces/lib:/root/rm_version4_ws/install/rm_serial_driver/lib:/root/rm_version4_ws/install/daheng_camera/lib:/root/rm_version4_ws/install/armor_processor/lib:/root/rm_version4_ws/install/armor_detector/lib:/root/daheng_camera/install/daheng_camera/lib:/root/chenjun_ws/install/daheng_camera/lib:/root/chenjun_ws/install/armor_processor/lib:/root/chenjun_ws/install/armor_detector/lib:/root/chenjun_ws/install/auto_aim_interfaces/lib:/opt/ros/humble/opt/rviz_ogre_vendor/lib:/opt/ros/humble/lib/x86_64-linux-gnu:/opt/ros/humble/lib /usr/bin/cmake --build /root/rm_version4_ws/build/armor_processor -- -j12 -l12
[0.099s] Invoking command in '/root/rm_version4_ws/build/armor_processor': CMAKE_PREFIX_PATH=/root/rm_version4_ws/install/auto_aim_interfaces:/root/rm_version4_ws/install/auto_aim_bringup:/root/rm_version4_ws/install/rm_serial_driver:/root/rm_version4_ws/install/rm_gimbal_description:/root/rm_version4_ws/install/daheng_camera:/root/rm_version4_ws/install/armor_processor:/root/rm_version4_ws/install/armor_detector:/root/daheng_camera/install/daheng_camera:/root/chenjun_ws/install/daheng_camera:/root/chenjun_ws/install/auto_aim_bringup:/root/chenjun_ws/install/armor_processor:/root/chenjun_ws/install/armor_detector:/root/chenjun_ws/install/auto_aim_interfaces:/root/test_jun_ws/install/rm_gimbal_description:/opt/ros/humble LD_LIBRARY_PATH=/root/rm_version4_ws/install/auto_aim_interfaces/lib:/root/rm_version4_ws/install/rm_serial_driver/lib:/root/rm_version4_ws/install/daheng_camera/lib:/root/rm_version4_ws/install/armor_processor/lib:/root/rm_version4_ws/install/armor_detector/lib:/root/daheng_camera/install/daheng_camera/lib:/root/chenjun_ws/install/daheng_camera/lib:/root/chenjun_ws/install/armor_processor/lib:/root/chenjun_ws/install/armor_detector/lib:/root/chenjun_ws/install/auto_aim_interfaces/lib:/opt/ros/humble/opt/rviz_ogre_vendor/lib:/opt/ros/humble/lib/x86_64-linux-gnu:/opt/ros/humble/lib /usr/bin/cmake --install /root/rm_version4_ws/build/armor_processor
[0.105s] -- Install configuration: ""
[0.105s] -- Up-to-date: /root/rm_version4_ws/install/armor_processor/lib/armor_processor/armor_processor_node
[0.105s] -- Up-to-date: /root/rm_version4_ws/install/armor_processor/include
[0.105s] -- Up-to-date: /root/rm_version4_ws/install/armor_processor/include/armor_processor
[0.105s] -- Up-to-date: /root/rm_version4_ws/install/armor_processor/include/armor_processor/processor_node.hpp
[0.105s] -- Up-to-date: /root/rm_version4_ws/install/armor_processor/include/armor_processor/tracker.hpp
[0.105s] -- Up-to-date: /root/rm_version4_ws/install/armor_processor/include/armor_processor/extended_kalman_filter.hpp
[0.106s] -- Up-to-date: /root/rm_version4_ws/install/armor_processor/share/armor_processor/environment/library_path.sh
[0.106s] -- Up-to-date: /root/rm_version4_ws/install/armor_processor/share/armor_processor/environment/library_path.dsv
[0.106s] -- Up-to-date: /root/rm_version4_ws/install/armor_processor/lib/libarmor_processor.so
[0.106s] -- Up-to-date: /root/rm_version4_ws/install/armor_processor/share/ament_index/resource_index/package_run_dependencies/armor_processor
[0.106s] -- Up-to-date: /root/rm_version4_ws/install/armor_processor/share/ament_index/resource_index/parent_prefix_path/armor_processor
[0.106s] -- Up-to-date: /root/rm_version4_ws/install/armor_processor/share/armor_processor/environment/ament_prefix_path.sh
[0.106s] -- Up-to-date: /root/rm_version4_ws/install/armor_processor/share/armor_processor/environment/ament_prefix_path.dsv
[0.106s] -- Up-to-date: /root/rm_version4_ws/install/armor_processor/share/armor_processor/environment/path.sh
[0.106s] -- Up-to-date: /root/rm_version4_ws/install/armor_processor/share/armor_processor/environment/path.dsv
[0.106s] -- Up-to-date: /root/rm_version4_ws/install/armor_processor/share/armor_processor/local_setup.bash
[0.106s] -- Up-to-date: /root/rm_version4_ws/install/armor_processor/share/armor_processor/local_setup.sh
[0.107s] -- Up-to-date: /root/rm_version4_ws/install/armor_processor/share/armor_processor/local_setup.zsh
[0.107s] -- Up-to-date: /root/rm_version4_ws/install/armor_processor/share/armor_processor/local_setup.dsv
[0.107s] -- Installing: /root/rm_version4_ws/install/armor_processor/share/armor_processor/package.dsv
[0.107s] -- Up-to-date: /root/rm_version4_ws/install/armor_processor/share/ament_index/resource_index/packages/armor_processor
[0.107s] -- Up-to-date: /root/rm_version4_ws/install/armor_processor/share/ament_index/resource_index/rclcpp_components/armor_processor
[0.107s] -- Up-to-date: /root/rm_version4_ws/install/armor_processor/share/armor_processor/cmake/ament_cmake_export_dependencies-extras.cmake
[0.107s] -- Up-to-date: /root/rm_version4_ws/install/armor_processor/share/armor_processor/cmake/ament_cmake_export_include_directories-extras.cmake
[0.107s] -- Up-to-date: /root/rm_version4_ws/install/armor_processor/share/armor_processor/cmake/ament_cmake_export_libraries-extras.cmake
[0.107s] -- Up-to-date: /root/rm_version4_ws/install/armor_processor/share/armor_processor/cmake/armor_processorConfig.cmake
[0.107s] -- Up-to-date: /root/rm_version4_ws/install/armor_processor/share/armor_processor/cmake/armor_processorConfig-version.cmake
[0.107s] -- Up-to-date: /root/rm_version4_ws/install/armor_processor/share/armor_processor/package.xml
[0.121s] Invoked command in '/root/rm_version4_ws/build/armor_processor' returned '0': CMAKE_PREFIX_PATH=/root/rm_version4_ws/install/auto_aim_interfaces:/root/rm_version4_ws/install/auto_aim_bringup:/root/rm_version4_ws/install/rm_serial_driver:/root/rm_version4_ws/install/rm_gimbal_description:/root/rm_version4_ws/install/daheng_camera:/root/rm_version4_ws/install/armor_processor:/root/rm_version4_ws/install/armor_detector:/root/daheng_camera/install/daheng_camera:/root/chenjun_ws/install/daheng_camera:/root/chenjun_ws/install/auto_aim_bringup:/root/chenjun_ws/install/armor_processor:/root/chenjun_ws/install/armor_detector:/root/chenjun_ws/install/auto_aim_interfaces:/root/test_jun_ws/install/rm_gimbal_description:/opt/ros/humble LD_LIBRARY_PATH=/root/rm_version4_ws/install/auto_aim_interfaces/lib:/root/rm_version4_ws/install/rm_serial_driver/lib:/root/rm_version4_ws/install/daheng_camera/lib:/root/rm_version4_ws/install/armor_processor/lib:/root/rm_version4_ws/install/armor_detector/lib:/root/daheng_camera/install/daheng_camera/lib:/root/chenjun_ws/install/daheng_camera/lib:/root/chenjun_ws/install/armor_processor/lib:/root/chenjun_ws/install/armor_detector/lib:/root/chenjun_ws/install/auto_aim_interfaces/lib:/opt/ros/humble/opt/rviz_ogre_vendor/lib:/opt/ros/humble/lib/x86_64-linux-gnu:/opt/ros/humble/lib /usr/bin/cmake --install /root/rm_version4_ws/build/armor_processor
